#
# A fatal error has been detected by the Java Runtime Environment:
#
#  SIGSEGV (0xb) at pc=0x0000000000000000, pid=2394, tid=2395
#
# JRE version: OpenJDK Runtime Environment (21.0+35) (build 21+35)
# Java VM: OpenJDK 64-Bit Server VM (21+35, mixed mode, sharing, tiered, compressed oops, compressed class ptrs, g1 gc, linux-amd64)
# Problematic frame:
# C  [libjdwp.so+0x17a2a]
#
# No core dump will be written. Core dumps have been disabled. To enable core dumping, try "ulimit -c unlimited" before starting Java again
#
# If you would like to submit a bug report, please visit:
#   https://bugreport.java.com/bugreport/crash.jsp
# The crash happened outside the Java Virtual Machine in native code.
# See problematic frame for where to report the bug.
#

---------------  S U M M A R Y ------------

Command Line: -agentlib:jdwp=transport=dt_socket,server=n,suspend=y,address=localhost:32859 -XX:+ShowCodeDetailsInExceptionMessages org.asmodeus.Main

Host: Intel(R) Celeron(R) CPU  N2840  @ 2.16GHz, 4 cores, 3G, Artix Linux
Time: Sat Dec 23 16:35:52 2023 MSK elapsed time: 21.297398 seconds (0d 0h 0m 21s)

---------------  T H R E A D  ---------------

Current thread (0x00007f8c2c0179a0):  JavaThread "main"             [_thread_in_native, id=2395, stack(0x00007f8c30f00000,0x00007f8c31000000) (1024K)]

Stack: [0x00007f8c30f00000,0x00007f8c31000000],  sp=0x00007f8c30ffe060,  free space=1016k
Native frames: (J=compiled Java code, j=interpreted, Vv=VM code, C=native code)
C  [libjdwp.so+0x17a2a]
C  [libjdwp.so+0x18aba]
V  [libjvm.so+0xb2d23b]
V  [libjvm.so+0x8eff05]
V  [libjvm.so+0x8f580b]
V  [libjvm.so+0xb987da]
V  [libjvm.so+0xb98fbc]
V  [libjvm.so+0x915dfe]
V  [libjvm.so+0x9163c7]
j  org.lwjgl.opengl.GL11.glGetString(I)Ljava/lang/String;+1
j  org.asmodeus.engine.Core.gl_info()V+6
j  org.asmodeus.engine.Project.init(J)J+49
j  org.asmodeus.Main.run()V+4
j  org.asmodeus.Main.main([Ljava/lang/String;)V+13
v  ~StubRoutines::call_stub 0x00007f8c1b938cc5
V  [libjvm.so+0x91df3a]
V  [libjvm.so+0x9ca371]
V  [libjvm.so+0x9cc8f0]
C  [libjli.so+0x4cdf]
C  [libjli.so+0x7c6e]
Java frames: (J=compiled Java code, j=interpreted, Vv=VM code)
j  org.lwjgl.opengl.GL11.glGetString(I)Ljava/lang/String;+1
j  org.asmodeus.engine.Core.gl_info()V+6
j  org.asmodeus.engine.Project.init(J)J+49
j  org.asmodeus.Main.run()V+4
j  org.asmodeus.Main.main([Ljava/lang/String;)V+13
v  ~StubRoutines::call_stub 0x00007f8c1b938cc5

siginfo: si_signo: 11 (SIGSEGV), si_code: 1 (SEGV_MAPERR), si_addr: 0x0000000000000000

Registers:
RAX=0x0000000000000000, RBX=0x00007f8c30ffe0e0, RCX=0x0000000000000000, RDX=0x00000000ffffff01
RSP=0x00007f8c30ffe058, RBP=0x00007f8c30ffe0d0, RSI=0x00007f8c2c0cc0b0, RDI=0x00007f8c2c017d58
R8 =0x0000000000000002, R9 =0x0000000000000000, R10=0x00007f8c14400af8, R11=0x0000000000000001
R12=0x0000000000000007, R13=0x00007f8c2c0cc0b8, R14=0x00007f8c30eff200, R15=0x00007f8c2c017d58
RIP=0x0000000000000000, EFLAGS=0x0000000000010246, CSGSFS=0x002b000000000033, ERR=0x0000000000000014
  TRAPNO=0x000000000000000e


Register to memory mapping:

RAX=0x0 is null
RBX=0x00007f8c30ffe0e0 is pointing into the stack for thread: 0x00007f8c2c0179a0
RCX=0x0 is null
RDX=0x00000000ffffff01 points into unknown readable memory: 00 00 00 00 00 00 00
RSP=0x00007f8c30ffe058 is pointing into the stack for thread: 0x00007f8c2c0179a0
RBP=0x00007f8c30ffe0d0 is pointing into the stack for thread: 0x00007f8c2c0179a0
RSI=0x00007f8c2c0cc0b0 points into unknown readable memory: 0x00000000c7dc6050 | 50 60 dc c7 00 00 00 00
RDI=0x00007f8c2c017d58 points into unknown readable memory: 0x00007f8c2c4b3dc0 | c0 3d 4b 2c 8c 7f 00 00
R8 =0x0000000000000002 is an unknown value
R9 =0x0 is null
R10=0x00007f8c14400af8 is at entry_point+344 in (nmethod*)0x00007f8c14400810
Compiled method (c1)   21300    1       3       java.lang.Object::<init> (1 bytes)
 total in heap  [0x00007f8c14400810,0x00007f8c14400b00] = 752
 relocation     [0x00007f8c14400968,0x00007f8c14400998] = 48
 main code      [0x00007f8c144009a0,0x00007f8c14400a78] = 216
 stub code      [0x00007f8c14400a78,0x00007f8c14400aa8] = 48
 metadata       [0x00007f8c14400aa8,0x00007f8c14400ab8] = 16
 scopes data    [0x00007f8c14400ab8,0x00007f8c14400ac8] = 16
 scopes pcs     [0x00007f8c14400ac8,0x00007f8c14400af8] = 48
 dependencies   [0x00007f8c14400af8,0x00007f8c14400b00] = 8
R11=0x0000000000000001 is an unknown value
R12=0x0000000000000007 is an unknown value
R13=0x00007f8c2c0cc0b8 points into unknown readable memory: 0x00000000c7e78c68 | 68 8c e7 c7 00 00 00 00
R14=0x00007f8c30eff200: <offset 0x0000000000043200> in /usr/lib/jvm/java-21-openjdk/lib/libjdwp.so at 0x00007f8c30ebc000
R15=0x00007f8c2c017d58 points into unknown readable memory: 0x00007f8c2c4b3dc0 | c0 3d 4b 2c 8c 7f 00 00

Top of Stack: (sp=0x00007f8c30ffe058)
0x00007f8c30ffe058:   00007f8c30ed3a2a 00007f8c14400810
0x00007f8c30ffe068:   00007f8c2c1037b0 00007f8c2c0cc0b0
0x00007f8c30ffe078:   0000000000000000 00007f8c30ffe090
0x00007f8c30ffe088:   00007f8c31b39719 00007f8c30ffe0b0
0x00007f8c30ffe098:   00007f8c31b11adc 00007f8c2c017d58
0x00007f8c30ffe0a8:   00007f8c2c0cc0b0 00007f8c2c017d58
0x00007f8c30ffe0b8:   00007f8c2c0cc0b8 00007f8c30eff200
0x00007f8c30ffe0c8:   0000000000000002 00007f8c30ffe160
0x00007f8c30ffe0d8:   00007f8c30ed4aba 0000000000000007
0x00007f8c30ffe0e8:   00007f8c2c0cc0b0 0000000000000000
0x00007f8c30ffe0f8:   00007f8c2c0cc0b8 0000000000000000
0x00007f8c30ffe108:   0000000000000000 0000000000000000
0x00007f8c30ffe118:   0000000000000000 0000000000000000
0x00007f8c30ffe128:   0000000000000000 0000000000000000
0x00007f8c30ffe138:   00007f8c2c0179a0 00007f8c2c0179a0
0x00007f8c30ffe148:   00007f8bbc026c00 00007f8c2c000c30
0x00007f8c30ffe158:   00007f8c2c0f0650 00007f8c30ffe280
0x00007f8c30ffe168:   00007f8c31b2d23b 00007f8c30ffe1e0
0x00007f8c30ffe178:   00007f8c2c0cc0b0 00007f8c2c0cc0b8
0x00007f8c30ffe188:   00007f8c2c017d38 00007f8c30ffe1a0
0x00007f8c30ffe198:   00007f8c30ffe1e0 00007f8c2c0179a0
0x00007f8c30ffe1a8:   00007f8c2c0184a0 00007f8c2c0184e0
0x00007f8c30ffe1b8:   00007f8c2c018500 00007f8c2c0185c8
0x00007f8c30ffe1c8:   00000000000000d8 00007f8c30ffe350
0x00007f8c30ffe1d8:   00007f8c00000000 00007f8c32525580
0x00007f8c30ffe1e8:   00007f8c2c001880 00007f8c2c0180b0
0x00007f8c30ffe1f8:   00007f8c2c0180c0 00007f8c2c018498
0x00007f8c30ffe208:   00000000000003d8 00007f8c2c0179a0
0x00007f8c30ffe218:   00007f8c2c0179a0 00007f8c2c0184a0
0x00007f8c30ffe228:   00007f8c2c0184e0 00007f8c2c018500
0x00007f8c30ffe238:   00007f8c2c0185c8 00000000000000d8
0x00007f8c30ffe248:   00007f8c30ffe1a0 00007f8c30ffe280 

Instructions: (pc=0x00007f8c30ed3a2a)
0x00007f8c30ed392a:   c0 0f 85 39 fd ff ff 67 e8 89 5e 00 00 48 8b 3d
0x00007f8c30ed393a:   92 b4 02 00 48 89 45 b0 67 e8 b8 52 01 00 44 89
0x00007f8c30ed394a:   e7 e8 60 f6 ff ff 48 8b 7b 18 4c 8b 20 67 e8 c3
0x00007f8c30ed395a:   87 01 00 49 89 c6 4d 85 e4 0f 85 65 fd ff ff e9
0x00007f8c30ed396a:   d2 fd ff ff 66 90 ba 6b 02 00 00 48 8d 35 74 d1
0x00007f8c30ed397a:   01 00 48 8d 3d e2 e8 01 00 67 e8 d7 9d 00 00 48
0x00007f8c30ed398a:   8d 35 16 ea 01 00 48 8d 3d e1 e8 01 00 31 c0 67
0x00007f8c30ed399a:   e8 91 9e 00 00 e9 9b fc ff ff 0f 1f 40 00 ba 6a
0x00007f8c30ed39aa:   02 00 00 48 8d 35 3c d1 01 00 48 8d 3d aa e8 01
0x00007f8c30ed39ba:   00 67 e8 9f 9d 00 00 48 8d 35 f6 e8 01 00 48 8d
0x00007f8c30ed39ca:   3d a9 e8 01 00 31 c0 67 e8 59 9e 00 00 e9 3f fc
0x00007f8c30ed39da:   ff ff 0f 1f 40 00 ba 61 02 00 00 48 8d 35 04 d1
0x00007f8c30ed39ea:   01 00 48 8d 3d 29 f0 01 00 67 e8 67 9d 00 00 44
0x00007f8c30ed39fa:   89 e7 67 e8 ee d5 ff ff 48 8d 3d a5 02 02 00 48
0x00007f8c30ed3a0a:   89 c6 31 c0 67 e8 1c 9e 00 00 e9 d2 fb ff ff 0f
0x00007f8c30ed3a1a:   1f 80 00 00 00 00 48 8b 7d a0 67 e8 56 6f 01 00
0x00007f8c30ed3a2a:   88 43 10 e9 4c fc ff ff 66 0f 1f 44 00 00 85 c0
0x00007f8c30ed3a3a:   75 4c 49 8b 07 4c 89 ff ff 90 88 00 00 00 e9 65
0x00007f8c30ed3a4a:   fd ff ff 0f 1f 00 ba b3 02 00 00 48 8d 35 94 d0
0x00007f8c30ed3a5a:   01 00 48 8d 3d 02 e8 01 00 67 e8 f7 9c 00 00 48
0x00007f8c30ed3a6a:   8d 35 a6 f6 01 00 48 8d 3d 01 e8 01 00 31 c0 67
0x00007f8c30ed3a7a:   e8 b1 9d 00 00 e9 21 fd ff ff 0f 1f 40 00 ba b5
0x00007f8c30ed3a8a:   02 00 00 48 8d 35 5c d0 01 00 48 8d 3d ca e7 01
0x00007f8c30ed3a9a:   00 67 e8 bf 9c 00 00 48 8d 35 fe e8 01 00 48 8d
0x00007f8c30ed3aaa:   3d c9 e7 01 00 31 c0 67 e8 79 9d 00 00 eb 83 0f
0x00007f8c30ed3aba:   1f 80 00 00 00 00 48 8b 7d b0 67 e8 f6 74 ff ff
0x00007f8c30ed3aca:   e9 b0 fc ff ff 90 f3 0f 1e fa 55 48 89 e5 41 55
0x00007f8c30ed3ada:   41 54 49 89 f4 53 48 89 d3 48 83 ec 68 4c 8d 2d
0x00007f8c30ed3aea:   12 b7 02 00 49 8b 45 00 f6 80 10 02 00 00 40 0f
0x00007f8c30ed3afa:   85 71 01 00 00 48 85 c0 74 0a 80 78 11 00 0f 85
0x00007f8c30ed3b0a:   e2 00 00 00 48 8b 3d cb b2 02 00 67 e8 e5 50 01
0x00007f8c30ed3b1a:   00 80 3d c6 b2 02 00 00 0f 85 88 00 00 00 83 05 


Stack slot to memory mapping:

stack at sp + 0 slots: 0x00007f8c14400810 is at entry_point+-400 in (nmethod*)0x00007f8c14400810
Compiled method (c1)   21314    1       3       java.lang.Object::<init> (1 bytes)
 total in heap  [0x00007f8c14400810,0x00007f8c14400b00] = 752
 relocation     [0x00007f8c14400968,0x00007f8c14400998] = 48
 main code      [0x00007f8c144009a0,0x00007f8c14400a78] = 216
 stub code      [0x00007f8c14400a78,0x00007f8c14400aa8] = 48
 metadata       [0x00007f8c14400aa8,0x00007f8c14400ab8] = 16
 scopes data    [0x00007f8c14400ab8,0x00007f8c14400ac8] = 16
 scopes pcs     [0x00007f8c14400ac8,0x00007f8c14400af8] = 48
 dependencies   [0x00007f8c14400af8,0x00007f8c14400b00] = 8
stack at sp + 1 slots: 0x00007f8c2c1037b0 points into unknown readable memory: 0x0000000000000000 | 00 00 00 00 00 00 00 00
stack at sp + 2 slots: 0x00007f8c2c0cc0b0 points into unknown readable memory: 0x00000000c7dc6050 | 50 60 dc c7 00 00 00 00
stack at sp + 3 slots: 0x0 is null
stack at sp + 4 slots: 0x00007f8c30ffe090 is pointing into the stack for thread: 0x00007f8c2c0179a0
stack at sp + 5 slots: 0x00007f8c31b39719: <offset 0x0000000000b39719> in /usr/lib/jvm/java-21-openjdk/lib/server/libjvm.so at 0x00007f8c31000000
stack at sp + 6 slots: 0x00007f8c30ffe0b0 is pointing into the stack for thread: 0x00007f8c2c0179a0
stack at sp + 7 slots: 0x00007f8c31b11adc: <offset 0x0000000000b11adc> in /usr/lib/jvm/java-21-openjdk/lib/server/libjvm.so at 0x00007f8c31000000


---------------  P R O C E S S  ---------------

Threads class SMR info:
_java_thread_list=0x00007f8c2c12aee0, length=13, elements={
0x00007f8c2c0179a0, 0x00007f8c2c0d7470, 0x00007f8c2c0d8af0, 0x00007f8c2c0da5a0,
0x00007f8c2c0dbbe0, 0x00007f8c2c0dd180, 0x00007f8c2c0decc0, 0x00007f8c2c0e0380,
0x00007f8c2c102ad0, 0x00007f8c2c104d90, 0x0000563cb4037fe0, 0x00007f8c2c106030,
0x00007f8c2c129d60
}

Java Threads: ( => current thread )
=>0x00007f8c2c0179a0 JavaThread "main"                              [_thread_in_native, id=2395, stack(0x00007f8c30f00000,0x00007f8c31000000) (1024K)]
  0x00007f8c2c0d7470 JavaThread "Reference Handler"          daemon [_thread_blocked, id=2410, stack(0x00007f8c10f40000,0x00007f8c11040000) (1024K)]
  0x00007f8c2c0d8af0 JavaThread "Finalizer"                  daemon [_thread_blocked, id=2411, stack(0x00007f8c10b00000,0x00007f8c10c00000) (1024K)]
  0x00007f8c2c0da5a0 JavaThread "Signal Dispatcher"          daemon [_thread_blocked, id=2412, stack(0x00007f8c10a00000,0x00007f8c10b00000) (1024K)]
  0x00007f8c2c0dbbe0 JavaThread "Service Thread"             daemon [_thread_blocked, id=2413, stack(0x00007f8c10900000,0x00007f8c10a00000) (1024K)]
  0x00007f8c2c0dd180 JavaThread "Monitor Deflation Thread"   daemon [_thread_blocked, id=2414, stack(0x00007f8c10800000,0x00007f8c10900000) (1024K)]
  0x00007f8c2c0decc0 JavaThread "C2 CompilerThread0"         daemon [_thread_blocked, id=2415, stack(0x00007f8c10700000,0x00007f8c10800000) (1024K)]
  0x00007f8c2c0e0380 JavaThread "C1 CompilerThread0"         daemon [_thread_blocked, id=2416, stack(0x00007f8c10600000,0x00007f8c10700000) (1024K)]
  0x00007f8c2c102ad0 JavaThread "JDWP Transport Listener: dt_socket" daemon [_thread_blocked, id=2418, stack(0x00007f8c1042f000,0x00007f8c1052f000) (1024K)]
  0x00007f8c2c104d90 JavaThread "JDWP Event Helper Thread"   daemon [_thread_blocked, id=2419, stack(0x00007f8c1032f000,0x00007f8c1042f000) (1024K)]
  0x0000563cb4037fe0 JavaThread "JDWP Command Reader"        daemon [_thread_in_native, id=2420, stack(0x00007f8c1022f000,0x00007f8c1032f000) (1024K)]
  0x00007f8c2c106030 JavaThread "Notification Thread"        daemon [_thread_blocked, id=2434, stack(0x00007f8c1012f000,0x00007f8c1022f000) (1024K)]
  0x00007f8c2c129d60 JavaThread "Common-Cleaner"             daemon [_thread_blocked, id=2435, stack(0x00007f8c1002f000,0x00007f8c1012f000) (1024K)]
Total: 13

Other Threads:
  0x00007f8c2c0ca060 VMThread "VM Thread"                           [id=2406, stack(0x00007f8c11041000,0x00007f8c11141000) (1024K)]
  0x00007f8c2c0afec0 WatcherThread "VM Periodic Task Thread"        [id=2402, stack(0x00007f8c11142000,0x00007f8c11242000) (1024K)]
  0x00007f8c2c050520 WorkerThread "GC Thread#0"                     [id=2396, stack(0x00007f8c30370000,0x00007f8c30470000) (1024K)]
  0x00007f8ba8006260 WorkerThread "GC Thread#1"                     [id=2629, stack(0x00007f8bb8afd000,0x00007f8bb8bfd000) (1024K)]
  0x00007f8c2c0591e0 ConcurrentGCThread "G1 Main Marker"            [id=2397, stack(0x00007f8c3026f000,0x00007f8c3036f000) (1024K)]
  0x00007f8c2c05a180 WorkerThread "G1 Conc#0"                       [id=2398, stack(0x00007f8c3016e000,0x00007f8c3026e000) (1024K)]
  0x00007f8c2c095ad0 ConcurrentGCThread "G1 Refine#0"               [id=2399, stack(0x00007f8c11420000,0x00007f8c11520000) (1024K)]
  0x00007f8c2c096a80 ConcurrentGCThread "G1 Service"                [id=2400, stack(0x00007f8c1131f000,0x00007f8c1141f000) (1024K)]
Total: 8

Threads with active compile tasks:
Total: 0

VM state: not at safepoint (normal execution)

VM Mutex/Monitor currently owned by a thread: None

Heap address: 0x00000000c4800000, size: 952 MB, Compressed Oops mode: 32-bit

CDS archive(s) mapped at: [0x00007f8bbb000000-0x00007f8bbbca8000-0x00007f8bbbca8000), size 13271040, SharedBaseAddress: 0x00007f8bbb000000, ArchiveRelocationMode: 1.
Compressed class space mapped at: 0x00007f8bbc000000-0x00007f8bfc000000, reserved size: 1073741824
Narrow klass base: 0x00007f8bbb000000, Narrow klass shift: 0, Narrow klass range: 0x100000000

GC Precious Log:
 CardTable entry size: 512
 Card Set container configuration: InlinePtr #cards 5 size 8 Array Of Cards #cards 12 size 40 Howl #buckets 4 coarsen threshold 1843 Howl Bitmap #cards 512 size 80 coarsen threshold 460 Card regions per heap region 1 cards per card region 2048
 CPUs: 4 total, 2 available
 Memory: 3801M
 Large Page Support: Disabled
 NUMA Support: Disabled
 Compressed Oops: Enabled (32-bit)
 Heap Region Size: 1M
 Heap Min Capacity: 8M
 Heap Initial Capacity: 60M
 Heap Max Capacity: 952M
 Pre-touch: Disabled
 Parallel Workers: 2
 Concurrent Workers: 1
 Concurrent Refinement Workers: 2
 Periodic GC: Disabled

Heap:
 garbage-first heap   total 63488K, used 6585K [0x00000000c4800000, 0x0000000100000000)
  region size 1024K, 7 young (7168K), 1 survivors (1024K)
 Metaspace       used 5257K, committed 5376K, reserved 1114112K
  class space    used 270K, committed 320K, reserved 1048576K

Heap Regions: E=young(eden), S=young(survivor), O=old, HS=humongous(starts), HC=humongous(continues), CS=collection set, F=free, TAMS=top-at-mark-start, PB=parsable bottom
|   0|0x00000000c4800000, 0x00000000c4867240, 0x00000000c4900000| 40%| O|  |TAMS 0x00000000c4800000| PB 0x00000000c4800000| Untracked 
|   1|0x00000000c4900000, 0x00000000c4900000, 0x00000000c4a00000|  0%| F|  |TAMS 0x00000000c4900000| PB 0x00000000c4900000| Untracked 
|   2|0x00000000c4a00000, 0x00000000c4a00000, 0x00000000c4b00000|  0%| F|  |TAMS 0x00000000c4a00000| PB 0x00000000c4a00000| Untracked 
|   3|0x00000000c4b00000, 0x00000000c4b00000, 0x00000000c4c00000|  0%| F|  |TAMS 0x00000000c4b00000| PB 0x00000000c4b00000| Untracked 
|   4|0x00000000c4c00000, 0x00000000c4c00000, 0x00000000c4d00000|  0%| F|  |TAMS 0x00000000c4c00000| PB 0x00000000c4c00000| Untracked 
|   5|0x00000000c4d00000, 0x00000000c4d00000, 0x00000000c4e00000|  0%| F|  |TAMS 0x00000000c4d00000| PB 0x00000000c4d00000| Untracked 
|   6|0x00000000c4e00000, 0x00000000c4e00000, 0x00000000c4f00000|  0%| F|  |TAMS 0x00000000c4e00000| PB 0x00000000c4e00000| Untracked 
|   7|0x00000000c4f00000, 0x00000000c4f00000, 0x00000000c5000000|  0%| F|  |TAMS 0x00000000c4f00000| PB 0x00000000c4f00000| Untracked 
|   8|0x00000000c5000000, 0x00000000c5000000, 0x00000000c5100000|  0%| F|  |TAMS 0x00000000c5000000| PB 0x00000000c5000000| Untracked 
|   9|0x00000000c5100000, 0x00000000c5100000, 0x00000000c5200000|  0%| F|  |TAMS 0x00000000c5100000| PB 0x00000000c5100000| Untracked 
|  10|0x00000000c5200000, 0x00000000c5200000, 0x00000000c5300000|  0%| F|  |TAMS 0x00000000c5200000| PB 0x00000000c5200000| Untracked 
|  11|0x00000000c5300000, 0x00000000c5300000, 0x00000000c5400000|  0%| F|  |TAMS 0x00000000c5300000| PB 0x00000000c5300000| Untracked 
|  12|0x00000000c5400000, 0x00000000c5400000, 0x00000000c5500000|  0%| F|  |TAMS 0x00000000c5400000| PB 0x00000000c5400000| Untracked 
|  13|0x00000000c5500000, 0x00000000c5500000, 0x00000000c5600000|  0%| F|  |TAMS 0x00000000c5500000| PB 0x00000000c5500000| Untracked 
|  14|0x00000000c5600000, 0x00000000c5600000, 0x00000000c5700000|  0%| F|  |TAMS 0x00000000c5600000| PB 0x00000000c5600000| Untracked 
|  15|0x00000000c5700000, 0x00000000c5700000, 0x00000000c5800000|  0%| F|  |TAMS 0x00000000c5700000| PB 0x00000000c5700000| Untracked 
|  16|0x00000000c5800000, 0x00000000c5800000, 0x00000000c5900000|  0%| F|  |TAMS 0x00000000c5800000| PB 0x00000000c5800000| Untracked 
|  17|0x00000000c5900000, 0x00000000c5900000, 0x00000000c5a00000|  0%| F|  |TAMS 0x00000000c5900000| PB 0x00000000c5900000| Untracked 
|  18|0x00000000c5a00000, 0x00000000c5a00000, 0x00000000c5b00000|  0%| F|  |TAMS 0x00000000c5a00000| PB 0x00000000c5a00000| Untracked 
|  19|0x00000000c5b00000, 0x00000000c5b00000, 0x00000000c5c00000|  0%| F|  |TAMS 0x00000000c5b00000| PB 0x00000000c5b00000| Untracked 
|  20|0x00000000c5c00000, 0x00000000c5c00000, 0x00000000c5d00000|  0%| F|  |TAMS 0x00000000c5c00000| PB 0x00000000c5c00000| Untracked 
|  21|0x00000000c5d00000, 0x00000000c5d00000, 0x00000000c5e00000|  0%| F|  |TAMS 0x00000000c5d00000| PB 0x00000000c5d00000| Untracked 
|  22|0x00000000c5e00000, 0x00000000c5e00000, 0x00000000c5f00000|  0%| F|  |TAMS 0x00000000c5e00000| PB 0x00000000c5e00000| Untracked 
|  23|0x00000000c5f00000, 0x00000000c5f00000, 0x00000000c6000000|  0%| F|  |TAMS 0x00000000c5f00000| PB 0x00000000c5f00000| Untracked 
|  24|0x00000000c6000000, 0x00000000c6000000, 0x00000000c6100000|  0%| F|  |TAMS 0x00000000c6000000| PB 0x00000000c6000000| Untracked 
|  25|0x00000000c6100000, 0x00000000c6100000, 0x00000000c6200000|  0%| F|  |TAMS 0x00000000c6100000| PB 0x00000000c6100000| Untracked 
|  26|0x00000000c6200000, 0x00000000c6200000, 0x00000000c6300000|  0%| F|  |TAMS 0x00000000c6200000| PB 0x00000000c6200000| Untracked 
|  27|0x00000000c6300000, 0x00000000c6300000, 0x00000000c6400000|  0%| F|  |TAMS 0x00000000c6300000| PB 0x00000000c6300000| Untracked 
|  28|0x00000000c6400000, 0x00000000c6400000, 0x00000000c6500000|  0%| F|  |TAMS 0x00000000c6400000| PB 0x00000000c6400000| Untracked 
|  29|0x00000000c6500000, 0x00000000c6500000, 0x00000000c6600000|  0%| F|  |TAMS 0x00000000c6500000| PB 0x00000000c6500000| Untracked 
|  30|0x00000000c6600000, 0x00000000c6600000, 0x00000000c6700000|  0%| F|  |TAMS 0x00000000c6600000| PB 0x00000000c6600000| Untracked 
|  31|0x00000000c6700000, 0x00000000c6700000, 0x00000000c6800000|  0%| F|  |TAMS 0x00000000c6700000| PB 0x00000000c6700000| Untracked 
|  32|0x00000000c6800000, 0x00000000c6800000, 0x00000000c6900000|  0%| F|  |TAMS 0x00000000c6800000| PB 0x00000000c6800000| Untracked 
|  33|0x00000000c6900000, 0x00000000c6900000, 0x00000000c6a00000|  0%| F|  |TAMS 0x00000000c6900000| PB 0x00000000c6900000| Untracked 
|  34|0x00000000c6a00000, 0x00000000c6a00000, 0x00000000c6b00000|  0%| F|  |TAMS 0x00000000c6a00000| PB 0x00000000c6a00000| Untracked 
|  35|0x00000000c6b00000, 0x00000000c6b00000, 0x00000000c6c00000|  0%| F|  |TAMS 0x00000000c6b00000| PB 0x00000000c6b00000| Untracked 
|  36|0x00000000c6c00000, 0x00000000c6c00000, 0x00000000c6d00000|  0%| F|  |TAMS 0x00000000c6c00000| PB 0x00000000c6c00000| Untracked 
|  37|0x00000000c6d00000, 0x00000000c6d00000, 0x00000000c6e00000|  0%| F|  |TAMS 0x00000000c6d00000| PB 0x00000000c6d00000| Untracked 
|  38|0x00000000c6e00000, 0x00000000c6e00000, 0x00000000c6f00000|  0%| F|  |TAMS 0x00000000c6e00000| PB 0x00000000c6e00000| Untracked 
|  39|0x00000000c6f00000, 0x00000000c6f00000, 0x00000000c7000000|  0%| F|  |TAMS 0x00000000c6f00000| PB 0x00000000c6f00000| Untracked 
|  40|0x00000000c7000000, 0x00000000c7000000, 0x00000000c7100000|  0%| F|  |TAMS 0x00000000c7000000| PB 0x00000000c7000000| Untracked 
|  41|0x00000000c7100000, 0x00000000c7100000, 0x00000000c7200000|  0%| F|  |TAMS 0x00000000c7100000| PB 0x00000000c7100000| Untracked 
|  42|0x00000000c7200000, 0x00000000c7200000, 0x00000000c7300000|  0%| F|  |TAMS 0x00000000c7200000| PB 0x00000000c7200000| Untracked 
|  43|0x00000000c7300000, 0x00000000c7300000, 0x00000000c7400000|  0%| F|  |TAMS 0x00000000c7300000| PB 0x00000000c7300000| Untracked 
|  44|0x00000000c7400000, 0x00000000c7400000, 0x00000000c7500000|  0%| F|  |TAMS 0x00000000c7400000| PB 0x00000000c7400000| Untracked 
|  45|0x00000000c7500000, 0x00000000c7500000, 0x00000000c7600000|  0%| F|  |TAMS 0x00000000c7500000| PB 0x00000000c7500000| Untracked 
|  46|0x00000000c7600000, 0x00000000c7600000, 0x00000000c7700000|  0%| F|  |TAMS 0x00000000c7600000| PB 0x00000000c7600000| Untracked 
|  47|0x00000000c7700000, 0x00000000c7700000, 0x00000000c7800000|  0%| F|  |TAMS 0x00000000c7700000| PB 0x00000000c7700000| Untracked 
|  48|0x00000000c7800000, 0x00000000c7800000, 0x00000000c7900000|  0%| F|  |TAMS 0x00000000c7800000| PB 0x00000000c7800000| Untracked 
|  49|0x00000000c7900000, 0x00000000c7900000, 0x00000000c7a00000|  0%| F|  |TAMS 0x00000000c7900000| PB 0x00000000c7900000| Untracked 
|  50|0x00000000c7a00000, 0x00000000c7a00000, 0x00000000c7b00000|  0%| F|  |TAMS 0x00000000c7a00000| PB 0x00000000c7a00000| Untracked 
|  51|0x00000000c7b00000, 0x00000000c7b00000, 0x00000000c7c00000|  0%| F|  |TAMS 0x00000000c7b00000| PB 0x00000000c7b00000| Untracked 
|  52|0x00000000c7c00000, 0x00000000c7c00000, 0x00000000c7d00000|  0%| F|  |TAMS 0x00000000c7c00000| PB 0x00000000c7c00000| Untracked 
|  53|0x00000000c7d00000, 0x00000000c7e00000, 0x00000000c7e00000|100%| S|CS|TAMS 0x00000000c7d00000| PB 0x00000000c7d00000| Complete 
|  54|0x00000000c7e00000, 0x00000000c7e99a40, 0x00000000c7f00000| 60%| E|  |TAMS 0x00000000c7e00000| PB 0x00000000c7e00000| Complete 
|  55|0x00000000c7f00000, 0x00000000c8000000, 0x00000000c8000000|100%| E|CS|TAMS 0x00000000c7f00000| PB 0x00000000c7f00000| Complete 
|  56|0x00000000c8000000, 0x00000000c8100000, 0x00000000c8100000|100%| E|CS|TAMS 0x00000000c8000000| PB 0x00000000c8000000| Complete 
|  57|0x00000000c8100000, 0x00000000c81ff818, 0x00000000c8200000| 99%| E|  |TAMS 0x00000000c8100000| PB 0x00000000c8100000| Complete 
|  58|0x00000000c8200000, 0x00000000c8300000, 0x00000000c8300000|100%| E|CS|TAMS 0x00000000c8200000| PB 0x00000000c8200000| Complete 
|  59|0x00000000c8300000, 0x00000000c8400000, 0x00000000c8400000|100%| E|CS|TAMS 0x00000000c8300000| PB 0x00000000c8300000| Complete 
| 950|0x00000000ffe00000, 0x00000000fff00000, 0x00000000fff00000|100%| O|  |TAMS 0x00000000ffe00000| PB 0x00000000ffe00000| Untracked 
| 951|0x00000000fff00000, 0x00000000fff07538, 0x0000000100000000|  2%| O|  |TAMS 0x00000000fff00000| PB 0x00000000fff00000| Untracked 

Card table byte_map: [0x00007f8c30470000,0x00007f8c3064c000] _byte_map_base: 0x00007f8c2fe4c000

Marking Bits: (CMBitMap*) 0x00007f8c2c051040
 Bits: [0x00007f8c13520000, 0x00007f8c14400000)

Polling page: 0x00007f8c328aa000

Metaspace:

Usage:
  Non-class:      4,87 MB used.
      Class:    270,51 KB used.
       Both:      5,13 MB used.

Virtual space:
  Non-class space:       64,00 MB reserved,       4,94 MB (  8%) committed,  1 nodes.
      Class space:        1,00 GB reserved,     320,00 KB ( <1%) committed,  1 nodes.
             Both:        1,06 GB reserved,       5,25 MB ( <1%) committed. 

Chunk freelists:
   Non-Class:  8,78 MB
       Class:  15,59 MB
        Both:  24,37 MB

MaxMetaspaceSize: unlimited
CompressedClassSpaceSize: 1,00 GB
Initial GC threshold: 21,00 MB
Current GC threshold: 21,00 MB
CDS: on
 - commit_granule_bytes: 65536.
 - commit_granule_words: 8192.
 - virtual_space_node_default_size: 8388608.
 - enlarge_chunks_in_place: 1.
 - use_allocation_guard: 0.


Internal statistics:

num_allocs_failed_limit: 0.
num_arena_births: 56.
num_arena_deaths: 0.
num_vsnodes_births: 2.
num_vsnodes_deaths: 0.
num_space_committed: 82.
num_space_uncommitted: 0.
num_chunks_returned_to_freelist: 0.
num_chunks_taken_from_freelist: 192.
num_chunk_merges: 0.
num_chunk_splits: 139.
num_chunks_enlarged: 107.
num_inconsistent_stats: 0.

CodeHeap 'non-profiled nmethods': size=120036Kb used=232Kb max_used=232Kb free=119804Kb
 bounds [0x00007f8c1bec7000, 0x00007f8c1c137000, 0x00007f8c23400000]
CodeHeap 'profiled nmethods': size=120032Kb used=1410Kb max_used=1410Kb free=118621Kb
 bounds [0x00007f8c14400000, 0x00007f8c14670000, 0x00007f8c1b938000]
CodeHeap 'non-nmethods': size=5692Kb used=1995Kb max_used=2014Kb free=3696Kb
 bounds [0x00007f8c1b938000, 0x00007f8c1bba8000, 0x00007f8c1bec7000]
 total_blobs=1765 nmethods=794 adapters=878
 compilation: enabled
              stopped_count=0, restarted_count=0
 full_count=0

Compilation events (20 events):
Event: 21,079 Thread 0x00007f8c2c0e0380 nmethod 775 0x00007f8c1455e190 code [0x00007f8c1455e340, 0x00007f8c1455e550]
Event: 21,079 Thread 0x00007f8c2c0e0380  776       3       jdk.internal.reflect.MethodHandleLongFieldAccessorImpl::fieldAccessor (100 bytes)
Event: 21,081 Thread 0x00007f8c2c0e0380 nmethod 776 0x00007f8c1455e690 code [0x00007f8c1455e9a0, 0x00007f8c1455f9c8]
Event: 21,105 Thread 0x00007f8c2c0e0380  789       3       java.lang.invoke.MethodHandle::setAsTypeCache (33 bytes)
Event: 21,106 Thread 0x00007f8c2c0e0380 nmethod 789 0x00007f8c1455ff10 code [0x00007f8c14560100, 0x00007f8c14560700]
Event: 21,174 Thread 0x00007f8c2c0decc0 nmethod 760 0x00007f8c1befbe10 code [0x00007f8c1befc060, 0x00007f8c1befd5e0]
Event: 21,174 Thread 0x00007f8c2c0decc0  788       4       java.lang.invoke.LambdaForm::uncustomize (57 bytes)
Event: 21,175 Thread 0x00007f8c2c0decc0 nmethod 788 0x00007f8c1befde10 code [0x00007f8c1befdf80, 0x00007f8c1befe030]
Event: 21,175 Thread 0x00007f8c2c0decc0  763       4       java.util.HashMap::put (13 bytes)
Event: 21,178 Thread 0x00007f8c2c0decc0 nmethod 763 0x00007f8c1befe110 code [0x00007f8c1befe2a0, 0x00007f8c1befe3f8]
Event: 21,181 Thread 0x00007f8c2c0decc0  790       4       java.lang.invoke.BoundMethodHandle::<init> (32 bytes)
Event: 21,197 Thread 0x00007f8c2c0decc0 nmethod 790 0x00007f8c1befe510 code [0x00007f8c1befe6c0, 0x00007f8c1befeaf8]
Event: 21,197 Thread 0x00007f8c2c0decc0  792       4       java.lang.invoke.MethodHandle::<init> (37 bytes)
Event: 21,216 Thread 0x00007f8c2c0decc0 nmethod 792 0x00007f8c1befed90 code [0x00007f8c1befef40, 0x00007f8c1beff310]
Event: 21,216 Thread 0x00007f8c2c0decc0  793       4       java.util.concurrent.ConcurrentHashMap::get (162 bytes)
Event: 21,273 Thread 0x00007f8c2c0decc0 nmethod 793 0x00007f8c1beff510 code [0x00007f8c1beff700, 0x00007f8c1bf000c8]
Event: 21,274 Thread 0x00007f8c2c0decc0  791       4       java.util.ImmutableCollections$List12::get (35 bytes)
Event: 21,275 Thread 0x00007f8c2c0decc0 nmethod 791 0x00007f8c1bf00710 code [0x00007f8c1bf00880, 0x00007f8c1bf00930]
Event: 21,275 Thread 0x00007f8c2c0decc0  794   !   4       java.lang.ref.NativeReferenceQueue::poll (28 bytes)
Event: 21,278 Thread 0x00007f8c2c0decc0 nmethod 794 0x00007f8c1bf00a10 code [0x00007f8c1bf00ba0, 0x00007f8c1bf00ec0]

GC Heap History (2 events):
Event: 19,898 GC heap before
{Heap before GC invocations=0 (full 0):
 garbage-first heap   total 63488K, used 6173K [0x00000000c4800000, 0x0000000100000000)
  region size 1024K, 6 young (6144K), 0 survivors (0K)
 Metaspace       used 3211K, committed 3392K, reserved 1114112K
  class space    used 201K, committed 256K, reserved 1048576K
}
Event: 19,933 GC heap after
{Heap after GC invocations=1 (full 0):
 garbage-first heap   total 63488K, used 2489K [0x00000000c4800000, 0x0000000100000000)
  region size 1024K, 1 young (1024K), 1 survivors (1024K)
 Metaspace       used 3211K, committed 3392K, reserved 1114112K
  class space    used 201K, committed 256K, reserved 1048576K
}

Dll operation events (8 events):
Event: 0,004 Loaded shared library /usr/lib/jvm/java-21-openjdk/lib/libjava.so
Event: 0,107 Loaded shared library /usr/lib/jvm/java-21-openjdk/lib/libjsvml.so
Event: 4,968 Loaded shared library /usr/lib/jvm/java-21-openjdk/lib/libnio.so
Event: 4,984 Loaded shared library /usr/lib/jvm/java-21-openjdk/lib/libzip.so
Event: 5,330 Loaded shared library /usr/lib/jvm/java-21-openjdk/lib/libjimage.so
Event: 5,375 Loaded shared library /usr/lib/jvm/java-21-openjdk/lib/libnet.so
Event: 5,404 Loaded shared library /tmp/lwjglvlad/3.2.2-build-10/liblwjgl.so
Event: 18,866 Loaded shared library /tmp/lwjglvlad/3.2.2-build-10/liblwjgl_opengl.so

Deoptimization events (20 events):
Event: 6,233 Thread 0x00007f8c2c0179a0 DEOPT PACKING pc=0x00007f8c1446d604 sp=0x00007f8c30ffd7c0
Event: 6,236 Thread 0x00007f8c2c0179a0 DEOPT UNPACKING pc=0x00007f8c1b98c711 sp=0x00007f8c30ffcc78 mode 0
Event: 6,236 Thread 0x00007f8c2c0179a0 DEOPT PACKING pc=0x00007f8c1446d854 sp=0x00007f8c30ffd7c0
Event: 6,236 Thread 0x00007f8c2c0179a0 DEOPT UNPACKING pc=0x00007f8c1b98c711 sp=0x00007f8c30ffcc78 mode 0
Event: 6,236 Thread 0x00007f8c2c0179a0 DEOPT PACKING pc=0x00007f8c1446d7d9 sp=0x00007f8c30ffd7c0
Event: 6,236 Thread 0x00007f8c2c0179a0 DEOPT UNPACKING pc=0x00007f8c1b98c711 sp=0x00007f8c30ffcc78 mode 0
Event: 6,237 Thread 0x00007f8c2c0179a0 DEOPT PACKING pc=0x00007f8c1446d604 sp=0x00007f8c30ffd7c0
Event: 6,237 Thread 0x00007f8c2c0179a0 DEOPT UNPACKING pc=0x00007f8c1b98c711 sp=0x00007f8c30ffcc78 mode 0
Event: 6,237 Thread 0x00007f8c2c0179a0 DEOPT PACKING pc=0x00007f8c1446d604 sp=0x00007f8c30ffd7c0
Event: 6,237 Thread 0x00007f8c2c0179a0 DEOPT UNPACKING pc=0x00007f8c1b98c711 sp=0x00007f8c30ffcc78 mode 0
Event: 6,238 Thread 0x00007f8c2c0179a0 DEOPT PACKING pc=0x00007f8c1446d604 sp=0x00007f8c30ffd7c0
Event: 6,238 Thread 0x00007f8c2c0179a0 DEOPT UNPACKING pc=0x00007f8c1b98c711 sp=0x00007f8c30ffcc78 mode 0
Event: 6,238 Thread 0x00007f8c2c0179a0 DEOPT PACKING pc=0x00007f8c1446d604 sp=0x00007f8c30ffd7c0
Event: 6,238 Thread 0x00007f8c2c0179a0 DEOPT UNPACKING pc=0x00007f8c1b98c711 sp=0x00007f8c30ffcc78 mode 0
Event: 20,092 Thread 0x00007f8c2c0179a0 DEOPT PACKING pc=0x00007f8c14416f8d sp=0x00007f8c30ffd490
Event: 20,092 Thread 0x00007f8c2c0179a0 DEOPT UNPACKING pc=0x00007f8c1b98c711 sp=0x00007f8c30ffc938 mode 0
Event: 20,150 Thread 0x00007f8c2c0179a0 DEOPT PACKING pc=0x00007f8c14416f8d sp=0x00007f8c30ffd780
Event: 20,150 Thread 0x00007f8c2c0179a0 DEOPT UNPACKING pc=0x00007f8c1b98c711 sp=0x00007f8c30ffcc00 mode 0
Event: 20,212 Thread 0x00007f8c2c0179a0 DEOPT PACKING pc=0x00007f8c1441e524 sp=0x00007f8c30ffd830
Event: 20,212 Thread 0x00007f8c2c0179a0 DEOPT UNPACKING pc=0x00007f8c1b98c711 sp=0x00007f8c30ffcc70 mode 0

Classes loaded (20 events):
Event: 19,394 Loading class jdk/internal/module/ModulePatcher$PatchedModuleReader
Event: 19,395 Loading class jdk/internal/module/ModulePatcher$PatchedModuleReader done
Event: 19,395 Loading class jdk/internal/foreign/MemorySessionImpl
Event: 19,395 Loading class java/lang/foreign/MemorySegment$Scope
Event: 19,395 Loading class java/lang/foreign/MemorySegment$Scope done
Event: 19,395 Loading class jdk/internal/foreign/MemorySessionImpl done
Event: 19,399 Loading class sun/net/www/protocol/jrt/Handler
Event: 19,399 Loading class sun/net/www/protocol/jrt/Handler done
Event: 19,442 Loading class sun/util/resources/LocaleData$CommonResourceBundleProvider
Event: 19,442 Loading class sun/util/resources/LocaleData$LocaleDataResourceBundleProvider
Event: 19,442 Loading class java/util/spi/ResourceBundleProvider
Event: 19,443 Loading class java/util/spi/ResourceBundleProvider done
Event: 19,443 Loading class sun/util/resources/LocaleData$LocaleDataResourceBundleProvider done
Event: 19,443 Loading class sun/util/resources/LocaleData$CommonResourceBundleProvider done
Event: 19,459 Loading class sun/util/resources/Bundles$2
Event: 19,459 Loading class sun/util/resources/Bundles$2 done
Event: 19,472 Loading class java/lang/Class$1
Event: 19,472 Loading class java/lang/Class$1 done
Event: 20,718 Loading class jdk/internal/reflect/MethodHandleLongFieldAccessorImpl
Event: 20,718 Loading class jdk/internal/reflect/MethodHandleLongFieldAccessorImpl done

Classes unloaded (0 events):
No events

Classes redefined (0 events):
No events

Internal exceptions (13 events):
Event: 5,208 Thread 0x00007f8c2c0179a0 Exception <a 'java/lang/NoSuchMethodError'{0x00000000c8258800}: 'void java.lang.invoke.DirectMethodHandle$Holder.invokeStatic(java.lang.Object, java.lang.Object)'> (0x00000000c8258800) 
thrown [src/hotspot/share/interpreter/linkResolver.cpp, line 772]
Event: 5,221 Thread 0x00007f8c2c0179a0 Exception <a 'java/lang/NoSuchMethodError'{0x00000000c825d708}: 'void java.lang.System.load(java.lang.String, java.lang.Class)'> (0x00000000c825d708) 
thrown [src/hotspot/share/interpreter/linkResolver.cpp, line 772]
Event: 5,223 Thread 0x00007f8c2c0179a0 Exception <a 'java/lang/NoSuchMethodError'{0x00000000c825e2f8}: 'void java.lang.invoke.DirectMethodHandle$Holder.invokeSpecial(java.lang.Object, java.lang.Object, java.lang.Object)'> (0x00000000c825e2f8) 
thrown [src/hotspot/share/interpreter/linkResolver.cpp, line 772]
Event: 5,243 Thread 0x00007f8c2c0179a0 Exception <a 'java/lang/NoSuchMethodError'{0x00000000c82701f0}: 'java.lang.Object java.lang.invoke.DirectMethodHandle$Holder.invokeStatic(java.lang.Object, java.lang.Object, int)'> (0x00000000c82701f0) 
thrown [src/hotspot/share/interpreter/linkResolver.cpp, line 772]
Event: 5,257 Thread 0x00007f8c2c0179a0 Exception <a 'java/lang/NoSuchMethodError'{0x00000000c827b6b8}: 'void java.lang.invoke.DelegatingMethodHandle$Holder.delegate(java.lang.Object, java.lang.Object, int, java.lang.Object)'> (0x00000000c827b6b8) 
thrown [src/hotspot/share/interpreter/linkResolver.cpp, line 772]
Event: 5,260 Thread 0x00007f8c2c0179a0 Exception <a 'java/lang/NoSuchMethodError'{0x00000000c827f570}: 'int java.lang.invoke.DirectMethodHandle$Holder.invokeSpecial(java.lang.Object, java.lang.Object, java.lang.Object)'> (0x00000000c827f570) 
thrown [src/hotspot/share/interpreter/linkResolver.cpp, line 772]
Event: 5,294 Thread 0x00007f8c2c0179a0 Exception <a 'java/lang/NoSuchMethodError'{0x00000000c82999c8}: 'void java.lang.System.loadLibrary(java.lang.String, java.lang.Class)'> (0x00000000c82999c8) 
thrown [src/hotspot/share/interpreter/linkResolver.cpp, line 772]
Event: 6,240 Thread 0x00007f8c2c0179a0 Exception <a 'java/lang/NoSuchMethodError'{0x00000000c8006378}: 'int java.lang.invoke.Invokers$Holder.invokeExact_MT(java.lang.Object, java.lang.Object)'> (0x00000000c8006378) 
thrown [src/hotspot/share/interpreter/linkResolver.cpp, line 772]
Event: 18,838 Thread 0x00007f8c2c0179a0 Exception <a 'java/lang/NoSuchMethodError'{0x00000000c8082160}: 'void java.lang.System.load(java.lang.String, java.lang.Class)'> (0x00000000c8082160) 
thrown [src/hotspot/share/interpreter/linkResolver.cpp, line 772]
Event: 18,845 Thread 0x00007f8c2c0179a0 Exception <a 'java/lang/NoSuchMethodError'{0x00000000c8084b00}: 'void java.lang.System.loadLibrary(java.lang.String, java.lang.Class)'> (0x00000000c8084b00) 
thrown [src/hotspot/share/interpreter/linkResolver.cpp, line 772]
Event: 18,880 Thread 0x00007f8c2c0179a0 Exception <a 'sun/nio/fs/UnixException'{0x00000000c809a660}> (0x00000000c809a660) 
thrown [src/hotspot/share/prims/jni.cpp, line 520]
Event: 20,719 Thread 0x00007f8c2c0179a0 Exception <a 'java/lang/NoSuchMethodError'{0x00000000c80b0378}: 'long java.lang.invoke.DelegatingMethodHandle$Holder.reinvoke_L(java.lang.Object, java.lang.Object)'> (0x00000000c80b0378) 
thrown [src/hotspot/share/interpreter/linkResolver.cpp, line 772]
Event: 20,740 Thread 0x00007f8c2c0179a0 Exception <a 'java/lang/NoSuchMethodError'{0x00000000c80b6ac8}: 'long java.lang.invoke.Invokers$Holder.invokeExact_MT(java.lang.Object, java.lang.Object, java.lang.Object)'> (0x00000000c80b6ac8) 
thrown [src/hotspot/share/interpreter/linkResolver.cpp, line 772]

ZGC Phase Switch (0 events):
No events

VM Operations (20 events):
Event: 14,707 Executing VM operation: ChangeBreakpoints
Event: 14,707 Executing VM operation: ChangeBreakpoints done
Event: 17,709 Executing VM operation: get/set locals
Event: 17,709 Executing VM operation: get/set locals done
Event: 17,709 Executing VM operation: get/set locals
Event: 17,709 Executing VM operation: get/set locals done
Event: 17,709 Executing VM operation: get/set locals
Event: 17,709 Executing VM operation: get/set locals done
Event: 17,709 Executing VM operation: get/set locals
Event: 17,709 Executing VM operation: get/set locals done
Event: 18,883 Executing VM operation: HandshakeAllThreads (Deoptimize)
Event: 18,883 Executing VM operation: HandshakeAllThreads (Deoptimize) done
Event: 18,883 Executing VM operation: Cleanup
Event: 18,887 Executing VM operation: Cleanup done
Event: 19,887 Executing VM operation: Cleanup
Event: 19,887 Executing VM operation: Cleanup done
Event: 19,898 Executing VM operation: G1CollectForAllocation (G1 Evacuation Pause)
Event: 19,933 Executing VM operation: G1CollectForAllocation (G1 Evacuation Pause) done
Event: 20,934 Executing VM operation: Cleanup
Event: 20,934 Executing VM operation: Cleanup done

Events (20 events):
Event: 0,096 Thread 0x00007f8c2c0da5a0 Thread added: 0x00007f8c2c0da5a0
Event: 0,097 Protecting memory [0x00007f8c10a00000,0x00007f8c10a04000] with protection modes 0
Event: 0,100 Thread 0x00007f8c2c0dbbe0 Thread added: 0x00007f8c2c0dbbe0
Event: 0,101 Protecting memory [0x00007f8c10900000,0x00007f8c10904000] with protection modes 0
Event: 0,102 Thread 0x00007f8c2c0dd180 Thread added: 0x00007f8c2c0dd180
Event: 0,102 Protecting memory [0x00007f8c10800000,0x00007f8c10804000] with protection modes 0
Event: 0,103 Thread 0x00007f8c2c0decc0 Thread added: 0x00007f8c2c0decc0
Event: 0,103 Protecting memory [0x00007f8c10700000,0x00007f8c10704000] with protection modes 0
Event: 0,103 Thread 0x00007f8c2c0e0380 Thread added: 0x00007f8c2c0e0380
Event: 0,106 Protecting memory [0x00007f8c10600000,0x00007f8c10604000] with protection modes 0
Event: 0,177 Thread 0x00007f8c2c102ad0 Thread added: 0x00007f8c2c102ad0
Event: 0,178 Protecting memory [0x00007f8c1042f000,0x00007f8c10433000] with protection modes 0
Event: 0,178 Thread 0x00007f8c2c104d90 Thread added: 0x00007f8c2c104d90
Event: 0,178 Protecting memory [0x00007f8c1032f000,0x00007f8c10333000] with protection modes 0
Event: 0,179 Thread 0x0000563cb4037fe0 Thread added: 0x0000563cb4037fe0
Event: 0,179 Protecting memory [0x00007f8c1022f000,0x00007f8c10233000] with protection modes 0
Event: 0,734 Thread 0x00007f8c2c106030 Thread added: 0x00007f8c2c106030
Event: 0,741 Protecting memory [0x00007f8c1012f000,0x00007f8c10133000] with protection modes 0
Event: 0,741 Thread 0x00007f8c2c129d60 Thread added: 0x00007f8c2c129d60
Event: 0,742 Protecting memory [0x00007f8c1002f000,0x00007f8c10033000] with protection modes 0


Dynamic libraries:
c4800000-c8400000 rw-p 00000000 00:00 0 
c8400000-ffe00000 ---p 00000000 00:00 0 
ffe00000-fff08000 rw-p 00ce7000 08:03 10111197                           /usr/lib/jvm/java-21-openjdk/lib/server/classes.jsa
fff08000-100000000 rw-p 00000000 00:00 0 
563cb34fc000-563cb34fd000 r--p 00000000 08:03 10111141                   /usr/lib/jvm/java-21-openjdk/bin/java
563cb34fd000-563cb34fe000 r-xp 00001000 08:03 10111141                   /usr/lib/jvm/java-21-openjdk/bin/java
563cb34fe000-563cb34ff000 r--p 00002000 08:03 10111141                   /usr/lib/jvm/java-21-openjdk/bin/java
563cb34ff000-563cb3500000 r--p 00002000 08:03 10111141                   /usr/lib/jvm/java-21-openjdk/bin/java
563cb3500000-563cb3501000 rw-p 00003000 08:03 10111141                   /usr/lib/jvm/java-21-openjdk/bin/java
563cb4020000-563cb4067000 rw-p 00000000 00:00 0                          [heap]
7f8b82000000-7f8b83e8d000 r--p 00000000 08:03 9329756                    /usr/lib/libicudata.so.73.2
7f8b83e8d000-7f8b83e8e000 r--p 01e8c000 08:03 9329756                    /usr/lib/libicudata.so.73.2
7f8b84000000-7f8b84b4d000 r--p 00000000 08:03 9319036                    /usr/lib/libLLVM-16.so
7f8b84b4d000-7f8b88eb0000 r-xp 00b4d000 08:03 9319036                    /usr/lib/libLLVM-16.so
7f8b88eb0000-7f8b8bc51000 r--p 04eb0000 08:03 9319036                    /usr/lib/libLLVM-16.so
7f8b8bc51000-7f8b8c305000 r--p 07c50000 08:03 9319036                    /usr/lib/libLLVM-16.so
7f8b8c305000-7f8b8c34e000 rw-p 08304000 08:03 9319036                    /usr/lib/libLLVM-16.so
7f8b8c34e000-7f8b8c3e1000 rw-p 00000000 00:00 0 
7f8b8c400000-7f8b8c4a3000 r--p 00000000 08:03 9319409                    /usr/lib/dri/crocus_dri.so
7f8b8c4a3000-7f8b8eede000 r-xp 000a3000 08:03 9319409                    /usr/lib/dri/crocus_dri.so
7f8b8eede000-7f8b8fd43000 r--p 02ade000 08:03 9319409                    /usr/lib/dri/crocus_dri.so
7f8b8fd43000-7f8b8fdcd000 r--p 03942000 08:03 9319409                    /usr/lib/dri/crocus_dri.so
7f8b8fdcd000-7f8b8fde3000 rw-p 039cc000 08:03 9319409                    /usr/lib/dri/crocus_dri.so
7f8b8fde3000-7f8b8ffa4000 rw-p 00000000 00:00 0 
7f8b90000000-7f8b902e1000 rw-p 00000000 00:00 0 
7f8b902e1000-7f8b94000000 ---p 00000000 00:00 0 
7f8b94000000-7f8b94215000 rw-p 00000000 00:00 0 
7f8b94215000-7f8b98000000 ---p 00000000 00:00 0 
7f8b98000000-7f8b98021000 rw-p 00000000 00:00 0 
7f8b98021000-7f8b9c000000 ---p 00000000 00:00 0 
7f8b9c000000-7f8b9c021000 rw-p 00000000 00:00 0 
7f8b9c021000-7f8ba0000000 ---p 00000000 00:00 0 
7f8ba0000000-7f8ba0021000 rw-p 00000000 00:00 0 
7f8ba0021000-7f8ba4000000 ---p 00000000 00:00 0 
7f8ba4000000-7f8ba4021000 rw-p 00000000 00:00 0 
7f8ba4021000-7f8ba8000000 ---p 00000000 00:00 0 
7f8ba8000000-7f8ba8021000 rw-p 00000000 00:00 0 
7f8ba8021000-7f8bac000000 ---p 00000000 00:00 0 
7f8bac000000-7f8bac021000 rw-p 00000000 00:00 0 
7f8bac021000-7f8bb0000000 ---p 00000000 00:00 0 
7f8bb0000000-7f8bb01b0000 rw-p 00000000 00:00 0 
7f8bb01b0000-7f8bb0400000 ---p 00000000 00:00 0 
7f8bb0400000-7f8bb0510000 rw-p 00000000 00:00 0 
7f8bb0510000-7f8bb0740000 rw-p 00000000 00:00 0 
7f8bb0740000-7f8bb4000000 ---p 00000000 00:00 0 
7f8bb4000000-7f8bb4021000 rw-p 00000000 00:00 0 
7f8bb4021000-7f8bb8000000 ---p 00000000 00:00 0 
7f8bb8800000-7f8bb8857000 r-xp 00000000 00:1a 191                        /tmp/lwjglvlad/3.2.2-build-10/liblwjgl_opengl.so
7f8bb8857000-7f8bb8a56000 ---p 00057000 00:1a 191                        /tmp/lwjglvlad/3.2.2-build-10/liblwjgl_opengl.so
7f8bb8a56000-7f8bb8a57000 r--p 00056000 00:1a 191                        /tmp/lwjglvlad/3.2.2-build-10/liblwjgl_opengl.so
7f8bb8a57000-7f8bb8a58000 rw-p 00057000 00:1a 191                        /tmp/lwjglvlad/3.2.2-build-10/liblwjgl_opengl.so
7f8bb8afc000-7f8bb8afd000 ---p 00000000 00:00 0 
7f8bb8afd000-7f8bb8bfd000 rw-p 00000000 00:00 0 
7f8bb8bfd000-7f8bb8d7d000 rw-s 106d75000 00:0f 11078                     anon_inode:i915.gem
7f8bb8d7d000-7f8bb8ebd000 rw-s 106c35000 00:0f 11078                     anon_inode:i915.gem
7f8bb8ebd000-7f8bb8ebe000 ---p 00000000 00:00 0 
7f8bb8ebe000-7f8bb96be000 rw-p 00000000 00:00 0 
7f8bb96be000-7f8bb96bf000 ---p 00000000 00:00 0 
7f8bb96bf000-7f8bb9ebf000 rw-p 00000000 00:00 0 
7f8bb9ebf000-7f8bba000000 rw-s 00000000 08:03 30015644                   /home/vlad/.cache/mesa_shader_cache/index
7f8bba000000-7f8bba065000 r--p 00000000 08:03 9329761                    /usr/lib/libicuuc.so.73.2
7f8bba065000-7f8bba162000 r-xp 00065000 08:03 9329761                    /usr/lib/libicuuc.so.73.2
7f8bba162000-7f8bba1f2000 r--p 00162000 08:03 9329761                    /usr/lib/libicuuc.so.73.2
7f8bba1f2000-7f8bba205000 r--p 001f2000 08:03 9329761                    /usr/lib/libicuuc.so.73.2
7f8bba205000-7f8bba206000 rw-p 00205000 08:03 9329761                    /usr/lib/libicuuc.so.73.2
7f8bba206000-7f8bba208000 rw-p 00000000 00:00 0 
7f8bba2fd000-7f8bba301000 r--p 00000000 08:03 9329829                    /usr/lib/liblzma.so.5.4.4
7f8bba301000-7f8bba322000 r-xp 00004000 08:03 9329829                    /usr/lib/liblzma.so.5.4.4
7f8bba322000-7f8bba32e000 r--p 00025000 08:03 9329829                    /usr/lib/liblzma.so.5.4.4
7f8bba32e000-7f8bba32f000 r--p 00031000 08:03 9329829                    /usr/lib/liblzma.so.5.4.4
7f8bba32f000-7f8bba330000 rw-p 00032000 08:03 9329829                    /usr/lib/liblzma.so.5.4.4
7f8bba330000-7f8bba333000 r--p 00000000 08:03 9329989                    /usr/lib/libpciaccess.so.0.11.1
7f8bba333000-7f8bba338000 r-xp 00003000 08:03 9329989                    /usr/lib/libpciaccess.so.0.11.1
7f8bba338000-7f8bba33a000 r--p 00008000 08:03 9329989                    /usr/lib/libpciaccess.so.0.11.1
7f8bba33a000-7f8bba33b000 r--p 00009000 08:03 9329989                    /usr/lib/libpciaccess.so.0.11.1
7f8bba33b000-7f8bba33c000 rw-p 0000a000 08:03 9329989                    /usr/lib/libpciaccess.so.0.11.1
7f8bba33c000-7f8bba36e000 r--p 00000000 08:03 9330272                    /usr/lib/libxml2.so.2.11.5
7f8bba36e000-7f8bba44c000 r-xp 00032000 08:03 9330272                    /usr/lib/libxml2.so.2.11.5
7f8bba44c000-7f8bba495000 r--p 00110000 08:03 9330272                    /usr/lib/libxml2.so.2.11.5
7f8bba495000-7f8bba4a0000 r--p 00158000 08:03 9330272                    /usr/lib/libxml2.so.2.11.5
7f8bba4a0000-7f8bba4a1000 rw-p 00163000 08:03 9330272                    /usr/lib/libxml2.so.2.11.5
7f8bba4a1000-7f8bba4a2000 rw-p 00000000 00:00 0 
7f8bba4a2000-7f8bba4b8000 r--p 00000000 08:03 9329894                    /usr/lib/libncursesw.so.6.4
7f8bba4b8000-7f8bba4fc000 r-xp 00016000 08:03 9329894                    /usr/lib/libncursesw.so.6.4
7f8bba4fc000-7f8bba514000 r--p 0005a000 08:03 9329894                    /usr/lib/libncursesw.so.6.4
7f8bba514000-7f8bba518000 r--p 00072000 08:03 9329894                    /usr/lib/libncursesw.so.6.4
7f8bba518000-7f8bba519000 rw-p 00076000 08:03 9329894                    /usr/lib/libncursesw.so.6.4
7f8bba519000-7f8bba522000 r--p 00000000 08:03 9317526                    /usr/lib/libedit.so.0.0.72
7f8bba522000-7f8bba541000 r-xp 00009000 08:03 9317526                    /usr/lib/libedit.so.0.0.72
7f8bba541000-7f8bba54f000 r--p 00028000 08:03 9317526                    /usr/lib/libedit.so.0.0.72
7f8bba54f000-7f8bba551000 r--p 00036000 08:03 9317526                    /usr/lib/libedit.so.0.0.72
7f8bba551000-7f8bba552000 rw-p 00038000 08:03 9317526                    /usr/lib/libedit.so.0.0.72
7f8bba552000-7f8bba555000 rw-p 00000000 00:00 0 
7f8bba555000-7f8bba557000 r--p 00000000 08:03 9329588                    /usr/lib/libffi.so.8.1.2
7f8bba557000-7f8bba55d000 r-xp 00002000 08:03 9329588                    /usr/lib/libffi.so.8.1.2
7f8bba55d000-7f8bba55e000 r--p 00008000 08:03 9329588                    /usr/lib/libffi.so.8.1.2
7f8bba55e000-7f8bba55f000 r--p 00009000 08:03 9329588                    /usr/lib/libffi.so.8.1.2
7f8bba55f000-7f8bba560000 rw-p 0000a000 08:03 9329588                    /usr/lib/libffi.so.8.1.2
7f8bba560000-7f8bba563000 r--p 00000000 08:03 9316572                    /usr/lib/libdrm_intel.so.1.0.0
7f8bba563000-7f8bba578000 r-xp 00003000 08:03 9316572                    /usr/lib/libdrm_intel.so.1.0.0
7f8bba578000-7f8bba582000 r--p 00018000 08:03 9316572                    /usr/lib/libdrm_intel.so.1.0.0
7f8bba582000-7f8bba583000 r--p 00021000 08:03 9316572                    /usr/lib/libdrm_intel.so.1.0.0
7f8bba583000-7f8bba584000 rw-p 00022000 08:03 9316572                    /usr/lib/libdrm_intel.so.1.0.0
7f8bba584000-7f8bba586000 r--p 00000000 08:03 9316575                    /usr/lib/libdrm_nouveau.so.2.0.0
7f8bba586000-7f8bba58a000 r-xp 00002000 08:03 9316575                    /usr/lib/libdrm_nouveau.so.2.0.0
7f8bba58a000-7f8bba58c000 r--p 00006000 08:03 9316575                    /usr/lib/libdrm_nouveau.so.2.0.0
7f8bba58c000-7f8bba58d000 r--p 00007000 08:03 9316575                    /usr/lib/libdrm_nouveau.so.2.0.0
7f8bba58d000-7f8bba58e000 rw-p 00008000 08:03 9316575                    /usr/lib/libdrm_nouveau.so.2.0.0
7f8bba58e000-7f8bba591000 r--p 00000000 08:03 9316569                    /usr/lib/libdrm_amdgpu.so.1.0.0
7f8bba591000-7f8bba596000 r-xp 00003000 08:03 9316569                    /usr/lib/libdrm_amdgpu.so.1.0.0
7f8bba596000-7f8bba598000 r--p 00008000 08:03 9316569                    /usr/lib/libdrm_amdgpu.so.1.0.0
7f8bba598000-7f8bba599000 r--p 00009000 08:03 9316569                    /usr/lib/libdrm_amdgpu.so.1.0.0
7f8bba599000-7f8bba59a000 rw-p 0000a000 08:03 9316569                    /usr/lib/libdrm_amdgpu.so.1.0.0
7f8bba59a000-7f8bba59e000 r--p 00000000 08:03 9329563                    /usr/lib/libelf-0.189.so
7f8bba59e000-7f8bba5b0000 r-xp 00004000 08:03 9329563                    /usr/lib/libelf-0.189.so
7f8bba5b0000-7f8bba5b4000 r--p 00016000 08:03 9329563                    /usr/lib/libelf-0.189.so
7f8bba5b4000-7f8bba5b5000 r--p 0001a000 08:03 9329563                    /usr/lib/libelf-0.189.so
7f8bba5b5000-7f8bba5b6000 rw-p 0001b000 08:03 9329563                    /usr/lib/libelf-0.189.so
7f8bba5b6000-7f8bba5b8000 r--p 00000000 08:03 9316578                    /usr/lib/libdrm_radeon.so.1.0.1
7f8bba5b8000-7f8bba5be000 r-xp 00002000 08:03 9316578                    /usr/lib/libdrm_radeon.so.1.0.1
7f8bba5be000-7f8bba5c2000 r--p 00008000 08:03 9316578                    /usr/lib/libdrm_radeon.so.1.0.1
7f8bba5c2000-7f8bba5c3000 r--p 0000b000 08:03 9316578                    /usr/lib/libdrm_radeon.so.1.0.1
7f8bba5c3000-7f8bba5c4000 rw-p 0000c000 08:03 9316578                    /usr/lib/libdrm_radeon.so.1.0.1
7f8bba5c4000-7f8bba5c7000 r--p 00000000 08:03 9330073                    /usr/lib/libsensors.so.5.0.0
7f8bba5c7000-7f8bba5ce000 r-xp 00003000 08:03 9330073                    /usr/lib/libsensors.so.5.0.0
7f8bba5ce000-7f8bba5d2000 r--p 0000a000 08:03 9330073                    /usr/lib/libsensors.so.5.0.0
7f8bba5d2000-7f8bba5d3000 r--p 0000e000 08:03 9330073                    /usr/lib/libsensors.so.5.0.0
7f8bba5d3000-7f8bba5d4000 rw-p 0000f000 08:03 9330073                    /usr/lib/libsensors.so.5.0.0
7f8bba5d4000-7f8bba5e0000 r--p 00000000 08:03 9330286                    /usr/lib/libzstd.so.1.5.5
7f8bba5e0000-7f8bba691000 r-xp 0000c000 08:03 9330286                    /usr/lib/libzstd.so.1.5.5
7f8bba691000-7f8bba6a5000 r--p 000bd000 08:03 9330286                    /usr/lib/libzstd.so.1.5.5
7f8bba6a5000-7f8bba6a6000 r--p 000d1000 08:03 9330286                    /usr/lib/libzstd.so.1.5.5
7f8bba6a6000-7f8bba6a7000 rw-p 000d2000 08:03 9330286                    /usr/lib/libzstd.so.1.5.5
7f8bba6a7000-7f8bba6d7000 r--p 00000000 08:03 9961557                    /usr/share/locale/ru/LC_MESSAGES/libc.mo
7f8bba6d7000-7f8bba6da000 r--p 00000000 08:03 9313448                    /usr/lib/libxcb-xfixes.so.0.0.0
7f8bba6da000-7f8bba6dd000 r-xp 00003000 08:03 9313448                    /usr/lib/libxcb-xfixes.so.0.0.0
7f8bba6dd000-7f8bba6de000 r--p 00006000 08:03 9313448                    /usr/lib/libxcb-xfixes.so.0.0.0
7f8bba6de000-7f8bba6df000 r--p 00007000 08:03 9313448                    /usr/lib/libxcb-xfixes.so.0.0.0
7f8bba6df000-7f8bba6e0000 rw-p 00008000 08:03 9313448                    /usr/lib/libxcb-xfixes.so.0.0.0
7f8bba6e0000-7f8bba6e3000 r--p 00000000 08:03 9313442                    /usr/lib/libxcb-sync.so.1.0.0
7f8bba6e3000-7f8bba6e6000 r-xp 00003000 08:03 9313442                    /usr/lib/libxcb-sync.so.1.0.0
7f8bba6e6000-7f8bba6e7000 r--p 00006000 08:03 9313442                    /usr/lib/libxcb-sync.so.1.0.0
7f8bba6e7000-7f8bba6e8000 r--p 00007000 08:03 9313442                    /usr/lib/libxcb-sync.so.1.0.0
7f8bba6e8000-7f8bba6e9000 rw-p 00008000 08:03 9313442                    /usr/lib/libxcb-sync.so.1.0.0
7f8bba6e9000-7f8bba6ea000 r--p 00000000 08:03 9313418                    /usr/lib/libxcb-present.so.0.0.0
7f8bba6ea000-7f8bba6eb000 r-xp 00001000 08:03 9313418                    /usr/lib/libxcb-present.so.0.0.0
7f8bba6eb000-7f8bba6ec000 r--p 00002000 08:03 9313418                    /usr/lib/libxcb-present.so.0.0.0
7f8bba6ec000-7f8bba6ed000 r--p 00002000 08:03 9313418                    /usr/lib/libxcb-present.so.0.0.0
7f8bba6ed000-7f8bba6ee000 rw-p 00003000 08:03 9313418                    /usr/lib/libxcb-present.so.0.0.0
7f8bba6ee000-7f8bba6f5000 r--p 00000000 08:03 9313421                    /usr/lib/libxcb-randr.so.0.1.0
7f8bba6f5000-7f8bba6fb000 r-xp 00007000 08:03 9313421                    /usr/lib/libxcb-randr.so.0.1.0
7f8bba6fb000-7f8bba6fe000 r--p 0000d000 08:03 9313421                    /usr/lib/libxcb-randr.so.0.1.0
7f8bba6fe000-7f8bba6ff000 r--p 00010000 08:03 9313421                    /usr/lib/libxcb-randr.so.0.1.0
7f8bba6ff000-7f8bba700000 rw-p 00011000 08:03 9313421                    /usr/lib/libxcb-randr.so.0.1.0
7f8bba700000-7f8bba704000 r--p 00000000 08:03 9329577                    /usr/lib/libexpat.so.1.8.10
7f8bba704000-7f8bba720000 r-xp 00004000 08:03 9329577                    /usr/lib/libexpat.so.1.8.10
7f8bba720000-7f8bba728000 r--p 00020000 08:03 9329577                    /usr/lib/libexpat.so.1.8.10
7f8bba728000-7f8bba72a000 r--p 00028000 08:03 9329577                    /usr/lib/libexpat.so.1.8.10
7f8bba72a000-7f8bba72b000 rw-p 0002a000 08:03 9329577                    /usr/lib/libexpat.so.1.8.10
7f8bba72b000-7f8bba738000 r--p 00000000 08:03 9319425                    /usr/lib/libglapi.so.0.0.0
7f8bba738000-7f8bba746000 r-xp 0000d000 08:03 9319425                    /usr/lib/libglapi.so.0.0.0
7f8bba746000-7f8bba75b000 r--p 0001b000 08:03 9319425                    /usr/lib/libglapi.so.0.0.0
7f8bba75b000-7f8bba75f000 r--p 00030000 08:03 9319425                    /usr/lib/libglapi.so.0.0.0
7f8bba75f000-7f8bba760000 rw-p 00034000 08:03 9319425                    /usr/lib/libglapi.so.0.0.0
7f8bba760000-7f8bba77a000 r--p 00000000 08:03 9319416                    /usr/lib/libGLX_mesa.so.0.0.0
7f8bba77a000-7f8bba7e2000 r-xp 0001a000 08:03 9319416                    /usr/lib/libGLX_mesa.so.0.0.0
7f8bba7e2000-7f8bba7f9000 r--p 00082000 08:03 9319416                    /usr/lib/libGLX_mesa.so.0.0.0
7f8bba7f9000-7f8bba7fc000 r--p 00099000 08:03 9319416                    /usr/lib/libGLX_mesa.so.0.0.0
7f8bba7fc000-7f8bba7fd000 rw-p 0009c000 08:03 9319416                    /usr/lib/libGLX_mesa.so.0.0.0
7f8bba7fd000-7f8bba800000 rw-p 00000000 00:00 0 
7f8bba800000-7f8bba843000 r-xp 00000000 00:1a 190                        /tmp/lwjglvlad/3.2.2-build-10/libglfw.so
7f8bba843000-7f8bbaa42000 ---p 00043000 00:1a 190                        /tmp/lwjglvlad/3.2.2-build-10/libglfw.so
7f8bbaa42000-7f8bbaa43000 r--p 00042000 00:1a 190                        /tmp/lwjglvlad/3.2.2-build-10/libglfw.so
7f8bbaa43000-7f8bbaa45000 rw-p 00043000 00:1a 190                        /tmp/lwjglvlad/3.2.2-build-10/libglfw.so
7f8bbaa45000-7f8bbaa66000 rw-p 00000000 00:00 0 
7f8bbaa67000-7f8bbaa69000 r--p 00000000 08:03 9313412                    /usr/lib/libxcb-dri3.so.0.1.0
7f8bbaa69000-7f8bbaa6b000 r-xp 00002000 08:03 9313412                    /usr/lib/libxcb-dri3.so.0.1.0
7f8bbaa6b000-7f8bbaa6c000 r--p 00004000 08:03 9313412                    /usr/lib/libxcb-dri3.so.0.1.0
7f8bbaa6c000-7f8bbaa6d000 r--p 00004000 08:03 9313412                    /usr/lib/libxcb-dri3.so.0.1.0
7f8bbaa6d000-7f8bbaa6e000 rw-p 00005000 08:03 9313412                    /usr/lib/libxcb-dri3.so.0.1.0
7f8bbaa6e000-7f8bbaa6f000 r--p 00000000 08:03 9330273                    /usr/lib/libxshmfence.so.1.0.0
7f8bbaa6f000-7f8bbaa70000 r-xp 00001000 08:03 9330273                    /usr/lib/libxshmfence.so.1.0.0
7f8bbaa70000-7f8bbaa71000 r--p 00002000 08:03 9330273                    /usr/lib/libxshmfence.so.1.0.0
7f8bbaa71000-7f8bbaa72000 r--p 00002000 08:03 9330273                    /usr/lib/libxshmfence.so.1.0.0
7f8bbaa72000-7f8bbaa73000 rw-p 00003000 08:03 9330273                    /usr/lib/libxshmfence.so.1.0.0
7f8bbaa73000-7f8bbaa7f000 r--p 00000000 08:03 9313415                    /usr/lib/libxcb-glx.so.0.0.0
7f8bbaa7f000-7f8bbaa88000 r-xp 0000c000 08:03 9313415                    /usr/lib/libxcb-glx.so.0.0.0
7f8bbaa88000-7f8bbaa8d000 r--p 00015000 08:03 9313415                    /usr/lib/libxcb-glx.so.0.0.0
7f8bbaa8d000-7f8bbaa8f000 r--p 0001a000 08:03 9313415                    /usr/lib/libxcb-glx.so.0.0.0
7f8bbaa8f000-7f8bbaa90000 rw-p 0001c000 08:03 9313415                    /usr/lib/libxcb-glx.so.0.0.0
7f8bbaa90000-7f8bbaa93000 r--p 00000000 08:03 9319536                    /usr/lib/libGLX.so.0.0.0
7f8bbaa93000-7f8bbaaad000 r-xp 00003000 08:03 9319536                    /usr/lib/libGLX.so.0.0.0
7f8bbaaad000-7f8bbaab0000 r--p 0001d000 08:03 9319536                    /usr/lib/libGLX.so.0.0.0
7f8bbaab0000-7f8bbaab1000 r--p 00020000 08:03 9319536                    /usr/lib/libGLX.so.0.0.0
7f8bbaab1000-7f8bbaab2000 rw-p 00021000 08:03 9319536                    /usr/lib/libGLX.so.0.0.0
7f8bbaab2000-7f8bbaac2000 rw-p 00000000 00:00 0 
7f8bbaac2000-7f8bbab03000 r--p 00000000 08:03 9319631                    /usr/lib/libGLdispatch.so.0.0.0
7f8bbab03000-7f8bbab42000 r-xp 00041000 08:03 9319631                    /usr/lib/libGLdispatch.so.0.0.0
7f8bbab42000-7f8bbab55000 r--p 00080000 08:03 9319631                    /usr/lib/libGLdispatch.so.0.0.0
7f8bbab55000-7f8bbab71000 r--p 00093000 08:03 9319631                    /usr/lib/libGLdispatch.so.0.0.0
7f8bbab71000-7f8bbab72000 rw-p 000af000 08:03 9319631                    /usr/lib/libGLdispatch.so.0.0.0
7f8bbab72000-7f8bbab7a000 rw-p 00000000 00:00 0 
7f8bbab7a000-7f8bbabbc000 r--p 00000000 08:03 9319527                    /usr/lib/libGL.so.1.7.0
7f8bbabbc000-7f8bbabdb000 r-xp 00042000 08:03 9319527                    /usr/lib/libGL.so.1.7.0
7f8bbabdb000-7f8bbabf0000 r--p 00061000 08:03 9319527                    /usr/lib/libGL.so.1.7.0
7f8bbabf0000-7f8bbabfe000 r--p 00075000 08:03 9319527                    /usr/lib/libGL.so.1.7.0
7f8bbabfe000-7f8bbabff000 rw-p 00083000 08:03 9319527                    /usr/lib/libGL.so.1.7.0
7f8bbabff000-7f8bbac00000 rw-p 00000000 00:00 0 
7f8bbac00000-7f8bbac83000 r-xp 00000000 00:1a 189                        /tmp/lwjglvlad/3.2.2-build-10/liblwjgl.so
7f8bbac83000-7f8bbae83000 ---p 00083000 00:1a 189                        /tmp/lwjglvlad/3.2.2-build-10/liblwjgl.so
7f8bbae83000-7f8bbae84000 r--p 00083000 00:1a 189                        /tmp/lwjglvlad/3.2.2-build-10/liblwjgl.so
7f8bbae84000-7f8bbae86000 rw-p 00084000 00:1a 189                        /tmp/lwjglvlad/3.2.2-build-10/liblwjgl.so
7f8bbae86000-7f8bbae87000 rw-p 00000000 00:00 0 
7f8bbae88000-7f8bbae89000 r--p 00000000 08:03 9313439                    /usr/lib/libxcb-shm.so.0.0.0
7f8bbae89000-7f8bbae8a000 r-xp 00001000 08:03 9313439                    /usr/lib/libxcb-shm.so.0.0.0
7f8bbae8a000-7f8bbae8b000 r--p 00002000 08:03 9313439                    /usr/lib/libxcb-shm.so.0.0.0
7f8bbae8b000-7f8bbae8c000 r--p 00002000 08:03 9313439                    /usr/lib/libxcb-shm.so.0.0.0
7f8bbae8c000-7f8bbae8d000 rw-p 00003000 08:03 9313439                    /usr/lib/libxcb-shm.so.0.0.0
7f8bbae8d000-7f8bbae8f000 r--p 00000000 08:03 9313409                    /usr/lib/libxcb-dri2.so.0.0.0
7f8bbae8f000-7f8bbae91000 r-xp 00002000 08:03 9313409                    /usr/lib/libxcb-dri2.so.0.0.0
7f8bbae91000-7f8bbae92000 r--p 00004000 08:03 9313409                    /usr/lib/libxcb-dri2.so.0.0.0
7f8bbae92000-7f8bbae93000 r--p 00004000 08:03 9313409                    /usr/lib/libxcb-dri2.so.0.0.0
7f8bbae93000-7f8bbae94000 rw-p 00005000 08:03 9313409                    /usr/lib/libxcb-dri2.so.0.0.0
7f8bbae94000-7f8bbae99000 r--p 00000000 08:03 9316566                    /usr/lib/libdrm.so.2.4.0
7f8bbae99000-7f8bbaea5000 r-xp 00005000 08:03 9316566                    /usr/lib/libdrm.so.2.4.0
7f8bbaea5000-7f8bbaea9000 r--p 00011000 08:03 9316566                    /usr/lib/libdrm.so.2.4.0
7f8bbaea9000-7f8bbaeaa000 r--p 00015000 08:03 9316566                    /usr/lib/libdrm.so.2.4.0
7f8bbaeaa000-7f8bbaeab000 rw-p 00016000 08:03 9316566                    /usr/lib/libdrm.so.2.4.0
7f8bbaeab000-7f8bbaeac000 r--p 00000000 08:03 9313497                    /usr/lib/libX11-xcb.so.1.0.0
7f8bbaeac000-7f8bbaead000 r-xp 00001000 08:03 9313497                    /usr/lib/libX11-xcb.so.1.0.0
7f8bbaead000-7f8bbaeae000 r--p 00002000 08:03 9313497                    /usr/lib/libX11-xcb.so.1.0.0
7f8bbaeae000-7f8bbaeaf000 r--p 00002000 08:03 9313497                    /usr/lib/libX11-xcb.so.1.0.0
7f8bbaeaf000-7f8bbaeb0000 rw-p 00003000 08:03 9313497                    /usr/lib/libX11-xcb.so.1.0.0
7f8bbaeb0000-7f8bbaeb1000 r--p 00000000 08:03 9329367                    /usr/lib/libXinerama.so.1.0.0
7f8bbaeb1000-7f8bbaeb2000 r-xp 00001000 08:03 9329367                    /usr/lib/libXinerama.so.1.0.0
7f8bbaeb2000-7f8bbaeb3000 r--p 00002000 08:03 9329367                    /usr/lib/libXinerama.so.1.0.0
7f8bbaeb3000-7f8bbaeb4000 r--p 00002000 08:03 9329367                    /usr/lib/libXinerama.so.1.0.0
7f8bbaeb4000-7f8bbaeb5000 rw-p 00003000 08:03 9329367                    /usr/lib/libXinerama.so.1.0.0
7f8bbaeb5000-7f8bbaeb7000 r--p 00000000 08:03 9329363                    /usr/lib/libXfixes.so.3.1.0
7f8bbaeb7000-7f8bbaeba000 r-xp 00002000 08:03 9329363                    /usr/lib/libXfixes.so.3.1.0
7f8bbaeba000-7f8bbaebb000 r--p 00005000 08:03 9329363                    /usr/lib/libXfixes.so.3.1.0
7f8bbaebb000-7f8bbaebc000 r--p 00006000 08:03 9329363                    /usr/lib/libXfixes.so.3.1.0
7f8bbaebc000-7f8bbaebd000 rw-p 00007000 08:03 9329363                    /usr/lib/libXfixes.so.3.1.0
7f8bbaebd000-7f8bbaed9000 r--p 00000000 08:03 9313500                    /usr/lib/libX11.so.6.4.0
7f8bbaed9000-7f8bbaf64000 r-xp 0001c000 08:03 9313500                    /usr/lib/libX11.so.6.4.0
7f8bbaf64000-7f8bbaff9000 r--p 000a7000 08:03 9313500                    /usr/lib/libX11.so.6.4.0
7f8bbaff9000-7f8bbaffc000 r--p 0013b000 08:03 9313500                    /usr/lib/libX11.so.6.4.0
7f8bbaffc000-7f8bbb000000 rw-p 0013e000 08:03 9313500                    /usr/lib/libX11.so.6.4.0
7f8bbb000000-7f8bbbca8000 rw-p 00001000 08:03 10111197                   /usr/lib/jvm/java-21-openjdk/lib/server/classes.jsa
7f8bbbca8000-7f8bbc000000 ---p 00000000 00:00 0 
7f8bbc000000-7f8bbc030000 rw-p 00000000 00:00 0 
7f8bbc030000-7f8bbc040000 ---p 00000000 00:00 0 
7f8bbc040000-7f8bbc060000 rw-p 00000000 00:00 0 
7f8bbc060000-7f8bfc000000 ---p 00000000 00:00 0 
7f8bfc000000-7f8bfc021000 rw-p 00000000 00:00 0 
7f8bfc021000-7f8c00000000 ---p 00000000 00:00 0 
7f8c00000000-7f8c00021000 rw-p 00000000 00:00 0 
7f8c00021000-7f8c04000000 ---p 00000000 00:00 0 
7f8c04000000-7f8c04021000 rw-p 00000000 00:00 0 
7f8c04021000-7f8c08000000 ---p 00000000 00:00 0 
7f8c08000000-7f8c08021000 rw-p 00000000 00:00 0 
7f8c08021000-7f8c0c000000 ---p 00000000 00:00 0 
7f8c0c000000-7f8c0c021000 rw-p 00000000 00:00 0 
7f8c0c021000-7f8c10000000 ---p 00000000 00:00 0 
7f8c10002000-7f8c10005000 r--p 00000000 08:03 9329359                    /usr/lib/libXcursor.so.1.0.2
7f8c10005000-7f8c1000a000 r-xp 00003000 08:03 9329359                    /usr/lib/libXcursor.so.1.0.2
7f8c1000a000-7f8c1000c000 r--p 00008000 08:03 9329359                    /usr/lib/libXcursor.so.1.0.2
7f8c1000c000-7f8c1000d000 r--p 00009000 08:03 9329359                    /usr/lib/libXcursor.so.1.0.2
7f8c1000d000-7f8c1000e000 rw-p 0000a000 08:03 9329359                    /usr/lib/libXcursor.so.1.0.2
7f8c1000e000-7f8c10010000 r--p 00000000 08:03 9329372                    /usr/lib/libXrender.so.1.3.0
7f8c10010000-7f8c10017000 r-xp 00002000 08:03 9329372                    /usr/lib/libXrender.so.1.3.0
7f8c10017000-7f8c10019000 r--p 00009000 08:03 9329372                    /usr/lib/libXrender.so.1.3.0
7f8c10019000-7f8c1001a000 r--p 0000a000 08:03 9329372                    /usr/lib/libXrender.so.1.3.0
7f8c1001a000-7f8c1001b000 rw-p 0000b000 08:03 9329372                    /usr/lib/libXrender.so.1.3.0
7f8c1001b000-7f8c1001e000 r--p 00000000 08:03 9329366                    /usr/lib/libXi.so.6.1.0
7f8c1001e000-7f8c1002a000 r-xp 00003000 08:03 9329366                    /usr/lib/libXi.so.6.1.0
7f8c1002a000-7f8c1002d000 r--p 0000f000 08:03 9329366                    /usr/lib/libXi.so.6.1.0
7f8c1002d000-7f8c1002e000 r--p 00011000 08:03 9329366                    /usr/lib/libXi.so.6.1.0
7f8c1002e000-7f8c1002f000 rw-p 00012000 08:03 9329366                    /usr/lib/libXi.so.6.1.0
7f8c1002f000-7f8c10033000 ---p 00000000 00:00 0 
7f8c10033000-7f8c1012f000 rw-p 00000000 00:00 0 
7f8c1012f000-7f8c10133000 ---p 00000000 00:00 0 
7f8c10133000-7f8c1022f000 rw-p 00000000 00:00 0 
7f8c1022f000-7f8c10233000 ---p 00000000 00:00 0 
7f8c10233000-7f8c1032f000 rw-p 00000000 00:00 0 
7f8c1032f000-7f8c10333000 ---p 00000000 00:00 0 
7f8c10333000-7f8c1042f000 rw-p 00000000 00:00 0 
7f8c1042f000-7f8c10433000 ---p 00000000 00:00 0 
7f8c10433000-7f8c1052f000 rw-p 00000000 00:00 0 
7f8c1052f000-7f8c10534000 r--p 00000000 08:03 10111174                   /usr/lib/jvm/java-21-openjdk/lib/libjsvml.so
7f8c10534000-7f8c10575000 r-xp 00005000 08:03 10111174                   /usr/lib/jvm/java-21-openjdk/lib/libjsvml.so
7f8c10575000-7f8c105fe000 r--p 00046000 08:03 10111174                   /usr/lib/jvm/java-21-openjdk/lib/libjsvml.so
7f8c105fe000-7f8c105ff000 r--p 000ce000 08:03 10111174                   /usr/lib/jvm/java-21-openjdk/lib/libjsvml.so
7f8c105ff000-7f8c10600000 rw-p 000cf000 08:03 10111174                   /usr/lib/jvm/java-21-openjdk/lib/libjsvml.so
7f8c10600000-7f8c10604000 ---p 00000000 00:00 0 
7f8c10604000-7f8c10700000 rw-p 00000000 00:00 0 
7f8c10700000-7f8c10704000 ---p 00000000 00:00 0 
7f8c10704000-7f8c10800000 rw-p 00000000 00:00 0 
7f8c10800000-7f8c10804000 ---p 00000000 00:00 0 
7f8c10804000-7f8c10900000 rw-p 00000000 00:00 0 
7f8c10900000-7f8c10904000 ---p 00000000 00:00 0 
7f8c10904000-7f8c10a00000 rw-p 00000000 00:00 0 
7f8c10a00000-7f8c10a04000 ---p 00000000 00:00 0 
7f8c10a04000-7f8c10b00000 rw-p 00000000 00:00 0 
7f8c10b00000-7f8c10b04000 ---p 00000000 00:00 0 
7f8c10b04000-7f8c10c00000 rw-p 00000000 00:00 0 
7f8c10c00000-7f8c10eeb000 r--p 00000000 08:03 9310393                    /usr/lib/locale/locale-archive
7f8c10eec000-7f8c10eee000 r--p 00000000 08:03 9326346                    /usr/lib/libXrandr.so.2.2.0
7f8c10eee000-7f8c10ef5000 r-xp 00002000 08:03 9326346                    /usr/lib/libXrandr.so.2.2.0
7f8c10ef5000-7f8c10ef7000 r--p 00009000 08:03 9326346                    /usr/lib/libXrandr.so.2.2.0
7f8c10ef7000-7f8c10ef8000 r--p 0000a000 08:03 9326346                    /usr/lib/libXrandr.so.2.2.0
7f8c10ef8000-7f8c10ef9000 rw-p 0000b000 08:03 9326346                    /usr/lib/libXrandr.so.2.2.0
7f8c10ef9000-7f8c10efd000 r--p 00000000 08:03 9329362                    /usr/lib/libXext.so.6.4.0
7f8c10efd000-7f8c10f08000 r-xp 00004000 08:03 9329362                    /usr/lib/libXext.so.6.4.0
7f8c10f08000-7f8c10f0c000 r--p 0000f000 08:03 9329362                    /usr/lib/libXext.so.6.4.0
7f8c10f0c000-7f8c10f0d000 r--p 00012000 08:03 9329362                    /usr/lib/libXext.so.6.4.0
7f8c10f0d000-7f8c10f0e000 rw-p 00013000 08:03 9329362                    /usr/lib/libXext.so.6.4.0
7f8c10f0e000-7f8c10f0f000 r--p 00000000 08:03 9329379                    /usr/lib/libXxf86vm.so.1.0.0
7f8c10f0f000-7f8c10f12000 r-xp 00001000 08:03 9329379                    /usr/lib/libXxf86vm.so.1.0.0
7f8c10f12000-7f8c10f13000 r--p 00004000 08:03 9329379                    /usr/lib/libXxf86vm.so.1.0.0
7f8c10f13000-7f8c10f14000 r--p 00004000 08:03 9329379                    /usr/lib/libXxf86vm.so.1.0.0
7f8c10f14000-7f8c10f15000 rw-p 00005000 08:03 9329379                    /usr/lib/libXxf86vm.so.1.0.0
7f8c10f15000-7f8c10f21000 r--p 00000000 08:03 9313469                    /usr/lib/libxcb.so.1.1.0
7f8c10f21000-7f8c10f35000 r-xp 0000c000 08:03 9313469                    /usr/lib/libxcb.so.1.1.0
7f8c10f35000-7f8c10f3e000 r--p 00020000 08:03 9313469                    /usr/lib/libxcb.so.1.1.0
7f8c10f3e000-7f8c10f3f000 r--p 00028000 08:03 9313469                    /usr/lib/libxcb.so.1.1.0
7f8c10f3f000-7f8c10f40000 rw-p 00029000 08:03 9313469                    /usr/lib/libxcb.so.1.1.0
7f8c10f40000-7f8c10f44000 ---p 00000000 00:00 0 
7f8c10f44000-7f8c11040000 rw-p 00000000 00:00 0 
7f8c11040000-7f8c11041000 ---p 00000000 00:00 0 
7f8c11041000-7f8c11141000 rw-p 00000000 00:00 0 
7f8c11141000-7f8c11142000 ---p 00000000 00:00 0 
7f8c11142000-7f8c1131e000 rw-p 00000000 00:00 0 
7f8c1131e000-7f8c1131f000 ---p 00000000 00:00 0 
7f8c1131f000-7f8c1141f000 rw-p 00000000 00:00 0 
7f8c1141f000-7f8c11420000 ---p 00000000 00:00 0 
7f8c11420000-7f8c13610000 rw-p 00000000 00:00 0 
7f8c13610000-7f8c143f8000 ---p 00000000 00:00 0 
7f8c143f8000-7f8c14400000 rw-p 00000000 00:00 0 
7f8c14400000-7f8c14670000 rwxp 00000000 00:00 0 
7f8c14670000-7f8c1b938000 ---p 00000000 00:00 0 
7f8c1b938000-7f8c1bba8000 rwxp 00000000 00:00 0 
7f8c1bba8000-7f8c1bec7000 ---p 00000000 00:00 0 
7f8c1bec7000-7f8c1c137000 rwxp 00000000 00:00 0 
7f8c1c137000-7f8c23400000 ---p 00000000 00:00 0 
7f8c23400000-7f8c2bedb000 r--s 00000000 08:03 10111188                   /usr/lib/jvm/java-21-openjdk/lib/modules
7f8c2bee7000-7f8c2beeb000 rw-s 100d80000 00:0f 11078                     anon_inode:i915.gem
7f8c2beeb000-7f8c2bef1000 rw-s 101bad000 00:0f 11078                     anon_inode:i915.gem
7f8c2bef1000-7f8c2bef5000 rw-s 100d52000 00:0f 11078                     anon_inode:i915.gem
7f8c2bef5000-7f8c2befb000 rw-s 1036a4000 00:0f 11078                     anon_inode:i915.gem
7f8c2befb000-7f8c2beff000 rw-s 104029000 00:0f 11078                     anon_inode:i915.gem
7f8c2beff000-7f8c2c5f7000 rw-p 00000000 00:00 0 
7f8c2c5f7000-7f8c30000000 ---p 00000000 00:00 0 
7f8c30001000-7f8c30003000 r--p 00000000 08:03 9329361                    /usr/lib/libXdmcp.so.6.0.0
7f8c30003000-7f8c30005000 r-xp 00002000 08:03 9329361                    /usr/lib/libXdmcp.so.6.0.0
7f8c30005000-7f8c30007000 r--p 00004000 08:03 9329361                    /usr/lib/libXdmcp.so.6.0.0
7f8c30007000-7f8c30008000 r--p 00005000 08:03 9329361                    /usr/lib/libXdmcp.so.6.0.0
7f8c30008000-7f8c30009000 rw-p 00006000 08:03 9329361                    /usr/lib/libXdmcp.so.6.0.0
7f8c30009000-7f8c3000a000 r--p 00000000 08:03 9329357                    /usr/lib/libXau.so.6.0.0
7f8c3000a000-7f8c3000b000 r-xp 00001000 08:03 9329357                    /usr/lib/libXau.so.6.0.0
7f8c3000b000-7f8c3000c000 r--p 00002000 08:03 9329357                    /usr/lib/libXau.so.6.0.0
7f8c3000c000-7f8c3000d000 r--p 00002000 08:03 9329357                    /usr/lib/libXau.so.6.0.0
7f8c3000d000-7f8c3000e000 rw-p 00003000 08:03 9329357                    /usr/lib/libXau.so.6.0.0
7f8c3000e000-7f8c3000f000 r--p 00000000 08:03 9310387                    /usr/lib/librt.so.1
7f8c3000f000-7f8c30010000 r-xp 00001000 08:03 9310387                    /usr/lib/librt.so.1
7f8c30010000-7f8c30011000 r--p 00002000 08:03 9310387                    /usr/lib/librt.so.1
7f8c30011000-7f8c30012000 r--p 00002000 08:03 9310387                    /usr/lib/librt.so.1
7f8c30012000-7f8c30013000 rw-p 00003000 08:03 9310387                    /usr/lib/librt.so.1
7f8c30013000-7f8c30014000 r--p 00000000 08:03 9310382                    /usr/lib/libpthread.so.0
7f8c30014000-7f8c30015000 r-xp 00001000 08:03 9310382                    /usr/lib/libpthread.so.0
7f8c30015000-7f8c30016000 r--p 00002000 08:03 9310382                    /usr/lib/libpthread.so.0
7f8c30016000-7f8c30017000 r--p 00002000 08:03 9310382                    /usr/lib/libpthread.so.0
7f8c30017000-7f8c30018000 rw-p 00003000 08:03 9310382                    /usr/lib/libpthread.so.0
7f8c30018000-7f8c30019000 r--p 00000000 08:03 9310360                    /usr/lib/libdl.so.2
7f8c30019000-7f8c3001a000 r-xp 00001000 08:03 9310360                    /usr/lib/libdl.so.2
7f8c3001a000-7f8c3001b000 r--p 00002000 08:03 9310360                    /usr/lib/libdl.so.2
7f8c3001b000-7f8c3001c000 r--p 00002000 08:03 9310360                    /usr/lib/libdl.so.2
7f8c3001c000-7f8c3001d000 rw-p 00003000 08:03 9310360                    /usr/lib/libdl.so.2
7f8c3001d000-7f8c30020000 r--p 00000000 08:03 10111180                   /usr/lib/jvm/java-21-openjdk/lib/libnet.so
7f8c30020000-7f8c30027000 r-xp 00003000 08:03 10111180                   /usr/lib/jvm/java-21-openjdk/lib/libnet.so
7f8c30027000-7f8c30029000 r--p 0000a000 08:03 10111180                   /usr/lib/jvm/java-21-openjdk/lib/libnet.so
7f8c30029000-7f8c3002a000 r--p 0000b000 08:03 10111180                   /usr/lib/jvm/java-21-openjdk/lib/libnet.so
7f8c3002a000-7f8c3002b000 rw-p 0000c000 08:03 10111180                   /usr/lib/jvm/java-21-openjdk/lib/libnet.so
7f8c3002b000-7f8c3016d000 rw-p 00000000 00:00 0 
7f8c3016d000-7f8c3016e000 ---p 00000000 00:00 0 
7f8c3016e000-7f8c3026e000 rw-p 00000000 00:00 0 
7f8c3026e000-7f8c3026f000 ---p 00000000 00:00 0 
7f8c3026f000-7f8c3036f000 rw-p 00000000 00:00 0 
7f8c3036f000-7f8c30370000 ---p 00000000 00:00 0 
7f8c30370000-7f8c3048e000 rw-p 00000000 00:00 0 
7f8c3048e000-7f8c3064b000 ---p 00000000 00:00 0 
7f8c3064b000-7f8c3066a000 rw-p 00000000 00:00 0 
7f8c3066a000-7f8c30827000 ---p 00000000 00:00 0 
7f8c30827000-7f8c30a2f000 rw-p 00000000 00:00 0 
7f8c30a2f000-7f8c30b15000 ---p 00000000 00:00 0 
7f8c30b15000-7f8c30b1a000 rw-p 00000000 00:00 0 
7f8c30b1a000-7f8c30c00000 ---p 00000000 00:00 0 
7f8c30c00000-7f8c30c9c000 r--p 00000000 08:03 9330108                    /usr/lib/libstdc++.so.6.0.32
7f8c30c9c000-7f8c30dd3000 r-xp 0009c000 08:03 9330108                    /usr/lib/libstdc++.so.6.0.32
7f8c30dd3000-7f8c30e69000 r--p 001d3000 08:03 9330108                    /usr/lib/libstdc++.so.6.0.32
7f8c30e69000-7f8c30e76000 r--p 00269000 08:03 9330108                    /usr/lib/libstdc++.so.6.0.32
7f8c30e76000-7f8c30e77000 rw-p 00276000 08:03 9330108                    /usr/lib/libstdc++.so.6.0.32
7f8c30e77000-7f8c30e7b000 rw-p 00000000 00:00 0 
7f8c30e7b000-7f8c30e7c000 rw-s 00000000 00:01 17369                      /memfd:xshmfence (deleted)
7f8c30e7c000-7f8c30e7d000 rw-s 1023ab000 00:0f 11078                     anon_inode:i915.gem
7f8c30e7d000-7f8c30e7f000 r--p 00000000 08:03 10111187                   /usr/lib/jvm/java-21-openjdk/lib/libzip.so
7f8c30e7f000-7f8c30e83000 r-xp 00002000 08:03 10111187                   /usr/lib/jvm/java-21-openjdk/lib/libzip.so
7f8c30e83000-7f8c30e85000 r--p 00006000 08:03 10111187                   /usr/lib/jvm/java-21-openjdk/lib/libzip.so
7f8c30e85000-7f8c30e86000 r--p 00007000 08:03 10111187                   /usr/lib/jvm/java-21-openjdk/lib/libzip.so
7f8c30e86000-7f8c30e87000 rw-p 00008000 08:03 10111187                   /usr/lib/jvm/java-21-openjdk/lib/libzip.so
7f8c30e87000-7f8c30e8e000 r--p 00000000 08:03 10111181                   /usr/lib/jvm/java-21-openjdk/lib/libnio.so
7f8c30e8e000-7f8c30e96000 r-xp 00007000 08:03 10111181                   /usr/lib/jvm/java-21-openjdk/lib/libnio.so
7f8c30e96000-7f8c30e9a000 r--p 0000f000 08:03 10111181                   /usr/lib/jvm/java-21-openjdk/lib/libnio.so
7f8c30e9a000-7f8c30e9b000 r--p 00013000 08:03 10111181                   /usr/lib/jvm/java-21-openjdk/lib/libnio.so
7f8c30e9b000-7f8c30e9c000 rw-p 00014000 08:03 10111181                   /usr/lib/jvm/java-21-openjdk/lib/libnio.so
7f8c30e9c000-7f8c30ebc000 rw-p 00000000 00:00 0 
7f8c30ebc000-7f8c30ebf000 r--p 00000000 08:03 10111170                   /usr/lib/jvm/java-21-openjdk/lib/libjdwp.so
7f8c30ebf000-7f8c30eef000 r-xp 00003000 08:03 10111170                   /usr/lib/jvm/java-21-openjdk/lib/libjdwp.so
7f8c30eef000-7f8c30efd000 r--p 00033000 08:03 10111170                   /usr/lib/jvm/java-21-openjdk/lib/libjdwp.so
7f8c30efd000-7f8c30efe000 r--p 00041000 08:03 10111170                   /usr/lib/jvm/java-21-openjdk/lib/libjdwp.so
7f8c30efe000-7f8c30eff000 rw-p 00042000 08:03 10111170                   /usr/lib/jvm/java-21-openjdk/lib/libjdwp.so
7f8c30eff000-7f8c30f00000 rw-p 00000000 00:00 0 
7f8c30f00000-7f8c30f04000 ---p 00000000 00:00 0 
7f8c30f04000-7f8c31000000 rw-p 00000000 00:00 0 
7f8c31000000-7f8c31296000 r--p 00000000 08:03 10111200                   /usr/lib/jvm/java-21-openjdk/lib/server/libjvm.so
7f8c31296000-7f8c32125000 r-xp 00296000 08:03 10111200                   /usr/lib/jvm/java-21-openjdk/lib/server/libjvm.so
7f8c32125000-7f8c323f5000 r--p 01125000 08:03 10111200                   /usr/lib/jvm/java-21-openjdk/lib/server/libjvm.so
7f8c323f5000-7f8c324c4000 r--p 013f5000 08:03 10111200                   /usr/lib/jvm/java-21-openjdk/lib/server/libjvm.so
7f8c324c4000-7f8c324f4000 rw-p 014c4000 08:03 10111200                   /usr/lib/jvm/java-21-openjdk/lib/server/libjvm.so
7f8c324f4000-7f8c32559000 rw-p 00000000 00:00 0 
7f8c32559000-7f8c3255a000 rw-s 102399000 00:0f 11078                     anon_inode:i915.gem
7f8c3255a000-7f8c3255b000 rw-s 103a7b000 00:0f 11078                     anon_inode:i915.gem
7f8c3255b000-7f8c3255c000 r--p 00000000 08:03 10111160                   /usr/lib/jvm/java-21-openjdk/lib/libdt_socket.so
7f8c3255c000-7f8c3255f000 r-xp 00001000 08:03 10111160                   /usr/lib/jvm/java-21-openjdk/lib/libdt_socket.so
7f8c3255f000-7f8c32560000 r--p 00004000 08:03 10111160                   /usr/lib/jvm/java-21-openjdk/lib/libdt_socket.so
7f8c32560000-7f8c32561000 r--p 00005000 08:03 10111160                   /usr/lib/jvm/java-21-openjdk/lib/libdt_socket.so
7f8c32561000-7f8c32562000 rw-p 00006000 08:03 10111160                   /usr/lib/jvm/java-21-openjdk/lib/libdt_socket.so
7f8c32562000-7f8c3256f000 r--p 00000000 08:03 10111168                   /usr/lib/jvm/java-21-openjdk/lib/libjava.so
7f8c3256f000-7f8c3257c000 r-xp 0000d000 08:03 10111168                   /usr/lib/jvm/java-21-openjdk/lib/libjava.so
7f8c3257c000-7f8c32581000 r--p 0001a000 08:03 10111168                   /usr/lib/jvm/java-21-openjdk/lib/libjava.so
7f8c32581000-7f8c32582000 r--p 0001f000 08:03 10111168                   /usr/lib/jvm/java-21-openjdk/lib/libjava.so
7f8c32582000-7f8c32583000 rw-p 00020000 08:03 10111168                   /usr/lib/jvm/java-21-openjdk/lib/libjava.so
7f8c32583000-7f8c32584000 rw-p 00000000 00:00 0 
7f8c32584000-7f8c32588000 r--p 00000000 08:03 9329624                    /usr/lib/libgcc_s.so.1
7f8c32588000-7f8c325a3000 r-xp 00004000 08:03 9329624                    /usr/lib/libgcc_s.so.1
7f8c325a3000-7f8c325a7000 r--p 0001f000 08:03 9329624                    /usr/lib/libgcc_s.so.1
7f8c325a7000-7f8c325a8000 r--p 00022000 08:03 9329624                    /usr/lib/libgcc_s.so.1
7f8c325a8000-7f8c325a9000 rw-p 00023000 08:03 9329624                    /usr/lib/libgcc_s.so.1
7f8c325a9000-7f8c325b9000 r--p 00000000 08:03 9310365                    /usr/lib/libm.so.6
7f8c325b9000-7f8c32638000 r-xp 00010000 08:03 9310365                    /usr/lib/libm.so.6
7f8c32638000-7f8c32694000 r--p 0008f000 08:03 9310365                    /usr/lib/libm.so.6
7f8c32694000-7f8c32695000 r--p 000ea000 08:03 9310365                    /usr/lib/libm.so.6
7f8c32695000-7f8c32696000 rw-p 000eb000 08:03 9310365                    /usr/lib/libm.so.6
7f8c32696000-7f8c32699000 rw-p 00000000 00:00 0 
7f8c32699000-7f8c3269c000 r--p 00000000 08:03 9310805                    /usr/lib/libz.so.1.3
7f8c3269c000-7f8c326aa000 r-xp 00003000 08:03 9310805                    /usr/lib/libz.so.1.3
7f8c326aa000-7f8c326b1000 r--p 00011000 08:03 9310805                    /usr/lib/libz.so.1.3
7f8c326b1000-7f8c326b2000 r--p 00017000 08:03 9310805                    /usr/lib/libz.so.1.3
7f8c326b2000-7f8c326b3000 rw-p 00018000 08:03 9310805                    /usr/lib/libz.so.1.3
7f8c326b3000-7f8c326d9000 r--p 00000000 08:03 9310355                    /usr/lib/libc.so.6
7f8c326d9000-7f8c32833000 r-xp 00026000 08:03 9310355                    /usr/lib/libc.so.6
7f8c32833000-7f8c32887000 r--p 00180000 08:03 9310355                    /usr/lib/libc.so.6
7f8c32887000-7f8c3288b000 r--p 001d3000 08:03 9310355                    /usr/lib/libc.so.6
7f8c3288b000-7f8c3288d000 rw-p 001d7000 08:03 9310355                    /usr/lib/libc.so.6
7f8c3288d000-7f8c32895000 rw-p 00000000 00:00 0 
7f8c32895000-7f8c32896000 r-xp 00000000 00:00 0 
7f8c32896000-7f8c3289b000 rw-p 00000000 00:00 0 
7f8c3289b000-7f8c328a2000 ---p 00000000 00:00 0 
7f8c328a2000-7f8c328aa000 rw-s 00000000 00:1a 1247                       /tmp/hsperfdata_vlad/2394
7f8c328aa000-7f8c328ab000 ---p 00000000 00:00 0 
7f8c328ab000-7f8c328ac000 r--p 00000000 00:00 0 
7f8c328ac000-7f8c328ad000 ---p 00000000 00:00 0 
7f8c328ad000-7f8c328af000 r--p 00000000 08:03 10111171                   /usr/lib/jvm/java-21-openjdk/lib/libjimage.so
7f8c328af000-7f8c328b2000 r-xp 00002000 08:03 10111171                   /usr/lib/jvm/java-21-openjdk/lib/libjimage.so
7f8c328b2000-7f8c328b3000 r--p 00005000 08:03 10111171                   /usr/lib/jvm/java-21-openjdk/lib/libjimage.so
7f8c328b3000-7f8c328b4000 r--p 00006000 08:03 10111171                   /usr/lib/jvm/java-21-openjdk/lib/libjimage.so
7f8c328b4000-7f8c328b5000 rw-p 00007000 08:03 10111171                   /usr/lib/jvm/java-21-openjdk/lib/libjimage.so
7f8c328b5000-7f8c328b7000 r--p 00000000 08:03 10111172                   /usr/lib/jvm/java-21-openjdk/lib/libjli.so
7f8c328b7000-7f8c328c1000 r-xp 00002000 08:03 10111172                   /usr/lib/jvm/java-21-openjdk/lib/libjli.so
7f8c328c1000-7f8c328c4000 r--p 0000c000 08:03 10111172                   /usr/lib/jvm/java-21-openjdk/lib/libjli.so
7f8c328c4000-7f8c328c5000 r--p 0000f000 08:03 10111172                   /usr/lib/jvm/java-21-openjdk/lib/libjli.so
7f8c328c5000-7f8c328c6000 rw-p 00010000 08:03 10111172                   /usr/lib/jvm/java-21-openjdk/lib/libjli.so
7f8c328c6000-7f8c328c8000 rw-p 00000000 00:00 0 
7f8c328c8000-7f8c328c9000 r--p 00000000 08:03 9310346                    /usr/lib/ld-linux-x86-64.so.2
7f8c328c9000-7f8c328ef000 r-xp 00001000 08:03 9310346                    /usr/lib/ld-linux-x86-64.so.2
7f8c328ef000-7f8c328f9000 r--p 00027000 08:03 9310346                    /usr/lib/ld-linux-x86-64.so.2
7f8c328f9000-7f8c328fb000 r--p 00031000 08:03 9310346                    /usr/lib/ld-linux-x86-64.so.2
7f8c328fb000-7f8c328fd000 rw-p 00033000 08:03 9310346                    /usr/lib/ld-linux-x86-64.so.2
7fffd2751000-7fffd2772000 rw-p 00000000 00:00 0                          [stack]
7fffd27ed000-7fffd27f1000 r--p 00000000 00:00 0                          [vvar]
7fffd27f1000-7fffd27f3000 r-xp 00000000 00:00 0                          [vdso]
ffffffffff600000-ffffffffff601000 --xp 00000000 00:00 0                  [vsyscall]
Total number of mappings: 492


VM Arguments:
jvm_args: -agentlib:jdwp=transport=dt_socket,server=n,suspend=y,address=localhost:32859 -XX:+ShowCodeDetailsInExceptionMessages 
java_command: org.asmodeus.Main
java_class_path (initial): /home/vlad//Freddy's Engine/Freddy-s-Engine/freddy-s-engine/target/classes:/home/vlad/.m2/repository/org/lwjgl/lwjgl/3.2.2/lwjgl-3.2.2-natives-linux.jar:/home/vlad/.m2/repository/org/lwjgl/lwjgl-opengl/3.2.2/lwjgl-opengl-3.2.2.jar:/home/vlad/.m2/repository/org/lwjgl/lwjgl/3.2.2/lwjgl-3.2.2.jar:/home/vlad/.m2/repository/org/lwjgl/lwjgl-opengl/3.2.2/lwjgl-opengl-3.2.2-natives-linux.jar:/home/vlad/.m2/repository/org/lwjgl/lwjgl-glfw/3.2.2/lwjgl-glfw-3.2.2.jar:/home/vlad/.m2/repository/org/lwjgl/lwjgl-glfw/3.2.2/lwjgl-glfw-3.2.2-natives-linux.jar
Launcher Type: SUN_STANDARD

[Global flags]
     intx CICompilerCount                          = 2                                         {product} {ergonomic}
     uint ConcGCThreads                            = 1                                         {product} {ergonomic}
     uint G1ConcRefinementThreads                  = 2                                         {product} {ergonomic}
   size_t G1HeapRegionSize                         = 1048576                                   {product} {ergonomic}
    uintx GCDrainStackTargetSize                   = 64                                        {product} {ergonomic}
   size_t InitialHeapSize                          = 62914560                                  {product} {ergonomic}
   size_t MarkStackSize                            = 4194304                                   {product} {ergonomic}
   size_t MaxHeapSize                              = 998244352                                 {product} {ergonomic}
   size_t MaxNewSize                               = 598736896                                 {product} {ergonomic}
   size_t MinHeapDeltaBytes                        = 1048576                                   {product} {ergonomic}
   size_t MinHeapSize                              = 8388608                                   {product} {ergonomic}
    uintx NonNMethodCodeHeapSize                   = 5826188                                {pd product} {ergonomic}
    uintx NonProfiledCodeHeapSize                  = 122916026                              {pd product} {ergonomic}
    uintx ProfiledCodeHeapSize                     = 122916026                              {pd product} {ergonomic}
    uintx ReservedCodeCacheSize                    = 251658240                              {pd product} {ergonomic}
     bool SegmentedCodeCache                       = true                                      {product} {ergonomic}
     bool ShowCodeDetailsInExceptionMessages       = true                                   {manageable} {command line}
   size_t SoftMaxHeapSize                          = 998244352                              {manageable} {ergonomic}
     bool UseCompressedOops                        = true                           {product lp64_product} {ergonomic}
     bool UseG1GC                                  = true                                      {product} {ergonomic}

Logging:
Log output configuration:
 #0: stdout all=warning uptime,level,tags foldmultilines=false
 #1: stderr all=off uptime,level,tags foldmultilines=false

Environment Variables:
PATH=/usr/local/bin:/usr/bin:/bin:/usr/local/sbin:/var/lib/flatpak/exports/bin:/usr/lib/jvm/default/bin:/usr/bin/site_perl:/usr/bin/vendor_perl:/usr/bin/core_perl
SHELL=/bin/bash
DISPLAY=:0
LANG=ru_RU.UTF-8
LC_NUMERIC=ru_RU.UTF-8
LC_TIME=ru_RU.UTF-8
TERM=xterm-256color

Active Locale:
LC_ALL=ru_RU.UTF-8
LC_COLLATE=ru_RU.UTF-8
LC_CTYPE=ru_RU.UTF-8
LC_MESSAGES=ru_RU.UTF-8
LC_MONETARY=ru_RU.UTF-8
LC_NUMERIC=ru_RU.UTF-8
LC_TIME=ru_RU.UTF-8

Signal Handlers:
   SIGSEGV: 0x00007f8c32022540 in libjvm.so+16917824, mask=11100100010111111101111111111110, flags=SA_RESTART|SA_SIGINFO, unblocked
    SIGBUS: 0x00007f8c32022540 in libjvm.so+16917824, mask=11100100010111111101111111111110, flags=SA_RESTART|SA_SIGINFO, unblocked
    SIGFPE: 0x00007f8c32022540 in libjvm.so+16917824, mask=11100100010111111101111111111110, flags=SA_RESTART|SA_SIGINFO, unblocked
   SIGPIPE: 0x00007f8c31e83e40 in libjvm.so+15220288, mask=11100100010111111101111111111110, flags=SA_RESTART|SA_SIGINFO, blocked
   SIGXFSZ: 0x00007f8c31e83e40 in libjvm.so+15220288, mask=11100100010111111101111111111110, flags=SA_RESTART|SA_SIGINFO, blocked
    SIGILL: 0x00007f8c32022540 in libjvm.so+16917824, mask=11100100010111111101111111111110, flags=SA_RESTART|SA_SIGINFO, unblocked
   SIGUSR2: 0x00007f8c31e85690 in libjvm.so+15226512, mask=00000000000000000000000000000000, flags=SA_RESTART|SA_SIGINFO, blocked
    SIGHUP: 0x00007f8c31e832e0 in libjvm.so+15217376, mask=11100100010111111101111111111110, flags=SA_RESTART|SA_SIGINFO, blocked
    SIGINT: 0x00007f8c31e832e0 in libjvm.so+15217376, mask=11100100010111111101111111111110, flags=SA_RESTART|SA_SIGINFO, blocked
   SIGTERM: 0x00007f8c31e832e0 in libjvm.so+15217376, mask=11100100010111111101111111111110, flags=SA_RESTART|SA_SIGINFO, blocked
   SIGQUIT: 0x00007f8c31e832e0 in libjvm.so+15217376, mask=11100100010111111101111111111110, flags=SA_RESTART|SA_SIGINFO, blocked
   SIGTRAP: 0x00007f8c32022540 in libjvm.so+16917824, mask=11100100010111111101111111111110, flags=SA_RESTART|SA_SIGINFO, unblocked


---------------  S Y S T E M  ---------------

OS:
DISTRIB_ID="Artix"
DISTRIB_RELEASE="rolling"
DISTRIB_DESCRIPTION="Artix Linux"
DISTRIB_CODENAME=mate-dinit-20230814
uname: Linux 6.5.7-artix1-1 #1 SMP PREEMPT_DYNAMIC Sun, 15 Oct 2023 22:13:26 +0000 x86_64
OS uptime: 0 days 1:39 hours
libc: glibc 2.38 NPTL 2.38 
rlimit (soft/hard): STACK 8192k/infinity , CORE 0k/infinity , NPROC 15125/15125 , NOFILE 4096/4096 , AS infinity/infinity , CPU infinity/infinity , DATA infinity/infinity , FSIZE infinity/infinity , MEMLOCK 8192k/8192k
load average: 2,06 1,44 1,28

/proc/meminfo:
MemTotal:        3893100 kB
MemFree:          790540 kB
MemAvailable:    1748580 kB
Buffers:           78084 kB
Cached:          1267588 kB
SwapCached:            0 kB
Active:          1733140 kB
Inactive:         982992 kB
Active(anon):    1116612 kB
Inactive(anon):   440308 kB
Active(file):     616528 kB
Inactive(file):   542684 kB
Unevictable:      150760 kB
Mlocked:              32 kB
SwapTotal:             0 kB
SwapFree:              0 kB
Zswap:                 0 kB
Zswapped:              0 kB
Dirty:               208 kB
Writeback:             0 kB
AnonPages:       1505968 kB
Mapped:           567080 kB
Shmem:            186460 kB
KReclaimable:      43364 kB
Slab:             102492 kB
SReclaimable:      43364 kB
SUnreclaim:        59128 kB
KernelStack:        8464 kB
PageTables:        17224 kB
SecPageTables:         0 kB
NFS_Unstable:          0 kB
Bounce:                0 kB
WritebackTmp:          0 kB
CommitLimit:     1946548 kB
Committed_AS:    5134912 kB
VmallocTotal:   34359738367 kB
VmallocUsed:       32096 kB
VmallocChunk:          0 kB
Percpu:             1168 kB
HardwareCorrupted:     0 kB
AnonHugePages:    727040 kB
ShmemHugePages:        0 kB
ShmemPmdMapped:        0 kB
FileHugePages:    176128 kB
FilePmdMapped:    106496 kB
CmaTotal:              0 kB
CmaFree:               0 kB
Unaccepted:            0 kB
HugePages_Total:       0
HugePages_Free:        0
HugePages_Rsvd:        0
HugePages_Surp:        0
Hugepagesize:       2048 kB
Hugetlb:               0 kB
DirectMap4k:      166592 kB
DirectMap2M:     3907584 kB

/sys/kernel/mm/transparent_hugepage/enabled: [always] madvise never
/sys/kernel/mm/transparent_hugepage/defrag (defrag/compaction efforts parameter): always defer defer+madvise [madvise] never

Process Memory:
Virtual Size: 3856224K (peak: 3857244K)
Resident Set Size: 197196K (peak: 197196K) (anon: 53236K, file: 143192K, shmem: 768K)
Swapped out: 0K
C-Heap outstanding allocations: 14330K, retained: 3185K
glibc malloc tunables: (default)

/proc/sys/kernel/threads-max (system-wide limit on the number of threads): 30250
/proc/sys/vm/max_map_count (maximum number of memory map areas a process may have): 65530
/proc/sys/kernel/pid_max (system-wide limit on number of process identifiers): 32768

container (cgroup) information:
container_type: cgroupv1
cpu_cpuset_cpus: 0-1
cpu_memory_nodes: 0
active_processor_count: 2
cpu_quota: no quota
cpu_period: 100000
cpu_shares: no shares
memory_limit_in_bytes: unlimited
memory_and_swap_limit_in_bytes: unlimited
memory_soft_limit_in_bytes: unlimited
memory_usage_in_bytes: 2851640 k
memory_max_usage_in_bytes: unlimited
kernel_memory_usage_in_bytes: unlimited
kernel_memory_max_usage_in_bytes: unlimited
kernel_memory_limit_in_bytes: unlimited
maximum number of tasks: not supported
current number of tasks: not supported

Steal ticks since vm start: 0
Steal ticks percentage since vm start:  0,000

CPU: total 4 (initial active 2) (2 cores per cpu, 1 threads per core) family 6 model 55 stepping 8 microcode 0x838, cx8, cmov, fxsr, mmx, 3dnowpref, sse, sse2, sse3, ssse3, sse4.1, sse4.2, popcnt, tsc, tscinvbit, erms, clmul, clflush, rdtscp
CPU Model and flags from /proc/cpuinfo:
model name	: Intel(R) Celeron(R) CPU  N2840  @ 2.16GHz
flags		: fpu vme de pse tsc msr pae mce cx8 apic sep mtrr pge mca cmov pat pse36 clflush dts acpi mmx fxsr sse sse2 ss ht tm pbe syscall nx rdtscp lm constant_tsc arch_perfmon pebs bts rep_good nopl xtopology tsc_reliable nonstop_tsc cpuid aperfmperf tsc_known_freq pni pclmulqdq dtes64 monitor ds_cpl est tm2 ssse3 cx16 xtpr pdcm sse4_1 sse4_2 movbe popcnt tsc_deadline_timer rdrand lahf_lm 3dnowprefetch epb pti ibrs ibpb stibp tsc_adjust smep erms dtherm ida arat md_clear

Online cpus: 0-1
Offline cpus: 2-3
BIOS frequency limitation: <Not Available>
Frequency switch latency (ns): 20000
Available cpu frequencies: <Not Available>
Current governor: schedutil
Core performance/turbo boost: <Not Available>

Memory: 4k page, physical 3893100k(1748580k free), swap 0k(0k free)
Page Sizes: 4k

vm_info: OpenJDK 64-Bit Server VM (21+35) for linux-amd64 JRE (21+35), built on 2023-09-22T00:54:16Z by "builduser" with gcc 13.2.1 20230801

END.
