#
# A fatal error has been detected by the Java Runtime Environment:
#
#  SIGSEGV (0xb) at pc=0x00007fb046eea9ba, pid=1912, tid=1913
#
# JRE version: OpenJDK Runtime Environment (21.0+35) (build 21+35)
# Java VM: OpenJDK 64-Bit Server VM (21+35, mixed mode, sharing, tiered, compressed oops, compressed class ptrs, g1 gc, linux-amd64)
# Problematic frame:
# C  [libjdwp.so+0x2e9ba]
#
# No core dump will be written. Core dumps have been disabled. To enable core dumping, try "ulimit -c unlimited" before starting Java again
#
# If you would like to submit a bug report, please visit:
#   https://bugreport.java.com/bugreport/crash.jsp
# The crash happened outside the Java Virtual Machine in native code.
# See problematic frame for where to report the bug.
#

---------------  S U M M A R Y ------------

Command Line: -agentlib:jdwp=transport=dt_socket,server=n,suspend=y,address=localhost:42727 -XX:+ShowCodeDetailsInExceptionMessages org.asmodeus.Main

Host: Intel(R) Celeron(R) CPU  N2840  @ 2.16GHz, 4 cores, 3G, Artix Linux
Time: Sat Dec 23 16:34:55 2023 MSK elapsed time: 16.578648 seconds (0d 0h 0m 16s)

---------------  T H R E A D  ---------------

Current thread (0x00007fb0400179a0):  JavaThread "main"             [_thread_in_native, id=1913, stack(0x00007fb046f00000,0x00007fb047000000) (1024K)]

Stack: [0x00007fb046f00000,0x00007fb047000000],  sp=0x00007fb046ffe058,  free space=1016k
Native frames: (J=compiled Java code, j=interpreted, Vv=VM code, C=native code)
C  [libjdwp.so+0x2e9ba]
C  [libjdwp.so+0x18aba]
V  [libjvm.so+0xb2d23b]
V  [libjvm.so+0x8eff05]
V  [libjvm.so+0x8f580b]
V  [libjvm.so+0xb987da]
V  [libjvm.so+0xb98fbc]
V  [libjvm.so+0x915dfe]
V  [libjvm.so+0x9163c7]
j  org.lwjgl.opengl.GL11.glGetString(I)Ljava/lang/String;+1
j  org.asmodeus.engine.Core.gl_info()V+6
j  org.asmodeus.engine.Project.init(J)J+58
j  org.asmodeus.Main.run()V+4
j  org.asmodeus.Main.main([Ljava/lang/String;)V+13
v  ~StubRoutines::call_stub 0x00007fb02f938cc5
V  [libjvm.so+0x91df3a]
V  [libjvm.so+0x9ca371]
V  [libjvm.so+0x9cc8f0]
C  [libjli.so+0x4cdf]
C  [libjli.so+0x7c6e]
Java frames: (J=compiled Java code, j=interpreted, Vv=VM code)
j  org.lwjgl.opengl.GL11.glGetString(I)Ljava/lang/String;+1
j  org.asmodeus.engine.Core.gl_info()V+6
j  org.asmodeus.engine.Project.init(J)J+58
j  org.asmodeus.Main.run()V+4
j  org.asmodeus.Main.main([Ljava/lang/String;)V+13
v  ~StubRoutines::call_stub 0x00007fb02f938cc5

siginfo: si_signo: 11 (SIGSEGV), si_code: 128 (SI_KERNEL), si_addr: 0x0000000000000000

Registers:
RAX=0xb82d1c1b1aed00b8, RBX=0x00007fb046ffe0e0, RCX=0x0000000000000000, RDX=0x00000000ffffff01
RSP=0x00007fb046ffe058, RBP=0x00007fb046ffe0d0, RSI=0x00007fb0400cc0b0, RDI=0x00007fb040017d58
R8 =0x0000000000000002, R9 =0x0000000000000000, R10=0x00007fb028400af8, R11=0x0000000000000001
R12=0x0000000000000007, R13=0x00007fb0400cc0b8, R14=0x00007fb046eff200, R15=0x00007fb040017d58
RIP=0x00007fb046eea9ba, EFLAGS=0x0000000000010246, CSGSFS=0x002b000000000033, ERR=0x0000000000000000
  TRAPNO=0x000000000000000d


Register to memory mapping:

RAX=0xb82d1c1b1aed00b8 is an unknown value
RBX=0x00007fb046ffe0e0 is pointing into the stack for thread: 0x00007fb0400179a0
RCX=0x0 is null
RDX=0x00000000ffffff01 points into unknown readable memory: 00 00 00 00 00 00 00
RSP=0x00007fb046ffe058 is pointing into the stack for thread: 0x00007fb0400179a0
RBP=0x00007fb046ffe0d0 is pointing into the stack for thread: 0x00007fb0400179a0
RSI=0x00007fb0400cc0b0 points into unknown readable memory: 0x00000000c7d040a0 | a0 40 d0 c7 00 00 00 00
RDI=0x00007fb040017d58 points into unknown readable memory: 0x00007fb04062c2d0 | d0 c2 62 40 b0 7f 00 00
R8 =0x0000000000000002 is an unknown value
R9 =0x0 is null
R10=0x00007fb028400af8 is at entry_point+344 in (nmethod*)0x00007fb028400810
Compiled method (c1)   16581    1       3       java.lang.Object::<init> (1 bytes)
 total in heap  [0x00007fb028400810,0x00007fb028400b00] = 752
 relocation     [0x00007fb028400968,0x00007fb028400998] = 48
 main code      [0x00007fb0284009a0,0x00007fb028400a78] = 216
 stub code      [0x00007fb028400a78,0x00007fb028400aa8] = 48
 metadata       [0x00007fb028400aa8,0x00007fb028400ab8] = 16
 scopes data    [0x00007fb028400ab8,0x00007fb028400ac8] = 16
 scopes pcs     [0x00007fb028400ac8,0x00007fb028400af8] = 48
 dependencies   [0x00007fb028400af8,0x00007fb028400b00] = 8
R11=0x0000000000000001 is an unknown value
R12=0x0000000000000007 is an unknown value
R13=0x00007fb0400cc0b8 points into unknown readable memory: 0x00000000c7e90380 | 80 03 e9 c7 00 00 00 00
R14=0x00007fb046eff200: <offset 0x0000000000043200> in /usr/lib/jvm/java-21-openjdk/lib/libjdwp.so at 0x00007fb046ebc000
R15=0x00007fb040017d58 points into unknown readable memory: 0x00007fb04062c2d0 | d0 c2 62 40 b0 7f 00 00

Top of Stack: (sp=0x00007fb046ffe058)
0x00007fb046ffe058:   00007fb046ed3a2a 00007fb028400810
0x00007fb046ffe068:   00007fb040103790 00007fb0400cc0b0
0x00007fb046ffe078:   0000000000000000 00007fb046ffe090
0x00007fb046ffe088:   00007fb047b39719 00007fb046ffe0b0
0x00007fb046ffe098:   00007fb047b11adc 00007fb040017d58
0x00007fb046ffe0a8:   00007fb0400cc0b0 00007fb040017d58
0x00007fb046ffe0b8:   00007fb0400cc0b8 00007fb046eff200
0x00007fb046ffe0c8:   0000000000000002 00007fb046ffe160
0x00007fb046ffe0d8:   00007fb046ed4aba 0000000000000007
0x00007fb046ffe0e8:   00007fb0400cc0b0 0000000000000000
0x00007fb046ffe0f8:   00007fb0400cc0b8 0000000000000000
0x00007fb046ffe108:   0000000000000000 0000000000000000
0x00007fb046ffe118:   0000000000000000 0000000000000000
0x00007fb046ffe128:   0000000000000000 0000000000000000
0x00007fb046ffe138:   00007fb0400179a0 00007fb0400179a0
0x00007fb046ffe148:   00007fafcc027e00 00007fb040000c30
0x00007fb046ffe158:   00007fb0400f0630 00007fb046ffe280
0x00007fb046ffe168:   00007fb047b2d23b 00007fb046ffe1e0
0x00007fb046ffe178:   00007fb0400cc0b0 00007fb0400cc0b8
0x00007fb046ffe188:   00007fb040017d38 00007fb046ffe1a0
0x00007fb046ffe198:   00007fb046ffe1e0 00007fb0400179a0
0x00007fb046ffe1a8:   00007fb0400184a0 00007fb0400184e0
0x00007fb046ffe1b8:   00007fb040018500 00007fb0400185c8
0x00007fb046ffe1c8:   00000000000000d8 00007fb046ffe350
0x00007fb046ffe1d8:   00007fb000000000 00007fb048525580
0x00007fb046ffe1e8:   00007fb040002bc0 00007fb0400180b0
0x00007fb046ffe1f8:   00007fb0400180c0 00007fb040018498
0x00007fb046ffe208:   00000000000003d8 00007fb0400179a0
0x00007fb046ffe218:   00007fb0400179a0 00007fb0400184a0
0x00007fb046ffe228:   00007fb0400184e0 00007fb040018500
0x00007fb046ffe238:   00007fb0400185c8 00000000000000d8
0x00007fb046ffe248:   00007fb046ffe1a0 00007fb046ffe280 

Instructions: (pc=0x00007fb046eea9ba)
0x00007fb046eea8ba:   03 00 00 48 8d 35 9c 76 00 00 48 8d 3d ba 7d 00
0x00007fb046eea8ca:   00 67 e8 8f 2e ff ff 31 c0 48 8d 35 4c a7 00 00
0x00007fb046eea8da:   48 8d 3d 97 79 00 00 67 e8 49 2f ff ff 48 8b 05
0x00007fb046eea8ea:   12 49 01 00 e9 2d ff ff ff 66 66 2e 0f 1f 84 00
0x00007fb046eea8fa:   00 00 00 00 66 90 f3 0f 1e fa 55 48 89 e5 41 54
0x00007fb046eea90a:   49 89 fc 53 e8 4d e0 ff ff 48 89 c3 48 8b 05 e3
0x00007fb046eea91a:   48 01 00 f6 80 10 02 00 00 02 75 1a 48 8b 50 28
0x00007fb046eea92a:   48 8b 03 4c 89 e6 48 89 df 5b 41 5c 48 8b 80 00
0x00007fb046eea93a:   01 00 00 5d ff e0 ba 0b 06 00 00 48 8d 35 14 76
0x00007fb046eea94a:   00 00 48 8d 3d 12 79 00 00 67 e8 07 2e ff ff 31
0x00007fb046eea95a:   c0 48 8d 35 35 92 00 00 48 8d 3d 0f 79 00 00 67
0x00007fb046eea96a:   e8 c1 2e ff ff 48 8b 05 8a 48 01 00 eb ae 0f 1f
0x00007fb046eea97a:   84 00 00 00 00 00 f3 0f 1e fa 55 48 89 e5 41 54
0x00007fb046eea98a:   49 89 fc 53 e8 cd df ff ff 48 89 c3 48 8b 05 63
0x00007fb046eea99a:   48 01 00 f6 80 10 02 00 00 02 75 1a 48 8b 03 4c
0x00007fb046eea9aa:   89 e6 48 89 df 5b 41 5c 5d 48 8b 80 50 07 00 00
0x00007fb046eea9ba:   ff e0 0f 1f 40 00 ba 12 06 00 00 48 8d 35 94 75
0x00007fb046eea9ca:   00 00 48 8d 3d 92 78 00 00 67 e8 87 2d ff ff 48
0x00007fb046eea9da:   8d 35 45 81 00 00 48 8d 3d 91 78 00 00 31 c0 67
0x00007fb046eea9ea:   e8 41 2e ff ff eb b5 66 66 2e 0f 1f 84 00 00 00
0x00007fb046eea9fa:   00 00 0f 1f 40 00 f3 0f 1e fa 55 48 89 e5 41 54
0x00007fb046eeaa0a:   49 89 fc 53 e8 4d df ff ff 48 89 c3 48 8b 05 e3
0x00007fb046eeaa1a:   47 01 00 f6 80 10 02 00 00 02 75 1a 48 8b 50 30
0x00007fb046eeaa2a:   48 8b 03 4c 89 e6 48 89 df 5b 41 5c 48 8b 80 00
0x00007fb046eeaa3a:   01 00 00 5d ff e0 ba 19 06 00 00 48 8d 35 14 75
0x00007fb046eeaa4a:   00 00 48 8d 3d 12 78 00 00 67 e8 07 2d ff ff 31
0x00007fb046eeaa5a:   c0 48 8d 35 35 91 00 00 48 8d 3d 0f 78 00 00 67
0x00007fb046eeaa6a:   e8 c1 2d ff ff 48 8b 05 8a 47 01 00 eb ae 0f 1f
0x00007fb046eeaa7a:   84 00 00 00 00 00 f3 0f 1e fa 55 48 89 e5 41 54
0x00007fb046eeaa8a:   49 89 fc 53 e8 cd de ff ff 48 89 c3 48 8b 05 63
0x00007fb046eeaa9a:   47 01 00 f6 80 10 02 00 00 02 75 1a 48 8b 50 38
0x00007fb046eeaaaa:   48 8b 03 4c 89 e6 48 89 df 5b 41 5c 48 8b 80 00 


Stack slot to memory mapping:

stack at sp + 0 slots: 0x00007fb046ed3a2a: <offset 0x0000000000017a2a> in /usr/lib/jvm/java-21-openjdk/lib/libjdwp.so at 0x00007fb046ebc000
stack at sp + 1 slots: 0x00007fb028400810 is at entry_point+-400 in (nmethod*)0x00007fb028400810
Compiled method (c1)   16614    1       3       java.lang.Object::<init> (1 bytes)
 total in heap  [0x00007fb028400810,0x00007fb028400b00] = 752
 relocation     [0x00007fb028400968,0x00007fb028400998] = 48
 main code      [0x00007fb0284009a0,0x00007fb028400a78] = 216
 stub code      [0x00007fb028400a78,0x00007fb028400aa8] = 48
 metadata       [0x00007fb028400aa8,0x00007fb028400ab8] = 16
 scopes data    [0x00007fb028400ab8,0x00007fb028400ac8] = 16
 scopes pcs     [0x00007fb028400ac8,0x00007fb028400af8] = 48
 dependencies   [0x00007fb028400af8,0x00007fb028400b00] = 8
stack at sp + 2 slots: 0x00007fb040103790 points into unknown readable memory: 0x0000000000000000 | 00 00 00 00 00 00 00 00
stack at sp + 3 slots: 0x00007fb0400cc0b0 points into unknown readable memory: 0x00000000c7d040a0 | a0 40 d0 c7 00 00 00 00
stack at sp + 4 slots: 0x0 is null
stack at sp + 5 slots: 0x00007fb046ffe090 is pointing into the stack for thread: 0x00007fb0400179a0
stack at sp + 6 slots: 0x00007fb047b39719: <offset 0x0000000000b39719> in /usr/lib/jvm/java-21-openjdk/lib/server/libjvm.so at 0x00007fb047000000
stack at sp + 7 slots: 0x00007fb046ffe0b0 is pointing into the stack for thread: 0x00007fb0400179a0


---------------  P R O C E S S  ---------------

Threads class SMR info:
_java_thread_list=0x00007fb04012aec0, length=13, elements={
0x00007fb0400179a0, 0x00007fb0400d7470, 0x00007fb0400d8af0, 0x00007fb0400da5a0,
0x00007fb0400dbbe0, 0x00007fb0400dd180, 0x00007fb0400decc0, 0x00007fb0400e0380,
0x00007fb040102ab0, 0x00007fb040104d70, 0x000055ada1b0efe0, 0x00007fb040106010,
0x00007fb040129d40
}

Java Threads: ( => current thread )
=>0x00007fb0400179a0 JavaThread "main"                              [_thread_in_native, id=1913, stack(0x00007fb046f00000,0x00007fb047000000) (1024K)]
  0x00007fb0400d7470 JavaThread "Reference Handler"          daemon [_thread_blocked, id=1921, stack(0x00007fb044700000,0x00007fb044800000) (1024K)]
  0x00007fb0400d8af0 JavaThread "Finalizer"                  daemon [_thread_blocked, id=1922, stack(0x00007fb044600000,0x00007fb044700000) (1024K)]
  0x00007fb0400da5a0 JavaThread "Signal Dispatcher"          daemon [_thread_blocked, id=1923, stack(0x00007fb044500000,0x00007fb044600000) (1024K)]
  0x00007fb0400dbbe0 JavaThread "Service Thread"             daemon [_thread_blocked, id=1924, stack(0x00007fb044400000,0x00007fb044500000) (1024K)]
  0x00007fb0400dd180 JavaThread "Monitor Deflation Thread"   daemon [_thread_blocked, id=1925, stack(0x00007fb044300000,0x00007fb044400000) (1024K)]
  0x00007fb0400decc0 JavaThread "C2 CompilerThread0"         daemon [_thread_in_native, id=1926, stack(0x00007fb044200000,0x00007fb044300000) (1024K)]
  0x00007fb0400e0380 JavaThread "C1 CompilerThread0"         daemon [_thread_blocked, id=1927, stack(0x00007fb044100000,0x00007fb044200000) (1024K)]
  0x00007fb040102ab0 JavaThread "JDWP Transport Listener: dt_socket" daemon [_thread_blocked, id=1929, stack(0x00007fb03ff00000,0x00007fb040000000) (1024K)]
  0x00007fb040104d70 JavaThread "JDWP Event Helper Thread"   daemon [_thread_blocked, id=1930, stack(0x00007fb028300000,0x00007fb028400000) (1024K)]
  0x000055ada1b0efe0 JavaThread "JDWP Command Reader"        daemon [_thread_in_native, id=1931, stack(0x00007fb028200000,0x00007fb028300000) (1024K)]
  0x00007fb040106010 JavaThread "Notification Thread"        daemon [_thread_blocked, id=1936, stack(0x00007fb028100000,0x00007fb028200000) (1024K)]
  0x00007fb040129d40 JavaThread "Common-Cleaner"             daemon [_thread_blocked, id=1937, stack(0x00007fb028000000,0x00007fb028100000) (1024K)]
Total: 13

Other Threads:
  0x00007fb0400ca060 VMThread "VM Thread"                           [id=1920, stack(0x00007fb044b6b000,0x00007fb044c6b000) (1024K)]
  0x00007fb0400afec0 WatcherThread "VM Periodic Task Thread"        [id=1919, stack(0x00007fb044c6c000,0x00007fb044d6c000) (1024K)]
  0x00007fb040050520 WorkerThread "GC Thread#0"                     [id=1914, stack(0x00007fb045490000,0x00007fb045590000) (1024K)]
  0x00007fafc0006260 WorkerThread "GC Thread#1"                     [id=2139, stack(0x00007fb0182fe000,0x00007fb0183fe000) (1024K)]
  0x00007fb0400591e0 ConcurrentGCThread "G1 Main Marker"            [id=1915, stack(0x00007fb04538f000,0x00007fb04548f000) (1024K)]
  0x00007fb04005a180 WorkerThread "G1 Conc#0"                       [id=1916, stack(0x00007fb04528e000,0x00007fb04538e000) (1024K)]
  0x00007fb040095ad0 ConcurrentGCThread "G1 Refine#0"               [id=1917, stack(0x00007fb044f8b000,0x00007fb04508b000) (1024K)]
  0x00007fb040096a80 ConcurrentGCThread "G1 Service"                [id=1918, stack(0x00007fb044e8a000,0x00007fb044f8a000) (1024K)]
Total: 8

Threads with active compile tasks:
C2 CompilerThread0    16619  799       4       java.lang.invoke.MethodType$ConcurrentWeakInternSet::get (47 bytes)
Total: 1

VM state: not at safepoint (normal execution)

VM Mutex/Monitor currently owned by a thread: None

Heap address: 0x00000000c4800000, size: 952 MB, Compressed Oops mode: 32-bit

CDS archive(s) mapped at: [0x00007fafcb000000-0x00007fafcbca8000-0x00007fafcbca8000), size 13271040, SharedBaseAddress: 0x00007fafcb000000, ArchiveRelocationMode: 1.
Compressed class space mapped at: 0x00007fafcc000000-0x00007fb00c000000, reserved size: 1073741824
Narrow klass base: 0x00007fafcb000000, Narrow klass shift: 0, Narrow klass range: 0x100000000

GC Precious Log:
 CardTable entry size: 512
 Card Set container configuration: InlinePtr #cards 5 size 8 Array Of Cards #cards 12 size 40 Howl #buckets 4 coarsen threshold 1843 Howl Bitmap #cards 512 size 80 coarsen threshold 460 Card regions per heap region 1 cards per card region 2048
 CPUs: 4 total, 2 available
 Memory: 3801M
 Large Page Support: Disabled
 NUMA Support: Disabled
 Compressed Oops: Enabled (32-bit)
 Heap Region Size: 1M
 Heap Min Capacity: 8M
 Heap Initial Capacity: 60M
 Heap Max Capacity: 952M
 Pre-touch: Disabled
 Parallel Workers: 2
 Concurrent Workers: 1
 Concurrent Refinement Workers: 2
 Periodic GC: Disabled

Heap:
 garbage-first heap   total 63488K, used 6577K [0x00000000c4800000, 0x0000000100000000)
  region size 1024K, 7 young (7168K), 1 survivors (1024K)
 Metaspace       used 5265K, committed 5376K, reserved 1114112K
  class space    used 273K, committed 320K, reserved 1048576K

Heap Regions: E=young(eden), S=young(survivor), O=old, HS=humongous(starts), HC=humongous(continues), CS=collection set, F=free, TAMS=top-at-mark-start, PB=parsable bottom
|   0|0x00000000c4800000, 0x00000000c4865240, 0x00000000c4900000| 39%| O|  |TAMS 0x00000000c4800000| PB 0x00000000c4800000| Untracked 
|   1|0x00000000c4900000, 0x00000000c4900000, 0x00000000c4a00000|  0%| F|  |TAMS 0x00000000c4900000| PB 0x00000000c4900000| Untracked 
|   2|0x00000000c4a00000, 0x00000000c4a00000, 0x00000000c4b00000|  0%| F|  |TAMS 0x00000000c4a00000| PB 0x00000000c4a00000| Untracked 
|   3|0x00000000c4b00000, 0x00000000c4b00000, 0x00000000c4c00000|  0%| F|  |TAMS 0x00000000c4b00000| PB 0x00000000c4b00000| Untracked 
|   4|0x00000000c4c00000, 0x00000000c4c00000, 0x00000000c4d00000|  0%| F|  |TAMS 0x00000000c4c00000| PB 0x00000000c4c00000| Untracked 
|   5|0x00000000c4d00000, 0x00000000c4d00000, 0x00000000c4e00000|  0%| F|  |TAMS 0x00000000c4d00000| PB 0x00000000c4d00000| Untracked 
|   6|0x00000000c4e00000, 0x00000000c4e00000, 0x00000000c4f00000|  0%| F|  |TAMS 0x00000000c4e00000| PB 0x00000000c4e00000| Untracked 
|   7|0x00000000c4f00000, 0x00000000c4f00000, 0x00000000c5000000|  0%| F|  |TAMS 0x00000000c4f00000| PB 0x00000000c4f00000| Untracked 
|   8|0x00000000c5000000, 0x00000000c5000000, 0x00000000c5100000|  0%| F|  |TAMS 0x00000000c5000000| PB 0x00000000c5000000| Untracked 
|   9|0x00000000c5100000, 0x00000000c5100000, 0x00000000c5200000|  0%| F|  |TAMS 0x00000000c5100000| PB 0x00000000c5100000| Untracked 
|  10|0x00000000c5200000, 0x00000000c5200000, 0x00000000c5300000|  0%| F|  |TAMS 0x00000000c5200000| PB 0x00000000c5200000| Untracked 
|  11|0x00000000c5300000, 0x00000000c5300000, 0x00000000c5400000|  0%| F|  |TAMS 0x00000000c5300000| PB 0x00000000c5300000| Untracked 
|  12|0x00000000c5400000, 0x00000000c5400000, 0x00000000c5500000|  0%| F|  |TAMS 0x00000000c5400000| PB 0x00000000c5400000| Untracked 
|  13|0x00000000c5500000, 0x00000000c5500000, 0x00000000c5600000|  0%| F|  |TAMS 0x00000000c5500000| PB 0x00000000c5500000| Untracked 
|  14|0x00000000c5600000, 0x00000000c5600000, 0x00000000c5700000|  0%| F|  |TAMS 0x00000000c5600000| PB 0x00000000c5600000| Untracked 
|  15|0x00000000c5700000, 0x00000000c5700000, 0x00000000c5800000|  0%| F|  |TAMS 0x00000000c5700000| PB 0x00000000c5700000| Untracked 
|  16|0x00000000c5800000, 0x00000000c5800000, 0x00000000c5900000|  0%| F|  |TAMS 0x00000000c5800000| PB 0x00000000c5800000| Untracked 
|  17|0x00000000c5900000, 0x00000000c5900000, 0x00000000c5a00000|  0%| F|  |TAMS 0x00000000c5900000| PB 0x00000000c5900000| Untracked 
|  18|0x00000000c5a00000, 0x00000000c5a00000, 0x00000000c5b00000|  0%| F|  |TAMS 0x00000000c5a00000| PB 0x00000000c5a00000| Untracked 
|  19|0x00000000c5b00000, 0x00000000c5b00000, 0x00000000c5c00000|  0%| F|  |TAMS 0x00000000c5b00000| PB 0x00000000c5b00000| Untracked 
|  20|0x00000000c5c00000, 0x00000000c5c00000, 0x00000000c5d00000|  0%| F|  |TAMS 0x00000000c5c00000| PB 0x00000000c5c00000| Untracked 
|  21|0x00000000c5d00000, 0x00000000c5d00000, 0x00000000c5e00000|  0%| F|  |TAMS 0x00000000c5d00000| PB 0x00000000c5d00000| Untracked 
|  22|0x00000000c5e00000, 0x00000000c5e00000, 0x00000000c5f00000|  0%| F|  |TAMS 0x00000000c5e00000| PB 0x00000000c5e00000| Untracked 
|  23|0x00000000c5f00000, 0x00000000c5f00000, 0x00000000c6000000|  0%| F|  |TAMS 0x00000000c5f00000| PB 0x00000000c5f00000| Untracked 
|  24|0x00000000c6000000, 0x00000000c6000000, 0x00000000c6100000|  0%| F|  |TAMS 0x00000000c6000000| PB 0x00000000c6000000| Untracked 
|  25|0x00000000c6100000, 0x00000000c6100000, 0x00000000c6200000|  0%| F|  |TAMS 0x00000000c6100000| PB 0x00000000c6100000| Untracked 
|  26|0x00000000c6200000, 0x00000000c6200000, 0x00000000c6300000|  0%| F|  |TAMS 0x00000000c6200000| PB 0x00000000c6200000| Untracked 
|  27|0x00000000c6300000, 0x00000000c6300000, 0x00000000c6400000|  0%| F|  |TAMS 0x00000000c6300000| PB 0x00000000c6300000| Untracked 
|  28|0x00000000c6400000, 0x00000000c6400000, 0x00000000c6500000|  0%| F|  |TAMS 0x00000000c6400000| PB 0x00000000c6400000| Untracked 
|  29|0x00000000c6500000, 0x00000000c6500000, 0x00000000c6600000|  0%| F|  |TAMS 0x00000000c6500000| PB 0x00000000c6500000| Untracked 
|  30|0x00000000c6600000, 0x00000000c6600000, 0x00000000c6700000|  0%| F|  |TAMS 0x00000000c6600000| PB 0x00000000c6600000| Untracked 
|  31|0x00000000c6700000, 0x00000000c6700000, 0x00000000c6800000|  0%| F|  |TAMS 0x00000000c6700000| PB 0x00000000c6700000| Untracked 
|  32|0x00000000c6800000, 0x00000000c6800000, 0x00000000c6900000|  0%| F|  |TAMS 0x00000000c6800000| PB 0x00000000c6800000| Untracked 
|  33|0x00000000c6900000, 0x00000000c6900000, 0x00000000c6a00000|  0%| F|  |TAMS 0x00000000c6900000| PB 0x00000000c6900000| Untracked 
|  34|0x00000000c6a00000, 0x00000000c6a00000, 0x00000000c6b00000|  0%| F|  |TAMS 0x00000000c6a00000| PB 0x00000000c6a00000| Untracked 
|  35|0x00000000c6b00000, 0x00000000c6b00000, 0x00000000c6c00000|  0%| F|  |TAMS 0x00000000c6b00000| PB 0x00000000c6b00000| Untracked 
|  36|0x00000000c6c00000, 0x00000000c6c00000, 0x00000000c6d00000|  0%| F|  |TAMS 0x00000000c6c00000| PB 0x00000000c6c00000| Untracked 
|  37|0x00000000c6d00000, 0x00000000c6d00000, 0x00000000c6e00000|  0%| F|  |TAMS 0x00000000c6d00000| PB 0x00000000c6d00000| Untracked 
|  38|0x00000000c6e00000, 0x00000000c6e00000, 0x00000000c6f00000|  0%| F|  |TAMS 0x00000000c6e00000| PB 0x00000000c6e00000| Untracked 
|  39|0x00000000c6f00000, 0x00000000c6f00000, 0x00000000c7000000|  0%| F|  |TAMS 0x00000000c6f00000| PB 0x00000000c6f00000| Untracked 
|  40|0x00000000c7000000, 0x00000000c7000000, 0x00000000c7100000|  0%| F|  |TAMS 0x00000000c7000000| PB 0x00000000c7000000| Untracked 
|  41|0x00000000c7100000, 0x00000000c7100000, 0x00000000c7200000|  0%| F|  |TAMS 0x00000000c7100000| PB 0x00000000c7100000| Untracked 
|  42|0x00000000c7200000, 0x00000000c7200000, 0x00000000c7300000|  0%| F|  |TAMS 0x00000000c7200000| PB 0x00000000c7200000| Untracked 
|  43|0x00000000c7300000, 0x00000000c7300000, 0x00000000c7400000|  0%| F|  |TAMS 0x00000000c7300000| PB 0x00000000c7300000| Untracked 
|  44|0x00000000c7400000, 0x00000000c7400000, 0x00000000c7500000|  0%| F|  |TAMS 0x00000000c7400000| PB 0x00000000c7400000| Untracked 
|  45|0x00000000c7500000, 0x00000000c7500000, 0x00000000c7600000|  0%| F|  |TAMS 0x00000000c7500000| PB 0x00000000c7500000| Untracked 
|  46|0x00000000c7600000, 0x00000000c7600000, 0x00000000c7700000|  0%| F|  |TAMS 0x00000000c7600000| PB 0x00000000c7600000| Untracked 
|  47|0x00000000c7700000, 0x00000000c7700000, 0x00000000c7800000|  0%| F|  |TAMS 0x00000000c7700000| PB 0x00000000c7700000| Untracked 
|  48|0x00000000c7800000, 0x00000000c7800000, 0x00000000c7900000|  0%| F|  |TAMS 0x00000000c7800000| PB 0x00000000c7800000| Untracked 
|  49|0x00000000c7900000, 0x00000000c7900000, 0x00000000c7a00000|  0%| F|  |TAMS 0x00000000c7900000| PB 0x00000000c7900000| Untracked 
|  50|0x00000000c7a00000, 0x00000000c7a00000, 0x00000000c7b00000|  0%| F|  |TAMS 0x00000000c7a00000| PB 0x00000000c7a00000| Untracked 
|  51|0x00000000c7b00000, 0x00000000c7b00000, 0x00000000c7c00000|  0%| F|  |TAMS 0x00000000c7b00000| PB 0x00000000c7b00000| Untracked 
|  52|0x00000000c7c00000, 0x00000000c7c00000, 0x00000000c7d00000|  0%| F|  |TAMS 0x00000000c7c00000| PB 0x00000000c7c00000| Untracked 
|  53|0x00000000c7d00000, 0x00000000c7e00000, 0x00000000c7e00000|100%| S|CS|TAMS 0x00000000c7d00000| PB 0x00000000c7d00000| Complete 
|  54|0x00000000c7e00000, 0x00000000c7ea32c0, 0x00000000c7f00000| 63%| E|  |TAMS 0x00000000c7e00000| PB 0x00000000c7e00000| Complete 
|  55|0x00000000c7f00000, 0x00000000c8000000, 0x00000000c8000000|100%| E|CS|TAMS 0x00000000c7f00000| PB 0x00000000c7f00000| Complete 
|  56|0x00000000c8000000, 0x00000000c8100000, 0x00000000c8100000|100%| E|CS|TAMS 0x00000000c8000000| PB 0x00000000c8000000| Complete 
|  57|0x00000000c8100000, 0x00000000c8200000, 0x00000000c8200000|100%| E|CS|TAMS 0x00000000c8100000| PB 0x00000000c8100000| Complete 
|  58|0x00000000c8200000, 0x00000000c8300000, 0x00000000c8300000|100%| E|CS|TAMS 0x00000000c8200000| PB 0x00000000c8200000| Complete 
|  59|0x00000000c8300000, 0x00000000c8400000, 0x00000000c8400000|100%| E|  |TAMS 0x00000000c8300000| PB 0x00000000c8300000| Complete 
| 950|0x00000000ffe00000, 0x00000000fff00000, 0x00000000fff00000|100%| O|  |TAMS 0x00000000ffe00000| PB 0x00000000ffe00000| Untracked 
| 951|0x00000000fff00000, 0x00000000fff07538, 0x0000000100000000|  2%| O|  |TAMS 0x00000000fff00000| PB 0x00000000fff00000| Untracked 

Card table byte_map: [0x00007fb046470000,0x00007fb04664c000] _byte_map_base: 0x00007fb045e4c000

Marking Bits: (CMBitMap*) 0x00007fb040051040
 Bits: [0x00007fb045590000, 0x00007fb046470000)

Polling page: 0x00007fb0488ac000

Metaspace:

Usage:
  Non-class:      4,87 MB used.
      Class:    273,93 KB used.
       Both:      5,14 MB used.

Virtual space:
  Non-class space:       64,00 MB reserved,       4,94 MB (  8%) committed,  1 nodes.
      Class space:        1,00 GB reserved,     320,00 KB ( <1%) committed,  1 nodes.
             Both:        1,06 GB reserved,       5,25 MB ( <1%) committed. 

Chunk freelists:
   Non-Class:  8,77 MB
       Class:  15,59 MB
        Both:  24,36 MB

MaxMetaspaceSize: unlimited
CompressedClassSpaceSize: 1,00 GB
Initial GC threshold: 21,00 MB
Current GC threshold: 21,00 MB
CDS: on
 - commit_granule_bytes: 65536.
 - commit_granule_words: 8192.
 - virtual_space_node_default_size: 8388608.
 - enlarge_chunks_in_place: 1.
 - use_allocation_guard: 0.


Internal statistics:

num_allocs_failed_limit: 0.
num_arena_births: 58.
num_arena_deaths: 0.
num_vsnodes_births: 2.
num_vsnodes_deaths: 0.
num_space_committed: 82.
num_space_uncommitted: 0.
num_chunks_returned_to_freelist: 0.
num_chunks_taken_from_freelist: 201.
num_chunk_merges: 0.
num_chunk_splits: 140.
num_chunks_enlarged: 104.
num_inconsistent_stats: 0.

CodeHeap 'non-profiled nmethods': size=120036Kb used=225Kb max_used=225Kb free=119810Kb
 bounds [0x00007fb02fec7000, 0x00007fb030137000, 0x00007fb037400000]
CodeHeap 'profiled nmethods': size=120032Kb used=1391Kb max_used=1391Kb free=118640Kb
 bounds [0x00007fb028400000, 0x00007fb028670000, 0x00007fb02f938000]
CodeHeap 'non-nmethods': size=5692Kb used=1995Kb max_used=2014Kb free=3696Kb
 bounds [0x00007fb02f938000, 0x00007fb02fba8000, 0x00007fb02fec7000]
 total_blobs=1776 nmethods=804 adapters=879
 compilation: enabled
              stopped_count=0, restarted_count=0
 full_count=0

Compilation events (20 events):
Event: 16,514 Thread 0x00007fb0400decc0 nmethod 754 0x00007fb02fefad90 code [0x00007fb02fefafe0, 0x00007fb02fefc560]
Event: 16,514 Thread 0x00007fb0400decc0  795       4       java.lang.invoke.LambdaForm::uncustomize (57 bytes)
Event: 16,515 Thread 0x00007fb0400decc0 nmethod 795 0x00007fb02fefcd90 code [0x00007fb02fefcf00, 0x00007fb02fefcfb0]
Event: 16,515 Thread 0x00007fb0400decc0  767       4       java.util.HashMap::put (13 bytes)
Event: 16,517 Thread 0x00007fb0400decc0 nmethod 767 0x00007fb02fefd090 code [0x00007fb02fefd220, 0x00007fb02fefd378]
Event: 16,517 Thread 0x00007fb0400decc0  798       4       java.util.concurrent.ConcurrentHashMap::get (162 bytes)
Event: 16,541 Thread 0x00007fb0400decc0 nmethod 798 0x00007fb02fefd490 code [0x00007fb02fefd680, 0x00007fb02fefe048]
Event: 16,542 Thread 0x00007fb0400decc0  801       4       java.lang.invoke.MethodHandle::<init> (37 bytes)
Event: 16,551 Thread 0x00007fb0400decc0 nmethod 801 0x00007fb02fefe690 code [0x00007fb02fefe840, 0x00007fb02fefec10]
Event: 16,551 Thread 0x00007fb0400decc0  802       4       java.lang.invoke.LambdaForm::prepare (108 bytes)
Event: 16,553 Thread 0x00007fb0400decc0 nmethod 802 0x00007fb02fefee10 code [0x00007fb02fefefa0, 0x00007fb02feff0b0]
Event: 16,553 Thread 0x00007fb0400decc0  800       4       java.lang.ref.SoftReference::get (29 bytes)
Event: 16,555 Thread 0x00007fb0400decc0 nmethod 800 0x00007fb02feff190 code [0x00007fb02feff320, 0x00007fb02feff430]
Event: 16,555 Thread 0x00007fb0400decc0  799       4       java.lang.invoke.MethodType$ConcurrentWeakInternSet::get (47 bytes)
Event: 16,564 Thread 0x00007fb0400e0380  805       3       java.lang.String::getBytes (25 bytes)
Event: 16,564 Thread 0x00007fb0400e0380 nmethod 805 0x00007fb02855ad90 code [0x00007fb02855af60, 0x00007fb02855b240]
Event: 16,565 Thread 0x00007fb0400e0380  806       3       java.lang.String::encode (48 bytes)
Event: 16,565 Thread 0x00007fb0400e0380 nmethod 806 0x00007fb02855b390 code [0x00007fb02855b580, 0x00007fb02855b908]
Event: 16,565 Thread 0x00007fb0400e0380  807       3       java.lang.StringLatin1::inflate (10 bytes)
Event: 16,566 Thread 0x00007fb0400e0380 nmethod 807 0x00007fb02855ba10 code [0x00007fb02855bbc0, 0x00007fb02855bd10]

GC Heap History (2 events):
Event: 15,879 GC heap before
{Heap before GC invocations=0 (full 0):
 garbage-first heap   total 63488K, used 6173K [0x00000000c4800000, 0x0000000100000000)
  region size 1024K, 6 young (6144K), 0 survivors (0K)
 Metaspace       used 3204K, committed 3328K, reserved 1114112K
  class space    used 205K, committed 256K, reserved 1048576K
}
Event: 15,891 GC heap after
{Heap after GC invocations=1 (full 0):
 garbage-first heap   total 63488K, used 2481K [0x00000000c4800000, 0x0000000100000000)
  region size 1024K, 1 young (1024K), 1 survivors (1024K)
 Metaspace       used 3204K, committed 3328K, reserved 1114112K
  class space    used 205K, committed 256K, reserved 1048576K
}

Dll operation events (8 events):
Event: 0,004 Loaded shared library /usr/lib/jvm/java-21-openjdk/lib/libjava.so
Event: 0,087 Loaded shared library /usr/lib/jvm/java-21-openjdk/lib/libjsvml.so
Event: 5,724 Loaded shared library /usr/lib/jvm/java-21-openjdk/lib/libnio.so
Event: 5,738 Loaded shared library /usr/lib/jvm/java-21-openjdk/lib/libzip.so
Event: 6,077 Loaded shared library /usr/lib/jvm/java-21-openjdk/lib/libjimage.so
Event: 6,131 Loaded shared library /usr/lib/jvm/java-21-openjdk/lib/libnet.so
Event: 6,163 Loaded shared library /tmp/lwjglvlad/3.2.2-build-10/liblwjgl.so
Event: 15,194 Loaded shared library /tmp/lwjglvlad/3.2.2-build-10/liblwjgl_opengl.so

Deoptimization events (20 events):
Event: 6,504 Thread 0x00007fb0400179a0 DEOPT PACKING pc=0x00007fb028469e63 sp=0x00007fb046ffd7c0
Event: 6,504 Thread 0x00007fb0400179a0 DEOPT UNPACKING pc=0x00007fb02f98c711 sp=0x00007fb046ffcc78 mode 0
Event: 6,505 Thread 0x00007fb0400179a0 DEOPT PACKING pc=0x00007fb028469fd4 sp=0x00007fb046ffd7c0
Event: 6,505 Thread 0x00007fb0400179a0 DEOPT UNPACKING pc=0x00007fb02f98c711 sp=0x00007fb046ffcc78 mode 0
Event: 6,506 Thread 0x00007fb0400179a0 DEOPT PACKING pc=0x00007fb028469e63 sp=0x00007fb046ffd7c0
Event: 6,506 Thread 0x00007fb0400179a0 DEOPT UNPACKING pc=0x00007fb02f98c711 sp=0x00007fb046ffcc78 mode 0
Event: 6,507 Thread 0x00007fb0400179a0 DEOPT PACKING pc=0x00007fb028469fd4 sp=0x00007fb046ffd7c0
Event: 6,507 Thread 0x00007fb0400179a0 DEOPT UNPACKING pc=0x00007fb02f98c711 sp=0x00007fb046ffcc78 mode 0
Event: 6,508 Thread 0x00007fb0400179a0 DEOPT PACKING pc=0x00007fb028469e63 sp=0x00007fb046ffd7c0
Event: 6,508 Thread 0x00007fb0400179a0 DEOPT UNPACKING pc=0x00007fb02f98c711 sp=0x00007fb046ffcc78 mode 0
Event: 6,509 Thread 0x00007fb0400179a0 DEOPT PACKING pc=0x00007fb028469fd4 sp=0x00007fb046ffd7c0
Event: 6,509 Thread 0x00007fb0400179a0 DEOPT UNPACKING pc=0x00007fb02f98c711 sp=0x00007fb046ffcc78 mode 0
Event: 6,510 Thread 0x00007fb0400179a0 DEOPT PACKING pc=0x00007fb028469e63 sp=0x00007fb046ffd7c0
Event: 6,510 Thread 0x00007fb0400179a0 DEOPT UNPACKING pc=0x00007fb02f98c711 sp=0x00007fb046ffcc78 mode 0
Event: 16,018 Thread 0x00007fb0400179a0 DEOPT PACKING pc=0x00007fb02841618d sp=0x00007fb046ffd4a0
Event: 16,018 Thread 0x00007fb0400179a0 DEOPT UNPACKING pc=0x00007fb02f98c711 sp=0x00007fb046ffc920 mode 0
Event: 16,046 Thread 0x00007fb0400179a0 DEOPT PACKING pc=0x00007fb02841dfa4 sp=0x00007fb046ffd480
Event: 16,046 Thread 0x00007fb0400179a0 DEOPT UNPACKING pc=0x00007fb02f98c711 sp=0x00007fb046ffc8c0 mode 0
Event: 16,059 Thread 0x00007fb0400179a0 DEOPT PACKING pc=0x00007fb02841618d sp=0x00007fb046ffd400
Event: 16,059 Thread 0x00007fb0400179a0 DEOPT UNPACKING pc=0x00007fb02f98c711 sp=0x00007fb046ffc8a8 mode 0

Classes loaded (20 events):
Event: 15,603 Loading class jdk/internal/module/ModulePatcher$PatchedModuleReader
Event: 15,603 Loading class jdk/internal/module/ModulePatcher$PatchedModuleReader done
Event: 15,605 Loading class sun/net/www/protocol/jrt/Handler
Event: 15,605 Loading class sun/net/www/protocol/jrt/Handler done
Event: 15,634 Loading class sun/util/resources/LocaleData$CommonResourceBundleProvider
Event: 15,634 Loading class sun/util/resources/LocaleData$LocaleDataResourceBundleProvider
Event: 15,634 Loading class java/util/spi/ResourceBundleProvider
Event: 15,634 Loading class java/util/spi/ResourceBundleProvider done
Event: 15,634 Loading class sun/util/resources/LocaleData$LocaleDataResourceBundleProvider done
Event: 15,634 Loading class sun/util/resources/LocaleData$CommonResourceBundleProvider done
Event: 15,637 Loading class sun/util/resources/Bundles$2
Event: 15,637 Loading class sun/util/resources/Bundles$2 done
Event: 15,640 Loading class jdk/internal/foreign/MemorySessionImpl
Event: 15,640 Loading class java/lang/foreign/MemorySegment$Scope
Event: 15,640 Loading class java/lang/foreign/MemorySegment$Scope done
Event: 15,640 Loading class jdk/internal/foreign/MemorySessionImpl done
Event: 15,642 Loading class java/lang/Class$1
Event: 15,643 Loading class java/lang/Class$1 done
Event: 16,260 Loading class jdk/internal/reflect/MethodHandleLongFieldAccessorImpl
Event: 16,260 Loading class jdk/internal/reflect/MethodHandleLongFieldAccessorImpl done

Classes unloaded (0 events):
No events

Classes redefined (0 events):
No events

Internal exceptions (13 events):
Event: 5,953 Thread 0x00007fb0400179a0 Exception <a 'java/lang/NoSuchMethodError'{0x00000000c8257db0}: 'void java.lang.invoke.DirectMethodHandle$Holder.invokeStatic(java.lang.Object, java.lang.Object)'> (0x00000000c8257db0) 
thrown [src/hotspot/share/interpreter/linkResolver.cpp, line 772]
Event: 5,958 Thread 0x00007fb0400179a0 Exception <a 'java/lang/NoSuchMethodError'{0x00000000c825ccb8}: 'void java.lang.System.load(java.lang.String, java.lang.Class)'> (0x00000000c825ccb8) 
thrown [src/hotspot/share/interpreter/linkResolver.cpp, line 772]
Event: 5,959 Thread 0x00007fb0400179a0 Exception <a 'java/lang/NoSuchMethodError'{0x00000000c825d8a8}: 'void java.lang.invoke.DirectMethodHandle$Holder.invokeSpecial(java.lang.Object, java.lang.Object, java.lang.Object)'> (0x00000000c825d8a8) 
thrown [src/hotspot/share/interpreter/linkResolver.cpp, line 772]
Event: 5,982 Thread 0x00007fb0400179a0 Exception <a 'java/lang/NoSuchMethodError'{0x00000000c826f790}: 'java.lang.Object java.lang.invoke.DirectMethodHandle$Holder.invokeStatic(java.lang.Object, java.lang.Object, int)'> (0x00000000c826f790) 
thrown [src/hotspot/share/interpreter/linkResolver.cpp, line 772]
Event: 5,997 Thread 0x00007fb0400179a0 Exception <a 'java/lang/NoSuchMethodError'{0x00000000c827ac58}: 'void java.lang.invoke.DelegatingMethodHandle$Holder.delegate(java.lang.Object, java.lang.Object, int, java.lang.Object)'> (0x00000000c827ac58) 
thrown [src/hotspot/share/interpreter/linkResolver.cpp, line 772]
Event: 6,001 Thread 0x00007fb0400179a0 Exception <a 'java/lang/NoSuchMethodError'{0x00000000c827eb10}: 'int java.lang.invoke.DirectMethodHandle$Holder.invokeSpecial(java.lang.Object, java.lang.Object, java.lang.Object)'> (0x00000000c827eb10) 
thrown [src/hotspot/share/interpreter/linkResolver.cpp, line 772]
Event: 6,044 Thread 0x00007fb0400179a0 Exception <a 'java/lang/NoSuchMethodError'{0x00000000c8298f38}: 'void java.lang.System.loadLibrary(java.lang.String, java.lang.Class)'> (0x00000000c8298f38) 
thrown [src/hotspot/share/interpreter/linkResolver.cpp, line 772]
Event: 6,513 Thread 0x00007fb0400179a0 Exception <a 'java/lang/NoSuchMethodError'{0x00000000c80057a0}: 'int java.lang.invoke.Invokers$Holder.invokeExact_MT(java.lang.Object, java.lang.Object)'> (0x00000000c80057a0) 
thrown [src/hotspot/share/interpreter/linkResolver.cpp, line 772]
Event: 15,178 Thread 0x00007fb0400179a0 Exception <a 'java/lang/NoSuchMethodError'{0x00000000c808e950}: 'void java.lang.System.load(java.lang.String, java.lang.Class)'> (0x00000000c808e950) 
thrown [src/hotspot/share/interpreter/linkResolver.cpp, line 772]
Event: 15,183 Thread 0x00007fb0400179a0 Exception <a 'java/lang/NoSuchMethodError'{0x00000000c80912f0}: 'void java.lang.System.loadLibrary(java.lang.String, java.lang.Class)'> (0x00000000c80912f0) 
thrown [src/hotspot/share/interpreter/linkResolver.cpp, line 772]
Event: 15,217 Thread 0x00007fb0400179a0 Exception <a 'sun/nio/fs/UnixException'{0x00000000c80a66d8}> (0x00000000c80a66d8) 
thrown [src/hotspot/share/prims/jni.cpp, line 520]
Event: 16,260 Thread 0x00007fb0400179a0 Exception <a 'java/lang/NoSuchMethodError'{0x00000000c80b8a88}: 'long java.lang.invoke.DelegatingMethodHandle$Holder.reinvoke_L(java.lang.Object, java.lang.Object)'> (0x00000000c80b8a88) 
thrown [src/hotspot/share/interpreter/linkResolver.cpp, line 772]
Event: 16,263 Thread 0x00007fb0400179a0 Exception <a 'java/lang/NoSuchMethodError'{0x00000000c80bf1d8}: 'long java.lang.invoke.Invokers$Holder.invokeExact_MT(java.lang.Object, java.lang.Object, java.lang.Object)'> (0x00000000c80bf1d8) 
thrown [src/hotspot/share/interpreter/linkResolver.cpp, line 772]

ZGC Phase Switch (0 events):
No events

VM Operations (20 events):
Event: 6,709 Executing VM operation: Cleanup
Event: 6,709 Executing VM operation: Cleanup done
Event: 7,993 Executing VM operation: get/set locals
Event: 7,993 Executing VM operation: get/set locals done
Event: 10,731 Executing VM operation: ChangeBreakpoints
Event: 10,731 Executing VM operation: ChangeBreakpoints done
Event: 12,774 Executing VM operation: get/set locals
Event: 12,774 Executing VM operation: get/set locals done
Event: 12,774 Executing VM operation: get/set locals
Event: 12,774 Executing VM operation: get/set locals done
Event: 12,774 Executing VM operation: get/set locals
Event: 12,775 Executing VM operation: get/set locals done
Event: 12,775 Executing VM operation: get/set locals
Event: 12,775 Executing VM operation: get/set locals done
Event: 15,218 Executing VM operation: HandshakeAllThreads (Deoptimize)
Event: 15,218 Executing VM operation: HandshakeAllThreads (Deoptimize) done
Event: 15,218 Executing VM operation: Cleanup
Event: 15,218 Executing VM operation: Cleanup done
Event: 15,879 Executing VM operation: G1CollectForAllocation (G1 Evacuation Pause)
Event: 15,891 Executing VM operation: G1CollectForAllocation (G1 Evacuation Pause) done

Events (20 events):
Event: 0,082 Thread 0x00007fb0400da5a0 Thread added: 0x00007fb0400da5a0
Event: 0,082 Protecting memory [0x00007fb044500000,0x00007fb044504000] with protection modes 0
Event: 0,083 Thread 0x00007fb0400dbbe0 Thread added: 0x00007fb0400dbbe0
Event: 0,083 Protecting memory [0x00007fb044400000,0x00007fb044404000] with protection modes 0
Event: 0,083 Thread 0x00007fb0400dd180 Thread added: 0x00007fb0400dd180
Event: 0,083 Protecting memory [0x00007fb044300000,0x00007fb044304000] with protection modes 0
Event: 0,084 Thread 0x00007fb0400decc0 Thread added: 0x00007fb0400decc0
Event: 0,084 Protecting memory [0x00007fb044200000,0x00007fb044204000] with protection modes 0
Event: 0,095 Thread 0x00007fb0400e0380 Thread added: 0x00007fb0400e0380
Event: 0,104 Protecting memory [0x00007fb044100000,0x00007fb044104000] with protection modes 0
Event: 0,154 Thread 0x00007fb040102ab0 Thread added: 0x00007fb040102ab0
Event: 0,155 Protecting memory [0x00007fb03ff00000,0x00007fb03ff04000] with protection modes 0
Event: 0,157 Thread 0x00007fb040104d70 Thread added: 0x00007fb040104d70
Event: 0,157 Protecting memory [0x00007fb028300000,0x00007fb028304000] with protection modes 0
Event: 0,159 Thread 0x000055ada1b0efe0 Thread added: 0x000055ada1b0efe0
Event: 0,163 Protecting memory [0x00007fb028200000,0x00007fb028204000] with protection modes 0
Event: 0,641 Thread 0x00007fb040106010 Thread added: 0x00007fb040106010
Event: 0,642 Protecting memory [0x00007fb028100000,0x00007fb028104000] with protection modes 0
Event: 0,649 Thread 0x00007fb040129d40 Thread added: 0x00007fb040129d40
Event: 0,654 Protecting memory [0x00007fb028000000,0x00007fb028004000] with protection modes 0


Dynamic libraries:
c4800000-c8400000 rw-p 00000000 00:00 0 
c8400000-ffe00000 ---p 00000000 00:00 0 
ffe00000-fff08000 rw-p 00ce7000 08:03 10111197                           /usr/lib/jvm/java-21-openjdk/lib/server/classes.jsa
fff08000-100000000 rw-p 00000000 00:00 0 
55ada0889000-55ada088a000 r--p 00000000 08:03 10111141                   /usr/lib/jvm/java-21-openjdk/bin/java
55ada088a000-55ada088b000 r-xp 00001000 08:03 10111141                   /usr/lib/jvm/java-21-openjdk/bin/java
55ada088b000-55ada088c000 r--p 00002000 08:03 10111141                   /usr/lib/jvm/java-21-openjdk/bin/java
55ada088c000-55ada088d000 r--p 00002000 08:03 10111141                   /usr/lib/jvm/java-21-openjdk/bin/java
55ada088d000-55ada088e000 rw-p 00003000 08:03 10111141                   /usr/lib/jvm/java-21-openjdk/bin/java
55ada1af7000-55ada1b3e000 rw-p 00000000 00:00 0                          [heap]
7faf97c00000-7faf9874d000 r--p 00000000 08:03 9319036                    /usr/lib/libLLVM-16.so
7faf9874d000-7faf9cab0000 r-xp 00b4d000 08:03 9319036                    /usr/lib/libLLVM-16.so
7faf9cab0000-7faf9f851000 r--p 04eb0000 08:03 9319036                    /usr/lib/libLLVM-16.so
7faf9f851000-7faf9ff05000 r--p 07c50000 08:03 9319036                    /usr/lib/libLLVM-16.so
7faf9ff05000-7faf9ff4e000 rw-p 08304000 08:03 9319036                    /usr/lib/libLLVM-16.so
7faf9ff4e000-7faf9ffe1000 rw-p 00000000 00:00 0 
7fafa0000000-7fafa02f8000 rw-p 00000000 00:00 0 
7fafa02f8000-7fafa4000000 ---p 00000000 00:00 0 
7fafa4400000-7fafa44a3000 r--p 00000000 08:03 9319409                    /usr/lib/dri/crocus_dri.so
7fafa44a3000-7fafa6ede000 r-xp 000a3000 08:03 9319409                    /usr/lib/dri/crocus_dri.so
7fafa6ede000-7fafa7d43000 r--p 02ade000 08:03 9319409                    /usr/lib/dri/crocus_dri.so
7fafa7d43000-7fafa7dcd000 r--p 03942000 08:03 9319409                    /usr/lib/dri/crocus_dri.so
7fafa7dcd000-7fafa7de3000 rw-p 039cc000 08:03 9319409                    /usr/lib/dri/crocus_dri.so
7fafa7de3000-7fafa7fa4000 rw-p 00000000 00:00 0 
7fafa8000000-7fafa8021000 rw-p 00000000 00:00 0 
7fafa8021000-7fafac000000 ---p 00000000 00:00 0 
7fafac000000-7fafac234000 rw-p 00000000 00:00 0 
7fafac234000-7fafb0000000 ---p 00000000 00:00 0 
7fafb0000000-7fafb0021000 rw-p 00000000 00:00 0 
7fafb0021000-7fafb4000000 ---p 00000000 00:00 0 
7fafb4000000-7fafb4021000 rw-p 00000000 00:00 0 
7fafb4021000-7fafb8000000 ---p 00000000 00:00 0 
7fafb8000000-7fafb8021000 rw-p 00000000 00:00 0 
7fafb8021000-7fafbc000000 ---p 00000000 00:00 0 
7fafbc000000-7fafbc021000 rw-p 00000000 00:00 0 
7fafbc021000-7fafc0000000 ---p 00000000 00:00 0 
7fafc0000000-7fafc0021000 rw-p 00000000 00:00 0 
7fafc0021000-7fafc4000000 ---p 00000000 00:00 0 
7fafc4400000-7fafc4457000 r-xp 00000000 00:1a 191                        /tmp/lwjglvlad/3.2.2-build-10/liblwjgl_opengl.so
7fafc4457000-7fafc4656000 ---p 00057000 00:1a 191                        /tmp/lwjglvlad/3.2.2-build-10/liblwjgl_opengl.so
7fafc4656000-7fafc4657000 r--p 00056000 00:1a 191                        /tmp/lwjglvlad/3.2.2-build-10/liblwjgl_opengl.so
7fafc4657000-7fafc4658000 rw-p 00057000 00:1a 191                        /tmp/lwjglvlad/3.2.2-build-10/liblwjgl_opengl.so
7fafc47ff000-7fafc4800000 ---p 00000000 00:00 0 
7fafc4800000-7fafc5000000 rw-p 00000000 00:00 0 
7fafc5000000-7fafc6e8d000 r--p 00000000 08:03 9329756                    /usr/lib/libicudata.so.73.2
7fafc6e8d000-7fafc6e8e000 r--p 01e8c000 08:03 9329756                    /usr/lib/libicudata.so.73.2
7fafc7000000-7fafc71b0000 rw-p 00000000 00:00 0 
7fafc71b0000-7fafc7400000 ---p 00000000 00:00 0 
7fafc7400000-7fafc7510000 rw-p 00000000 00:00 0 
7fafc7510000-7fafc7740000 rw-p 00000000 00:00 0 
7fafc7740000-7fafcb000000 ---p 00000000 00:00 0 
7fafcb000000-7fafcbca8000 rw-p 00001000 08:03 10111197                   /usr/lib/jvm/java-21-openjdk/lib/server/classes.jsa
7fafcbca8000-7fafcc000000 ---p 00000000 00:00 0 
7fafcc000000-7fafcc030000 rw-p 00000000 00:00 0 
7fafcc030000-7fafcc040000 ---p 00000000 00:00 0 
7fafcc040000-7fafcc060000 rw-p 00000000 00:00 0 
7fafcc060000-7fb00c000000 ---p 00000000 00:00 0 
7fb00c000000-7fb00c021000 rw-p 00000000 00:00 0 
7fb00c021000-7fb010000000 ---p 00000000 00:00 0 
7fb010000000-7fb010021000 rw-p 00000000 00:00 0 
7fb010021000-7fb014000000 ---p 00000000 00:00 0 
7fb014000000-7fb014021000 rw-p 00000000 00:00 0 
7fb014021000-7fb018000000 ---p 00000000 00:00 0 
7fb0182fd000-7fb0182fe000 ---p 00000000 00:00 0 
7fb0182fe000-7fb0183fe000 rw-p 00000000 00:00 0 
7fb0183fe000-7fb01857e000 rw-s 104bb5000 00:0f 11078                     anon_inode:i915.gem
7fb01857e000-7fb0186be000 rw-s 101af5000 00:0f 11078                     anon_inode:i915.gem
7fb0186be000-7fb0186bf000 ---p 00000000 00:00 0 
7fb0186bf000-7fb018ebf000 rw-p 00000000 00:00 0 
7fb018ebf000-7fb019000000 rw-s 00000000 08:03 30015644                   /home/vlad/.cache/mesa_shader_cache/index
7fb019000000-7fb019065000 r--p 00000000 08:03 9329761                    /usr/lib/libicuuc.so.73.2
7fb019065000-7fb019162000 r-xp 00065000 08:03 9329761                    /usr/lib/libicuuc.so.73.2
7fb019162000-7fb0191f2000 r--p 00162000 08:03 9329761                    /usr/lib/libicuuc.so.73.2
7fb0191f2000-7fb019205000 r--p 001f2000 08:03 9329761                    /usr/lib/libicuuc.so.73.2
7fb019205000-7fb019206000 rw-p 00205000 08:03 9329761                    /usr/lib/libicuuc.so.73.2
7fb019206000-7fb019208000 rw-p 00000000 00:00 0 
7fb0192fd000-7fb019301000 r--p 00000000 08:03 9329829                    /usr/lib/liblzma.so.5.4.4
7fb019301000-7fb019322000 r-xp 00004000 08:03 9329829                    /usr/lib/liblzma.so.5.4.4
7fb019322000-7fb01932e000 r--p 00025000 08:03 9329829                    /usr/lib/liblzma.so.5.4.4
7fb01932e000-7fb01932f000 r--p 00031000 08:03 9329829                    /usr/lib/liblzma.so.5.4.4
7fb01932f000-7fb019330000 rw-p 00032000 08:03 9329829                    /usr/lib/liblzma.so.5.4.4
7fb019330000-7fb019333000 r--p 00000000 08:03 9329989                    /usr/lib/libpciaccess.so.0.11.1
7fb019333000-7fb019338000 r-xp 00003000 08:03 9329989                    /usr/lib/libpciaccess.so.0.11.1
7fb019338000-7fb01933a000 r--p 00008000 08:03 9329989                    /usr/lib/libpciaccess.so.0.11.1
7fb01933a000-7fb01933b000 r--p 00009000 08:03 9329989                    /usr/lib/libpciaccess.so.0.11.1
7fb01933b000-7fb01933c000 rw-p 0000a000 08:03 9329989                    /usr/lib/libpciaccess.so.0.11.1
7fb01933c000-7fb01936e000 r--p 00000000 08:03 9330272                    /usr/lib/libxml2.so.2.11.5
7fb01936e000-7fb01944c000 r-xp 00032000 08:03 9330272                    /usr/lib/libxml2.so.2.11.5
7fb01944c000-7fb019495000 r--p 00110000 08:03 9330272                    /usr/lib/libxml2.so.2.11.5
7fb019495000-7fb0194a0000 r--p 00158000 08:03 9330272                    /usr/lib/libxml2.so.2.11.5
7fb0194a0000-7fb0194a1000 rw-p 00163000 08:03 9330272                    /usr/lib/libxml2.so.2.11.5
7fb0194a1000-7fb0194a2000 rw-p 00000000 00:00 0 
7fb0194a2000-7fb0194b8000 r--p 00000000 08:03 9329894                    /usr/lib/libncursesw.so.6.4
7fb0194b8000-7fb0194fc000 r-xp 00016000 08:03 9329894                    /usr/lib/libncursesw.so.6.4
7fb0194fc000-7fb019514000 r--p 0005a000 08:03 9329894                    /usr/lib/libncursesw.so.6.4
7fb019514000-7fb019518000 r--p 00072000 08:03 9329894                    /usr/lib/libncursesw.so.6.4
7fb019518000-7fb019519000 rw-p 00076000 08:03 9329894                    /usr/lib/libncursesw.so.6.4
7fb019519000-7fb019522000 r--p 00000000 08:03 9317526                    /usr/lib/libedit.so.0.0.72
7fb019522000-7fb019541000 r-xp 00009000 08:03 9317526                    /usr/lib/libedit.so.0.0.72
7fb019541000-7fb01954f000 r--p 00028000 08:03 9317526                    /usr/lib/libedit.so.0.0.72
7fb01954f000-7fb019551000 r--p 00036000 08:03 9317526                    /usr/lib/libedit.so.0.0.72
7fb019551000-7fb019552000 rw-p 00038000 08:03 9317526                    /usr/lib/libedit.so.0.0.72
7fb019552000-7fb019555000 rw-p 00000000 00:00 0 
7fb019555000-7fb019557000 r--p 00000000 08:03 9329588                    /usr/lib/libffi.so.8.1.2
7fb019557000-7fb01955d000 r-xp 00002000 08:03 9329588                    /usr/lib/libffi.so.8.1.2
7fb01955d000-7fb01955e000 r--p 00008000 08:03 9329588                    /usr/lib/libffi.so.8.1.2
7fb01955e000-7fb01955f000 r--p 00009000 08:03 9329588                    /usr/lib/libffi.so.8.1.2
7fb01955f000-7fb019560000 rw-p 0000a000 08:03 9329588                    /usr/lib/libffi.so.8.1.2
7fb019560000-7fb019563000 r--p 00000000 08:03 9316572                    /usr/lib/libdrm_intel.so.1.0.0
7fb019563000-7fb019578000 r-xp 00003000 08:03 9316572                    /usr/lib/libdrm_intel.so.1.0.0
7fb019578000-7fb019582000 r--p 00018000 08:03 9316572                    /usr/lib/libdrm_intel.so.1.0.0
7fb019582000-7fb019583000 r--p 00021000 08:03 9316572                    /usr/lib/libdrm_intel.so.1.0.0
7fb019583000-7fb019584000 rw-p 00022000 08:03 9316572                    /usr/lib/libdrm_intel.so.1.0.0
7fb019584000-7fb019586000 r--p 00000000 08:03 9316575                    /usr/lib/libdrm_nouveau.so.2.0.0
7fb019586000-7fb01958a000 r-xp 00002000 08:03 9316575                    /usr/lib/libdrm_nouveau.so.2.0.0
7fb01958a000-7fb01958c000 r--p 00006000 08:03 9316575                    /usr/lib/libdrm_nouveau.so.2.0.0
7fb01958c000-7fb01958d000 r--p 00007000 08:03 9316575                    /usr/lib/libdrm_nouveau.so.2.0.0
7fb01958d000-7fb01958e000 rw-p 00008000 08:03 9316575                    /usr/lib/libdrm_nouveau.so.2.0.0
7fb01958e000-7fb019591000 r--p 00000000 08:03 9316569                    /usr/lib/libdrm_amdgpu.so.1.0.0
7fb019591000-7fb019596000 r-xp 00003000 08:03 9316569                    /usr/lib/libdrm_amdgpu.so.1.0.0
7fb019596000-7fb019598000 r--p 00008000 08:03 9316569                    /usr/lib/libdrm_amdgpu.so.1.0.0
7fb019598000-7fb019599000 r--p 00009000 08:03 9316569                    /usr/lib/libdrm_amdgpu.so.1.0.0
7fb019599000-7fb01959a000 rw-p 0000a000 08:03 9316569                    /usr/lib/libdrm_amdgpu.so.1.0.0
7fb01959a000-7fb01959e000 r--p 00000000 08:03 9329563                    /usr/lib/libelf-0.189.so
7fb01959e000-7fb0195b0000 r-xp 00004000 08:03 9329563                    /usr/lib/libelf-0.189.so
7fb0195b0000-7fb0195b4000 r--p 00016000 08:03 9329563                    /usr/lib/libelf-0.189.so
7fb0195b4000-7fb0195b5000 r--p 0001a000 08:03 9329563                    /usr/lib/libelf-0.189.so
7fb0195b5000-7fb0195b6000 rw-p 0001b000 08:03 9329563                    /usr/lib/libelf-0.189.so
7fb0195b6000-7fb0195b8000 r--p 00000000 08:03 9316578                    /usr/lib/libdrm_radeon.so.1.0.1
7fb0195b8000-7fb0195be000 r-xp 00002000 08:03 9316578                    /usr/lib/libdrm_radeon.so.1.0.1
7fb0195be000-7fb0195c2000 r--p 00008000 08:03 9316578                    /usr/lib/libdrm_radeon.so.1.0.1
7fb0195c2000-7fb0195c3000 r--p 0000b000 08:03 9316578                    /usr/lib/libdrm_radeon.so.1.0.1
7fb0195c3000-7fb0195c4000 rw-p 0000c000 08:03 9316578                    /usr/lib/libdrm_radeon.so.1.0.1
7fb0195c4000-7fb0195c7000 r--p 00000000 08:03 9330073                    /usr/lib/libsensors.so.5.0.0
7fb0195c7000-7fb0195ce000 r-xp 00003000 08:03 9330073                    /usr/lib/libsensors.so.5.0.0
7fb0195ce000-7fb0195d2000 r--p 0000a000 08:03 9330073                    /usr/lib/libsensors.so.5.0.0
7fb0195d2000-7fb0195d3000 r--p 0000e000 08:03 9330073                    /usr/lib/libsensors.so.5.0.0
7fb0195d3000-7fb0195d4000 rw-p 0000f000 08:03 9330073                    /usr/lib/libsensors.so.5.0.0
7fb0195d4000-7fb0195e0000 r--p 00000000 08:03 9330286                    /usr/lib/libzstd.so.1.5.5
7fb0195e0000-7fb019691000 r-xp 0000c000 08:03 9330286                    /usr/lib/libzstd.so.1.5.5
7fb019691000-7fb0196a5000 r--p 000bd000 08:03 9330286                    /usr/lib/libzstd.so.1.5.5
7fb0196a5000-7fb0196a6000 r--p 000d1000 08:03 9330286                    /usr/lib/libzstd.so.1.5.5
7fb0196a6000-7fb0196a7000 rw-p 000d2000 08:03 9330286                    /usr/lib/libzstd.so.1.5.5
7fb0196a7000-7fb0196d7000 r--p 00000000 08:03 9961557                    /usr/share/locale/ru/LC_MESSAGES/libc.mo
7fb0196d7000-7fb0196da000 r--p 00000000 08:03 9313448                    /usr/lib/libxcb-xfixes.so.0.0.0
7fb0196da000-7fb0196dd000 r-xp 00003000 08:03 9313448                    /usr/lib/libxcb-xfixes.so.0.0.0
7fb0196dd000-7fb0196de000 r--p 00006000 08:03 9313448                    /usr/lib/libxcb-xfixes.so.0.0.0
7fb0196de000-7fb0196df000 r--p 00007000 08:03 9313448                    /usr/lib/libxcb-xfixes.so.0.0.0
7fb0196df000-7fb0196e0000 rw-p 00008000 08:03 9313448                    /usr/lib/libxcb-xfixes.so.0.0.0
7fb0196e0000-7fb0196e3000 r--p 00000000 08:03 9313442                    /usr/lib/libxcb-sync.so.1.0.0
7fb0196e3000-7fb0196e6000 r-xp 00003000 08:03 9313442                    /usr/lib/libxcb-sync.so.1.0.0
7fb0196e6000-7fb0196e7000 r--p 00006000 08:03 9313442                    /usr/lib/libxcb-sync.so.1.0.0
7fb0196e7000-7fb0196e8000 r--p 00007000 08:03 9313442                    /usr/lib/libxcb-sync.so.1.0.0
7fb0196e8000-7fb0196e9000 rw-p 00008000 08:03 9313442                    /usr/lib/libxcb-sync.so.1.0.0
7fb0196e9000-7fb0196ea000 r--p 00000000 08:03 9313418                    /usr/lib/libxcb-present.so.0.0.0
7fb0196ea000-7fb0196eb000 r-xp 00001000 08:03 9313418                    /usr/lib/libxcb-present.so.0.0.0
7fb0196eb000-7fb0196ec000 r--p 00002000 08:03 9313418                    /usr/lib/libxcb-present.so.0.0.0
7fb0196ec000-7fb0196ed000 r--p 00002000 08:03 9313418                    /usr/lib/libxcb-present.so.0.0.0
7fb0196ed000-7fb0196ee000 rw-p 00003000 08:03 9313418                    /usr/lib/libxcb-present.so.0.0.0
7fb0196ee000-7fb0196f5000 r--p 00000000 08:03 9313421                    /usr/lib/libxcb-randr.so.0.1.0
7fb0196f5000-7fb0196fb000 r-xp 00007000 08:03 9313421                    /usr/lib/libxcb-randr.so.0.1.0
7fb0196fb000-7fb0196fe000 r--p 0000d000 08:03 9313421                    /usr/lib/libxcb-randr.so.0.1.0
7fb0196fe000-7fb0196ff000 r--p 00010000 08:03 9313421                    /usr/lib/libxcb-randr.so.0.1.0
7fb0196ff000-7fb019700000 rw-p 00011000 08:03 9313421                    /usr/lib/libxcb-randr.so.0.1.0
7fb019700000-7fb019704000 r--p 00000000 08:03 9329577                    /usr/lib/libexpat.so.1.8.10
7fb019704000-7fb019720000 r-xp 00004000 08:03 9329577                    /usr/lib/libexpat.so.1.8.10
7fb019720000-7fb019728000 r--p 00020000 08:03 9329577                    /usr/lib/libexpat.so.1.8.10
7fb019728000-7fb01972a000 r--p 00028000 08:03 9329577                    /usr/lib/libexpat.so.1.8.10
7fb01972a000-7fb01972b000 rw-p 0002a000 08:03 9329577                    /usr/lib/libexpat.so.1.8.10
7fb01972b000-7fb019738000 r--p 00000000 08:03 9319425                    /usr/lib/libglapi.so.0.0.0
7fb019738000-7fb019746000 r-xp 0000d000 08:03 9319425                    /usr/lib/libglapi.so.0.0.0
7fb019746000-7fb01975b000 r--p 0001b000 08:03 9319425                    /usr/lib/libglapi.so.0.0.0
7fb01975b000-7fb01975f000 r--p 00030000 08:03 9319425                    /usr/lib/libglapi.so.0.0.0
7fb01975f000-7fb019760000 rw-p 00034000 08:03 9319425                    /usr/lib/libglapi.so.0.0.0
7fb019760000-7fb01977a000 r--p 00000000 08:03 9319416                    /usr/lib/libGLX_mesa.so.0.0.0
7fb01977a000-7fb0197e2000 r-xp 0001a000 08:03 9319416                    /usr/lib/libGLX_mesa.so.0.0.0
7fb0197e2000-7fb0197f9000 r--p 00082000 08:03 9319416                    /usr/lib/libGLX_mesa.so.0.0.0
7fb0197f9000-7fb0197fc000 r--p 00099000 08:03 9319416                    /usr/lib/libGLX_mesa.so.0.0.0
7fb0197fc000-7fb0197fd000 rw-p 0009c000 08:03 9319416                    /usr/lib/libGLX_mesa.so.0.0.0
7fb0197fd000-7fb019800000 rw-p 00000000 00:00 0 
7fb019800000-7fb019843000 r-xp 00000000 00:1a 190                        /tmp/lwjglvlad/3.2.2-build-10/libglfw.so
7fb019843000-7fb019a42000 ---p 00043000 00:1a 190                        /tmp/lwjglvlad/3.2.2-build-10/libglfw.so
7fb019a42000-7fb019a43000 r--p 00042000 00:1a 190                        /tmp/lwjglvlad/3.2.2-build-10/libglfw.so
7fb019a43000-7fb019a45000 rw-p 00043000 00:1a 190                        /tmp/lwjglvlad/3.2.2-build-10/libglfw.so
7fb019a45000-7fb019a66000 rw-p 00000000 00:00 0 
7fb019a67000-7fb019a69000 r--p 00000000 08:03 9313412                    /usr/lib/libxcb-dri3.so.0.1.0
7fb019a69000-7fb019a6b000 r-xp 00002000 08:03 9313412                    /usr/lib/libxcb-dri3.so.0.1.0
7fb019a6b000-7fb019a6c000 r--p 00004000 08:03 9313412                    /usr/lib/libxcb-dri3.so.0.1.0
7fb019a6c000-7fb019a6d000 r--p 00004000 08:03 9313412                    /usr/lib/libxcb-dri3.so.0.1.0
7fb019a6d000-7fb019a6e000 rw-p 00005000 08:03 9313412                    /usr/lib/libxcb-dri3.so.0.1.0
7fb019a6e000-7fb019a6f000 r--p 00000000 08:03 9330273                    /usr/lib/libxshmfence.so.1.0.0
7fb019a6f000-7fb019a70000 r-xp 00001000 08:03 9330273                    /usr/lib/libxshmfence.so.1.0.0
7fb019a70000-7fb019a71000 r--p 00002000 08:03 9330273                    /usr/lib/libxshmfence.so.1.0.0
7fb019a71000-7fb019a72000 r--p 00002000 08:03 9330273                    /usr/lib/libxshmfence.so.1.0.0
7fb019a72000-7fb019a73000 rw-p 00003000 08:03 9330273                    /usr/lib/libxshmfence.so.1.0.0
7fb019a73000-7fb019a7f000 r--p 00000000 08:03 9313415                    /usr/lib/libxcb-glx.so.0.0.0
7fb019a7f000-7fb019a88000 r-xp 0000c000 08:03 9313415                    /usr/lib/libxcb-glx.so.0.0.0
7fb019a88000-7fb019a8d000 r--p 00015000 08:03 9313415                    /usr/lib/libxcb-glx.so.0.0.0
7fb019a8d000-7fb019a8f000 r--p 0001a000 08:03 9313415                    /usr/lib/libxcb-glx.so.0.0.0
7fb019a8f000-7fb019a90000 rw-p 0001c000 08:03 9313415                    /usr/lib/libxcb-glx.so.0.0.0
7fb019a90000-7fb019a93000 r--p 00000000 08:03 9319536                    /usr/lib/libGLX.so.0.0.0
7fb019a93000-7fb019aad000 r-xp 00003000 08:03 9319536                    /usr/lib/libGLX.so.0.0.0
7fb019aad000-7fb019ab0000 r--p 0001d000 08:03 9319536                    /usr/lib/libGLX.so.0.0.0
7fb019ab0000-7fb019ab1000 r--p 00020000 08:03 9319536                    /usr/lib/libGLX.so.0.0.0
7fb019ab1000-7fb019ab2000 rw-p 00021000 08:03 9319536                    /usr/lib/libGLX.so.0.0.0
7fb019ab2000-7fb019ac2000 rw-p 00000000 00:00 0 
7fb019ac2000-7fb019b03000 r--p 00000000 08:03 9319631                    /usr/lib/libGLdispatch.so.0.0.0
7fb019b03000-7fb019b42000 r-xp 00041000 08:03 9319631                    /usr/lib/libGLdispatch.so.0.0.0
7fb019b42000-7fb019b55000 r--p 00080000 08:03 9319631                    /usr/lib/libGLdispatch.so.0.0.0
7fb019b55000-7fb019b71000 r--p 00093000 08:03 9319631                    /usr/lib/libGLdispatch.so.0.0.0
7fb019b71000-7fb019b72000 rw-p 000af000 08:03 9319631                    /usr/lib/libGLdispatch.so.0.0.0
7fb019b72000-7fb019b7a000 rw-p 00000000 00:00 0 
7fb019b7a000-7fb019bbc000 r--p 00000000 08:03 9319527                    /usr/lib/libGL.so.1.7.0
7fb019bbc000-7fb019bdb000 r-xp 00042000 08:03 9319527                    /usr/lib/libGL.so.1.7.0
7fb019bdb000-7fb019bf0000 r--p 00061000 08:03 9319527                    /usr/lib/libGL.so.1.7.0
7fb019bf0000-7fb019bfe000 r--p 00075000 08:03 9319527                    /usr/lib/libGL.so.1.7.0
7fb019bfe000-7fb019bff000 rw-p 00083000 08:03 9319527                    /usr/lib/libGL.so.1.7.0
7fb019bff000-7fb019c00000 rw-p 00000000 00:00 0 
7fb019c00000-7fb019c83000 r-xp 00000000 00:1a 189                        /tmp/lwjglvlad/3.2.2-build-10/liblwjgl.so
7fb019c83000-7fb019e83000 ---p 00083000 00:1a 189                        /tmp/lwjglvlad/3.2.2-build-10/liblwjgl.so
7fb019e83000-7fb019e84000 r--p 00083000 00:1a 189                        /tmp/lwjglvlad/3.2.2-build-10/liblwjgl.so
7fb019e84000-7fb019e86000 rw-p 00084000 00:1a 189                        /tmp/lwjglvlad/3.2.2-build-10/liblwjgl.so
7fb019e86000-7fb019e87000 rw-p 00000000 00:00 0 
7fb019e89000-7fb019e8a000 r--p 00000000 08:03 9313439                    /usr/lib/libxcb-shm.so.0.0.0
7fb019e8a000-7fb019e8b000 r-xp 00001000 08:03 9313439                    /usr/lib/libxcb-shm.so.0.0.0
7fb019e8b000-7fb019e8c000 r--p 00002000 08:03 9313439                    /usr/lib/libxcb-shm.so.0.0.0
7fb019e8c000-7fb019e8d000 r--p 00002000 08:03 9313439                    /usr/lib/libxcb-shm.so.0.0.0
7fb019e8d000-7fb019e8e000 rw-p 00003000 08:03 9313439                    /usr/lib/libxcb-shm.so.0.0.0
7fb019e8e000-7fb019e90000 r--p 00000000 08:03 9313409                    /usr/lib/libxcb-dri2.so.0.0.0
7fb019e90000-7fb019e92000 r-xp 00002000 08:03 9313409                    /usr/lib/libxcb-dri2.so.0.0.0
7fb019e92000-7fb019e93000 r--p 00004000 08:03 9313409                    /usr/lib/libxcb-dri2.so.0.0.0
7fb019e93000-7fb019e94000 r--p 00004000 08:03 9313409                    /usr/lib/libxcb-dri2.so.0.0.0
7fb019e94000-7fb019e95000 rw-p 00005000 08:03 9313409                    /usr/lib/libxcb-dri2.so.0.0.0
7fb019e95000-7fb019e9a000 r--p 00000000 08:03 9316566                    /usr/lib/libdrm.so.2.4.0
7fb019e9a000-7fb019ea6000 r-xp 00005000 08:03 9316566                    /usr/lib/libdrm.so.2.4.0
7fb019ea6000-7fb019eaa000 r--p 00011000 08:03 9316566                    /usr/lib/libdrm.so.2.4.0
7fb019eaa000-7fb019eab000 r--p 00015000 08:03 9316566                    /usr/lib/libdrm.so.2.4.0
7fb019eab000-7fb019eac000 rw-p 00016000 08:03 9316566                    /usr/lib/libdrm.so.2.4.0
7fb019eac000-7fb019ead000 r--p 00000000 08:03 9313497                    /usr/lib/libX11-xcb.so.1.0.0
7fb019ead000-7fb019eae000 r-xp 00001000 08:03 9313497                    /usr/lib/libX11-xcb.so.1.0.0
7fb019eae000-7fb019eaf000 r--p 00002000 08:03 9313497                    /usr/lib/libX11-xcb.so.1.0.0
7fb019eaf000-7fb019eb0000 r--p 00002000 08:03 9313497                    /usr/lib/libX11-xcb.so.1.0.0
7fb019eb0000-7fb019eb1000 rw-p 00003000 08:03 9313497                    /usr/lib/libX11-xcb.so.1.0.0
7fb019eb1000-7fb019eb4000 r--p 00000000 08:03 9329359                    /usr/lib/libXcursor.so.1.0.2
7fb019eb4000-7fb019eb9000 r-xp 00003000 08:03 9329359                    /usr/lib/libXcursor.so.1.0.2
7fb019eb9000-7fb019ebb000 r--p 00008000 08:03 9329359                    /usr/lib/libXcursor.so.1.0.2
7fb019ebb000-7fb019ebc000 r--p 00009000 08:03 9329359                    /usr/lib/libXcursor.so.1.0.2
7fb019ebc000-7fb019ebd000 rw-p 0000a000 08:03 9329359                    /usr/lib/libXcursor.so.1.0.2
7fb019ebd000-7fb019ed9000 r--p 00000000 08:03 9313500                    /usr/lib/libX11.so.6.4.0
7fb019ed9000-7fb019f64000 r-xp 0001c000 08:03 9313500                    /usr/lib/libX11.so.6.4.0
7fb019f64000-7fb019ff9000 r--p 000a7000 08:03 9313500                    /usr/lib/libX11.so.6.4.0
7fb019ff9000-7fb019ffc000 r--p 0013b000 08:03 9313500                    /usr/lib/libX11.so.6.4.0
7fb019ffc000-7fb01a000000 rw-p 0013e000 08:03 9313500                    /usr/lib/libX11.so.6.4.0
7fb01a000000-7fb01c021000 rw-p 00000000 00:00 0 
7fb01c021000-7fb020000000 ---p 00000000 00:00 0 
7fb020000000-7fb020021000 rw-p 00000000 00:00 0 
7fb020021000-7fb024000000 ---p 00000000 00:00 0 
7fb024000000-7fb024021000 rw-p 00000000 00:00 0 
7fb024021000-7fb028000000 ---p 00000000 00:00 0 
7fb028000000-7fb028004000 ---p 00000000 00:00 0 
7fb028004000-7fb028100000 rw-p 00000000 00:00 0 
7fb028100000-7fb028104000 ---p 00000000 00:00 0 
7fb028104000-7fb028200000 rw-p 00000000 00:00 0 
7fb028200000-7fb028204000 ---p 00000000 00:00 0 
7fb028204000-7fb028300000 rw-p 00000000 00:00 0 
7fb028300000-7fb028304000 ---p 00000000 00:00 0 
7fb028304000-7fb028400000 rw-p 00000000 00:00 0 
7fb028400000-7fb028670000 rwxp 00000000 00:00 0 
7fb028670000-7fb02f938000 ---p 00000000 00:00 0 
7fb02f938000-7fb02fba8000 rwxp 00000000 00:00 0 
7fb02fba8000-7fb02fec7000 ---p 00000000 00:00 0 
7fb02fec7000-7fb030137000 rwxp 00000000 00:00 0 
7fb030137000-7fb037400000 ---p 00000000 00:00 0 
7fb037400000-7fb03fedb000 r--s 00000000 08:03 10111188                   /usr/lib/jvm/java-21-openjdk/lib/modules
7fb03fede000-7fb03fee0000 r--p 00000000 08:03 9329363                    /usr/lib/libXfixes.so.3.1.0
7fb03fee0000-7fb03fee3000 r-xp 00002000 08:03 9329363                    /usr/lib/libXfixes.so.3.1.0
7fb03fee3000-7fb03fee4000 r--p 00005000 08:03 9329363                    /usr/lib/libXfixes.so.3.1.0
7fb03fee4000-7fb03fee5000 r--p 00006000 08:03 9329363                    /usr/lib/libXfixes.so.3.1.0
7fb03fee5000-7fb03fee6000 rw-p 00007000 08:03 9329363                    /usr/lib/libXfixes.so.3.1.0
7fb03fee6000-7fb03fee8000 r--p 00000000 08:03 9329372                    /usr/lib/libXrender.so.1.3.0
7fb03fee8000-7fb03feef000 r-xp 00002000 08:03 9329372                    /usr/lib/libXrender.so.1.3.0
7fb03feef000-7fb03fef1000 r--p 00009000 08:03 9329372                    /usr/lib/libXrender.so.1.3.0
7fb03fef1000-7fb03fef2000 r--p 0000a000 08:03 9329372                    /usr/lib/libXrender.so.1.3.0
7fb03fef2000-7fb03fef3000 rw-p 0000b000 08:03 9329372                    /usr/lib/libXrender.so.1.3.0
7fb03fef3000-7fb03fef5000 r--p 00000000 08:03 9326346                    /usr/lib/libXrandr.so.2.2.0
7fb03fef5000-7fb03fefc000 r-xp 00002000 08:03 9326346                    /usr/lib/libXrandr.so.2.2.0
7fb03fefc000-7fb03fefe000 r--p 00009000 08:03 9326346                    /usr/lib/libXrandr.so.2.2.0
7fb03fefe000-7fb03feff000 r--p 0000a000 08:03 9326346                    /usr/lib/libXrandr.so.2.2.0
7fb03feff000-7fb03ff00000 rw-p 0000b000 08:03 9326346                    /usr/lib/libXrandr.so.2.2.0
7fb03ff00000-7fb03ff04000 ---p 00000000 00:00 0 
7fb03ff04000-7fb040639000 rw-p 00000000 00:00 0 
7fb040639000-7fb044000000 ---p 00000000 00:00 0 
7fb044001000-7fb044002000 r--p 00000000 08:03 9329367                    /usr/lib/libXinerama.so.1.0.0
7fb044002000-7fb044003000 r-xp 00001000 08:03 9329367                    /usr/lib/libXinerama.so.1.0.0
7fb044003000-7fb044004000 r--p 00002000 08:03 9329367                    /usr/lib/libXinerama.so.1.0.0
7fb044004000-7fb044005000 r--p 00002000 08:03 9329367                    /usr/lib/libXinerama.so.1.0.0
7fb044005000-7fb044006000 rw-p 00003000 08:03 9329367                    /usr/lib/libXinerama.so.1.0.0
7fb044006000-7fb044009000 r--p 00000000 08:03 9329366                    /usr/lib/libXi.so.6.1.0
7fb044009000-7fb044015000 r-xp 00003000 08:03 9329366                    /usr/lib/libXi.so.6.1.0
7fb044015000-7fb044018000 r--p 0000f000 08:03 9329366                    /usr/lib/libXi.so.6.1.0
7fb044018000-7fb044019000 r--p 00011000 08:03 9329366                    /usr/lib/libXi.so.6.1.0
7fb044019000-7fb04401a000 rw-p 00012000 08:03 9329366                    /usr/lib/libXi.so.6.1.0
7fb04401a000-7fb04401e000 r--p 00000000 08:03 9329362                    /usr/lib/libXext.so.6.4.0
7fb04401e000-7fb044029000 r-xp 00004000 08:03 9329362                    /usr/lib/libXext.so.6.4.0
7fb044029000-7fb04402d000 r--p 0000f000 08:03 9329362                    /usr/lib/libXext.so.6.4.0
7fb04402d000-7fb04402e000 r--p 00012000 08:03 9329362                    /usr/lib/libXext.so.6.4.0
7fb04402e000-7fb04402f000 rw-p 00013000 08:03 9329362                    /usr/lib/libXext.so.6.4.0
7fb04402f000-7fb044034000 r--p 00000000 08:03 10111174                   /usr/lib/jvm/java-21-openjdk/lib/libjsvml.so
7fb044034000-7fb044075000 r-xp 00005000 08:03 10111174                   /usr/lib/jvm/java-21-openjdk/lib/libjsvml.so
7fb044075000-7fb0440fe000 r--p 00046000 08:03 10111174                   /usr/lib/jvm/java-21-openjdk/lib/libjsvml.so
7fb0440fe000-7fb0440ff000 r--p 000ce000 08:03 10111174                   /usr/lib/jvm/java-21-openjdk/lib/libjsvml.so
7fb0440ff000-7fb044100000 rw-p 000cf000 08:03 10111174                   /usr/lib/jvm/java-21-openjdk/lib/libjsvml.so
7fb044100000-7fb044104000 ---p 00000000 00:00 0 
7fb044104000-7fb044200000 rw-p 00000000 00:00 0 
7fb044200000-7fb044204000 ---p 00000000 00:00 0 
7fb044204000-7fb044300000 rw-p 00000000 00:00 0 
7fb044300000-7fb044304000 ---p 00000000 00:00 0 
7fb044304000-7fb044400000 rw-p 00000000 00:00 0 
7fb044400000-7fb044404000 ---p 00000000 00:00 0 
7fb044404000-7fb044500000 rw-p 00000000 00:00 0 
7fb044500000-7fb044504000 ---p 00000000 00:00 0 
7fb044504000-7fb044600000 rw-p 00000000 00:00 0 
7fb044600000-7fb044604000 ---p 00000000 00:00 0 
7fb044604000-7fb044700000 rw-p 00000000 00:00 0 
7fb044700000-7fb044704000 ---p 00000000 00:00 0 
7fb044704000-7fb044800000 rw-p 00000000 00:00 0 
7fb044800000-7fb044aeb000 r--p 00000000 08:03 9310393                    /usr/lib/locale/locale-archive
7fb044aee000-7fb044aef000 r--p 00000000 08:03 9329379                    /usr/lib/libXxf86vm.so.1.0.0
7fb044aef000-7fb044af2000 r-xp 00001000 08:03 9329379                    /usr/lib/libXxf86vm.so.1.0.0
7fb044af2000-7fb044af3000 r--p 00004000 08:03 9329379                    /usr/lib/libXxf86vm.so.1.0.0
7fb044af3000-7fb044af4000 r--p 00004000 08:03 9329379                    /usr/lib/libXxf86vm.so.1.0.0
7fb044af4000-7fb044af5000 rw-p 00005000 08:03 9329379                    /usr/lib/libXxf86vm.so.1.0.0
7fb044af5000-7fb044af7000 r--p 00000000 08:03 9329361                    /usr/lib/libXdmcp.so.6.0.0
7fb044af7000-7fb044af9000 r-xp 00002000 08:03 9329361                    /usr/lib/libXdmcp.so.6.0.0
7fb044af9000-7fb044afb000 r--p 00004000 08:03 9329361                    /usr/lib/libXdmcp.so.6.0.0
7fb044afb000-7fb044afc000 r--p 00005000 08:03 9329361                    /usr/lib/libXdmcp.so.6.0.0
7fb044afc000-7fb044afd000 rw-p 00006000 08:03 9329361                    /usr/lib/libXdmcp.so.6.0.0
7fb044afd000-7fb044afe000 r--p 00000000 08:03 9329357                    /usr/lib/libXau.so.6.0.0
7fb044afe000-7fb044aff000 r-xp 00001000 08:03 9329357                    /usr/lib/libXau.so.6.0.0
7fb044aff000-7fb044b00000 r--p 00002000 08:03 9329357                    /usr/lib/libXau.so.6.0.0
7fb044b00000-7fb044b01000 r--p 00002000 08:03 9329357                    /usr/lib/libXau.so.6.0.0
7fb044b01000-7fb044b02000 rw-p 00003000 08:03 9329357                    /usr/lib/libXau.so.6.0.0
7fb044b02000-7fb044b0e000 r--p 00000000 08:03 9313469                    /usr/lib/libxcb.so.1.1.0
7fb044b0e000-7fb044b22000 r-xp 0000c000 08:03 9313469                    /usr/lib/libxcb.so.1.1.0
7fb044b22000-7fb044b2b000 r--p 00020000 08:03 9313469                    /usr/lib/libxcb.so.1.1.0
7fb044b2b000-7fb044b2c000 r--p 00028000 08:03 9313469                    /usr/lib/libxcb.so.1.1.0
7fb044b2c000-7fb044b2d000 rw-p 00029000 08:03 9313469                    /usr/lib/libxcb.so.1.1.0
7fb044b2d000-7fb044b2e000 r--p 00000000 08:03 9310387                    /usr/lib/librt.so.1
7fb044b2e000-7fb044b2f000 r-xp 00001000 08:03 9310387                    /usr/lib/librt.so.1
7fb044b2f000-7fb044b30000 r--p 00002000 08:03 9310387                    /usr/lib/librt.so.1
7fb044b30000-7fb044b31000 r--p 00002000 08:03 9310387                    /usr/lib/librt.so.1
7fb044b31000-7fb044b32000 rw-p 00003000 08:03 9310387                    /usr/lib/librt.so.1
7fb044b32000-7fb044b33000 r--p 00000000 08:03 9310382                    /usr/lib/libpthread.so.0
7fb044b33000-7fb044b34000 r-xp 00001000 08:03 9310382                    /usr/lib/libpthread.so.0
7fb044b34000-7fb044b35000 r--p 00002000 08:03 9310382                    /usr/lib/libpthread.so.0
7fb044b35000-7fb044b36000 r--p 00002000 08:03 9310382                    /usr/lib/libpthread.so.0
7fb044b36000-7fb044b37000 rw-p 00003000 08:03 9310382                    /usr/lib/libpthread.so.0
7fb044b37000-7fb044b38000 r--p 00000000 08:03 9310360                    /usr/lib/libdl.so.2
7fb044b38000-7fb044b39000 r-xp 00001000 08:03 9310360                    /usr/lib/libdl.so.2
7fb044b39000-7fb044b3a000 r--p 00002000 08:03 9310360                    /usr/lib/libdl.so.2
7fb044b3a000-7fb044b3b000 r--p 00002000 08:03 9310360                    /usr/lib/libdl.so.2
7fb044b3b000-7fb044b3c000 rw-p 00003000 08:03 9310360                    /usr/lib/libdl.so.2
7fb044b45000-7fb044b46000 r-xp 00000000 00:00 0 
7fb044b46000-7fb044b4a000 rw-s 103fc5000 00:0f 11078                     anon_inode:i915.gem
7fb044b4a000-7fb044b50000 rw-s 1067ed000 00:0f 11078                     anon_inode:i915.gem
7fb044b50000-7fb044b54000 rw-s 100d52000 00:0f 11078                     anon_inode:i915.gem
7fb044b54000-7fb044b5a000 rw-s 10326d000 00:0f 11078                     anon_inode:i915.gem
7fb044b5a000-7fb044b5b000 rw-s 00000000 00:01 16153                      /memfd:xshmfence (deleted)
7fb044b5b000-7fb044b5c000 rw-s 101d9b000 00:0f 11078                     anon_inode:i915.gem
7fb044b5c000-7fb044b5f000 r--p 00000000 08:03 10111180                   /usr/lib/jvm/java-21-openjdk/lib/libnet.so
7fb044b5f000-7fb044b66000 r-xp 00003000 08:03 10111180                   /usr/lib/jvm/java-21-openjdk/lib/libnet.so
7fb044b66000-7fb044b68000 r--p 0000a000 08:03 10111180                   /usr/lib/jvm/java-21-openjdk/lib/libnet.so
7fb044b68000-7fb044b69000 r--p 0000b000 08:03 10111180                   /usr/lib/jvm/java-21-openjdk/lib/libnet.so
7fb044b69000-7fb044b6a000 rw-p 0000c000 08:03 10111180                   /usr/lib/jvm/java-21-openjdk/lib/libnet.so
7fb044b6a000-7fb044b6b000 ---p 00000000 00:00 0 
7fb044b6b000-7fb044c6b000 rw-p 00000000 00:00 0 
7fb044c6b000-7fb044c6c000 ---p 00000000 00:00 0 
7fb044c6c000-7fb044e89000 rw-p 00000000 00:00 0 
7fb044e89000-7fb044e8a000 ---p 00000000 00:00 0 
7fb044e8a000-7fb044f8a000 rw-p 00000000 00:00 0 
7fb044f8a000-7fb044f8b000 ---p 00000000 00:00 0 
7fb044f8b000-7fb04528d000 rw-p 00000000 00:00 0 
7fb04528d000-7fb04528e000 ---p 00000000 00:00 0 
7fb04528e000-7fb04538e000 rw-p 00000000 00:00 0 
7fb04538e000-7fb04538f000 ---p 00000000 00:00 0 
7fb04538f000-7fb04548f000 rw-p 00000000 00:00 0 
7fb04548f000-7fb045490000 ---p 00000000 00:00 0 
7fb045490000-7fb045680000 rw-p 00000000 00:00 0 
7fb045680000-7fb046468000 ---p 00000000 00:00 0 
7fb046468000-7fb04646c000 rw-p 00000000 00:00 0 
7fb04646c000-7fb04648e000 rw-p 00000000 00:00 0 
7fb04648e000-7fb04664b000 ---p 00000000 00:00 0 
7fb04664b000-7fb04666a000 rw-p 00000000 00:00 0 
7fb04666a000-7fb046827000 ---p 00000000 00:00 0 
7fb046827000-7fb046a2f000 rw-p 00000000 00:00 0 
7fb046a2f000-7fb046b15000 ---p 00000000 00:00 0 
7fb046b15000-7fb046b1a000 rw-p 00000000 00:00 0 
7fb046b1a000-7fb046c00000 ---p 00000000 00:00 0 
7fb046c00000-7fb046c9c000 r--p 00000000 08:03 9330108                    /usr/lib/libstdc++.so.6.0.32
7fb046c9c000-7fb046dd3000 r-xp 0009c000 08:03 9330108                    /usr/lib/libstdc++.so.6.0.32
7fb046dd3000-7fb046e69000 r--p 001d3000 08:03 9330108                    /usr/lib/libstdc++.so.6.0.32
7fb046e69000-7fb046e76000 r--p 00269000 08:03 9330108                    /usr/lib/libstdc++.so.6.0.32
7fb046e76000-7fb046e77000 rw-p 00276000 08:03 9330108                    /usr/lib/libstdc++.so.6.0.32
7fb046e77000-7fb046e7b000 rw-p 00000000 00:00 0 
7fb046e7b000-7fb046e7c000 rw-s 100fc3000 00:0f 11078                     anon_inode:i915.gem
7fb046e7c000-7fb046e7d000 rw-s 1023ab000 00:0f 11078                     anon_inode:i915.gem
7fb046e7d000-7fb046e7f000 r--p 00000000 08:03 10111187                   /usr/lib/jvm/java-21-openjdk/lib/libzip.so
7fb046e7f000-7fb046e83000 r-xp 00002000 08:03 10111187                   /usr/lib/jvm/java-21-openjdk/lib/libzip.so
7fb046e83000-7fb046e85000 r--p 00006000 08:03 10111187                   /usr/lib/jvm/java-21-openjdk/lib/libzip.so
7fb046e85000-7fb046e86000 r--p 00007000 08:03 10111187                   /usr/lib/jvm/java-21-openjdk/lib/libzip.so
7fb046e86000-7fb046e87000 rw-p 00008000 08:03 10111187                   /usr/lib/jvm/java-21-openjdk/lib/libzip.so
7fb046e87000-7fb046e8e000 r--p 00000000 08:03 10111181                   /usr/lib/jvm/java-21-openjdk/lib/libnio.so
7fb046e8e000-7fb046e96000 r-xp 00007000 08:03 10111181                   /usr/lib/jvm/java-21-openjdk/lib/libnio.so
7fb046e96000-7fb046e9a000 r--p 0000f000 08:03 10111181                   /usr/lib/jvm/java-21-openjdk/lib/libnio.so
7fb046e9a000-7fb046e9b000 r--p 00013000 08:03 10111181                   /usr/lib/jvm/java-21-openjdk/lib/libnio.so
7fb046e9b000-7fb046e9c000 rw-p 00014000 08:03 10111181                   /usr/lib/jvm/java-21-openjdk/lib/libnio.so
7fb046e9c000-7fb046ebc000 rw-p 00000000 00:00 0 
7fb046ebc000-7fb046ebf000 r--p 00000000 08:03 10111170                   /usr/lib/jvm/java-21-openjdk/lib/libjdwp.so
7fb046ebf000-7fb046eef000 r-xp 00003000 08:03 10111170                   /usr/lib/jvm/java-21-openjdk/lib/libjdwp.so
7fb046eef000-7fb046efd000 r--p 00033000 08:03 10111170                   /usr/lib/jvm/java-21-openjdk/lib/libjdwp.so
7fb046efd000-7fb046efe000 r--p 00041000 08:03 10111170                   /usr/lib/jvm/java-21-openjdk/lib/libjdwp.so
7fb046efe000-7fb046eff000 rw-p 00042000 08:03 10111170                   /usr/lib/jvm/java-21-openjdk/lib/libjdwp.so
7fb046eff000-7fb046f00000 rw-p 00000000 00:00 0 
7fb046f00000-7fb046f04000 ---p 00000000 00:00 0 
7fb046f04000-7fb047000000 rw-p 00000000 00:00 0 
7fb047000000-7fb047296000 r--p 00000000 08:03 10111200                   /usr/lib/jvm/java-21-openjdk/lib/server/libjvm.so
7fb047296000-7fb048125000 r-xp 00296000 08:03 10111200                   /usr/lib/jvm/java-21-openjdk/lib/server/libjvm.so
7fb048125000-7fb0483f5000 r--p 01125000 08:03 10111200                   /usr/lib/jvm/java-21-openjdk/lib/server/libjvm.so
7fb0483f5000-7fb0484c4000 r--p 013f5000 08:03 10111200                   /usr/lib/jvm/java-21-openjdk/lib/server/libjvm.so
7fb0484c4000-7fb0484f4000 rw-p 014c4000 08:03 10111200                   /usr/lib/jvm/java-21-openjdk/lib/server/libjvm.so
7fb0484f4000-7fb048559000 rw-p 00000000 00:00 0 
7fb048559000-7fb04855d000 rw-s 100d80000 00:0f 11078                     anon_inode:i915.gem
7fb04855d000-7fb04855e000 r--p 00000000 08:03 10111160                   /usr/lib/jvm/java-21-openjdk/lib/libdt_socket.so
7fb04855e000-7fb048561000 r-xp 00001000 08:03 10111160                   /usr/lib/jvm/java-21-openjdk/lib/libdt_socket.so
7fb048561000-7fb048562000 r--p 00004000 08:03 10111160                   /usr/lib/jvm/java-21-openjdk/lib/libdt_socket.so
7fb048562000-7fb048563000 r--p 00005000 08:03 10111160                   /usr/lib/jvm/java-21-openjdk/lib/libdt_socket.so
7fb048563000-7fb048564000 rw-p 00006000 08:03 10111160                   /usr/lib/jvm/java-21-openjdk/lib/libdt_socket.so
7fb048564000-7fb048571000 r--p 00000000 08:03 10111168                   /usr/lib/jvm/java-21-openjdk/lib/libjava.so
7fb048571000-7fb04857e000 r-xp 0000d000 08:03 10111168                   /usr/lib/jvm/java-21-openjdk/lib/libjava.so
7fb04857e000-7fb048583000 r--p 0001a000 08:03 10111168                   /usr/lib/jvm/java-21-openjdk/lib/libjava.so
7fb048583000-7fb048584000 r--p 0001f000 08:03 10111168                   /usr/lib/jvm/java-21-openjdk/lib/libjava.so
7fb048584000-7fb048585000 rw-p 00020000 08:03 10111168                   /usr/lib/jvm/java-21-openjdk/lib/libjava.so
7fb048585000-7fb048586000 rw-p 00000000 00:00 0 
7fb048586000-7fb04858a000 r--p 00000000 08:03 9329624                    /usr/lib/libgcc_s.so.1
7fb04858a000-7fb0485a5000 r-xp 00004000 08:03 9329624                    /usr/lib/libgcc_s.so.1
7fb0485a5000-7fb0485a9000 r--p 0001f000 08:03 9329624                    /usr/lib/libgcc_s.so.1
7fb0485a9000-7fb0485aa000 r--p 00022000 08:03 9329624                    /usr/lib/libgcc_s.so.1
7fb0485aa000-7fb0485ab000 rw-p 00023000 08:03 9329624                    /usr/lib/libgcc_s.so.1
7fb0485ab000-7fb0485bb000 r--p 00000000 08:03 9310365                    /usr/lib/libm.so.6
7fb0485bb000-7fb04863a000 r-xp 00010000 08:03 9310365                    /usr/lib/libm.so.6
7fb04863a000-7fb048696000 r--p 0008f000 08:03 9310365                    /usr/lib/libm.so.6
7fb048696000-7fb048697000 r--p 000ea000 08:03 9310365                    /usr/lib/libm.so.6
7fb048697000-7fb048698000 rw-p 000eb000 08:03 9310365                    /usr/lib/libm.so.6
7fb048698000-7fb04869b000 rw-p 00000000 00:00 0 
7fb04869b000-7fb04869e000 r--p 00000000 08:03 9310805                    /usr/lib/libz.so.1.3
7fb04869e000-7fb0486ac000 r-xp 00003000 08:03 9310805                    /usr/lib/libz.so.1.3
7fb0486ac000-7fb0486b3000 r--p 00011000 08:03 9310805                    /usr/lib/libz.so.1.3
7fb0486b3000-7fb0486b4000 r--p 00017000 08:03 9310805                    /usr/lib/libz.so.1.3
7fb0486b4000-7fb0486b5000 rw-p 00018000 08:03 9310805                    /usr/lib/libz.so.1.3
7fb0486b5000-7fb0486db000 r--p 00000000 08:03 9310355                    /usr/lib/libc.so.6
7fb0486db000-7fb048835000 r-xp 00026000 08:03 9310355                    /usr/lib/libc.so.6
7fb048835000-7fb048889000 r--p 00180000 08:03 9310355                    /usr/lib/libc.so.6
7fb048889000-7fb04888d000 r--p 001d3000 08:03 9310355                    /usr/lib/libc.so.6
7fb04888d000-7fb04888f000 rw-p 001d7000 08:03 9310355                    /usr/lib/libc.so.6
7fb04888f000-7fb048897000 rw-p 00000000 00:00 0 
7fb048897000-7fb048898000 r-xp 00000000 00:00 0 
7fb048898000-7fb04889d000 rw-p 00000000 00:00 0 
7fb04889d000-7fb0488a4000 ---p 00000000 00:00 0 
7fb0488a4000-7fb0488ac000 rw-s 00000000 00:1a 1234                       /tmp/hsperfdata_vlad/1912
7fb0488ac000-7fb0488ad000 ---p 00000000 00:00 0 
7fb0488ad000-7fb0488ae000 r--p 00000000 00:00 0 
7fb0488ae000-7fb0488af000 ---p 00000000 00:00 0 
7fb0488af000-7fb0488b1000 r--p 00000000 08:03 10111171                   /usr/lib/jvm/java-21-openjdk/lib/libjimage.so
7fb0488b1000-7fb0488b4000 r-xp 00002000 08:03 10111171                   /usr/lib/jvm/java-21-openjdk/lib/libjimage.so
7fb0488b4000-7fb0488b5000 r--p 00005000 08:03 10111171                   /usr/lib/jvm/java-21-openjdk/lib/libjimage.so
7fb0488b5000-7fb0488b6000 r--p 00006000 08:03 10111171                   /usr/lib/jvm/java-21-openjdk/lib/libjimage.so
7fb0488b6000-7fb0488b7000 rw-p 00007000 08:03 10111171                   /usr/lib/jvm/java-21-openjdk/lib/libjimage.so
7fb0488b7000-7fb0488b9000 r--p 00000000 08:03 10111172                   /usr/lib/jvm/java-21-openjdk/lib/libjli.so
7fb0488b9000-7fb0488c3000 r-xp 00002000 08:03 10111172                   /usr/lib/jvm/java-21-openjdk/lib/libjli.so
7fb0488c3000-7fb0488c6000 r--p 0000c000 08:03 10111172                   /usr/lib/jvm/java-21-openjdk/lib/libjli.so
7fb0488c6000-7fb0488c7000 r--p 0000f000 08:03 10111172                   /usr/lib/jvm/java-21-openjdk/lib/libjli.so
7fb0488c7000-7fb0488c8000 rw-p 00010000 08:03 10111172                   /usr/lib/jvm/java-21-openjdk/lib/libjli.so
7fb0488c8000-7fb0488ca000 rw-p 00000000 00:00 0 
7fb0488ca000-7fb0488cb000 r--p 00000000 08:03 9310346                    /usr/lib/ld-linux-x86-64.so.2
7fb0488cb000-7fb0488f1000 r-xp 00001000 08:03 9310346                    /usr/lib/ld-linux-x86-64.so.2
7fb0488f1000-7fb0488fb000 r--p 00027000 08:03 9310346                    /usr/lib/ld-linux-x86-64.so.2
7fb0488fb000-7fb0488fd000 r--p 00031000 08:03 9310346                    /usr/lib/ld-linux-x86-64.so.2
7fb0488fd000-7fb0488ff000 rw-p 00033000 08:03 9310346                    /usr/lib/ld-linux-x86-64.so.2
7ffc253d5000-7ffc253f6000 rw-p 00000000 00:00 0                          [stack]
7ffc253f6000-7ffc253fa000 r--p 00000000 00:00 0                          [vvar]
7ffc253fa000-7ffc253fc000 r-xp 00000000 00:00 0                          [vdso]
ffffffffff600000-ffffffffff601000 --xp 00000000 00:00 0                  [vsyscall]
Total number of mappings: 492


VM Arguments:
jvm_args: -agentlib:jdwp=transport=dt_socket,server=n,suspend=y,address=localhost:42727 -XX:+ShowCodeDetailsInExceptionMessages 
java_command: org.asmodeus.Main
java_class_path (initial): /home/vlad//Freddy's Engine/Freddy-s-Engine/freddy-s-engine/target/classes:/home/vlad/.m2/repository/org/lwjgl/lwjgl/3.2.2/lwjgl-3.2.2-natives-linux.jar:/home/vlad/.m2/repository/org/lwjgl/lwjgl-opengl/3.2.2/lwjgl-opengl-3.2.2.jar:/home/vlad/.m2/repository/org/lwjgl/lwjgl/3.2.2/lwjgl-3.2.2.jar:/home/vlad/.m2/repository/org/lwjgl/lwjgl-opengl/3.2.2/lwjgl-opengl-3.2.2-natives-linux.jar:/home/vlad/.m2/repository/org/lwjgl/lwjgl-glfw/3.2.2/lwjgl-glfw-3.2.2.jar:/home/vlad/.m2/repository/org/lwjgl/lwjgl-glfw/3.2.2/lwjgl-glfw-3.2.2-natives-linux.jar
Launcher Type: SUN_STANDARD

[Global flags]
     intx CICompilerCount                          = 2                                         {product} {ergonomic}
     uint ConcGCThreads                            = 1                                         {product} {ergonomic}
     uint G1ConcRefinementThreads                  = 2                                         {product} {ergonomic}
   size_t G1HeapRegionSize                         = 1048576                                   {product} {ergonomic}
    uintx GCDrainStackTargetSize                   = 64                                        {product} {ergonomic}
   size_t InitialHeapSize                          = 62914560                                  {product} {ergonomic}
   size_t MarkStackSize                            = 4194304                                   {product} {ergonomic}
   size_t MaxHeapSize                              = 998244352                                 {product} {ergonomic}
   size_t MaxNewSize                               = 598736896                                 {product} {ergonomic}
   size_t MinHeapDeltaBytes                        = 1048576                                   {product} {ergonomic}
   size_t MinHeapSize                              = 8388608                                   {product} {ergonomic}
    uintx NonNMethodCodeHeapSize                   = 5826188                                {pd product} {ergonomic}
    uintx NonProfiledCodeHeapSize                  = 122916026                              {pd product} {ergonomic}
    uintx ProfiledCodeHeapSize                     = 122916026                              {pd product} {ergonomic}
    uintx ReservedCodeCacheSize                    = 251658240                              {pd product} {ergonomic}
     bool SegmentedCodeCache                       = true                                      {product} {ergonomic}
     bool ShowCodeDetailsInExceptionMessages       = true                                   {manageable} {command line}
   size_t SoftMaxHeapSize                          = 998244352                              {manageable} {ergonomic}
     bool UseCompressedOops                        = true                           {product lp64_product} {ergonomic}
     bool UseG1GC                                  = true                                      {product} {ergonomic}

Logging:
Log output configuration:
 #0: stdout all=warning uptime,level,tags foldmultilines=false
 #1: stderr all=off uptime,level,tags foldmultilines=false

Environment Variables:
PATH=/usr/local/bin:/usr/bin:/bin:/usr/local/sbin:/var/lib/flatpak/exports/bin:/usr/lib/jvm/default/bin:/usr/bin/site_perl:/usr/bin/vendor_perl:/usr/bin/core_perl
SHELL=/bin/bash
DISPLAY=:0
LANG=ru_RU.UTF-8
LC_NUMERIC=ru_RU.UTF-8
LC_TIME=ru_RU.UTF-8
TERM=xterm-256color

Active Locale:
LC_ALL=ru_RU.UTF-8
LC_COLLATE=ru_RU.UTF-8
LC_CTYPE=ru_RU.UTF-8
LC_MESSAGES=ru_RU.UTF-8
LC_MONETARY=ru_RU.UTF-8
LC_NUMERIC=ru_RU.UTF-8
LC_TIME=ru_RU.UTF-8

Signal Handlers:
   SIGSEGV: 0x00007fb048022540 in libjvm.so+16917824, mask=11100100010111111101111111111110, flags=SA_RESTART|SA_SIGINFO, unblocked
    SIGBUS: 0x00007fb048022540 in libjvm.so+16917824, mask=11100100010111111101111111111110, flags=SA_RESTART|SA_SIGINFO, unblocked
    SIGFPE: 0x00007fb048022540 in libjvm.so+16917824, mask=11100100010111111101111111111110, flags=SA_RESTART|SA_SIGINFO, unblocked
   SIGPIPE: 0x00007fb047e83e40 in libjvm.so+15220288, mask=11100100010111111101111111111110, flags=SA_RESTART|SA_SIGINFO, blocked
   SIGXFSZ: 0x00007fb047e83e40 in libjvm.so+15220288, mask=11100100010111111101111111111110, flags=SA_RESTART|SA_SIGINFO, blocked
    SIGILL: 0x00007fb048022540 in libjvm.so+16917824, mask=11100100010111111101111111111110, flags=SA_RESTART|SA_SIGINFO, unblocked
   SIGUSR2: 0x00007fb047e85690 in libjvm.so+15226512, mask=00000000000000000000000000000000, flags=SA_RESTART|SA_SIGINFO, blocked
    SIGHUP: 0x00007fb047e832e0 in libjvm.so+15217376, mask=11100100010111111101111111111110, flags=SA_RESTART|SA_SIGINFO, blocked
    SIGINT: 0x00007fb047e832e0 in libjvm.so+15217376, mask=11100100010111111101111111111110, flags=SA_RESTART|SA_SIGINFO, blocked
   SIGTERM: 0x00007fb047e832e0 in libjvm.so+15217376, mask=11100100010111111101111111111110, flags=SA_RESTART|SA_SIGINFO, blocked
   SIGQUIT: 0x00007fb047e832e0 in libjvm.so+15217376, mask=11100100010111111101111111111110, flags=SA_RESTART|SA_SIGINFO, blocked
   SIGTRAP: 0x00007fb048022540 in libjvm.so+16917824, mask=11100100010111111101111111111110, flags=SA_RESTART|SA_SIGINFO, unblocked


---------------  S Y S T E M  ---------------

OS:
DISTRIB_ID="Artix"
DISTRIB_RELEASE="rolling"
DISTRIB_DESCRIPTION="Artix Linux"
DISTRIB_CODENAME=mate-dinit-20230814
uname: Linux 6.5.7-artix1-1 #1 SMP PREEMPT_DYNAMIC Sun, 15 Oct 2023 22:13:26 +0000 x86_64
OS uptime: 0 days 1:38 hours
libc: glibc 2.38 NPTL 2.38 
rlimit (soft/hard): STACK 8192k/infinity , CORE 0k/infinity , NPROC 15125/15125 , NOFILE 4096/4096 , AS infinity/infinity , CPU infinity/infinity , DATA infinity/infinity , FSIZE infinity/infinity , MEMLOCK 8192k/8192k
load average: 1,57 1,24 1,21

/proc/meminfo:
MemTotal:        3893100 kB
MemFree:          848476 kB
MemAvailable:    1806000 kB
Buffers:           77716 kB
Cached:          1276336 kB
SwapCached:            0 kB
Active:          1696852 kB
Inactive:         987572 kB
Active(anon):    1080324 kB
Inactive(anon):   445368 kB
Active(file):     616528 kB
Inactive(file):   542204 kB
Unevictable:      152412 kB
Mlocked:              32 kB
SwapTotal:             0 kB
SwapFree:              0 kB
Zswap:                 0 kB
Zswapped:              0 kB
Dirty:               212 kB
Writeback:             0 kB
AnonPages:       1466688 kB
Mapped:           563264 kB
Shmem:            195236 kB
KReclaimable:      43296 kB
Slab:             101960 kB
SReclaimable:      43296 kB
SUnreclaim:        58664 kB
KernelStack:        8064 kB
PageTables:        16696 kB
SecPageTables:         0 kB
NFS_Unstable:          0 kB
Bounce:                0 kB
WritebackTmp:          0 kB
CommitLimit:     1946548 kB
Committed_AS:    5008612 kB
VmallocTotal:   34359738367 kB
VmallocUsed:       31712 kB
VmallocChunk:          0 kB
Percpu:             1168 kB
HardwareCorrupted:     0 kB
AnonHugePages:    720896 kB
ShmemHugePages:        0 kB
ShmemPmdMapped:        0 kB
FileHugePages:    176128 kB
FilePmdMapped:    106496 kB
CmaTotal:              0 kB
CmaFree:               0 kB
Unaccepted:            0 kB
HugePages_Total:       0
HugePages_Free:        0
HugePages_Rsvd:        0
HugePages_Surp:        0
Hugepagesize:       2048 kB
Hugetlb:               0 kB
DirectMap4k:      166592 kB
DirectMap2M:     3907584 kB

/sys/kernel/mm/transparent_hugepage/enabled: [always] madvise never
/sys/kernel/mm/transparent_hugepage/defrag (defrag/compaction efforts parameter): always defer defer+madvise [madvise] never

Process Memory:
Virtual Size: 3856228K (peak: 3857248K)
Resident Set Size: 200508K (peak: 200508K) (anon: 56616K, file: 143124K, shmem: 768K)
Swapped out: 0K
C-Heap outstanding allocations: 14339K, retained: 4460K
glibc malloc tunables: (default)

/proc/sys/kernel/threads-max (system-wide limit on the number of threads): 30250
/proc/sys/vm/max_map_count (maximum number of memory map areas a process may have): 65530
/proc/sys/kernel/pid_max (system-wide limit on number of process identifiers): 32768

container (cgroup) information:
container_type: cgroupv1
cpu_cpuset_cpus: 0-1
cpu_memory_nodes: 0
active_processor_count: 2
cpu_quota: no quota
cpu_period: 100000
cpu_shares: no shares
memory_limit_in_bytes: unlimited
memory_and_swap_limit_in_bytes: unlimited
memory_soft_limit_in_bytes: unlimited
memory_usage_in_bytes: 2820740 k
memory_max_usage_in_bytes: unlimited
kernel_memory_usage_in_bytes: unlimited
kernel_memory_max_usage_in_bytes: unlimited
kernel_memory_limit_in_bytes: unlimited
maximum number of tasks: not supported
current number of tasks: not supported

Steal ticks since vm start: 0
Steal ticks percentage since vm start:  0,000

CPU: total 4 (initial active 2) (2 cores per cpu, 1 threads per core) family 6 model 55 stepping 8 microcode 0x838, cx8, cmov, fxsr, mmx, 3dnowpref, sse, sse2, sse3, ssse3, sse4.1, sse4.2, popcnt, tsc, tscinvbit, erms, clmul, clflush, rdtscp
CPU Model and flags from /proc/cpuinfo:
model name	: Intel(R) Celeron(R) CPU  N2840  @ 2.16GHz
flags		: fpu vme de pse tsc msr pae mce cx8 apic sep mtrr pge mca cmov pat pse36 clflush dts acpi mmx fxsr sse sse2 ss ht tm pbe syscall nx rdtscp lm constant_tsc arch_perfmon pebs bts rep_good nopl xtopology tsc_reliable nonstop_tsc cpuid aperfmperf tsc_known_freq pni pclmulqdq dtes64 monitor ds_cpl est tm2 ssse3 cx16 xtpr pdcm sse4_1 sse4_2 movbe popcnt tsc_deadline_timer rdrand lahf_lm 3dnowprefetch epb pti ibrs ibpb stibp tsc_adjust smep erms dtherm ida arat md_clear

Online cpus: 0-1
Offline cpus: 2-3
BIOS frequency limitation: <Not Available>
Frequency switch latency (ns): 20000
Available cpu frequencies: <Not Available>
Current governor: schedutil
Core performance/turbo boost: <Not Available>

Memory: 4k page, physical 3893100k(1806000k free), swap 0k(0k free)
Page Sizes: 4k

vm_info: OpenJDK 64-Bit Server VM (21+35) for linux-amd64 JRE (21+35), built on 2023-09-22T00:54:16Z by "builduser" with gcc 13.2.1 20230801

END.
