#
# A fatal error has been detected by the Java Runtime Environment:
#
#  SIGSEGV (0xb) at pc=0x00007f3cf64d89ba, pid=3742, tid=3743
#
# JRE version: OpenJDK Runtime Environment (21.0+35) (build 21+35)
# Java VM: OpenJDK 64-Bit Server VM (21+35, mixed mode, sharing, tiered, compressed oops, compressed class ptrs, g1 gc, linux-amd64)
# Problematic frame:
# C  [libjdwp.so+0x2e9ba]
#
# No core dump will be written. Core dumps have been disabled. To enable core dumping, try "ulimit -c unlimited" before starting Java again
#
# If you would like to submit a bug report, please visit:
#   https://bugreport.java.com/bugreport/crash.jsp
# The crash happened outside the Java Virtual Machine in native code.
# See problematic frame for where to report the bug.
#

---------------  S U M M A R Y ------------

Command Line: -agentlib:jdwp=transport=dt_socket,server=n,suspend=y,address=localhost:34871 -XX:+ShowCodeDetailsInExceptionMessages org.asmodeus.Main

Host: Intel(R) Celeron(R) CPU  N2840  @ 2.16GHz, 4 cores, 3G, Artix Linux
Time: Sat Dec 23 16:39:21 2023 MSK elapsed time: 18.063946 seconds (0d 0h 0m 18s)

---------------  T H R E A D  ---------------

Current thread (0x00007f3cf00179a0):  JavaThread "main"             [_thread_in_native, id=3743, stack(0x00007f3cf6100000,0x00007f3cf6200000) (1024K)]

Stack: [0x00007f3cf6100000,0x00007f3cf6200000],  sp=0x00007f3cf61fe058,  free space=1016k
Native frames: (J=compiled Java code, j=interpreted, Vv=VM code, C=native code)
C  [libjdwp.so+0x2e9ba]
C  [libjdwp.so+0x18aba]
V  [libjvm.so+0xb2d23b]
V  [libjvm.so+0x8eff05]
V  [libjvm.so+0x8f580b]
V  [libjvm.so+0xb987da]
V  [libjvm.so+0xb98fbc]
V  [libjvm.so+0x915dfe]
V  [libjvm.so+0x9163c7]
j  org.lwjgl.opengl.GL11.glGetString(I)Ljava/lang/String;+1
j  org.asmodeus.engine.Core.gl_info()V+6
j  org.asmodeus.engine.Project.init(J)J+45
j  org.asmodeus.Main.run()V+4
j  org.asmodeus.Main.main([Ljava/lang/String;)V+13
v  ~StubRoutines::call_stub 0x00007f3cdf938cc5
V  [libjvm.so+0x91df3a]
V  [libjvm.so+0x9ca371]
V  [libjvm.so+0x9cc8f0]
C  [libjli.so+0x4cdf]
C  [libjli.so+0x7c6e]
Java frames: (J=compiled Java code, j=interpreted, Vv=VM code)
j  org.lwjgl.opengl.GL11.glGetString(I)Ljava/lang/String;+1
j  org.asmodeus.engine.Core.gl_info()V+6
j  org.asmodeus.engine.Project.init(J)J+45
j  org.asmodeus.Main.run()V+4
j  org.asmodeus.Main.main([Ljava/lang/String;)V+13
v  ~StubRoutines::call_stub 0x00007f3cdf938cc5

siginfo: si_signo: 11 (SIGSEGV), si_code: 128 (SI_KERNEL), si_addr: 0x0000000000000000

Registers:
RAX=0x00f3010100fe0173, RBX=0x00007f3cf61fe0e0, RCX=0x0000000000000000, RDX=0x00000000ffffff01
RSP=0x00007f3cf61fe058, RBP=0x00007f3cf61fe0d0, RSI=0x00007f3cf00cc0b0, RDI=0x00007f3cf0017d58
R8 =0x0000000000000002, R9 =0x0000000000000000, R10=0x00007f3cd84002f8, R11=0x0000000000000001
R12=0x0000000000000007, R13=0x00007f3cf00cc0b8, R14=0x00007f3cf64ed200, R15=0x00007f3cf0017d58
RIP=0x00007f3cf64d89ba, EFLAGS=0x0000000000010246, CSGSFS=0x002b000000000033, ERR=0x0000000000000000
  TRAPNO=0x000000000000000d


Register to memory mapping:

RAX=0x00f3010100fe0173 is an unknown value
RBX=0x00007f3cf61fe0e0 is pointing into the stack for thread: 0x00007f3cf00179a0
RCX=0x0 is null
RDX=0x00000000ffffff01 points into unknown readable memory: 00 00 00 00 00 00 00
RSP=0x00007f3cf61fe058 is pointing into the stack for thread: 0x00007f3cf00179a0
RBP=0x00007f3cf61fe0d0 is pointing into the stack for thread: 0x00007f3cf00179a0
RSI=0x00007f3cf00cc0b0 points into unknown readable memory: 0x00000000c7df2af0 | f0 2a df c7 00 00 00 00
RDI=0x00007f3cf0017d58 points into unknown readable memory: 0x00007f3cf0619720 | 20 97 61 f0 3c 7f 00 00
R8 =0x0000000000000002 is an unknown value
R9 =0x0 is null
R10=0x00007f3cd84002f8 is at entry_point+344 in (nmethod*)0x00007f3cd8400010
Compiled method (c1)   18067    1       3       java.lang.Object::<init> (1 bytes)
 total in heap  [0x00007f3cd8400010,0x00007f3cd8400300] = 752
 relocation     [0x00007f3cd8400168,0x00007f3cd8400198] = 48
 main code      [0x00007f3cd84001a0,0x00007f3cd8400278] = 216
 stub code      [0x00007f3cd8400278,0x00007f3cd84002a8] = 48
 metadata       [0x00007f3cd84002a8,0x00007f3cd84002b8] = 16
 scopes data    [0x00007f3cd84002b8,0x00007f3cd84002c8] = 16
 scopes pcs     [0x00007f3cd84002c8,0x00007f3cd84002f8] = 48
 dependencies   [0x00007f3cd84002f8,0x00007f3cd8400300] = 8
R11=0x0000000000000001 is an unknown value
R12=0x0000000000000007 is an unknown value
R13=0x00007f3cf00cc0b8 points into unknown readable memory: 0x00000000c7e78b70 | 70 8b e7 c7 00 00 00 00
R14=0x00007f3cf64ed200: <offset 0x0000000000043200> in /usr/lib/jvm/java-21-openjdk/lib/libjdwp.so at 0x00007f3cf64aa000
R15=0x00007f3cf0017d58 points into unknown readable memory: 0x00007f3cf0619720 | 20 97 61 f0 3c 7f 00 00

Top of Stack: (sp=0x00007f3cf61fe058)
0x00007f3cf61fe058:   00007f3cf64c1a2a 00007f3cd8400010
0x00007f3cf61fe068:   00007f3cf0103670 00007f3cf00cc0b0
0x00007f3cf61fe078:   0000000000000000 00007f3cf61fe090
0x00007f3cf61fe088:   00007f3cf7139719 00007f3cf61fe0b0
0x00007f3cf61fe098:   00007f3cf7111adc 00007f3cf0017d58
0x00007f3cf61fe0a8:   00007f3cf00cc0b0 00007f3cf0017d58
0x00007f3cf61fe0b8:   00007f3cf00cc0b8 00007f3cf64ed200
0x00007f3cf61fe0c8:   0000000000000002 00007f3cf61fe160
0x00007f3cf61fe0d8:   00007f3cf64c2aba 0000000000000007
0x00007f3cf61fe0e8:   00007f3cf00cc0b0 0000000000000000
0x00007f3cf61fe0f8:   00007f3cf00cc0b8 0000000000000000
0x00007f3cf61fe108:   0000000000000000 0000000000000000
0x00007f3cf61fe118:   0000000000000000 0000000000000000
0x00007f3cf61fe128:   0000000000000000 0000000000000000
0x00007f3cf61fe138:   00007f3cf00179a0 00007f3cf00179a0
0x00007f3cf61fe148:   00007f3c7c025e00 00007f3cf0000c30
0x00007f3cf61fe158:   00007f3cf00f0510 00007f3cf61fe280
0x00007f3cf61fe168:   00007f3cf712d23b 00007f3cf61fe1e0
0x00007f3cf61fe178:   00007f3cf00cc0b0 00007f3cf00cc0b8
0x00007f3cf61fe188:   00007f3cf0017d38 00007f3cf61fe1a0
0x00007f3cf61fe198:   00007f3cf61fe1e0 00007f3cf00179a0
0x00007f3cf61fe1a8:   00007f3cf00184a0 00007f3cf00184e0
0x00007f3cf61fe1b8:   00007f3cf0018500 00007f3cf00185c8
0x00007f3cf61fe1c8:   00000000000000d8 00007f3cf61fe350
0x00007f3cf61fe1d8:   00007f3c00000000 00007f3cf7b25580
0x00007f3cf61fe1e8:   00007f3cf0002ad0 00007f3cf00180b0
0x00007f3cf61fe1f8:   00007f3cf00180c0 00007f3cf0018498
0x00007f3cf61fe208:   00000000000003d8 00007f3cf00179a0
0x00007f3cf61fe218:   00007f3cf00179a0 00007f3cf00184a0
0x00007f3cf61fe228:   00007f3cf00184e0 00007f3cf0018500
0x00007f3cf61fe238:   00007f3cf00185c8 00000000000000d8
0x00007f3cf61fe248:   00007f3cf61fe1a0 00007f3cf61fe280 

Instructions: (pc=0x00007f3cf64d89ba)
0x00007f3cf64d88ba:   03 00 00 48 8d 35 9c 76 00 00 48 8d 3d ba 7d 00
0x00007f3cf64d88ca:   00 67 e8 8f 2e ff ff 31 c0 48 8d 35 4c a7 00 00
0x00007f3cf64d88da:   48 8d 3d 97 79 00 00 67 e8 49 2f ff ff 48 8b 05
0x00007f3cf64d88ea:   12 49 01 00 e9 2d ff ff ff 66 66 2e 0f 1f 84 00
0x00007f3cf64d88fa:   00 00 00 00 66 90 f3 0f 1e fa 55 48 89 e5 41 54
0x00007f3cf64d890a:   49 89 fc 53 e8 4d e0 ff ff 48 89 c3 48 8b 05 e3
0x00007f3cf64d891a:   48 01 00 f6 80 10 02 00 00 02 75 1a 48 8b 50 28
0x00007f3cf64d892a:   48 8b 03 4c 89 e6 48 89 df 5b 41 5c 48 8b 80 00
0x00007f3cf64d893a:   01 00 00 5d ff e0 ba 0b 06 00 00 48 8d 35 14 76
0x00007f3cf64d894a:   00 00 48 8d 3d 12 79 00 00 67 e8 07 2e ff ff 31
0x00007f3cf64d895a:   c0 48 8d 35 35 92 00 00 48 8d 3d 0f 79 00 00 67
0x00007f3cf64d896a:   e8 c1 2e ff ff 48 8b 05 8a 48 01 00 eb ae 0f 1f
0x00007f3cf64d897a:   84 00 00 00 00 00 f3 0f 1e fa 55 48 89 e5 41 54
0x00007f3cf64d898a:   49 89 fc 53 e8 cd df ff ff 48 89 c3 48 8b 05 63
0x00007f3cf64d899a:   48 01 00 f6 80 10 02 00 00 02 75 1a 48 8b 03 4c
0x00007f3cf64d89aa:   89 e6 48 89 df 5b 41 5c 5d 48 8b 80 50 07 00 00
0x00007f3cf64d89ba:   ff e0 0f 1f 40 00 ba 12 06 00 00 48 8d 35 94 75
0x00007f3cf64d89ca:   00 00 48 8d 3d 92 78 00 00 67 e8 87 2d ff ff 48
0x00007f3cf64d89da:   8d 35 45 81 00 00 48 8d 3d 91 78 00 00 31 c0 67
0x00007f3cf64d89ea:   e8 41 2e ff ff eb b5 66 66 2e 0f 1f 84 00 00 00
0x00007f3cf64d89fa:   00 00 0f 1f 40 00 f3 0f 1e fa 55 48 89 e5 41 54
0x00007f3cf64d8a0a:   49 89 fc 53 e8 4d df ff ff 48 89 c3 48 8b 05 e3
0x00007f3cf64d8a1a:   47 01 00 f6 80 10 02 00 00 02 75 1a 48 8b 50 30
0x00007f3cf64d8a2a:   48 8b 03 4c 89 e6 48 89 df 5b 41 5c 48 8b 80 00
0x00007f3cf64d8a3a:   01 00 00 5d ff e0 ba 19 06 00 00 48 8d 35 14 75
0x00007f3cf64d8a4a:   00 00 48 8d 3d 12 78 00 00 67 e8 07 2d ff ff 31
0x00007f3cf64d8a5a:   c0 48 8d 35 35 91 00 00 48 8d 3d 0f 78 00 00 67
0x00007f3cf64d8a6a:   e8 c1 2d ff ff 48 8b 05 8a 47 01 00 eb ae 0f 1f
0x00007f3cf64d8a7a:   84 00 00 00 00 00 f3 0f 1e fa 55 48 89 e5 41 54
0x00007f3cf64d8a8a:   49 89 fc 53 e8 cd de ff ff 48 89 c3 48 8b 05 63
0x00007f3cf64d8a9a:   47 01 00 f6 80 10 02 00 00 02 75 1a 48 8b 50 38
0x00007f3cf64d8aaa:   48 8b 03 4c 89 e6 48 89 df 5b 41 5c 48 8b 80 00 


Stack slot to memory mapping:

stack at sp + 0 slots: 0x00007f3cf64c1a2a: <offset 0x0000000000017a2a> in /usr/lib/jvm/java-21-openjdk/lib/libjdwp.so at 0x00007f3cf64aa000
stack at sp + 1 slots: 0x00007f3cd8400010 is at entry_point+-400 in (nmethod*)0x00007f3cd8400010
Compiled method (c1)   18079    1       3       java.lang.Object::<init> (1 bytes)
 total in heap  [0x00007f3cd8400010,0x00007f3cd8400300] = 752
 relocation     [0x00007f3cd8400168,0x00007f3cd8400198] = 48
 main code      [0x00007f3cd84001a0,0x00007f3cd8400278] = 216
 stub code      [0x00007f3cd8400278,0x00007f3cd84002a8] = 48
 metadata       [0x00007f3cd84002a8,0x00007f3cd84002b8] = 16
 scopes data    [0x00007f3cd84002b8,0x00007f3cd84002c8] = 16
 scopes pcs     [0x00007f3cd84002c8,0x00007f3cd84002f8] = 48
 dependencies   [0x00007f3cd84002f8,0x00007f3cd8400300] = 8
stack at sp + 2 slots: 0x00007f3cf0103670 points into unknown readable memory: 0x0000000000000000 | 00 00 00 00 00 00 00 00
stack at sp + 3 slots: 0x00007f3cf00cc0b0 points into unknown readable memory: 0x00000000c7df2af0 | f0 2a df c7 00 00 00 00
stack at sp + 4 slots: 0x0 is null
stack at sp + 5 slots: 0x00007f3cf61fe090 is pointing into the stack for thread: 0x00007f3cf00179a0
stack at sp + 6 slots: 0x00007f3cf7139719: <offset 0x0000000000b39719> in /usr/lib/jvm/java-21-openjdk/lib/server/libjvm.so at 0x00007f3cf6600000
stack at sp + 7 slots: 0x00007f3cf61fe0b0 is pointing into the stack for thread: 0x00007f3cf00179a0


---------------  P R O C E S S  ---------------

Threads class SMR info:
_java_thread_list=0x00007f3cf012ada0, length=13, elements={
0x00007f3cf00179a0, 0x00007f3cf00d7470, 0x00007f3cf00d8af0, 0x00007f3cf00da5a0,
0x00007f3cf00dbbe0, 0x00007f3cf00dd180, 0x00007f3cf00decc0, 0x00007f3cf00e0380,
0x00007f3cf0102990, 0x00007f3cf0104c50, 0x0000558a827b1fe0, 0x00007f3cf0105ef0,
0x00007f3cf0129c20
}

Java Threads: ( => current thread )
=>0x00007f3cf00179a0 JavaThread "main"                              [_thread_in_native, id=3743, stack(0x00007f3cf6100000,0x00007f3cf6200000) (1024K)]
  0x00007f3cf00d7470 JavaThread "Reference Handler"          daemon [_thread_blocked, id=3752, stack(0x00007f3ceff00000,0x00007f3cf0000000) (1024K)]
  0x00007f3cf00d8af0 JavaThread "Finalizer"                  daemon [_thread_blocked, id=3753, stack(0x00007f3cd8300000,0x00007f3cd8400000) (1024K)]
  0x00007f3cf00da5a0 JavaThread "Signal Dispatcher"          daemon [_thread_blocked, id=3754, stack(0x00007f3cd8200000,0x00007f3cd8300000) (1024K)]
  0x00007f3cf00dbbe0 JavaThread "Service Thread"             daemon [_thread_blocked, id=3755, stack(0x00007f3cd8100000,0x00007f3cd8200000) (1024K)]
  0x00007f3cf00dd180 JavaThread "Monitor Deflation Thread"   daemon [_thread_blocked, id=3756, stack(0x00007f3cd8000000,0x00007f3cd8100000) (1024K)]
  0x00007f3cf00decc0 JavaThread "C2 CompilerThread0"         daemon [_thread_in_native, id=3757, stack(0x00007f3cc9f00000,0x00007f3cca000000) (1024K)]
  0x00007f3cf00e0380 JavaThread "C1 CompilerThread0"         daemon [_thread_blocked, id=3758, stack(0x00007f3cc9b00000,0x00007f3cc9c00000) (1024K)]
  0x00007f3cf0102990 JavaThread "JDWP Transport Listener: dt_socket" daemon [_thread_blocked, id=3761, stack(0x00007f3cc992f000,0x00007f3cc9a2f000) (1024K)]
  0x00007f3cf0104c50 JavaThread "JDWP Event Helper Thread"   daemon [_thread_blocked, id=3763, stack(0x00007f3cc982f000,0x00007f3cc992f000) (1024K)]
  0x0000558a827b1fe0 JavaThread "JDWP Command Reader"        daemon [_thread_in_native, id=3764, stack(0x00007f3cc972f000,0x00007f3cc982f000) (1024K)]
  0x00007f3cf0105ef0 JavaThread "Notification Thread"        daemon [_thread_blocked, id=3770, stack(0x00007f3cc962f000,0x00007f3cc972f000) (1024K)]
  0x00007f3cf0129c20 JavaThread "Common-Cleaner"             daemon [_thread_blocked, id=3771, stack(0x00007f3cc952f000,0x00007f3cc962f000) (1024K)]
Total: 13

Other Threads:
  0x00007f3cf00ca060 VMThread "VM Thread"                           [id=3751, stack(0x00007f3cf404b000,0x00007f3cf414b000) (1024K)]
  0x00007f3cf00afec0 WatcherThread "VM Periodic Task Thread"        [id=3750, stack(0x00007f3cf414c000,0x00007f3cf424c000) (1024K)]
  0x00007f3cf0050520 WorkerThread "GC Thread#0"                     [id=3744, stack(0x00007f3cf4970000,0x00007f3cf4a70000) (1024K)]
  0x00007f3c70006260 WorkerThread "GC Thread#1"                     [id=3962, stack(0x00007f3cc8040000,0x00007f3cc8140000) (1024K)]
  0x00007f3cf00591e0 ConcurrentGCThread "G1 Main Marker"            [id=3745, stack(0x00007f3cf486f000,0x00007f3cf496f000) (1024K)]
  0x00007f3cf005a180 WorkerThread "G1 Conc#0"                       [id=3746, stack(0x00007f3cf476e000,0x00007f3cf486e000) (1024K)]
  0x00007f3cf0095ad0 ConcurrentGCThread "G1 Refine#0"               [id=3747, stack(0x00007f3cf446b000,0x00007f3cf456b000) (1024K)]
  0x00007f3cf0096a80 ConcurrentGCThread "G1 Service"                [id=3748, stack(0x00007f3cf436a000,0x00007f3cf446a000) (1024K)]
Total: 8

Threads with active compile tasks:
C2 CompilerThread0    18083  814       4       java.lang.invoke.MethodType::makeImpl (109 bytes)
Total: 1

VM state: not at safepoint (normal execution)

VM Mutex/Monitor currently owned by a thread: None

Heap address: 0x00000000c4800000, size: 952 MB, Compressed Oops mode: 32-bit

CDS archive(s) mapped at: [0x00007f3c7b000000-0x00007f3c7bca8000-0x00007f3c7bca8000), size 13271040, SharedBaseAddress: 0x00007f3c7b000000, ArchiveRelocationMode: 1.
Compressed class space mapped at: 0x00007f3c7c000000-0x00007f3cbc000000, reserved size: 1073741824
Narrow klass base: 0x00007f3c7b000000, Narrow klass shift: 0, Narrow klass range: 0x100000000

GC Precious Log:
 CardTable entry size: 512
 Card Set container configuration: InlinePtr #cards 5 size 8 Array Of Cards #cards 12 size 40 Howl #buckets 4 coarsen threshold 1843 Howl Bitmap #cards 512 size 80 coarsen threshold 460 Card regions per heap region 1 cards per card region 2048
 CPUs: 4 total, 2 available
 Memory: 3801M
 Large Page Support: Disabled
 NUMA Support: Disabled
 Compressed Oops: Enabled (32-bit)
 Heap Region Size: 1M
 Heap Min Capacity: 8M
 Heap Initial Capacity: 60M
 Heap Max Capacity: 952M
 Pre-touch: Disabled
 Parallel Workers: 2
 Concurrent Workers: 1
 Concurrent Refinement Workers: 2
 Periodic GC: Disabled

Heap:
 garbage-first heap   total 63488K, used 6541K [0x00000000c4800000, 0x0000000100000000)
  region size 1024K, 7 young (7168K), 1 survivors (1024K)
 Metaspace       used 5224K, committed 5312K, reserved 1114112K
  class space    used 267K, committed 320K, reserved 1048576K

Heap Regions: E=young(eden), S=young(survivor), O=old, HS=humongous(starts), HC=humongous(continues), CS=collection set, F=free, TAMS=top-at-mark-start, PB=parsable bottom
|   0|0x00000000c4800000, 0x00000000c485bf60, 0x00000000c4900000| 35%| O|  |TAMS 0x00000000c4800000| PB 0x00000000c4800000| Untracked 
|   1|0x00000000c4900000, 0x00000000c4900000, 0x00000000c4a00000|  0%| F|  |TAMS 0x00000000c4900000| PB 0x00000000c4900000| Untracked 
|   2|0x00000000c4a00000, 0x00000000c4a00000, 0x00000000c4b00000|  0%| F|  |TAMS 0x00000000c4a00000| PB 0x00000000c4a00000| Untracked 
|   3|0x00000000c4b00000, 0x00000000c4b00000, 0x00000000c4c00000|  0%| F|  |TAMS 0x00000000c4b00000| PB 0x00000000c4b00000| Untracked 
|   4|0x00000000c4c00000, 0x00000000c4c00000, 0x00000000c4d00000|  0%| F|  |TAMS 0x00000000c4c00000| PB 0x00000000c4c00000| Untracked 
|   5|0x00000000c4d00000, 0x00000000c4d00000, 0x00000000c4e00000|  0%| F|  |TAMS 0x00000000c4d00000| PB 0x00000000c4d00000| Untracked 
|   6|0x00000000c4e00000, 0x00000000c4e00000, 0x00000000c4f00000|  0%| F|  |TAMS 0x00000000c4e00000| PB 0x00000000c4e00000| Untracked 
|   7|0x00000000c4f00000, 0x00000000c4f00000, 0x00000000c5000000|  0%| F|  |TAMS 0x00000000c4f00000| PB 0x00000000c4f00000| Untracked 
|   8|0x00000000c5000000, 0x00000000c5000000, 0x00000000c5100000|  0%| F|  |TAMS 0x00000000c5000000| PB 0x00000000c5000000| Untracked 
|   9|0x00000000c5100000, 0x00000000c5100000, 0x00000000c5200000|  0%| F|  |TAMS 0x00000000c5100000| PB 0x00000000c5100000| Untracked 
|  10|0x00000000c5200000, 0x00000000c5200000, 0x00000000c5300000|  0%| F|  |TAMS 0x00000000c5200000| PB 0x00000000c5200000| Untracked 
|  11|0x00000000c5300000, 0x00000000c5300000, 0x00000000c5400000|  0%| F|  |TAMS 0x00000000c5300000| PB 0x00000000c5300000| Untracked 
|  12|0x00000000c5400000, 0x00000000c5400000, 0x00000000c5500000|  0%| F|  |TAMS 0x00000000c5400000| PB 0x00000000c5400000| Untracked 
|  13|0x00000000c5500000, 0x00000000c5500000, 0x00000000c5600000|  0%| F|  |TAMS 0x00000000c5500000| PB 0x00000000c5500000| Untracked 
|  14|0x00000000c5600000, 0x00000000c5600000, 0x00000000c5700000|  0%| F|  |TAMS 0x00000000c5600000| PB 0x00000000c5600000| Untracked 
|  15|0x00000000c5700000, 0x00000000c5700000, 0x00000000c5800000|  0%| F|  |TAMS 0x00000000c5700000| PB 0x00000000c5700000| Untracked 
|  16|0x00000000c5800000, 0x00000000c5800000, 0x00000000c5900000|  0%| F|  |TAMS 0x00000000c5800000| PB 0x00000000c5800000| Untracked 
|  17|0x00000000c5900000, 0x00000000c5900000, 0x00000000c5a00000|  0%| F|  |TAMS 0x00000000c5900000| PB 0x00000000c5900000| Untracked 
|  18|0x00000000c5a00000, 0x00000000c5a00000, 0x00000000c5b00000|  0%| F|  |TAMS 0x00000000c5a00000| PB 0x00000000c5a00000| Untracked 
|  19|0x00000000c5b00000, 0x00000000c5b00000, 0x00000000c5c00000|  0%| F|  |TAMS 0x00000000c5b00000| PB 0x00000000c5b00000| Untracked 
|  20|0x00000000c5c00000, 0x00000000c5c00000, 0x00000000c5d00000|  0%| F|  |TAMS 0x00000000c5c00000| PB 0x00000000c5c00000| Untracked 
|  21|0x00000000c5d00000, 0x00000000c5d00000, 0x00000000c5e00000|  0%| F|  |TAMS 0x00000000c5d00000| PB 0x00000000c5d00000| Untracked 
|  22|0x00000000c5e00000, 0x00000000c5e00000, 0x00000000c5f00000|  0%| F|  |TAMS 0x00000000c5e00000| PB 0x00000000c5e00000| Untracked 
|  23|0x00000000c5f00000, 0x00000000c5f00000, 0x00000000c6000000|  0%| F|  |TAMS 0x00000000c5f00000| PB 0x00000000c5f00000| Untracked 
|  24|0x00000000c6000000, 0x00000000c6000000, 0x00000000c6100000|  0%| F|  |TAMS 0x00000000c6000000| PB 0x00000000c6000000| Untracked 
|  25|0x00000000c6100000, 0x00000000c6100000, 0x00000000c6200000|  0%| F|  |TAMS 0x00000000c6100000| PB 0x00000000c6100000| Untracked 
|  26|0x00000000c6200000, 0x00000000c6200000, 0x00000000c6300000|  0%| F|  |TAMS 0x00000000c6200000| PB 0x00000000c6200000| Untracked 
|  27|0x00000000c6300000, 0x00000000c6300000, 0x00000000c6400000|  0%| F|  |TAMS 0x00000000c6300000| PB 0x00000000c6300000| Untracked 
|  28|0x00000000c6400000, 0x00000000c6400000, 0x00000000c6500000|  0%| F|  |TAMS 0x00000000c6400000| PB 0x00000000c6400000| Untracked 
|  29|0x00000000c6500000, 0x00000000c6500000, 0x00000000c6600000|  0%| F|  |TAMS 0x00000000c6500000| PB 0x00000000c6500000| Untracked 
|  30|0x00000000c6600000, 0x00000000c6600000, 0x00000000c6700000|  0%| F|  |TAMS 0x00000000c6600000| PB 0x00000000c6600000| Untracked 
|  31|0x00000000c6700000, 0x00000000c6700000, 0x00000000c6800000|  0%| F|  |TAMS 0x00000000c6700000| PB 0x00000000c6700000| Untracked 
|  32|0x00000000c6800000, 0x00000000c6800000, 0x00000000c6900000|  0%| F|  |TAMS 0x00000000c6800000| PB 0x00000000c6800000| Untracked 
|  33|0x00000000c6900000, 0x00000000c6900000, 0x00000000c6a00000|  0%| F|  |TAMS 0x00000000c6900000| PB 0x00000000c6900000| Untracked 
|  34|0x00000000c6a00000, 0x00000000c6a00000, 0x00000000c6b00000|  0%| F|  |TAMS 0x00000000c6a00000| PB 0x00000000c6a00000| Untracked 
|  35|0x00000000c6b00000, 0x00000000c6b00000, 0x00000000c6c00000|  0%| F|  |TAMS 0x00000000c6b00000| PB 0x00000000c6b00000| Untracked 
|  36|0x00000000c6c00000, 0x00000000c6c00000, 0x00000000c6d00000|  0%| F|  |TAMS 0x00000000c6c00000| PB 0x00000000c6c00000| Untracked 
|  37|0x00000000c6d00000, 0x00000000c6d00000, 0x00000000c6e00000|  0%| F|  |TAMS 0x00000000c6d00000| PB 0x00000000c6d00000| Untracked 
|  38|0x00000000c6e00000, 0x00000000c6e00000, 0x00000000c6f00000|  0%| F|  |TAMS 0x00000000c6e00000| PB 0x00000000c6e00000| Untracked 
|  39|0x00000000c6f00000, 0x00000000c6f00000, 0x00000000c7000000|  0%| F|  |TAMS 0x00000000c6f00000| PB 0x00000000c6f00000| Untracked 
|  40|0x00000000c7000000, 0x00000000c7000000, 0x00000000c7100000|  0%| F|  |TAMS 0x00000000c7000000| PB 0x00000000c7000000| Untracked 
|  41|0x00000000c7100000, 0x00000000c7100000, 0x00000000c7200000|  0%| F|  |TAMS 0x00000000c7100000| PB 0x00000000c7100000| Untracked 
|  42|0x00000000c7200000, 0x00000000c7200000, 0x00000000c7300000|  0%| F|  |TAMS 0x00000000c7200000| PB 0x00000000c7200000| Untracked 
|  43|0x00000000c7300000, 0x00000000c7300000, 0x00000000c7400000|  0%| F|  |TAMS 0x00000000c7300000| PB 0x00000000c7300000| Untracked 
|  44|0x00000000c7400000, 0x00000000c7400000, 0x00000000c7500000|  0%| F|  |TAMS 0x00000000c7400000| PB 0x00000000c7400000| Untracked 
|  45|0x00000000c7500000, 0x00000000c7500000, 0x00000000c7600000|  0%| F|  |TAMS 0x00000000c7500000| PB 0x00000000c7500000| Untracked 
|  46|0x00000000c7600000, 0x00000000c7600000, 0x00000000c7700000|  0%| F|  |TAMS 0x00000000c7600000| PB 0x00000000c7600000| Untracked 
|  47|0x00000000c7700000, 0x00000000c7700000, 0x00000000c7800000|  0%| F|  |TAMS 0x00000000c7700000| PB 0x00000000c7700000| Untracked 
|  48|0x00000000c7800000, 0x00000000c7800000, 0x00000000c7900000|  0%| F|  |TAMS 0x00000000c7800000| PB 0x00000000c7800000| Untracked 
|  49|0x00000000c7900000, 0x00000000c7900000, 0x00000000c7a00000|  0%| F|  |TAMS 0x00000000c7900000| PB 0x00000000c7900000| Untracked 
|  50|0x00000000c7a00000, 0x00000000c7a00000, 0x00000000c7b00000|  0%| F|  |TAMS 0x00000000c7a00000| PB 0x00000000c7a00000| Untracked 
|  51|0x00000000c7b00000, 0x00000000c7b00000, 0x00000000c7c00000|  0%| F|  |TAMS 0x00000000c7b00000| PB 0x00000000c7b00000| Untracked 
|  52|0x00000000c7c00000, 0x00000000c7c00000, 0x00000000c7d00000|  0%| F|  |TAMS 0x00000000c7c00000| PB 0x00000000c7c00000| Untracked 
|  53|0x00000000c7d00000, 0x00000000c7e00000, 0x00000000c7e00000|100%| S|CS|TAMS 0x00000000c7d00000| PB 0x00000000c7d00000| Complete 
|  54|0x00000000c7e00000, 0x00000000c7e8bbb0, 0x00000000c7f00000| 54%| E|  |TAMS 0x00000000c7e00000| PB 0x00000000c7e00000| Complete 
|  55|0x00000000c7f00000, 0x00000000c8000000, 0x00000000c8000000|100%| E|CS|TAMS 0x00000000c7f00000| PB 0x00000000c7f00000| Complete 
|  56|0x00000000c8000000, 0x00000000c8100000, 0x00000000c8100000|100%| E|CS|TAMS 0x00000000c8000000| PB 0x00000000c8000000| Complete 
|  57|0x00000000c8100000, 0x00000000c8200000, 0x00000000c8200000|100%| E|CS|TAMS 0x00000000c8100000| PB 0x00000000c8100000| Complete 
|  58|0x00000000c8200000, 0x00000000c8300000, 0x00000000c8300000|100%| E|CS|TAMS 0x00000000c8200000| PB 0x00000000c8200000| Complete 
|  59|0x00000000c8300000, 0x00000000c8400000, 0x00000000c8400000|100%| E|  |TAMS 0x00000000c8300000| PB 0x00000000c8300000| Complete 
| 950|0x00000000ffe00000, 0x00000000fff00000, 0x00000000fff00000|100%| O|  |TAMS 0x00000000ffe00000| PB 0x00000000ffe00000| Untracked 
| 951|0x00000000fff00000, 0x00000000fff07538, 0x0000000100000000|  2%| O|  |TAMS 0x00000000fff00000| PB 0x00000000fff00000| Untracked 

Card table byte_map: [0x00007f3cf5970000,0x00007f3cf5b4c000] _byte_map_base: 0x00007f3cf534c000

Marking Bits: (CMBitMap*) 0x00007f3cf0051040
 Bits: [0x00007f3cf4a90000, 0x00007f3cf5970000)

Polling page: 0x00007f3cf7d7e000

Metaspace:

Usage:
  Non-class:      4,84 MB used.
      Class:    267,01 KB used.
       Both:      5,10 MB used.

Virtual space:
  Non-class space:       64,00 MB reserved,       4,88 MB (  8%) committed,  1 nodes.
      Class space:        1,00 GB reserved,     320,00 KB ( <1%) committed,  1 nodes.
             Both:        1,06 GB reserved,       5,19 MB ( <1%) committed. 

Chunk freelists:
   Non-Class:  8,81 MB
       Class:  15,59 MB
        Both:  24,40 MB

MaxMetaspaceSize: unlimited
CompressedClassSpaceSize: 1,00 GB
Initial GC threshold: 21,00 MB
Current GC threshold: 21,00 MB
CDS: on
 - commit_granule_bytes: 65536.
 - commit_granule_words: 8192.
 - virtual_space_node_default_size: 8388608.
 - enlarge_chunks_in_place: 1.
 - use_allocation_guard: 0.


Internal statistics:

num_allocs_failed_limit: 0.
num_arena_births: 56.
num_arena_deaths: 0.
num_vsnodes_births: 2.
num_vsnodes_deaths: 0.
num_space_committed: 81.
num_space_uncommitted: 0.
num_chunks_returned_to_freelist: 0.
num_chunks_taken_from_freelist: 193.
num_chunk_merges: 0.
num_chunk_splits: 137.
num_chunks_enlarged: 105.
num_inconsistent_stats: 0.

CodeHeap 'non-profiled nmethods': size=120036Kb used=229Kb max_used=229Kb free=119806Kb
 bounds [0x00007f3cdfec7000, 0x00007f3ce0137000, 0x00007f3ce7400000]
CodeHeap 'profiled nmethods': size=120032Kb used=1426Kb max_used=1426Kb free=118605Kb
 bounds [0x00007f3cd8400000, 0x00007f3cd8670000, 0x00007f3cdf938000]
CodeHeap 'non-nmethods': size=5692Kb used=1993Kb max_used=2012Kb free=3698Kb
 bounds [0x00007f3cdf938000, 0x00007f3cdfba8000, 0x00007f3cdfec7000]
 total_blobs=1784 nmethods=813 adapters=878
 compilation: enabled
              stopped_count=0, restarted_count=0
 full_count=0

Compilation events (20 events):
Event: 17,974 Thread 0x00007f3cf00e0380  806       3       org.lwjgl.system.Checks::check (17 bytes)
Event: 17,975 Thread 0x00007f3cf00e0380 nmethod 806 0x00007f3cd8562f10 code [0x00007f3cd85630c0, 0x00007f3cd8563328]
Event: 17,975 Thread 0x00007f3cf00e0380  807       3       org.lwjgl.system.CheckIntrinsics::checkIndex (6 bytes)
Event: 17,975 Thread 0x00007f3cf00e0380 nmethod 807 0x00007f3cd8563490 code [0x00007f3cd8563640, 0x00007f3cd85637d0]
Event: 17,980 Thread 0x00007f3cf00decc0 nmethod 808 0x00007f3cdfefcb90 code [0x00007f3cdfefcd40, 0x00007f3cdfefd110]
Event: 17,980 Thread 0x00007f3cf00e0380  810       3       java.lang.invoke.MethodHandle::setAsTypeCache (33 bytes)
Event: 17,980 Thread 0x00007f3cf00decc0  809       4       java.lang.invoke.LambdaForm::prepare (108 bytes)
Event: 17,982 Thread 0x00007f3cf00e0380 nmethod 810 0x00007f3cd8563890 code [0x00007f3cd8563a80, 0x00007f3cd8564080]
Event: 17,983 Thread 0x00007f3cf00decc0 nmethod 809 0x00007f3cdfefd310 code [0x00007f3cdfefd4a0, 0x00007f3cdfefd5b0]
Event: 17,983 Thread 0x00007f3cf00decc0  811   !   4       java.lang.ref.NativeReferenceQueue::poll (28 bytes)
Event: 17,984 Thread 0x00007f3cf00decc0 nmethod 811 0x00007f3cdfefd690 code [0x00007f3cdfefd800, 0x00007f3cdfefd8b0]
Event: 17,987 Thread 0x00007f3cf00decc0  812       4       java.util.concurrent.ConcurrentHashMap::get (162 bytes)
Event: 18,010 Thread 0x00007f3cf00decc0 nmethod 812 0x00007f3cdfefd990 code [0x00007f3cdfefdb80, 0x00007f3cdfefe548]
Event: 18,011 Thread 0x00007f3cf00decc0  813       4       java.lang.invoke.MethodType$ConcurrentWeakInternSet::get (47 bytes)
Event: 18,041 Thread 0x00007f3cf00decc0 nmethod 813 0x00007f3cdfefeb90 code [0x00007f3cdfefeda0, 0x00007f3cdfeff9f8]
Event: 18,041 Thread 0x00007f3cf00decc0  815       4       java.lang.ref.SoftReference::get (29 bytes)
Event: 18,043 Thread 0x00007f3cf00decc0 nmethod 815 0x00007f3cdff00210 code [0x00007f3cdff003a0, 0x00007f3cdff004b0]
Event: 18,043 Thread 0x00007f3cf00decc0  814       4       java.lang.invoke.MethodType::makeImpl (109 bytes)
Event: 18,058 Thread 0x00007f3cf00e0380  818       3       java.io.RandomAccessFile::readFully (45 bytes)
Event: 18,058 Thread 0x00007f3cf00e0380 nmethod 818 0x00007f3cd8564290 code [0x00007f3cd8564460, 0x00007f3cd85647f8]

GC Heap History (2 events):
Event: 17,236 GC heap before
{Heap before GC invocations=0 (full 0):
 garbage-first heap   total 63488K, used 6173K [0x00000000c4800000, 0x0000000100000000)
  region size 1024K, 6 young (6144K), 0 survivors (0K)
 Metaspace       used 3240K, committed 3328K, reserved 1114112K
  class space    used 199K, committed 256K, reserved 1048576K
}
Event: 17,256 GC heap after
{Heap after GC invocations=1 (full 0):
 garbage-first heap   total 63488K, used 2445K [0x00000000c4800000, 0x0000000100000000)
  region size 1024K, 1 young (1024K), 1 survivors (1024K)
 Metaspace       used 3240K, committed 3328K, reserved 1114112K
  class space    used 199K, committed 256K, reserved 1048576K
}

Dll operation events (8 events):
Event: 0,004 Loaded shared library /usr/lib/jvm/java-21-openjdk/lib/libjava.so
Event: 0,133 Loaded shared library /usr/lib/jvm/java-21-openjdk/lib/libjsvml.so
Event: 5,380 Loaded shared library /usr/lib/jvm/java-21-openjdk/lib/libnio.so
Event: 5,391 Loaded shared library /usr/lib/jvm/java-21-openjdk/lib/libzip.so
Event: 5,693 Loaded shared library /usr/lib/jvm/java-21-openjdk/lib/libjimage.so
Event: 5,725 Loaded shared library /usr/lib/jvm/java-21-openjdk/lib/libnet.so
Event: 5,761 Loaded shared library /tmp/lwjglvlad/3.2.2-build-10/liblwjgl.so
Event: 16,397 Loaded shared library /tmp/lwjglvlad/3.2.2-build-10/liblwjgl_opengl.so

Deoptimization events (20 events):
Event: 16,489 Thread 0x00007f3cf00179a0 DEOPT PACKING pc=0x00007f3cd846f2d4 sp=0x00007f3cf61fdad0
Event: 16,489 Thread 0x00007f3cf00179a0 DEOPT UNPACKING pc=0x00007f3cdf98c711 sp=0x00007f3cf61fcf88 mode 0
Event: 16,489 Thread 0x00007f3cf00179a0 DEOPT PACKING pc=0x00007f3cd846f259 sp=0x00007f3cf61fdad0
Event: 16,489 Thread 0x00007f3cf00179a0 DEOPT UNPACKING pc=0x00007f3cdf98c711 sp=0x00007f3cf61fcf88 mode 0
Event: 16,991 Thread 0x00007f3cf00179a0 Uncommon trap: trap_request=0xffffff54 fr.pc=0x00007f3cdfeebf78 relative=0x0000000000000078
Event: 16,991 Thread 0x00007f3cf00179a0 Uncommon trap: reason=speculate_null_assert action=make_not_entrant pc=0x00007f3cdfeebf78 method=sun.misc.Unsafe.putLong(Ljava/lang/Object;JJ)V @ 7 c2
Event: 16,991 Thread 0x00007f3cf00179a0 DEOPT PACKING pc=0x00007f3cdfeebf78 sp=0x00007f3cf61fe520
Event: 16,991 Thread 0x00007f3cf00179a0 DEOPT UNPACKING pc=0x00007f3cdf98bf94 sp=0x00007f3cf61fe4d8 mode 2
Event: 17,030 Thread 0x00007f3cf00179a0 Uncommon trap: trap_request=0xffffff54 fr.pc=0x00007f3cdfeee3f0 relative=0x0000000000000070
Event: 17,030 Thread 0x00007f3cf00179a0 Uncommon trap: reason=speculate_null_assert action=make_not_entrant pc=0x00007f3cdfeee3f0 method=sun.misc.Unsafe.getLong(Ljava/lang/Object;J)J @ 5 c2
Event: 17,030 Thread 0x00007f3cf00179a0 DEOPT PACKING pc=0x00007f3cdfeee3f0 sp=0x00007f3cf61fe420
Event: 17,030 Thread 0x00007f3cf00179a0 DEOPT UNPACKING pc=0x00007f3cdf98bf94 sp=0x00007f3cf61fe3d8 mode 2
Event: 17,480 Thread 0x00007f3cf00179a0 DEOPT PACKING pc=0x00007f3cd841ed24 sp=0x00007f3cf61fd650
Event: 17,480 Thread 0x00007f3cf00179a0 DEOPT UNPACKING pc=0x00007f3cdf98c711 sp=0x00007f3cf61fca90 mode 0
Event: 17,503 Thread 0x00007f3cf00179a0 DEOPT PACKING pc=0x00007f3cd8417f0d sp=0x00007f3cf61fd3b0
Event: 17,504 Thread 0x00007f3cf00179a0 DEOPT UNPACKING pc=0x00007f3cdf98c711 sp=0x00007f3cf61fc858 mode 0
Event: 17,590 Thread 0x00007f3cf00179a0 DEOPT PACKING pc=0x00007f3cd8417f0d sp=0x00007f3cf61fd490
Event: 17,590 Thread 0x00007f3cf00179a0 DEOPT UNPACKING pc=0x00007f3cdf98c711 sp=0x00007f3cf61fc938 mode 0
Event: 17,630 Thread 0x00007f3cf00179a0 DEOPT PACKING pc=0x00007f3cd8411a6d sp=0x00007f3cf61fd670
Event: 17,630 Thread 0x00007f3cf00179a0 DEOPT UNPACKING pc=0x00007f3cdf98c711 sp=0x00007f3cf61fcaf8 mode 0

Classes loaded (20 events):
Event: 16,941 Loading class jdk/internal/module/ModulePatcher$PatchedModuleReader
Event: 16,941 Loading class jdk/internal/module/ModulePatcher$PatchedModuleReader done
Event: 16,942 Loading class sun/net/www/protocol/jrt/Handler
Event: 16,943 Loading class sun/net/www/protocol/jrt/Handler done
Event: 16,963 Loading class sun/util/resources/LocaleData$CommonResourceBundleProvider
Event: 16,963 Loading class sun/util/resources/LocaleData$LocaleDataResourceBundleProvider
Event: 16,963 Loading class java/util/spi/ResourceBundleProvider
Event: 16,963 Loading class java/util/spi/ResourceBundleProvider done
Event: 16,963 Loading class sun/util/resources/LocaleData$LocaleDataResourceBundleProvider done
Event: 16,963 Loading class sun/util/resources/LocaleData$CommonResourceBundleProvider done
Event: 16,966 Loading class sun/util/resources/Bundles$2
Event: 16,966 Loading class sun/util/resources/Bundles$2 done
Event: 16,969 Loading class jdk/internal/foreign/MemorySessionImpl
Event: 16,969 Loading class java/lang/foreign/MemorySegment$Scope
Event: 16,969 Loading class java/lang/foreign/MemorySegment$Scope done
Event: 16,969 Loading class jdk/internal/foreign/MemorySessionImpl done
Event: 16,973 Loading class java/lang/Class$1
Event: 16,973 Loading class java/lang/Class$1 done
Event: 17,776 Loading class jdk/internal/reflect/MethodHandleLongFieldAccessorImpl
Event: 17,776 Loading class jdk/internal/reflect/MethodHandleLongFieldAccessorImpl done

Classes unloaded (0 events):
No events

Classes redefined (0 events):
No events

Internal exceptions (13 events):
Event: 5,588 Thread 0x00007f3cf00179a0 Exception <a 'java/lang/NoSuchMethodError'{0x00000000c8258800}: 'void java.lang.invoke.DirectMethodHandle$Holder.invokeStatic(java.lang.Object, java.lang.Object)'> (0x00000000c8258800) 
thrown [src/hotspot/share/interpreter/linkResolver.cpp, line 772]
Event: 5,599 Thread 0x00007f3cf00179a0 Exception <a 'java/lang/NoSuchMethodError'{0x00000000c825d708}: 'void java.lang.System.load(java.lang.String, java.lang.Class)'> (0x00000000c825d708) 
thrown [src/hotspot/share/interpreter/linkResolver.cpp, line 772]
Event: 5,601 Thread 0x00007f3cf00179a0 Exception <a 'java/lang/NoSuchMethodError'{0x00000000c825e2f8}: 'void java.lang.invoke.DirectMethodHandle$Holder.invokeSpecial(java.lang.Object, java.lang.Object, java.lang.Object)'> (0x00000000c825e2f8) 
thrown [src/hotspot/share/interpreter/linkResolver.cpp, line 772]
Event: 5,622 Thread 0x00007f3cf00179a0 Exception <a 'java/lang/NoSuchMethodError'{0x00000000c82701f0}: 'java.lang.Object java.lang.invoke.DirectMethodHandle$Holder.invokeStatic(java.lang.Object, java.lang.Object, int)'> (0x00000000c82701f0) 
thrown [src/hotspot/share/interpreter/linkResolver.cpp, line 772]
Event: 5,638 Thread 0x00007f3cf00179a0 Exception <a 'java/lang/NoSuchMethodError'{0x00000000c827b6b8}: 'void java.lang.invoke.DelegatingMethodHandle$Holder.delegate(java.lang.Object, java.lang.Object, int, java.lang.Object)'> (0x00000000c827b6b8) 
thrown [src/hotspot/share/interpreter/linkResolver.cpp, line 772]
Event: 5,640 Thread 0x00007f3cf00179a0 Exception <a 'java/lang/NoSuchMethodError'{0x00000000c827f570}: 'int java.lang.invoke.DirectMethodHandle$Holder.invokeSpecial(java.lang.Object, java.lang.Object, java.lang.Object)'> (0x00000000c827f570) 
thrown [src/hotspot/share/interpreter/linkResolver.cpp, line 772]
Event: 5,668 Thread 0x00007f3cf00179a0 Exception <a 'java/lang/NoSuchMethodError'{0x00000000c82999c8}: 'void java.lang.System.loadLibrary(java.lang.String, java.lang.Class)'> (0x00000000c82999c8) 
thrown [src/hotspot/share/interpreter/linkResolver.cpp, line 772]
Event: 6,183 Thread 0x00007f3cf00179a0 Exception <a 'java/lang/NoSuchMethodError'{0x00000000c8006378}: 'int java.lang.invoke.Invokers$Holder.invokeExact_MT(java.lang.Object, java.lang.Object)'> (0x00000000c8006378) 
thrown [src/hotspot/share/interpreter/linkResolver.cpp, line 772]
Event: 16,359 Thread 0x00007f3cf00179a0 Exception <a 'java/lang/NoSuchMethodError'{0x00000000c80719f0}: 'void java.lang.System.load(java.lang.String, java.lang.Class)'> (0x00000000c80719f0) 
thrown [src/hotspot/share/interpreter/linkResolver.cpp, line 772]
Event: 16,361 Thread 0x00007f3cf00179a0 Exception <a 'java/lang/NoSuchMethodError'{0x00000000c8074390}: 'void java.lang.System.loadLibrary(java.lang.String, java.lang.Class)'> (0x00000000c8074390) 
thrown [src/hotspot/share/interpreter/linkResolver.cpp, line 772]
Event: 16,506 Thread 0x00007f3cf00179a0 Exception <a 'sun/nio/fs/UnixException'{0x00000000c8089778}> (0x00000000c8089778) 
thrown [src/hotspot/share/prims/jni.cpp, line 520]
Event: 17,777 Thread 0x00007f3cf00179a0 Exception <a 'java/lang/NoSuchMethodError'{0x00000000c80a13d0}: 'long java.lang.invoke.DelegatingMethodHandle$Holder.reinvoke_L(java.lang.Object, java.lang.Object)'> (0x00000000c80a13d0) 
thrown [src/hotspot/share/interpreter/linkResolver.cpp, line 772]
Event: 17,779 Thread 0x00007f3cf00179a0 Exception <a 'java/lang/NoSuchMethodError'{0x00000000c80a7b20}: 'long java.lang.invoke.Invokers$Holder.invokeExact_MT(java.lang.Object, java.lang.Object, java.lang.Object)'> (0x00000000c80a7b20) 
thrown [src/hotspot/share/interpreter/linkResolver.cpp, line 772]

ZGC Phase Switch (0 events):
No events

VM Operations (20 events):
Event: 5,364 Executing VM operation: ChangeBreakpoints
Event: 5,365 Executing VM operation: ChangeBreakpoints done
Event: 6,365 Executing VM operation: Cleanup
Event: 6,365 Executing VM operation: Cleanup done
Event: 7,682 Executing VM operation: get/set locals
Event: 7,682 Executing VM operation: get/set locals done
Event: 13,059 Executing VM operation: ChangeBreakpoints
Event: 13,059 Executing VM operation: ChangeBreakpoints done
Event: 15,578 Executing VM operation: get/set locals
Event: 15,578 Executing VM operation: get/set locals done
Event: 15,578 Executing VM operation: get/set locals
Event: 15,579 Executing VM operation: get/set locals done
Event: 15,579 Executing VM operation: get/set locals
Event: 15,579 Executing VM operation: get/set locals done
Event: 15,579 Executing VM operation: get/set locals
Event: 15,579 Executing VM operation: get/set locals done
Event: 16,508 Executing VM operation: HandshakeAllThreads (Deoptimize)
Event: 16,508 Executing VM operation: HandshakeAllThreads (Deoptimize) done
Event: 17,236 Executing VM operation: G1CollectForAllocation (G1 Evacuation Pause)
Event: 17,256 Executing VM operation: G1CollectForAllocation (G1 Evacuation Pause) done

Events (20 events):
Event: 0,106 Thread 0x00007f3cf00da5a0 Thread added: 0x00007f3cf00da5a0
Event: 0,107 Protecting memory [0x00007f3cd8200000,0x00007f3cd8204000] with protection modes 0
Event: 0,107 Thread 0x00007f3cf00dbbe0 Thread added: 0x00007f3cf00dbbe0
Event: 0,107 Protecting memory [0x00007f3cd8100000,0x00007f3cd8104000] with protection modes 0
Event: 0,107 Thread 0x00007f3cf00dd180 Thread added: 0x00007f3cf00dd180
Event: 0,108 Protecting memory [0x00007f3cd8000000,0x00007f3cd8004000] with protection modes 0
Event: 0,108 Thread 0x00007f3cf00decc0 Thread added: 0x00007f3cf00decc0
Event: 0,108 Protecting memory [0x00007f3cc9f00000,0x00007f3cc9f04000] with protection modes 0
Event: 0,108 Thread 0x00007f3cf00e0380 Thread added: 0x00007f3cf00e0380
Event: 0,108 Protecting memory [0x00007f3cc9b00000,0x00007f3cc9b04000] with protection modes 0
Event: 0,196 Thread 0x00007f3cf0102990 Thread added: 0x00007f3cf0102990
Event: 0,196 Protecting memory [0x00007f3cc992f000,0x00007f3cc9933000] with protection modes 0
Event: 0,198 Thread 0x00007f3cf0104c50 Thread added: 0x00007f3cf0104c50
Event: 0,198 Protecting memory [0x00007f3cc982f000,0x00007f3cc9833000] with protection modes 0
Event: 0,199 Thread 0x0000558a827b1fe0 Thread added: 0x0000558a827b1fe0
Event: 0,199 Protecting memory [0x00007f3cc972f000,0x00007f3cc9733000] with protection modes 0
Event: 0,883 Thread 0x00007f3cf0105ef0 Thread added: 0x00007f3cf0105ef0
Event: 0,883 Protecting memory [0x00007f3cc962f000,0x00007f3cc9633000] with protection modes 0
Event: 0,895 Thread 0x00007f3cf0129c20 Thread added: 0x00007f3cf0129c20
Event: 0,902 Protecting memory [0x00007f3cc952f000,0x00007f3cc9533000] with protection modes 0


Dynamic libraries:
c4800000-c8400000 rw-p 00000000 00:00 0 
c8400000-ffe00000 ---p 00000000 00:00 0 
ffe00000-fff08000 rw-p 00ce7000 08:03 10111197                           /usr/lib/jvm/java-21-openjdk/lib/server/classes.jsa
fff08000-100000000 rw-p 00000000 00:00 0 
558a8124c000-558a8124d000 r--p 00000000 08:03 10111141                   /usr/lib/jvm/java-21-openjdk/bin/java
558a8124d000-558a8124e000 r-xp 00001000 08:03 10111141                   /usr/lib/jvm/java-21-openjdk/bin/java
558a8124e000-558a8124f000 r--p 00002000 08:03 10111141                   /usr/lib/jvm/java-21-openjdk/bin/java
558a8124f000-558a81250000 r--p 00002000 08:03 10111141                   /usr/lib/jvm/java-21-openjdk/bin/java
558a81250000-558a81251000 rw-p 00003000 08:03 10111141                   /usr/lib/jvm/java-21-openjdk/bin/java
558a8279a000-558a827e1000 rw-p 00000000 00:00 0                          [heap]
7f3c473ff000-7f3c47400000 ---p 00000000 00:00 0 
7f3c47400000-7f3c47c00000 rw-p 00000000 00:00 0 
7f3c47c00000-7f3c4874d000 r--p 00000000 08:03 9319036                    /usr/lib/libLLVM-16.so
7f3c4874d000-7f3c4cab0000 r-xp 00b4d000 08:03 9319036                    /usr/lib/libLLVM-16.so
7f3c4cab0000-7f3c4f851000 r--p 04eb0000 08:03 9319036                    /usr/lib/libLLVM-16.so
7f3c4f851000-7f3c4ff05000 r--p 07c50000 08:03 9319036                    /usr/lib/libLLVM-16.so
7f3c4ff05000-7f3c4ff4e000 rw-p 08304000 08:03 9319036                    /usr/lib/libLLVM-16.so
7f3c4ff4e000-7f3c4ffe1000 rw-p 00000000 00:00 0 
7f3c50000000-7f3c50279000 rw-p 00000000 00:00 0 
7f3c50279000-7f3c54000000 ---p 00000000 00:00 0 
7f3c54400000-7f3c544a3000 r--p 00000000 08:03 9319409                    /usr/lib/dri/crocus_dri.so
7f3c544a3000-7f3c56ede000 r-xp 000a3000 08:03 9319409                    /usr/lib/dri/crocus_dri.so
7f3c56ede000-7f3c57d43000 r--p 02ade000 08:03 9319409                    /usr/lib/dri/crocus_dri.so
7f3c57d43000-7f3c57dcd000 r--p 03942000 08:03 9319409                    /usr/lib/dri/crocus_dri.so
7f3c57dcd000-7f3c57de3000 rw-p 039cc000 08:03 9319409                    /usr/lib/dri/crocus_dri.so
7f3c57de3000-7f3c57fa4000 rw-p 00000000 00:00 0 
7f3c58000000-7f3c58021000 rw-p 00000000 00:00 0 
7f3c58021000-7f3c5c000000 ---p 00000000 00:00 0 
7f3c5c000000-7f3c5c218000 rw-p 00000000 00:00 0 
7f3c5c218000-7f3c60000000 ---p 00000000 00:00 0 
7f3c60000000-7f3c60021000 rw-p 00000000 00:00 0 
7f3c60021000-7f3c64000000 ---p 00000000 00:00 0 
7f3c64000000-7f3c64021000 rw-p 00000000 00:00 0 
7f3c64021000-7f3c68000000 ---p 00000000 00:00 0 
7f3c68000000-7f3c68021000 rw-p 00000000 00:00 0 
7f3c68021000-7f3c6c000000 ---p 00000000 00:00 0 
7f3c6c000000-7f3c6c021000 rw-p 00000000 00:00 0 
7f3c6c021000-7f3c70000000 ---p 00000000 00:00 0 
7f3c70000000-7f3c70021000 rw-p 00000000 00:00 0 
7f3c70021000-7f3c74000000 ---p 00000000 00:00 0 
7f3c74400000-7f3c74457000 r-xp 00000000 00:1a 191                        /tmp/lwjglvlad/3.2.2-build-10/liblwjgl_opengl.so
7f3c74457000-7f3c74656000 ---p 00057000 00:1a 191                        /tmp/lwjglvlad/3.2.2-build-10/liblwjgl_opengl.so
7f3c74656000-7f3c74657000 r--p 00056000 00:1a 191                        /tmp/lwjglvlad/3.2.2-build-10/liblwjgl_opengl.so
7f3c74657000-7f3c74658000 rw-p 00057000 00:1a 191                        /tmp/lwjglvlad/3.2.2-build-10/liblwjgl_opengl.so
7f3c747ff000-7f3c74800000 ---p 00000000 00:00 0 
7f3c74800000-7f3c75000000 rw-p 00000000 00:00 0 
7f3c75000000-7f3c76e8d000 r--p 00000000 08:03 9329756                    /usr/lib/libicudata.so.73.2
7f3c76e8d000-7f3c76e8e000 r--p 01e8c000 08:03 9329756                    /usr/lib/libicudata.so.73.2
7f3c77000000-7f3c771b0000 rw-p 00000000 00:00 0 
7f3c771b0000-7f3c77400000 ---p 00000000 00:00 0 
7f3c77400000-7f3c77730000 rw-p 00000000 00:00 0 
7f3c77730000-7f3c7b000000 ---p 00000000 00:00 0 
7f3c7b000000-7f3c7bca8000 rw-p 00001000 08:03 10111197                   /usr/lib/jvm/java-21-openjdk/lib/server/classes.jsa
7f3c7bca8000-7f3c7c000000 ---p 00000000 00:00 0 
7f3c7c000000-7f3c7c030000 rw-p 00000000 00:00 0 
7f3c7c030000-7f3c7c040000 ---p 00000000 00:00 0 
7f3c7c040000-7f3c7c060000 rw-p 00000000 00:00 0 
7f3c7c060000-7f3cbc000000 ---p 00000000 00:00 0 
7f3cbc000000-7f3cbc021000 rw-p 00000000 00:00 0 
7f3cbc021000-7f3cc0000000 ---p 00000000 00:00 0 
7f3cc0000000-7f3cc0021000 rw-p 00000000 00:00 0 
7f3cc0021000-7f3cc4000000 ---p 00000000 00:00 0 
7f3cc4000000-7f3cc4021000 rw-p 00000000 00:00 0 
7f3cc4021000-7f3cc8000000 ---p 00000000 00:00 0 
7f3cc803f000-7f3cc8040000 ---p 00000000 00:00 0 
7f3cc8040000-7f3cc8140000 rw-p 00000000 00:00 0 
7f3cc8140000-7f3cc82c0000 rw-s 10403d000 00:0f 11078                     anon_inode:i915.gem
7f3cc82c0000-7f3cc8400000 rw-s 1068d5000 00:0f 11078                     anon_inode:i915.gem
7f3cc8400000-7f3cc8465000 r--p 00000000 08:03 9329761                    /usr/lib/libicuuc.so.73.2
7f3cc8465000-7f3cc8562000 r-xp 00065000 08:03 9329761                    /usr/lib/libicuuc.so.73.2
7f3cc8562000-7f3cc85f2000 r--p 00162000 08:03 9329761                    /usr/lib/libicuuc.so.73.2
7f3cc85f2000-7f3cc8605000 r--p 001f2000 08:03 9329761                    /usr/lib/libicuuc.so.73.2
7f3cc8605000-7f3cc8606000 rw-p 00205000 08:03 9329761                    /usr/lib/libicuuc.so.73.2
7f3cc8606000-7f3cc8608000 rw-p 00000000 00:00 0 
7f3cc8694000-7f3cc87d5000 rw-s 00000000 08:03 30015644                   /home/vlad/.cache/mesa_shader_cache/index
7f3cc87d5000-7f3cc87d9000 r--p 00000000 08:03 9329829                    /usr/lib/liblzma.so.5.4.4
7f3cc87d9000-7f3cc87fa000 r-xp 00004000 08:03 9329829                    /usr/lib/liblzma.so.5.4.4
7f3cc87fa000-7f3cc8806000 r--p 00025000 08:03 9329829                    /usr/lib/liblzma.so.5.4.4
7f3cc8806000-7f3cc8807000 r--p 00031000 08:03 9329829                    /usr/lib/liblzma.so.5.4.4
7f3cc8807000-7f3cc8808000 rw-p 00032000 08:03 9329829                    /usr/lib/liblzma.so.5.4.4
7f3cc8808000-7f3cc880b000 r--p 00000000 08:03 9329989                    /usr/lib/libpciaccess.so.0.11.1
7f3cc880b000-7f3cc8810000 r-xp 00003000 08:03 9329989                    /usr/lib/libpciaccess.so.0.11.1
7f3cc8810000-7f3cc8812000 r--p 00008000 08:03 9329989                    /usr/lib/libpciaccess.so.0.11.1
7f3cc8812000-7f3cc8813000 r--p 00009000 08:03 9329989                    /usr/lib/libpciaccess.so.0.11.1
7f3cc8813000-7f3cc8814000 rw-p 0000a000 08:03 9329989                    /usr/lib/libpciaccess.so.0.11.1
7f3cc8814000-7f3cc8846000 r--p 00000000 08:03 9330272                    /usr/lib/libxml2.so.2.11.5
7f3cc8846000-7f3cc8924000 r-xp 00032000 08:03 9330272                    /usr/lib/libxml2.so.2.11.5
7f3cc8924000-7f3cc896d000 r--p 00110000 08:03 9330272                    /usr/lib/libxml2.so.2.11.5
7f3cc896d000-7f3cc8978000 r--p 00158000 08:03 9330272                    /usr/lib/libxml2.so.2.11.5
7f3cc8978000-7f3cc8979000 rw-p 00163000 08:03 9330272                    /usr/lib/libxml2.so.2.11.5
7f3cc8979000-7f3cc897a000 rw-p 00000000 00:00 0 
7f3cc897a000-7f3cc8990000 r--p 00000000 08:03 9329894                    /usr/lib/libncursesw.so.6.4
7f3cc8990000-7f3cc89d4000 r-xp 00016000 08:03 9329894                    /usr/lib/libncursesw.so.6.4
7f3cc89d4000-7f3cc89ec000 r--p 0005a000 08:03 9329894                    /usr/lib/libncursesw.so.6.4
7f3cc89ec000-7f3cc89f0000 r--p 00072000 08:03 9329894                    /usr/lib/libncursesw.so.6.4
7f3cc89f0000-7f3cc89f1000 rw-p 00076000 08:03 9329894                    /usr/lib/libncursesw.so.6.4
7f3cc89f1000-7f3cc89fa000 r--p 00000000 08:03 9317526                    /usr/lib/libedit.so.0.0.72
7f3cc89fa000-7f3cc8a19000 r-xp 00009000 08:03 9317526                    /usr/lib/libedit.so.0.0.72
7f3cc8a19000-7f3cc8a27000 r--p 00028000 08:03 9317526                    /usr/lib/libedit.so.0.0.72
7f3cc8a27000-7f3cc8a29000 r--p 00036000 08:03 9317526                    /usr/lib/libedit.so.0.0.72
7f3cc8a29000-7f3cc8a2a000 rw-p 00038000 08:03 9317526                    /usr/lib/libedit.so.0.0.72
7f3cc8a2a000-7f3cc8a2d000 rw-p 00000000 00:00 0 
7f3cc8a2d000-7f3cc8a2f000 r--p 00000000 08:03 9329588                    /usr/lib/libffi.so.8.1.2
7f3cc8a2f000-7f3cc8a35000 r-xp 00002000 08:03 9329588                    /usr/lib/libffi.so.8.1.2
7f3cc8a35000-7f3cc8a36000 r--p 00008000 08:03 9329588                    /usr/lib/libffi.so.8.1.2
7f3cc8a36000-7f3cc8a37000 r--p 00009000 08:03 9329588                    /usr/lib/libffi.so.8.1.2
7f3cc8a37000-7f3cc8a38000 rw-p 0000a000 08:03 9329588                    /usr/lib/libffi.so.8.1.2
7f3cc8a38000-7f3cc8a3b000 r--p 00000000 08:03 9316572                    /usr/lib/libdrm_intel.so.1.0.0
7f3cc8a3b000-7f3cc8a50000 r-xp 00003000 08:03 9316572                    /usr/lib/libdrm_intel.so.1.0.0
7f3cc8a50000-7f3cc8a5a000 r--p 00018000 08:03 9316572                    /usr/lib/libdrm_intel.so.1.0.0
7f3cc8a5a000-7f3cc8a5b000 r--p 00021000 08:03 9316572                    /usr/lib/libdrm_intel.so.1.0.0
7f3cc8a5b000-7f3cc8a5c000 rw-p 00022000 08:03 9316572                    /usr/lib/libdrm_intel.so.1.0.0
7f3cc8a5c000-7f3cc8a5e000 r--p 00000000 08:03 9316575                    /usr/lib/libdrm_nouveau.so.2.0.0
7f3cc8a5e000-7f3cc8a62000 r-xp 00002000 08:03 9316575                    /usr/lib/libdrm_nouveau.so.2.0.0
7f3cc8a62000-7f3cc8a64000 r--p 00006000 08:03 9316575                    /usr/lib/libdrm_nouveau.so.2.0.0
7f3cc8a64000-7f3cc8a65000 r--p 00007000 08:03 9316575                    /usr/lib/libdrm_nouveau.so.2.0.0
7f3cc8a65000-7f3cc8a66000 rw-p 00008000 08:03 9316575                    /usr/lib/libdrm_nouveau.so.2.0.0
7f3cc8a66000-7f3cc8a69000 r--p 00000000 08:03 9316569                    /usr/lib/libdrm_amdgpu.so.1.0.0
7f3cc8a69000-7f3cc8a6e000 r-xp 00003000 08:03 9316569                    /usr/lib/libdrm_amdgpu.so.1.0.0
7f3cc8a6e000-7f3cc8a70000 r--p 00008000 08:03 9316569                    /usr/lib/libdrm_amdgpu.so.1.0.0
7f3cc8a70000-7f3cc8a71000 r--p 00009000 08:03 9316569                    /usr/lib/libdrm_amdgpu.so.1.0.0
7f3cc8a71000-7f3cc8a72000 rw-p 0000a000 08:03 9316569                    /usr/lib/libdrm_amdgpu.so.1.0.0
7f3cc8a72000-7f3cc8a76000 r--p 00000000 08:03 9329563                    /usr/lib/libelf-0.189.so
7f3cc8a76000-7f3cc8a88000 r-xp 00004000 08:03 9329563                    /usr/lib/libelf-0.189.so
7f3cc8a88000-7f3cc8a8c000 r--p 00016000 08:03 9329563                    /usr/lib/libelf-0.189.so
7f3cc8a8c000-7f3cc8a8d000 r--p 0001a000 08:03 9329563                    /usr/lib/libelf-0.189.so
7f3cc8a8d000-7f3cc8a8e000 rw-p 0001b000 08:03 9329563                    /usr/lib/libelf-0.189.so
7f3cc8a8e000-7f3cc8a90000 r--p 00000000 08:03 9316578                    /usr/lib/libdrm_radeon.so.1.0.1
7f3cc8a90000-7f3cc8a96000 r-xp 00002000 08:03 9316578                    /usr/lib/libdrm_radeon.so.1.0.1
7f3cc8a96000-7f3cc8a9a000 r--p 00008000 08:03 9316578                    /usr/lib/libdrm_radeon.so.1.0.1
7f3cc8a9a000-7f3cc8a9b000 r--p 0000b000 08:03 9316578                    /usr/lib/libdrm_radeon.so.1.0.1
7f3cc8a9b000-7f3cc8a9c000 rw-p 0000c000 08:03 9316578                    /usr/lib/libdrm_radeon.so.1.0.1
7f3cc8a9c000-7f3cc8a9f000 r--p 00000000 08:03 9330073                    /usr/lib/libsensors.so.5.0.0
7f3cc8a9f000-7f3cc8aa6000 r-xp 00003000 08:03 9330073                    /usr/lib/libsensors.so.5.0.0
7f3cc8aa6000-7f3cc8aaa000 r--p 0000a000 08:03 9330073                    /usr/lib/libsensors.so.5.0.0
7f3cc8aaa000-7f3cc8aab000 r--p 0000e000 08:03 9330073                    /usr/lib/libsensors.so.5.0.0
7f3cc8aab000-7f3cc8aac000 rw-p 0000f000 08:03 9330073                    /usr/lib/libsensors.so.5.0.0
7f3cc8aac000-7f3cc8ab8000 r--p 00000000 08:03 9330286                    /usr/lib/libzstd.so.1.5.5
7f3cc8ab8000-7f3cc8b69000 r-xp 0000c000 08:03 9330286                    /usr/lib/libzstd.so.1.5.5
7f3cc8b69000-7f3cc8b7d000 r--p 000bd000 08:03 9330286                    /usr/lib/libzstd.so.1.5.5
7f3cc8b7d000-7f3cc8b7e000 r--p 000d1000 08:03 9330286                    /usr/lib/libzstd.so.1.5.5
7f3cc8b7e000-7f3cc8b7f000 rw-p 000d2000 08:03 9330286                    /usr/lib/libzstd.so.1.5.5
7f3cc8b7f000-7f3cc8baf000 r--p 00000000 08:03 9961557                    /usr/share/locale/ru/LC_MESSAGES/libc.mo
7f3cc8baf000-7f3cc8bb2000 r--p 00000000 08:03 9313448                    /usr/lib/libxcb-xfixes.so.0.0.0
7f3cc8bb2000-7f3cc8bb5000 r-xp 00003000 08:03 9313448                    /usr/lib/libxcb-xfixes.so.0.0.0
7f3cc8bb5000-7f3cc8bb6000 r--p 00006000 08:03 9313448                    /usr/lib/libxcb-xfixes.so.0.0.0
7f3cc8bb6000-7f3cc8bb7000 r--p 00007000 08:03 9313448                    /usr/lib/libxcb-xfixes.so.0.0.0
7f3cc8bb7000-7f3cc8bb8000 rw-p 00008000 08:03 9313448                    /usr/lib/libxcb-xfixes.so.0.0.0
7f3cc8bb8000-7f3cc8bbb000 r--p 00000000 08:03 9313442                    /usr/lib/libxcb-sync.so.1.0.0
7f3cc8bbb000-7f3cc8bbe000 r-xp 00003000 08:03 9313442                    /usr/lib/libxcb-sync.so.1.0.0
7f3cc8bbe000-7f3cc8bbf000 r--p 00006000 08:03 9313442                    /usr/lib/libxcb-sync.so.1.0.0
7f3cc8bbf000-7f3cc8bc0000 r--p 00007000 08:03 9313442                    /usr/lib/libxcb-sync.so.1.0.0
7f3cc8bc0000-7f3cc8bc1000 rw-p 00008000 08:03 9313442                    /usr/lib/libxcb-sync.so.1.0.0
7f3cc8bc1000-7f3cc8bc3000 r--p 00000000 08:03 9313412                    /usr/lib/libxcb-dri3.so.0.1.0
7f3cc8bc3000-7f3cc8bc5000 r-xp 00002000 08:03 9313412                    /usr/lib/libxcb-dri3.so.0.1.0
7f3cc8bc5000-7f3cc8bc6000 r--p 00004000 08:03 9313412                    /usr/lib/libxcb-dri3.so.0.1.0
7f3cc8bc6000-7f3cc8bc7000 r--p 00004000 08:03 9313412                    /usr/lib/libxcb-dri3.so.0.1.0
7f3cc8bc7000-7f3cc8bc8000 rw-p 00005000 08:03 9313412                    /usr/lib/libxcb-dri3.so.0.1.0
7f3cc8bc8000-7f3cc8bcf000 r--p 00000000 08:03 9313421                    /usr/lib/libxcb-randr.so.0.1.0
7f3cc8bcf000-7f3cc8bd5000 r-xp 00007000 08:03 9313421                    /usr/lib/libxcb-randr.so.0.1.0
7f3cc8bd5000-7f3cc8bd8000 r--p 0000d000 08:03 9313421                    /usr/lib/libxcb-randr.so.0.1.0
7f3cc8bd8000-7f3cc8bd9000 r--p 00010000 08:03 9313421                    /usr/lib/libxcb-randr.so.0.1.0
7f3cc8bd9000-7f3cc8bda000 rw-p 00011000 08:03 9313421                    /usr/lib/libxcb-randr.so.0.1.0
7f3cc8bda000-7f3cc8bde000 r--p 00000000 08:03 9329577                    /usr/lib/libexpat.so.1.8.10
7f3cc8bde000-7f3cc8bfa000 r-xp 00004000 08:03 9329577                    /usr/lib/libexpat.so.1.8.10
7f3cc8bfa000-7f3cc8c02000 r--p 00020000 08:03 9329577                    /usr/lib/libexpat.so.1.8.10
7f3cc8c02000-7f3cc8c04000 r--p 00028000 08:03 9329577                    /usr/lib/libexpat.so.1.8.10
7f3cc8c04000-7f3cc8c05000 rw-p 0002a000 08:03 9329577                    /usr/lib/libexpat.so.1.8.10
7f3cc8c05000-7f3cc8c11000 r--p 00000000 08:03 9313415                    /usr/lib/libxcb-glx.so.0.0.0
7f3cc8c11000-7f3cc8c1a000 r-xp 0000c000 08:03 9313415                    /usr/lib/libxcb-glx.so.0.0.0
7f3cc8c1a000-7f3cc8c1f000 r--p 00015000 08:03 9313415                    /usr/lib/libxcb-glx.so.0.0.0
7f3cc8c1f000-7f3cc8c21000 r--p 0001a000 08:03 9313415                    /usr/lib/libxcb-glx.so.0.0.0
7f3cc8c21000-7f3cc8c22000 rw-p 0001c000 08:03 9313415                    /usr/lib/libxcb-glx.so.0.0.0
7f3cc8c22000-7f3cc8c3c000 r--p 00000000 08:03 9319416                    /usr/lib/libGLX_mesa.so.0.0.0
7f3cc8c3c000-7f3cc8ca4000 r-xp 0001a000 08:03 9319416                    /usr/lib/libGLX_mesa.so.0.0.0
7f3cc8ca4000-7f3cc8cbb000 r--p 00082000 08:03 9319416                    /usr/lib/libGLX_mesa.so.0.0.0
7f3cc8cbb000-7f3cc8cbe000 r--p 00099000 08:03 9319416                    /usr/lib/libGLX_mesa.so.0.0.0
7f3cc8cbe000-7f3cc8cbf000 rw-p 0009c000 08:03 9319416                    /usr/lib/libGLX_mesa.so.0.0.0
7f3cc8cbf000-7f3cc8cc2000 rw-p 00000000 00:00 0 
7f3cc8cc2000-7f3cc8d03000 r--p 00000000 08:03 9319631                    /usr/lib/libGLdispatch.so.0.0.0
7f3cc8d03000-7f3cc8d42000 r-xp 00041000 08:03 9319631                    /usr/lib/libGLdispatch.so.0.0.0
7f3cc8d42000-7f3cc8d55000 r--p 00080000 08:03 9319631                    /usr/lib/libGLdispatch.so.0.0.0
7f3cc8d55000-7f3cc8d71000 r--p 00093000 08:03 9319631                    /usr/lib/libGLdispatch.so.0.0.0
7f3cc8d71000-7f3cc8d72000 rw-p 000af000 08:03 9319631                    /usr/lib/libGLdispatch.so.0.0.0
7f3cc8d72000-7f3cc8d7a000 rw-p 00000000 00:00 0 
7f3cc8d7a000-7f3cc8dbc000 r--p 00000000 08:03 9319527                    /usr/lib/libGL.so.1.7.0
7f3cc8dbc000-7f3cc8ddb000 r-xp 00042000 08:03 9319527                    /usr/lib/libGL.so.1.7.0
7f3cc8ddb000-7f3cc8df0000 r--p 00061000 08:03 9319527                    /usr/lib/libGL.so.1.7.0
7f3cc8df0000-7f3cc8dfe000 r--p 00075000 08:03 9319527                    /usr/lib/libGL.so.1.7.0
7f3cc8dfe000-7f3cc8dff000 rw-p 00083000 08:03 9319527                    /usr/lib/libGL.so.1.7.0
7f3cc8dff000-7f3cc8e00000 rw-p 00000000 00:00 0 
7f3cc8e00000-7f3cc8e43000 r-xp 00000000 00:1a 190                        /tmp/lwjglvlad/3.2.2-build-10/libglfw.so
7f3cc8e43000-7f3cc9042000 ---p 00043000 00:1a 190                        /tmp/lwjglvlad/3.2.2-build-10/libglfw.so
7f3cc9042000-7f3cc9043000 r--p 00042000 00:1a 190                        /tmp/lwjglvlad/3.2.2-build-10/libglfw.so
7f3cc9043000-7f3cc9045000 rw-p 00043000 00:1a 190                        /tmp/lwjglvlad/3.2.2-build-10/libglfw.so
7f3cc9045000-7f3cc9066000 rw-p 00000000 00:00 0 
7f3cc9067000-7f3cc9068000 r--p 00000000 08:03 9313418                    /usr/lib/libxcb-present.so.0.0.0
7f3cc9068000-7f3cc9069000 r-xp 00001000 08:03 9313418                    /usr/lib/libxcb-present.so.0.0.0
7f3cc9069000-7f3cc906a000 r--p 00002000 08:03 9313418                    /usr/lib/libxcb-present.so.0.0.0
7f3cc906a000-7f3cc906b000 r--p 00002000 08:03 9313418                    /usr/lib/libxcb-present.so.0.0.0
7f3cc906b000-7f3cc906c000 rw-p 00003000 08:03 9313418                    /usr/lib/libxcb-present.so.0.0.0
7f3cc906c000-7f3cc906d000 r--p 00000000 08:03 9330273                    /usr/lib/libxshmfence.so.1.0.0
7f3cc906d000-7f3cc906e000 r-xp 00001000 08:03 9330273                    /usr/lib/libxshmfence.so.1.0.0
7f3cc906e000-7f3cc906f000 r--p 00002000 08:03 9330273                    /usr/lib/libxshmfence.so.1.0.0
7f3cc906f000-7f3cc9070000 r--p 00002000 08:03 9330273                    /usr/lib/libxshmfence.so.1.0.0
7f3cc9070000-7f3cc9071000 rw-p 00003000 08:03 9330273                    /usr/lib/libxshmfence.so.1.0.0
7f3cc9071000-7f3cc9076000 r--p 00000000 08:03 9316566                    /usr/lib/libdrm.so.2.4.0
7f3cc9076000-7f3cc9082000 r-xp 00005000 08:03 9316566                    /usr/lib/libdrm.so.2.4.0
7f3cc9082000-7f3cc9086000 r--p 00011000 08:03 9316566                    /usr/lib/libdrm.so.2.4.0
7f3cc9086000-7f3cc9087000 r--p 00015000 08:03 9316566                    /usr/lib/libdrm.so.2.4.0
7f3cc9087000-7f3cc9088000 rw-p 00016000 08:03 9316566                    /usr/lib/libdrm.so.2.4.0
7f3cc9088000-7f3cc9095000 r--p 00000000 08:03 9319425                    /usr/lib/libglapi.so.0.0.0
7f3cc9095000-7f3cc90a3000 r-xp 0000d000 08:03 9319425                    /usr/lib/libglapi.so.0.0.0
7f3cc90a3000-7f3cc90b8000 r--p 0001b000 08:03 9319425                    /usr/lib/libglapi.so.0.0.0
7f3cc90b8000-7f3cc90bc000 r--p 00030000 08:03 9319425                    /usr/lib/libglapi.so.0.0.0
7f3cc90bc000-7f3cc90bd000 rw-p 00034000 08:03 9319425                    /usr/lib/libglapi.so.0.0.0
7f3cc90bd000-7f3cc90d9000 r--p 00000000 08:03 9313500                    /usr/lib/libX11.so.6.4.0
7f3cc90d9000-7f3cc9164000 r-xp 0001c000 08:03 9313500                    /usr/lib/libX11.so.6.4.0
7f3cc9164000-7f3cc91f9000 r--p 000a7000 08:03 9313500                    /usr/lib/libX11.so.6.4.0
7f3cc91f9000-7f3cc91fc000 r--p 0013b000 08:03 9313500                    /usr/lib/libX11.so.6.4.0
7f3cc91fc000-7f3cc9200000 rw-p 0013e000 08:03 9313500                    /usr/lib/libX11.so.6.4.0
7f3cc9200000-7f3cc9283000 r-xp 00000000 00:1a 189                        /tmp/lwjglvlad/3.2.2-build-10/liblwjgl.so
7f3cc9283000-7f3cc9483000 ---p 00083000 00:1a 189                        /tmp/lwjglvlad/3.2.2-build-10/liblwjgl.so
7f3cc9483000-7f3cc9484000 r--p 00083000 00:1a 189                        /tmp/lwjglvlad/3.2.2-build-10/liblwjgl.so
7f3cc9484000-7f3cc9486000 rw-p 00084000 00:1a 189                        /tmp/lwjglvlad/3.2.2-build-10/liblwjgl.so
7f3cc9486000-7f3cc9487000 rw-p 00000000 00:00 0 
7f3cc9487000-7f3cc9488000 r--p 00000000 08:03 9313439                    /usr/lib/libxcb-shm.so.0.0.0
7f3cc9488000-7f3cc9489000 r-xp 00001000 08:03 9313439                    /usr/lib/libxcb-shm.so.0.0.0
7f3cc9489000-7f3cc948a000 r--p 00002000 08:03 9313439                    /usr/lib/libxcb-shm.so.0.0.0
7f3cc948a000-7f3cc948b000 r--p 00002000 08:03 9313439                    /usr/lib/libxcb-shm.so.0.0.0
7f3cc948b000-7f3cc948c000 rw-p 00003000 08:03 9313439                    /usr/lib/libxcb-shm.so.0.0.0
7f3cc948c000-7f3cc948e000 r--p 00000000 08:03 9313409                    /usr/lib/libxcb-dri2.so.0.0.0
7f3cc948e000-7f3cc9490000 r-xp 00002000 08:03 9313409                    /usr/lib/libxcb-dri2.so.0.0.0
7f3cc9490000-7f3cc9491000 r--p 00004000 08:03 9313409                    /usr/lib/libxcb-dri2.so.0.0.0
7f3cc9491000-7f3cc9492000 r--p 00004000 08:03 9313409                    /usr/lib/libxcb-dri2.so.0.0.0
7f3cc9492000-7f3cc9493000 rw-p 00005000 08:03 9313409                    /usr/lib/libxcb-dri2.so.0.0.0
7f3cc9493000-7f3cc9496000 r--p 00000000 08:03 9319536                    /usr/lib/libGLX.so.0.0.0
7f3cc9496000-7f3cc94b0000 r-xp 00003000 08:03 9319536                    /usr/lib/libGLX.so.0.0.0
7f3cc94b0000-7f3cc94b3000 r--p 0001d000 08:03 9319536                    /usr/lib/libGLX.so.0.0.0
7f3cc94b3000-7f3cc94b4000 r--p 00020000 08:03 9319536                    /usr/lib/libGLX.so.0.0.0
7f3cc94b4000-7f3cc94b5000 rw-p 00021000 08:03 9319536                    /usr/lib/libGLX.so.0.0.0
7f3cc94b5000-7f3cc94c5000 rw-p 00000000 00:00 0 
7f3cc94c5000-7f3cc94c6000 r--p 00000000 08:03 9313497                    /usr/lib/libX11-xcb.so.1.0.0
7f3cc94c6000-7f3cc94c7000 r-xp 00001000 08:03 9313497                    /usr/lib/libX11-xcb.so.1.0.0
7f3cc94c7000-7f3cc94c8000 r--p 00002000 08:03 9313497                    /usr/lib/libX11-xcb.so.1.0.0
7f3cc94c8000-7f3cc94c9000 r--p 00002000 08:03 9313497                    /usr/lib/libX11-xcb.so.1.0.0
7f3cc94c9000-7f3cc94ca000 rw-p 00003000 08:03 9313497                    /usr/lib/libX11-xcb.so.1.0.0
7f3cc94ca000-7f3cc94cb000 r--p 00000000 08:03 9329367                    /usr/lib/libXinerama.so.1.0.0
7f3cc94cb000-7f3cc94cc000 r-xp 00001000 08:03 9329367                    /usr/lib/libXinerama.so.1.0.0
7f3cc94cc000-7f3cc94cd000 r--p 00002000 08:03 9329367                    /usr/lib/libXinerama.so.1.0.0
7f3cc94cd000-7f3cc94ce000 r--p 00002000 08:03 9329367                    /usr/lib/libXinerama.so.1.0.0
7f3cc94ce000-7f3cc94cf000 rw-p 00003000 08:03 9329367                    /usr/lib/libXinerama.so.1.0.0
7f3cc94cf000-7f3cc94d1000 r--p 00000000 08:03 9329363                    /usr/lib/libXfixes.so.3.1.0
7f3cc94d1000-7f3cc94d4000 r-xp 00002000 08:03 9329363                    /usr/lib/libXfixes.so.3.1.0
7f3cc94d4000-7f3cc94d5000 r--p 00005000 08:03 9329363                    /usr/lib/libXfixes.so.3.1.0
7f3cc94d5000-7f3cc94d6000 r--p 00006000 08:03 9329363                    /usr/lib/libXfixes.so.3.1.0
7f3cc94d6000-7f3cc94d7000 rw-p 00007000 08:03 9329363                    /usr/lib/libXfixes.so.3.1.0
7f3cc94d7000-7f3cc94da000 r--p 00000000 08:03 9329359                    /usr/lib/libXcursor.so.1.0.2
7f3cc94da000-7f3cc94df000 r-xp 00003000 08:03 9329359                    /usr/lib/libXcursor.so.1.0.2
7f3cc94df000-7f3cc94e1000 r--p 00008000 08:03 9329359                    /usr/lib/libXcursor.so.1.0.2
7f3cc94e1000-7f3cc94e2000 r--p 00009000 08:03 9329359                    /usr/lib/libXcursor.so.1.0.2
7f3cc94e2000-7f3cc94e3000 rw-p 0000a000 08:03 9329359                    /usr/lib/libXcursor.so.1.0.2
7f3cc94e3000-7f3cc94e5000 r--p 00000000 08:03 9329372                    /usr/lib/libXrender.so.1.3.0
7f3cc94e5000-7f3cc94ec000 r-xp 00002000 08:03 9329372                    /usr/lib/libXrender.so.1.3.0
7f3cc94ec000-7f3cc94ee000 r--p 00009000 08:03 9329372                    /usr/lib/libXrender.so.1.3.0
7f3cc94ee000-7f3cc94ef000 r--p 0000a000 08:03 9329372                    /usr/lib/libXrender.so.1.3.0
7f3cc94ef000-7f3cc94f0000 rw-p 0000b000 08:03 9329372                    /usr/lib/libXrender.so.1.3.0
7f3cc94f0000-7f3cc94f3000 r--p 00000000 08:03 9329366                    /usr/lib/libXi.so.6.1.0
7f3cc94f3000-7f3cc94ff000 r-xp 00003000 08:03 9329366                    /usr/lib/libXi.so.6.1.0
7f3cc94ff000-7f3cc9502000 r--p 0000f000 08:03 9329366                    /usr/lib/libXi.so.6.1.0
7f3cc9502000-7f3cc9503000 r--p 00011000 08:03 9329366                    /usr/lib/libXi.so.6.1.0
7f3cc9503000-7f3cc9504000 rw-p 00012000 08:03 9329366                    /usr/lib/libXi.so.6.1.0
7f3cc9504000-7f3cc9510000 r--p 00000000 08:03 9313469                    /usr/lib/libxcb.so.1.1.0
7f3cc9510000-7f3cc9524000 r-xp 0000c000 08:03 9313469                    /usr/lib/libxcb.so.1.1.0
7f3cc9524000-7f3cc952d000 r--p 00020000 08:03 9313469                    /usr/lib/libxcb.so.1.1.0
7f3cc952d000-7f3cc952e000 r--p 00028000 08:03 9313469                    /usr/lib/libxcb.so.1.1.0
7f3cc952e000-7f3cc952f000 rw-p 00029000 08:03 9313469                    /usr/lib/libxcb.so.1.1.0
7f3cc952f000-7f3cc9533000 ---p 00000000 00:00 0 
7f3cc9533000-7f3cc962f000 rw-p 00000000 00:00 0 
7f3cc962f000-7f3cc9633000 ---p 00000000 00:00 0 
7f3cc9633000-7f3cc972f000 rw-p 00000000 00:00 0 
7f3cc972f000-7f3cc9733000 ---p 00000000 00:00 0 
7f3cc9733000-7f3cc982f000 rw-p 00000000 00:00 0 
7f3cc982f000-7f3cc9833000 ---p 00000000 00:00 0 
7f3cc9833000-7f3cc992f000 rw-p 00000000 00:00 0 
7f3cc992f000-7f3cc9933000 ---p 00000000 00:00 0 
7f3cc9933000-7f3cc9a2f000 rw-p 00000000 00:00 0 
7f3cc9a2f000-7f3cc9a34000 r--p 00000000 08:03 10111174                   /usr/lib/jvm/java-21-openjdk/lib/libjsvml.so
7f3cc9a34000-7f3cc9a75000 r-xp 00005000 08:03 10111174                   /usr/lib/jvm/java-21-openjdk/lib/libjsvml.so
7f3cc9a75000-7f3cc9afe000 r--p 00046000 08:03 10111174                   /usr/lib/jvm/java-21-openjdk/lib/libjsvml.so
7f3cc9afe000-7f3cc9aff000 r--p 000ce000 08:03 10111174                   /usr/lib/jvm/java-21-openjdk/lib/libjsvml.so
7f3cc9aff000-7f3cc9b00000 rw-p 000cf000 08:03 10111174                   /usr/lib/jvm/java-21-openjdk/lib/libjsvml.so
7f3cc9b00000-7f3cc9b04000 ---p 00000000 00:00 0 
7f3cc9b04000-7f3cc9c00000 rw-p 00000000 00:00 0 
7f3cc9c00000-7f3cc9eeb000 r--p 00000000 08:03 9310393                    /usr/lib/locale/locale-archive
7f3cc9eeb000-7f3cc9eef000 r--p 00000000 08:03 9329362                    /usr/lib/libXext.so.6.4.0
7f3cc9eef000-7f3cc9efa000 r-xp 00004000 08:03 9329362                    /usr/lib/libXext.so.6.4.0
7f3cc9efa000-7f3cc9efe000 r--p 0000f000 08:03 9329362                    /usr/lib/libXext.so.6.4.0
7f3cc9efe000-7f3cc9eff000 r--p 00012000 08:03 9329362                    /usr/lib/libXext.so.6.4.0
7f3cc9eff000-7f3cc9f00000 rw-p 00013000 08:03 9329362                    /usr/lib/libXext.so.6.4.0
7f3cc9f00000-7f3cc9f04000 ---p 00000000 00:00 0 
7f3cc9f04000-7f3ccc021000 rw-p 00000000 00:00 0 
7f3ccc021000-7f3cd0000000 ---p 00000000 00:00 0 
7f3cd0000000-7f3cd0021000 rw-p 00000000 00:00 0 
7f3cd0021000-7f3cd4000000 ---p 00000000 00:00 0 
7f3cd4000000-7f3cd4021000 rw-p 00000000 00:00 0 
7f3cd4021000-7f3cd8000000 ---p 00000000 00:00 0 
7f3cd8000000-7f3cd8004000 ---p 00000000 00:00 0 
7f3cd8004000-7f3cd8100000 rw-p 00000000 00:00 0 
7f3cd8100000-7f3cd8104000 ---p 00000000 00:00 0 
7f3cd8104000-7f3cd8200000 rw-p 00000000 00:00 0 
7f3cd8200000-7f3cd8204000 ---p 00000000 00:00 0 
7f3cd8204000-7f3cd8300000 rw-p 00000000 00:00 0 
7f3cd8300000-7f3cd8304000 ---p 00000000 00:00 0 
7f3cd8304000-7f3cd8400000 rw-p 00000000 00:00 0 
7f3cd8400000-7f3cd8670000 rwxp 00000000 00:00 0 
7f3cd8670000-7f3cdf938000 ---p 00000000 00:00 0 
7f3cdf938000-7f3cdfba8000 rwxp 00000000 00:00 0 
7f3cdfba8000-7f3cdfec7000 ---p 00000000 00:00 0 
7f3cdfec7000-7f3ce0137000 rwxp 00000000 00:00 0 
7f3ce0137000-7f3ce7400000 ---p 00000000 00:00 0 
7f3ce7400000-7f3cefedb000 r--s 00000000 08:03 10111188                   /usr/lib/jvm/java-21-openjdk/lib/modules
7f3cefedf000-7f3cefee1000 r--p 00000000 08:03 9326346                    /usr/lib/libXrandr.so.2.2.0
7f3cefee1000-7f3cefee8000 r-xp 00002000 08:03 9326346                    /usr/lib/libXrandr.so.2.2.0
7f3cefee8000-7f3cefeea000 r--p 00009000 08:03 9326346                    /usr/lib/libXrandr.so.2.2.0
7f3cefeea000-7f3cefeeb000 r--p 0000a000 08:03 9326346                    /usr/lib/libXrandr.so.2.2.0
7f3cefeeb000-7f3cefeec000 rw-p 0000b000 08:03 9326346                    /usr/lib/libXrandr.so.2.2.0
7f3cefeec000-7f3cefeed000 r--p 00000000 08:03 9329379                    /usr/lib/libXxf86vm.so.1.0.0
7f3cefeed000-7f3cefef0000 r-xp 00001000 08:03 9329379                    /usr/lib/libXxf86vm.so.1.0.0
7f3cefef0000-7f3cefef1000 r--p 00004000 08:03 9329379                    /usr/lib/libXxf86vm.so.1.0.0
7f3cefef1000-7f3cefef2000 r--p 00004000 08:03 9329379                    /usr/lib/libXxf86vm.so.1.0.0
7f3cefef2000-7f3cefef3000 rw-p 00005000 08:03 9329379                    /usr/lib/libXxf86vm.so.1.0.0
7f3cefef3000-7f3cefef5000 r--p 00000000 08:03 9329361                    /usr/lib/libXdmcp.so.6.0.0
7f3cefef5000-7f3cefef7000 r-xp 00002000 08:03 9329361                    /usr/lib/libXdmcp.so.6.0.0
7f3cefef7000-7f3cefef9000 r--p 00004000 08:03 9329361                    /usr/lib/libXdmcp.so.6.0.0
7f3cefef9000-7f3cefefa000 r--p 00005000 08:03 9329361                    /usr/lib/libXdmcp.so.6.0.0
7f3cefefa000-7f3cefefb000 rw-p 00006000 08:03 9329361                    /usr/lib/libXdmcp.so.6.0.0
7f3cefefb000-7f3cefefc000 r--p 00000000 08:03 9329357                    /usr/lib/libXau.so.6.0.0
7f3cefefc000-7f3cefefd000 r-xp 00001000 08:03 9329357                    /usr/lib/libXau.so.6.0.0
7f3cefefd000-7f3cefefe000 r--p 00002000 08:03 9329357                    /usr/lib/libXau.so.6.0.0
7f3cefefe000-7f3cefeff000 r--p 00002000 08:03 9329357                    /usr/lib/libXau.so.6.0.0
7f3cefeff000-7f3ceff00000 rw-p 00003000 08:03 9329357                    /usr/lib/libXau.so.6.0.0
7f3ceff00000-7f3ceff04000 ---p 00000000 00:00 0 
7f3ceff04000-7f3cf0626000 rw-p 00000000 00:00 0 
7f3cf0626000-7f3cf4000000 ---p 00000000 00:00 0 
7f3cf4002000-7f3cf4003000 r--p 00000000 08:03 9310387                    /usr/lib/librt.so.1
7f3cf4003000-7f3cf4004000 r-xp 00001000 08:03 9310387                    /usr/lib/librt.so.1
7f3cf4004000-7f3cf4005000 r--p 00002000 08:03 9310387                    /usr/lib/librt.so.1
7f3cf4005000-7f3cf4006000 r--p 00002000 08:03 9310387                    /usr/lib/librt.so.1
7f3cf4006000-7f3cf4007000 rw-p 00003000 08:03 9310387                    /usr/lib/librt.so.1
7f3cf400e000-7f3cf4012000 rw-s 102c17000 00:0f 11078                     anon_inode:i915.gem
7f3cf4012000-7f3cf4018000 rw-s 1039e3000 00:0f 11078                     anon_inode:i915.gem
7f3cf4018000-7f3cf401c000 rw-s 103620000 00:0f 11078                     anon_inode:i915.gem
7f3cf401c000-7f3cf4022000 rw-s 1041bd000 00:0f 11078                     anon_inode:i915.gem
7f3cf4022000-7f3cf4023000 rw-s 00000000 00:01 18617                      /memfd:xshmfence (deleted)
7f3cf4023000-7f3cf4027000 rw-s 101615000 00:0f 11078                     anon_inode:i915.gem
7f3cf4027000-7f3cf402a000 r--p 00000000 08:03 10111180                   /usr/lib/jvm/java-21-openjdk/lib/libnet.so
7f3cf402a000-7f3cf4031000 r-xp 00003000 08:03 10111180                   /usr/lib/jvm/java-21-openjdk/lib/libnet.so
7f3cf4031000-7f3cf4033000 r--p 0000a000 08:03 10111180                   /usr/lib/jvm/java-21-openjdk/lib/libnet.so
7f3cf4033000-7f3cf4034000 r--p 0000b000 08:03 10111180                   /usr/lib/jvm/java-21-openjdk/lib/libnet.so
7f3cf4034000-7f3cf4035000 rw-p 0000c000 08:03 10111180                   /usr/lib/jvm/java-21-openjdk/lib/libnet.so
7f3cf4035000-7f3cf403c000 r--p 00000000 08:03 10111181                   /usr/lib/jvm/java-21-openjdk/lib/libnio.so
7f3cf403c000-7f3cf4044000 r-xp 00007000 08:03 10111181                   /usr/lib/jvm/java-21-openjdk/lib/libnio.so
7f3cf4044000-7f3cf4048000 r--p 0000f000 08:03 10111181                   /usr/lib/jvm/java-21-openjdk/lib/libnio.so
7f3cf4048000-7f3cf4049000 r--p 00013000 08:03 10111181                   /usr/lib/jvm/java-21-openjdk/lib/libnio.so
7f3cf4049000-7f3cf404a000 rw-p 00014000 08:03 10111181                   /usr/lib/jvm/java-21-openjdk/lib/libnio.so
7f3cf404a000-7f3cf404b000 ---p 00000000 00:00 0 
7f3cf404b000-7f3cf414b000 rw-p 00000000 00:00 0 
7f3cf414b000-7f3cf414c000 ---p 00000000 00:00 0 
7f3cf414c000-7f3cf4369000 rw-p 00000000 00:00 0 
7f3cf4369000-7f3cf436a000 ---p 00000000 00:00 0 
7f3cf436a000-7f3cf446a000 rw-p 00000000 00:00 0 
7f3cf446a000-7f3cf446b000 ---p 00000000 00:00 0 
7f3cf446b000-7f3cf476d000 rw-p 00000000 00:00 0 
7f3cf476d000-7f3cf476e000 ---p 00000000 00:00 0 
7f3cf476e000-7f3cf486e000 rw-p 00000000 00:00 0 
7f3cf486e000-7f3cf486f000 ---p 00000000 00:00 0 
7f3cf486f000-7f3cf496f000 rw-p 00000000 00:00 0 
7f3cf496f000-7f3cf4970000 ---p 00000000 00:00 0 
7f3cf4970000-7f3cf4b80000 rw-p 00000000 00:00 0 
7f3cf4b80000-7f3cf5968000 ---p 00000000 00:00 0 
7f3cf5968000-7f3cf596c000 rw-p 00000000 00:00 0 
7f3cf596c000-7f3cf598e000 rw-p 00000000 00:00 0 
7f3cf598e000-7f3cf5b4b000 ---p 00000000 00:00 0 
7f3cf5b4b000-7f3cf5b6a000 rw-p 00000000 00:00 0 
7f3cf5b6a000-7f3cf5d27000 ---p 00000000 00:00 0 
7f3cf5d27000-7f3cf5f2f000 rw-p 00000000 00:00 0 
7f3cf5f2f000-7f3cf6015000 ---p 00000000 00:00 0 
7f3cf6015000-7f3cf601a000 rw-p 00000000 00:00 0 
7f3cf601a000-7f3cf6100000 ---p 00000000 00:00 0 
7f3cf6100000-7f3cf6104000 ---p 00000000 00:00 0 
7f3cf6104000-7f3cf6200000 rw-p 00000000 00:00 0 
7f3cf6200000-7f3cf629c000 r--p 00000000 08:03 9330108                    /usr/lib/libstdc++.so.6.0.32
7f3cf629c000-7f3cf63d3000 r-xp 0009c000 08:03 9330108                    /usr/lib/libstdc++.so.6.0.32
7f3cf63d3000-7f3cf6469000 r--p 001d3000 08:03 9330108                    /usr/lib/libstdc++.so.6.0.32
7f3cf6469000-7f3cf6476000 r--p 00269000 08:03 9330108                    /usr/lib/libstdc++.so.6.0.32
7f3cf6476000-7f3cf6477000 rw-p 00276000 08:03 9330108                    /usr/lib/libstdc++.so.6.0.32
7f3cf6477000-7f3cf647b000 rw-p 00000000 00:00 0 
7f3cf647b000-7f3cf647c000 rw-s 1023ab000 00:0f 11078                     anon_inode:i915.gem
7f3cf647c000-7f3cf647d000 rw-s 100826000 00:0f 11078                     anon_inode:i915.gem
7f3cf647d000-7f3cf647e000 rw-s 102399000 00:0f 11078                     anon_inode:i915.gem
7f3cf647e000-7f3cf647f000 r--p 00000000 08:03 9310382                    /usr/lib/libpthread.so.0
7f3cf647f000-7f3cf6480000 r-xp 00001000 08:03 9310382                    /usr/lib/libpthread.so.0
7f3cf6480000-7f3cf6481000 r--p 00002000 08:03 9310382                    /usr/lib/libpthread.so.0
7f3cf6481000-7f3cf6482000 r--p 00002000 08:03 9310382                    /usr/lib/libpthread.so.0
7f3cf6482000-7f3cf6483000 rw-p 00003000 08:03 9310382                    /usr/lib/libpthread.so.0
7f3cf6483000-7f3cf6484000 r--p 00000000 08:03 9310360                    /usr/lib/libdl.so.2
7f3cf6484000-7f3cf6485000 r-xp 00001000 08:03 9310360                    /usr/lib/libdl.so.2
7f3cf6485000-7f3cf6486000 r--p 00002000 08:03 9310360                    /usr/lib/libdl.so.2
7f3cf6486000-7f3cf6487000 r--p 00002000 08:03 9310360                    /usr/lib/libdl.so.2
7f3cf6487000-7f3cf6488000 rw-p 00003000 08:03 9310360                    /usr/lib/libdl.so.2
7f3cf6488000-7f3cf6495000 r--p 00000000 08:03 10111168                   /usr/lib/jvm/java-21-openjdk/lib/libjava.so
7f3cf6495000-7f3cf64a2000 r-xp 0000d000 08:03 10111168                   /usr/lib/jvm/java-21-openjdk/lib/libjava.so
7f3cf64a2000-7f3cf64a7000 r--p 0001a000 08:03 10111168                   /usr/lib/jvm/java-21-openjdk/lib/libjava.so
7f3cf64a7000-7f3cf64a8000 r--p 0001f000 08:03 10111168                   /usr/lib/jvm/java-21-openjdk/lib/libjava.so
7f3cf64a8000-7f3cf64a9000 rw-p 00020000 08:03 10111168                   /usr/lib/jvm/java-21-openjdk/lib/libjava.so
7f3cf64a9000-7f3cf64aa000 rw-p 00000000 00:00 0 
7f3cf64aa000-7f3cf64ad000 r--p 00000000 08:03 10111170                   /usr/lib/jvm/java-21-openjdk/lib/libjdwp.so
7f3cf64ad000-7f3cf64dd000 r-xp 00003000 08:03 10111170                   /usr/lib/jvm/java-21-openjdk/lib/libjdwp.so
7f3cf64dd000-7f3cf64eb000 r--p 00033000 08:03 10111170                   /usr/lib/jvm/java-21-openjdk/lib/libjdwp.so
7f3cf64eb000-7f3cf64ec000 r--p 00041000 08:03 10111170                   /usr/lib/jvm/java-21-openjdk/lib/libjdwp.so
7f3cf64ec000-7f3cf64ed000 rw-p 00042000 08:03 10111170                   /usr/lib/jvm/java-21-openjdk/lib/libjdwp.so
7f3cf64ed000-7f3cf64ee000 rw-p 00000000 00:00 0 
7f3cf64ee000-7f3cf64f2000 r--p 00000000 08:03 9329624                    /usr/lib/libgcc_s.so.1
7f3cf64f2000-7f3cf650d000 r-xp 00004000 08:03 9329624                    /usr/lib/libgcc_s.so.1
7f3cf650d000-7f3cf6511000 r--p 0001f000 08:03 9329624                    /usr/lib/libgcc_s.so.1
7f3cf6511000-7f3cf6512000 r--p 00022000 08:03 9329624                    /usr/lib/libgcc_s.so.1
7f3cf6512000-7f3cf6513000 rw-p 00023000 08:03 9329624                    /usr/lib/libgcc_s.so.1
7f3cf6513000-7f3cf6523000 r--p 00000000 08:03 9310365                    /usr/lib/libm.so.6
7f3cf6523000-7f3cf65a2000 r-xp 00010000 08:03 9310365                    /usr/lib/libm.so.6
7f3cf65a2000-7f3cf65fe000 r--p 0008f000 08:03 9310365                    /usr/lib/libm.so.6
7f3cf65fe000-7f3cf65ff000 r--p 000ea000 08:03 9310365                    /usr/lib/libm.so.6
7f3cf65ff000-7f3cf6600000 rw-p 000eb000 08:03 9310365                    /usr/lib/libm.so.6
7f3cf6600000-7f3cf6896000 r--p 00000000 08:03 10111200                   /usr/lib/jvm/java-21-openjdk/lib/server/libjvm.so
7f3cf6896000-7f3cf7725000 r-xp 00296000 08:03 10111200                   /usr/lib/jvm/java-21-openjdk/lib/server/libjvm.so
7f3cf7725000-7f3cf79f5000 r--p 01125000 08:03 10111200                   /usr/lib/jvm/java-21-openjdk/lib/server/libjvm.so
7f3cf79f5000-7f3cf7ac4000 r--p 013f5000 08:03 10111200                   /usr/lib/jvm/java-21-openjdk/lib/server/libjvm.so
7f3cf7ac4000-7f3cf7af4000 rw-p 014c4000 08:03 10111200                   /usr/lib/jvm/java-21-openjdk/lib/server/libjvm.so
7f3cf7af4000-7f3cf7b59000 rw-p 00000000 00:00 0 
7f3cf7b59000-7f3cf7b5b000 r--p 00000000 08:03 10111187                   /usr/lib/jvm/java-21-openjdk/lib/libzip.so
7f3cf7b5b000-7f3cf7b5f000 r-xp 00002000 08:03 10111187                   /usr/lib/jvm/java-21-openjdk/lib/libzip.so
7f3cf7b5f000-7f3cf7b61000 r--p 00006000 08:03 10111187                   /usr/lib/jvm/java-21-openjdk/lib/libzip.so
7f3cf7b61000-7f3cf7b62000 r--p 00007000 08:03 10111187                   /usr/lib/jvm/java-21-openjdk/lib/libzip.so
7f3cf7b62000-7f3cf7b63000 rw-p 00008000 08:03 10111187                   /usr/lib/jvm/java-21-openjdk/lib/libzip.so
7f3cf7b63000-7f3cf7b64000 r--p 00000000 08:03 10111160                   /usr/lib/jvm/java-21-openjdk/lib/libdt_socket.so
7f3cf7b64000-7f3cf7b67000 r-xp 00001000 08:03 10111160                   /usr/lib/jvm/java-21-openjdk/lib/libdt_socket.so
7f3cf7b67000-7f3cf7b68000 r--p 00004000 08:03 10111160                   /usr/lib/jvm/java-21-openjdk/lib/libdt_socket.so
7f3cf7b68000-7f3cf7b69000 r--p 00005000 08:03 10111160                   /usr/lib/jvm/java-21-openjdk/lib/libdt_socket.so
7f3cf7b69000-7f3cf7b6a000 rw-p 00006000 08:03 10111160                   /usr/lib/jvm/java-21-openjdk/lib/libdt_socket.so
7f3cf7b6a000-7f3cf7b6d000 rw-p 00000000 00:00 0 
7f3cf7b6d000-7f3cf7b70000 r--p 00000000 08:03 9310805                    /usr/lib/libz.so.1.3
7f3cf7b70000-7f3cf7b7e000 r-xp 00003000 08:03 9310805                    /usr/lib/libz.so.1.3
7f3cf7b7e000-7f3cf7b85000 r--p 00011000 08:03 9310805                    /usr/lib/libz.so.1.3
7f3cf7b85000-7f3cf7b86000 r--p 00017000 08:03 9310805                    /usr/lib/libz.so.1.3
7f3cf7b86000-7f3cf7b87000 rw-p 00018000 08:03 9310805                    /usr/lib/libz.so.1.3
7f3cf7b87000-7f3cf7bad000 r--p 00000000 08:03 9310355                    /usr/lib/libc.so.6
7f3cf7bad000-7f3cf7d07000 r-xp 00026000 08:03 9310355                    /usr/lib/libc.so.6
7f3cf7d07000-7f3cf7d5b000 r--p 00180000 08:03 9310355                    /usr/lib/libc.so.6
7f3cf7d5b000-7f3cf7d5f000 r--p 001d3000 08:03 9310355                    /usr/lib/libc.so.6
7f3cf7d5f000-7f3cf7d61000 rw-p 001d7000 08:03 9310355                    /usr/lib/libc.so.6
7f3cf7d61000-7f3cf7d69000 rw-p 00000000 00:00 0 
7f3cf7d69000-7f3cf7d6a000 r-xp 00000000 00:00 0 
7f3cf7d6a000-7f3cf7d6f000 rw-p 00000000 00:00 0 
7f3cf7d6f000-7f3cf7d76000 ---p 00000000 00:00 0 
7f3cf7d76000-7f3cf7d7e000 rw-s 00000000 00:1a 1296                       /tmp/hsperfdata_vlad/3742
7f3cf7d7e000-7f3cf7d7f000 ---p 00000000 00:00 0 
7f3cf7d7f000-7f3cf7d80000 r--p 00000000 00:00 0 
7f3cf7d80000-7f3cf7d81000 ---p 00000000 00:00 0 
7f3cf7d81000-7f3cf7d83000 r--p 00000000 08:03 10111171                   /usr/lib/jvm/java-21-openjdk/lib/libjimage.so
7f3cf7d83000-7f3cf7d86000 r-xp 00002000 08:03 10111171                   /usr/lib/jvm/java-21-openjdk/lib/libjimage.so
7f3cf7d86000-7f3cf7d87000 r--p 00005000 08:03 10111171                   /usr/lib/jvm/java-21-openjdk/lib/libjimage.so
7f3cf7d87000-7f3cf7d88000 r--p 00006000 08:03 10111171                   /usr/lib/jvm/java-21-openjdk/lib/libjimage.so
7f3cf7d88000-7f3cf7d89000 rw-p 00007000 08:03 10111171                   /usr/lib/jvm/java-21-openjdk/lib/libjimage.so
7f3cf7d89000-7f3cf7d8b000 r--p 00000000 08:03 10111172                   /usr/lib/jvm/java-21-openjdk/lib/libjli.so
7f3cf7d8b000-7f3cf7d95000 r-xp 00002000 08:03 10111172                   /usr/lib/jvm/java-21-openjdk/lib/libjli.so
7f3cf7d95000-7f3cf7d98000 r--p 0000c000 08:03 10111172                   /usr/lib/jvm/java-21-openjdk/lib/libjli.so
7f3cf7d98000-7f3cf7d99000 r--p 0000f000 08:03 10111172                   /usr/lib/jvm/java-21-openjdk/lib/libjli.so
7f3cf7d99000-7f3cf7d9a000 rw-p 00010000 08:03 10111172                   /usr/lib/jvm/java-21-openjdk/lib/libjli.so
7f3cf7d9a000-7f3cf7d9c000 rw-p 00000000 00:00 0 
7f3cf7d9c000-7f3cf7d9d000 r--p 00000000 08:03 9310346                    /usr/lib/ld-linux-x86-64.so.2
7f3cf7d9d000-7f3cf7dc3000 r-xp 00001000 08:03 9310346                    /usr/lib/ld-linux-x86-64.so.2
7f3cf7dc3000-7f3cf7dcd000 r--p 00027000 08:03 9310346                    /usr/lib/ld-linux-x86-64.so.2
7f3cf7dcd000-7f3cf7dcf000 r--p 00031000 08:03 9310346                    /usr/lib/ld-linux-x86-64.so.2
7f3cf7dcf000-7f3cf7dd1000 rw-p 00033000 08:03 9310346                    /usr/lib/ld-linux-x86-64.so.2
7ffd9ebff000-7ffd9ec20000 rw-p 00000000 00:00 0                          [stack]
7ffd9ed88000-7ffd9ed8c000 r--p 00000000 00:00 0                          [vvar]
7ffd9ed8c000-7ffd9ed8e000 r-xp 00000000 00:00 0                          [vdso]
ffffffffff600000-ffffffffff601000 --xp 00000000 00:00 0                  [vsyscall]
Total number of mappings: 488


VM Arguments:
jvm_args: -agentlib:jdwp=transport=dt_socket,server=n,suspend=y,address=localhost:34871 -XX:+ShowCodeDetailsInExceptionMessages 
java_command: org.asmodeus.Main
java_class_path (initial): /home/vlad//Freddy's Engine/Freddy-s-Engine/freddy-s-engine/target/classes:/home/vlad/.m2/repository/org/lwjgl/lwjgl/3.2.2/lwjgl-3.2.2-natives-linux.jar:/home/vlad/.m2/repository/org/lwjgl/lwjgl-opengl/3.2.2/lwjgl-opengl-3.2.2.jar:/home/vlad/.m2/repository/org/lwjgl/lwjgl/3.2.2/lwjgl-3.2.2.jar:/home/vlad/.m2/repository/org/lwjgl/lwjgl-opengl/3.2.2/lwjgl-opengl-3.2.2-natives-linux.jar:/home/vlad/.m2/repository/org/lwjgl/lwjgl-glfw/3.2.2/lwjgl-glfw-3.2.2.jar:/home/vlad/.m2/repository/org/lwjgl/lwjgl-glfw/3.2.2/lwjgl-glfw-3.2.2-natives-linux.jar
Launcher Type: SUN_STANDARD

[Global flags]
     intx CICompilerCount                          = 2                                         {product} {ergonomic}
     uint ConcGCThreads                            = 1                                         {product} {ergonomic}
     uint G1ConcRefinementThreads                  = 2                                         {product} {ergonomic}
   size_t G1HeapRegionSize                         = 1048576                                   {product} {ergonomic}
    uintx GCDrainStackTargetSize                   = 64                                        {product} {ergonomic}
   size_t InitialHeapSize                          = 62914560                                  {product} {ergonomic}
   size_t MarkStackSize                            = 4194304                                   {product} {ergonomic}
   size_t MaxHeapSize                              = 998244352                                 {product} {ergonomic}
   size_t MaxNewSize                               = 598736896                                 {product} {ergonomic}
   size_t MinHeapDeltaBytes                        = 1048576                                   {product} {ergonomic}
   size_t MinHeapSize                              = 8388608                                   {product} {ergonomic}
    uintx NonNMethodCodeHeapSize                   = 5826188                                {pd product} {ergonomic}
    uintx NonProfiledCodeHeapSize                  = 122916026                              {pd product} {ergonomic}
    uintx ProfiledCodeHeapSize                     = 122916026                              {pd product} {ergonomic}
    uintx ReservedCodeCacheSize                    = 251658240                              {pd product} {ergonomic}
     bool SegmentedCodeCache                       = true                                      {product} {ergonomic}
     bool ShowCodeDetailsInExceptionMessages       = true                                   {manageable} {command line}
   size_t SoftMaxHeapSize                          = 998244352                              {manageable} {ergonomic}
     bool UseCompressedOops                        = true                           {product lp64_product} {ergonomic}
     bool UseG1GC                                  = true                                      {product} {ergonomic}

Logging:
Log output configuration:
 #0: stdout all=warning uptime,level,tags foldmultilines=false
 #1: stderr all=off uptime,level,tags foldmultilines=false

Environment Variables:
PATH=/usr/local/bin:/usr/bin:/bin:/usr/local/sbin:/var/lib/flatpak/exports/bin:/usr/lib/jvm/default/bin:/usr/bin/site_perl:/usr/bin/vendor_perl:/usr/bin/core_perl
SHELL=/bin/bash
DISPLAY=:0
LANG=ru_RU.UTF-8
LC_NUMERIC=ru_RU.UTF-8
LC_TIME=ru_RU.UTF-8
TERM=xterm-256color

Active Locale:
LC_ALL=ru_RU.UTF-8
LC_COLLATE=ru_RU.UTF-8
LC_CTYPE=ru_RU.UTF-8
LC_MESSAGES=ru_RU.UTF-8
LC_MONETARY=ru_RU.UTF-8
LC_NUMERIC=ru_RU.UTF-8
LC_TIME=ru_RU.UTF-8

Signal Handlers:
   SIGSEGV: 0x00007f3cf7622540 in libjvm.so+16917824, mask=11100100010111111101111111111110, flags=SA_RESTART|SA_SIGINFO, unblocked
    SIGBUS: 0x00007f3cf7622540 in libjvm.so+16917824, mask=11100100010111111101111111111110, flags=SA_RESTART|SA_SIGINFO, unblocked
    SIGFPE: 0x00007f3cf7622540 in libjvm.so+16917824, mask=11100100010111111101111111111110, flags=SA_RESTART|SA_SIGINFO, unblocked
   SIGPIPE: 0x00007f3cf7483e40 in libjvm.so+15220288, mask=11100100010111111101111111111110, flags=SA_RESTART|SA_SIGINFO, blocked
   SIGXFSZ: 0x00007f3cf7483e40 in libjvm.so+15220288, mask=11100100010111111101111111111110, flags=SA_RESTART|SA_SIGINFO, blocked
    SIGILL: 0x00007f3cf7622540 in libjvm.so+16917824, mask=11100100010111111101111111111110, flags=SA_RESTART|SA_SIGINFO, unblocked
   SIGUSR2: 0x00007f3cf7485690 in libjvm.so+15226512, mask=00000000000000000000000000000000, flags=SA_RESTART|SA_SIGINFO, blocked
    SIGHUP: 0x00007f3cf74832e0 in libjvm.so+15217376, mask=11100100010111111101111111111110, flags=SA_RESTART|SA_SIGINFO, blocked
    SIGINT: 0x00007f3cf74832e0 in libjvm.so+15217376, mask=11100100010111111101111111111110, flags=SA_RESTART|SA_SIGINFO, blocked
   SIGTERM: 0x00007f3cf74832e0 in libjvm.so+15217376, mask=11100100010111111101111111111110, flags=SA_RESTART|SA_SIGINFO, blocked
   SIGQUIT: 0x00007f3cf74832e0 in libjvm.so+15217376, mask=11100100010111111101111111111110, flags=SA_RESTART|SA_SIGINFO, blocked
   SIGTRAP: 0x00007f3cf7622540 in libjvm.so+16917824, mask=11100100010111111101111111111110, flags=SA_RESTART|SA_SIGINFO, unblocked


---------------  S Y S T E M  ---------------

OS:
DISTRIB_ID="Artix"
DISTRIB_RELEASE="rolling"
DISTRIB_DESCRIPTION="Artix Linux"
DISTRIB_CODENAME=mate-dinit-20230814
uname: Linux 6.5.7-artix1-1 #1 SMP PREEMPT_DYNAMIC Sun, 15 Oct 2023 22:13:26 +0000 x86_64
OS uptime: 0 days 1:42 hours
libc: glibc 2.38 NPTL 2.38 
rlimit (soft/hard): STACK 8192k/infinity , CORE 0k/infinity , NPROC 15125/15125 , NOFILE 4096/4096 , AS infinity/infinity , CPU infinity/infinity , DATA infinity/infinity , FSIZE infinity/infinity , MEMLOCK 8192k/8192k
load average: 2,97 1,77 1,41

/proc/meminfo:
MemTotal:        3893100 kB
MemFree:          820800 kB
MemAvailable:    1780176 kB
Buffers:           79020 kB
Cached:          1286788 kB
SwapCached:            0 kB
Active:          1705308 kB
Inactive:        1009652 kB
Active(anon):    1088532 kB
Inactive(anon):   465888 kB
Active(file):     616776 kB
Inactive(file):   543764 kB
Unevictable:      147992 kB
Mlocked:              32 kB
SwapTotal:             0 kB
SwapFree:              0 kB
Zswap:                 0 kB
Zswapped:              0 kB
Dirty:               300 kB
Writeback:             0 kB
AnonPages:       1478720 kB
Mapped:           567612 kB
Shmem:            205184 kB
KReclaimable:      43384 kB
Slab:             102584 kB
SReclaimable:      43384 kB
SUnreclaim:        59200 kB
KernelStack:        8144 kB
PageTables:        16920 kB
SecPageTables:         0 kB
NFS_Unstable:          0 kB
Bounce:                0 kB
WritebackTmp:          0 kB
CommitLimit:     1946548 kB
Committed_AS:    5072720 kB
VmallocTotal:   34359738367 kB
VmallocUsed:       31776 kB
VmallocChunk:          0 kB
Percpu:             1168 kB
HardwareCorrupted:     0 kB
AnonHugePages:    727040 kB
ShmemHugePages:        0 kB
ShmemPmdMapped:        0 kB
FileHugePages:    176128 kB
FilePmdMapped:    106496 kB
CmaTotal:              0 kB
CmaFree:               0 kB
Unaccepted:            0 kB
HugePages_Total:       0
HugePages_Free:        0
HugePages_Rsvd:        0
HugePages_Surp:        0
Hugepagesize:       2048 kB
Hugetlb:               0 kB
DirectMap4k:      166592 kB
DirectMap2M:     3907584 kB

/sys/kernel/mm/transparent_hugepage/enabled: [always] madvise never
/sys/kernel/mm/transparent_hugepage/defrag (defrag/compaction efforts parameter): always defer defer+madvise [madvise] never

Process Memory:
Virtual Size: 3856224K (peak: 3857244K)
Resident Set Size: 202072K (peak: 202072K) (anon: 58120K, file: 143184K, shmem: 768K)
Swapped out: 0K
C-Heap outstanding allocations: 15710K, retained: 2633K
glibc malloc tunables: (default)

/proc/sys/kernel/threads-max (system-wide limit on the number of threads): 30250
/proc/sys/vm/max_map_count (maximum number of memory map areas a process may have): 65530
/proc/sys/kernel/pid_max (system-wide limit on number of process identifiers): 32768

container (cgroup) information:
container_type: cgroupv1
cpu_cpuset_cpus: 0-1
cpu_memory_nodes: 0
active_processor_count: 2
cpu_quota: no quota
cpu_period: 100000
cpu_shares: no shares
memory_limit_in_bytes: unlimited
memory_and_swap_limit_in_bytes: unlimited
memory_soft_limit_in_bytes: unlimited
memory_usage_in_bytes: 2844528 k
memory_max_usage_in_bytes: unlimited
kernel_memory_usage_in_bytes: unlimited
kernel_memory_max_usage_in_bytes: unlimited
kernel_memory_limit_in_bytes: unlimited
maximum number of tasks: not supported
current number of tasks: not supported

Steal ticks since vm start: 0
Steal ticks percentage since vm start:  0,000

CPU: total 4 (initial active 2) (2 cores per cpu, 1 threads per core) family 6 model 55 stepping 8 microcode 0x838, cx8, cmov, fxsr, mmx, 3dnowpref, sse, sse2, sse3, ssse3, sse4.1, sse4.2, popcnt, tsc, tscinvbit, erms, clmul, clflush, rdtscp
CPU Model and flags from /proc/cpuinfo:
model name	: Intel(R) Celeron(R) CPU  N2840  @ 2.16GHz
flags		: fpu vme de pse tsc msr pae mce cx8 apic sep mtrr pge mca cmov pat pse36 clflush dts acpi mmx fxsr sse sse2 ss ht tm pbe syscall nx rdtscp lm constant_tsc arch_perfmon pebs bts rep_good nopl xtopology tsc_reliable nonstop_tsc cpuid aperfmperf tsc_known_freq pni pclmulqdq dtes64 monitor ds_cpl est tm2 ssse3 cx16 xtpr pdcm sse4_1 sse4_2 movbe popcnt tsc_deadline_timer rdrand lahf_lm 3dnowprefetch epb pti ibrs ibpb stibp tsc_adjust smep erms dtherm ida arat md_clear

Online cpus: 0-1
Offline cpus: 2-3
BIOS frequency limitation: <Not Available>
Frequency switch latency (ns): 20000
Available cpu frequencies: <Not Available>
Current governor: schedutil
Core performance/turbo boost: <Not Available>

Memory: 4k page, physical 3893100k(1780176k free), swap 0k(0k free)
Page Sizes: 4k

vm_info: OpenJDK 64-Bit Server VM (21+35) for linux-amd64 JRE (21+35), built on 2023-09-22T00:54:16Z by "builduser" with gcc 13.2.1 20230801

END.
