#
# A fatal error has been detected by the Java Runtime Environment:
#
#  SIGSEGV (0xb) at pc=0x00007f1e242fd9ba, pid=27669, tid=27670
#
# JRE version: OpenJDK Runtime Environment (21.0+35) (build 21+35)
# Java VM: OpenJDK 64-Bit Server VM (21+35, mixed mode, sharing, tiered, compressed oops, compressed class ptrs, g1 gc, linux-amd64)
# Problematic frame:
# C  [libjdwp.so+0x2e9ba]
#
# No core dump will be written. Core dumps have been disabled. To enable core dumping, try "ulimit -c unlimited" before starting Java again
#
# If you would like to submit a bug report, please visit:
#   https://bugreport.java.com/bugreport/crash.jsp
# The crash happened outside the Java Virtual Machine in native code.
# See problematic frame for where to report the bug.
#

---------------  S U M M A R Y ------------

Command Line: -agentlib:jdwp=transport=dt_socket,server=n,suspend=y,address=localhost:35449 -XX:+ShowCodeDetailsInExceptionMessages org.asmodeus.Main

Host: Intel(R) Celeron(R) CPU  N2840  @ 2.16GHz, 4 cores, 3G, Artix Linux
Time: Sat Dec 23 16:15:42 2023 MSK elapsed time: 3.774490 seconds (0d 0h 0m 3s)

---------------  T H R E A D  ---------------

Current thread (0x00007f1e1c0179a0):  JavaThread "main"             [_thread_in_native, id=27670, stack(0x00007f1e23f00000,0x00007f1e24000000) (1024K)]

Stack: [0x00007f1e23f00000,0x00007f1e24000000],  sp=0x00007f1e23ffeab8,  free space=1018k
Native frames: (J=compiled Java code, j=interpreted, Vv=VM code, C=native code)
C  [libjdwp.so+0x2e9ba]
C  [libjdwp.so+0x18cf2]
V  [libjvm.so+0xb2911c]
V  [libjvm.so+0x9399f6]
V  [libjvm.so+0x9b885f]
C  [libjli.so+0x4af3]
C  [libjli.so+0x7c6e]

siginfo: si_signo: 11 (SIGSEGV), si_code: 128 (SI_KERNEL), si_addr: 0x0000000000000000

Registers:
RAX=0x12000000de010300, RBX=0x00007f1e23ffeb40, RCX=0x0000000000000000, RDX=0x00000000ffffff01
RSP=0x00007f1e23ffeab8, RBP=0x00007f1e23ffeb30, RSI=0x00007f1e1c0cb580, RDI=0x00007f1e1c017d58
R8 =0x0000000000000001, R9 =0x0000000000000000, R10=0x00007f1e259464a0, R11=0x00007f1daf647c84
R12=0x0000000000000006, R13=0x00007f1e24312200, R14=0x00007f1e1c0f8900, R15=0x00007f1e1c017d58
RIP=0x00007f1e242fd9ba, EFLAGS=0x0000000000010246, CSGSFS=0x002b000000000033, ERR=0x0000000000000000
  TRAPNO=0x000000000000000d


Register to memory mapping:

RAX=0x12000000de010300 is an unknown value
RBX=0x00007f1e23ffeb40 is pointing into the stack for thread: 0x00007f1e1c0179a0
RCX=0x0 is null
RDX=0x00000000ffffff01 points into unknown readable memory: 00 00 00 00 00 00 00
RSP=0x00007f1e23ffeab8 is pointing into the stack for thread: 0x00007f1e1c0179a0
RBP=0x00007f1e23ffeb30 is pointing into the stack for thread: 0x00007f1e1c0179a0
RSI=0x00007f1e1c0cb580 points into unknown readable memory: 0x00000000c7d040b0 | b0 40 d0 c7 00 00 00 00
RDI=0x00007f1e1c017d58 points into unknown readable memory: 0x00007f1e1c61a100 | 00 a1 61 1c 1e 7f 00 00
R8 =0x0000000000000001 is an unknown value
R9 =0x0 is null
R10=0x00007f1e259464a0: <offset 0x00000000015464a0> in /usr/lib/jvm/java-21-openjdk/lib/server/libjvm.so at 0x00007f1e24400000
R11=0x00007f1daf647c84 is pointing into metadata
R12=0x0000000000000006 is an unknown value
R13=0x00007f1e24312200: <offset 0x0000000000043200> in /usr/lib/jvm/java-21-openjdk/lib/libjdwp.so at 0x00007f1e242cf000
R14=0x00007f1e1c0f8900 points into unknown readable memory: 0x00007f1e1c0f8e40 | 40 8e 0f 1c 1e 7f 00 00
R15=0x00007f1e1c017d58 points into unknown readable memory: 0x00007f1e1c61a100 | 00 a1 61 1c 1e 7f 00 00

Top of Stack: (sp=0x00007f1e23ffeab8)
0x00007f1e23ffeab8:   00007f1e242e6a2a 00007f1e1c0179a0
0x00007f1e23ffeac8:   00007f1e1c10ba60 00007f1e1c0cb580
0x00007f1e23ffead8:   0000000000000000 00007f1e23ffeaf0
0x00007f1e23ffeae8:   00007f1e24f39719 00007f1e23ffeb10
0x00007f1e23ffeaf8:   00007f1e24f11adc 00007f1e1c017d58
0x00007f1e23ffeb08:   00007f1e1c0cb580 00007f1e1c017d58
0x00007f1e23ffeb18:   00007f1e24312200 00007f1e1c0f8900
0x00007f1e23ffeb28:   0000000000000001 00007f1e23ffebc0
0x00007f1e23ffeb38:   00007f1e242e7cf2 0000000000000006
0x00007f1e23ffeb48:   00007f1e1c0cb580 0000000000000000
0x00007f1e23ffeb58:   0000000000000000 0000000000000000
0x00007f1e23ffeb68:   0000000000000000 0000000000000000
0x00007f1e23ffeb78:   0000000000000000 0000000000000000
0x00007f1e23ffeb88:   0000000000000000 0000000000000000
0x00007f1e23ffeb98:   00007f1e1c0179a0 00007f1e23ffebe0
0x00007f1e23ffeba8:   00007f1e1c0179a0 00007f1e23ffebe0
0x00007f1e23ffebb8:   00007f1e1c000c30 00007f1e23ffec80
0x00007f1e23ffebc8:   00007f1e24f2911c 00007f1e23ffebe0
0x00007f1e23ffebd8:   00007f1e1c0cb580 00007f1daf48dba8
0x00007f1e23ffebe8:   00007f1e1c002ad0 00007f1e1c0180b0
0x00007f1e23ffebf8:   00007f1e1c0180c0 00007f1e1c018498
0x00007f1e23ffec08:   00000000000003d8 00007f1e1c0179a0
0x00007f1e23ffec18:   00007f1e1c0179a0 00007f1e1c0184a0
0x00007f1e23ffec28:   00007f1e1c0184e0 00007f1e1c018500
0x00007f1e23ffec38:   00007f1e1c0185c8 00000000000000d8
0x00007f1e23ffec48:   00007f1e23ffeda0 00007f1e1c0179a0
0x00007f1e23ffec58:   00007f1e1c0179a0 00007f1e1c0184f8
0x00007f1e23ffec68:   00007f1e23ffecf8 00007f1e23ffed80
0x00007f1e23ffec78:   00007f1e1c0179a0 00007f1e23ffee10
0x00007f1e23ffec88:   00007f1e24d399f6 00007f1e1c1362d0
0x00007f1e23ffec98:   00007f1e23ffed20 00007f1e1c110268
0x00007f1e23ffeca8:   00007f1e1c110250 00007f1e23ffee30 

Instructions: (pc=0x00007f1e242fd9ba)
0x00007f1e242fd8ba:   03 00 00 48 8d 35 9c 76 00 00 48 8d 3d ba 7d 00
0x00007f1e242fd8ca:   00 67 e8 8f 2e ff ff 31 c0 48 8d 35 4c a7 00 00
0x00007f1e242fd8da:   48 8d 3d 97 79 00 00 67 e8 49 2f ff ff 48 8b 05
0x00007f1e242fd8ea:   12 49 01 00 e9 2d ff ff ff 66 66 2e 0f 1f 84 00
0x00007f1e242fd8fa:   00 00 00 00 66 90 f3 0f 1e fa 55 48 89 e5 41 54
0x00007f1e242fd90a:   49 89 fc 53 e8 4d e0 ff ff 48 89 c3 48 8b 05 e3
0x00007f1e242fd91a:   48 01 00 f6 80 10 02 00 00 02 75 1a 48 8b 50 28
0x00007f1e242fd92a:   48 8b 03 4c 89 e6 48 89 df 5b 41 5c 48 8b 80 00
0x00007f1e242fd93a:   01 00 00 5d ff e0 ba 0b 06 00 00 48 8d 35 14 76
0x00007f1e242fd94a:   00 00 48 8d 3d 12 79 00 00 67 e8 07 2e ff ff 31
0x00007f1e242fd95a:   c0 48 8d 35 35 92 00 00 48 8d 3d 0f 79 00 00 67
0x00007f1e242fd96a:   e8 c1 2e ff ff 48 8b 05 8a 48 01 00 eb ae 0f 1f
0x00007f1e242fd97a:   84 00 00 00 00 00 f3 0f 1e fa 55 48 89 e5 41 54
0x00007f1e242fd98a:   49 89 fc 53 e8 cd df ff ff 48 89 c3 48 8b 05 63
0x00007f1e242fd99a:   48 01 00 f6 80 10 02 00 00 02 75 1a 48 8b 03 4c
0x00007f1e242fd9aa:   89 e6 48 89 df 5b 41 5c 5d 48 8b 80 50 07 00 00
0x00007f1e242fd9ba:   ff e0 0f 1f 40 00 ba 12 06 00 00 48 8d 35 94 75
0x00007f1e242fd9ca:   00 00 48 8d 3d 92 78 00 00 67 e8 87 2d ff ff 48
0x00007f1e242fd9da:   8d 35 45 81 00 00 48 8d 3d 91 78 00 00 31 c0 67
0x00007f1e242fd9ea:   e8 41 2e ff ff eb b5 66 66 2e 0f 1f 84 00 00 00
0x00007f1e242fd9fa:   00 00 0f 1f 40 00 f3 0f 1e fa 55 48 89 e5 41 54
0x00007f1e242fda0a:   49 89 fc 53 e8 4d df ff ff 48 89 c3 48 8b 05 e3
0x00007f1e242fda1a:   47 01 00 f6 80 10 02 00 00 02 75 1a 48 8b 50 30
0x00007f1e242fda2a:   48 8b 03 4c 89 e6 48 89 df 5b 41 5c 48 8b 80 00
0x00007f1e242fda3a:   01 00 00 5d ff e0 ba 19 06 00 00 48 8d 35 14 75
0x00007f1e242fda4a:   00 00 48 8d 3d 12 78 00 00 67 e8 07 2d ff ff 31
0x00007f1e242fda5a:   c0 48 8d 35 35 91 00 00 48 8d 3d 0f 78 00 00 67
0x00007f1e242fda6a:   e8 c1 2d ff ff 48 8b 05 8a 47 01 00 eb ae 0f 1f
0x00007f1e242fda7a:   84 00 00 00 00 00 f3 0f 1e fa 55 48 89 e5 41 54
0x00007f1e242fda8a:   49 89 fc 53 e8 cd de ff ff 48 89 c3 48 8b 05 63
0x00007f1e242fda9a:   47 01 00 f6 80 10 02 00 00 02 75 1a 48 8b 50 38
0x00007f1e242fdaaa:   48 8b 03 4c 89 e6 48 89 df 5b 41 5c 48 8b 80 00 


Stack slot to memory mapping:

stack at sp + 0 slots: 0x00007f1e242e6a2a: <offset 0x0000000000017a2a> in /usr/lib/jvm/java-21-openjdk/lib/libjdwp.so at 0x00007f1e242cf000
stack at sp + 1 slots: 0x00007f1e1c0179a0 is a thread
stack at sp + 2 slots: 0x00007f1e1c10ba60 points into unknown readable memory: 0x0000000000000000 | 00 00 00 00 00 00 00 00
stack at sp + 3 slots: 0x00007f1e1c0cb580 points into unknown readable memory: 0x00000000c7d040b0 | b0 40 d0 c7 00 00 00 00
stack at sp + 4 slots: 0x0 is null
stack at sp + 5 slots: 0x00007f1e23ffeaf0 is pointing into the stack for thread: 0x00007f1e1c0179a0
stack at sp + 6 slots: 0x00007f1e24f39719: <offset 0x0000000000b39719> in /usr/lib/jvm/java-21-openjdk/lib/server/libjvm.so at 0x00007f1e24400000
stack at sp + 7 slots: 0x00007f1e23ffeb10 is pointing into the stack for thread: 0x00007f1e1c0179a0


---------------  P R O C E S S  ---------------

Threads class SMR info:
_java_thread_list=0x00007f1e1c1331c0, length=13, elements={
0x00007f1e1c0179a0, 0x00007f1e1c0d7470, 0x00007f1e1c0d8af0, 0x00007f1e1c0da5a0,
0x00007f1e1c0dbbe0, 0x00007f1e1c0dd180, 0x00007f1e1c0decc0, 0x00007f1e1c0e0380,
0x00007f1e1c10ad80, 0x00007f1e1c10d040, 0x00005650d80c2fe0, 0x00007f1e1c10e2e0,
0x00007f1e1c132040
}

Java Threads: ( => current thread )
=>0x00007f1e1c0179a0 JavaThread "main"                              [_thread_in_native, id=27670, stack(0x00007f1e23f00000,0x00007f1e24000000) (1024K)]
  0x00007f1e1c0d7470 JavaThread "Reference Handler"          daemon [_thread_blocked, id=27678, stack(0x00007f1e041ff000,0x00007f1e042ff000) (1024K)]
  0x00007f1e1c0d8af0 JavaThread "Finalizer"                  daemon [_thread_blocked, id=27679, stack(0x00007f1e040ff000,0x00007f1e041ff000) (1024K)]
  0x00007f1e1c0da5a0 JavaThread "Signal Dispatcher"          daemon [_thread_blocked, id=27680, stack(0x00007f1daef00000,0x00007f1daf000000) (1024K)]
  0x00007f1e1c0dbbe0 JavaThread "Service Thread"             daemon [_thread_blocked, id=27681, stack(0x00007f1daeb00000,0x00007f1daec00000) (1024K)]
  0x00007f1e1c0dd180 JavaThread "Monitor Deflation Thread"   daemon [_thread_blocked, id=27682, stack(0x00007f1daea00000,0x00007f1daeb00000) (1024K)]
  0x00007f1e1c0decc0 JavaThread "C2 CompilerThread0"         daemon [_thread_in_native, id=27683, stack(0x00007f1dae900000,0x00007f1daea00000) (1024K)]
  0x00007f1e1c0e0380 JavaThread "C1 CompilerThread0"         daemon [_thread_blocked, id=27684, stack(0x00007f1dae800000,0x00007f1dae900000) (1024K)]
  0x00007f1e1c10ad80 JavaThread "JDWP Transport Listener: dt_socket" daemon [_thread_blocked, id=27686, stack(0x00007f1dae700000,0x00007f1dae800000) (1024K)]
  0x00007f1e1c10d040 JavaThread "JDWP Event Helper Thread"   daemon [_thread_blocked, id=27687, stack(0x00007f1dae600000,0x00007f1dae700000) (1024K)]
  0x00005650d80c2fe0 JavaThread "JDWP Command Reader"        daemon [_thread_in_native, id=27688, stack(0x00007f1dae500000,0x00007f1dae600000) (1024K)]
  0x00007f1e1c10e2e0 JavaThread "Notification Thread"        daemon [_thread_blocked, id=27694, stack(0x00007f1dae400000,0x00007f1dae500000) (1024K)]
  0x00007f1e1c132040 JavaThread "Common-Cleaner"             daemon [_thread_blocked, id=27695, stack(0x00007f1dae300000,0x00007f1dae400000) (1024K)]
Total: 13

Other Threads:
  0x00007f1e1c0ca060 VMThread "VM Thread"                           [id=27677, stack(0x00007f1e04300000,0x00007f1e04400000) (1024K)]
  0x00007f1e1c0afec0 WatcherThread "VM Periodic Task Thread"        [id=27676, stack(0x00007f1e1bf00000,0x00007f1e1c000000) (1024K)]
  0x00007f1e1c050520 WorkerThread "GC Thread#0"                     [id=27671, stack(0x00007f1e22790000,0x00007f1e22890000) (1024K)]
  0x00007f1d9c006150 WorkerThread "GC Thread#1"                     [id=27710, stack(0x00007f1dac07d000,0x00007f1dac17d000) (1024K)]
  0x00007f1e1c0591e0 ConcurrentGCThread "G1 Main Marker"            [id=27672, stack(0x00007f1e2268f000,0x00007f1e2278f000) (1024K)]
  0x00007f1e1c05a180 WorkerThread "G1 Conc#0"                       [id=27673, stack(0x00007f1e2258e000,0x00007f1e2268e000) (1024K)]
  0x00007f1e1c095ad0 ConcurrentGCThread "G1 Refine#0"               [id=27674, stack(0x00007f1e2028b000,0x00007f1e2038b000) (1024K)]
  0x00007f1e1c096a80 ConcurrentGCThread "G1 Service"                [id=27675, stack(0x00007f1e2018a000,0x00007f1e2028a000) (1024K)]
Total: 8

Threads with active compile tasks:
C2 CompilerThread0     3822  810       4       java.lang.invoke.MethodType::makeImpl (109 bytes)
Total: 1

VM state: not at safepoint (normal execution)

VM Mutex/Monitor currently owned by a thread: None

Heap address: 0x00000000c4800000, size: 952 MB, Compressed Oops mode: 32-bit

CDS archive(s) mapped at: [0x00007f1daf000000-0x00007f1dafca8000-0x00007f1dafca8000), size 13271040, SharedBaseAddress: 0x00007f1daf000000, ArchiveRelocationMode: 1.
Compressed class space mapped at: 0x00007f1db0000000-0x00007f1df0000000, reserved size: 1073741824
Narrow klass base: 0x00007f1daf000000, Narrow klass shift: 0, Narrow klass range: 0x100000000

GC Precious Log:
 CardTable entry size: 512
 Card Set container configuration: InlinePtr #cards 5 size 8 Array Of Cards #cards 12 size 40 Howl #buckets 4 coarsen threshold 1843 Howl Bitmap #cards 512 size 80 coarsen threshold 460 Card regions per heap region 1 cards per card region 2048
 CPUs: 4 total, 2 available
 Memory: 3801M
 Large Page Support: Disabled
 NUMA Support: Disabled
 Compressed Oops: Enabled (32-bit)
 Heap Region Size: 1M
 Heap Min Capacity: 8M
 Heap Initial Capacity: 60M
 Heap Max Capacity: 952M
 Pre-touch: Disabled
 Parallel Workers: 2
 Concurrent Workers: 1
 Concurrent Refinement Workers: 2
 Periodic GC: Disabled

Heap:
 garbage-first heap   total 63488K, used 6581K [0x00000000c4800000, 0x0000000100000000)
  region size 1024K, 7 young (7168K), 1 survivors (1024K)
 Metaspace       used 5281K, committed 5376K, reserved 1114112K
  class space    used 275K, committed 320K, reserved 1048576K

Heap Regions: E=young(eden), S=young(survivor), O=old, HS=humongous(starts), HC=humongous(continues), CS=collection set, F=free, TAMS=top-at-mark-start, PB=parsable bottom
|   0|0x00000000c4800000, 0x00000000c48661e0, 0x00000000c4900000| 39%| O|  |TAMS 0x00000000c4800000| PB 0x00000000c4800000| Untracked 
|   1|0x00000000c4900000, 0x00000000c4900000, 0x00000000c4a00000|  0%| F|  |TAMS 0x00000000c4900000| PB 0x00000000c4900000| Untracked 
|   2|0x00000000c4a00000, 0x00000000c4a00000, 0x00000000c4b00000|  0%| F|  |TAMS 0x00000000c4a00000| PB 0x00000000c4a00000| Untracked 
|   3|0x00000000c4b00000, 0x00000000c4b00000, 0x00000000c4c00000|  0%| F|  |TAMS 0x00000000c4b00000| PB 0x00000000c4b00000| Untracked 
|   4|0x00000000c4c00000, 0x00000000c4c00000, 0x00000000c4d00000|  0%| F|  |TAMS 0x00000000c4c00000| PB 0x00000000c4c00000| Untracked 
|   5|0x00000000c4d00000, 0x00000000c4d00000, 0x00000000c4e00000|  0%| F|  |TAMS 0x00000000c4d00000| PB 0x00000000c4d00000| Untracked 
|   6|0x00000000c4e00000, 0x00000000c4e00000, 0x00000000c4f00000|  0%| F|  |TAMS 0x00000000c4e00000| PB 0x00000000c4e00000| Untracked 
|   7|0x00000000c4f00000, 0x00000000c4f00000, 0x00000000c5000000|  0%| F|  |TAMS 0x00000000c4f00000| PB 0x00000000c4f00000| Untracked 
|   8|0x00000000c5000000, 0x00000000c5000000, 0x00000000c5100000|  0%| F|  |TAMS 0x00000000c5000000| PB 0x00000000c5000000| Untracked 
|   9|0x00000000c5100000, 0x00000000c5100000, 0x00000000c5200000|  0%| F|  |TAMS 0x00000000c5100000| PB 0x00000000c5100000| Untracked 
|  10|0x00000000c5200000, 0x00000000c5200000, 0x00000000c5300000|  0%| F|  |TAMS 0x00000000c5200000| PB 0x00000000c5200000| Untracked 
|  11|0x00000000c5300000, 0x00000000c5300000, 0x00000000c5400000|  0%| F|  |TAMS 0x00000000c5300000| PB 0x00000000c5300000| Untracked 
|  12|0x00000000c5400000, 0x00000000c5400000, 0x00000000c5500000|  0%| F|  |TAMS 0x00000000c5400000| PB 0x00000000c5400000| Untracked 
|  13|0x00000000c5500000, 0x00000000c5500000, 0x00000000c5600000|  0%| F|  |TAMS 0x00000000c5500000| PB 0x00000000c5500000| Untracked 
|  14|0x00000000c5600000, 0x00000000c5600000, 0x00000000c5700000|  0%| F|  |TAMS 0x00000000c5600000| PB 0x00000000c5600000| Untracked 
|  15|0x00000000c5700000, 0x00000000c5700000, 0x00000000c5800000|  0%| F|  |TAMS 0x00000000c5700000| PB 0x00000000c5700000| Untracked 
|  16|0x00000000c5800000, 0x00000000c5800000, 0x00000000c5900000|  0%| F|  |TAMS 0x00000000c5800000| PB 0x00000000c5800000| Untracked 
|  17|0x00000000c5900000, 0x00000000c5900000, 0x00000000c5a00000|  0%| F|  |TAMS 0x00000000c5900000| PB 0x00000000c5900000| Untracked 
|  18|0x00000000c5a00000, 0x00000000c5a00000, 0x00000000c5b00000|  0%| F|  |TAMS 0x00000000c5a00000| PB 0x00000000c5a00000| Untracked 
|  19|0x00000000c5b00000, 0x00000000c5b00000, 0x00000000c5c00000|  0%| F|  |TAMS 0x00000000c5b00000| PB 0x00000000c5b00000| Untracked 
|  20|0x00000000c5c00000, 0x00000000c5c00000, 0x00000000c5d00000|  0%| F|  |TAMS 0x00000000c5c00000| PB 0x00000000c5c00000| Untracked 
|  21|0x00000000c5d00000, 0x00000000c5d00000, 0x00000000c5e00000|  0%| F|  |TAMS 0x00000000c5d00000| PB 0x00000000c5d00000| Untracked 
|  22|0x00000000c5e00000, 0x00000000c5e00000, 0x00000000c5f00000|  0%| F|  |TAMS 0x00000000c5e00000| PB 0x00000000c5e00000| Untracked 
|  23|0x00000000c5f00000, 0x00000000c5f00000, 0x00000000c6000000|  0%| F|  |TAMS 0x00000000c5f00000| PB 0x00000000c5f00000| Untracked 
|  24|0x00000000c6000000, 0x00000000c6000000, 0x00000000c6100000|  0%| F|  |TAMS 0x00000000c6000000| PB 0x00000000c6000000| Untracked 
|  25|0x00000000c6100000, 0x00000000c6100000, 0x00000000c6200000|  0%| F|  |TAMS 0x00000000c6100000| PB 0x00000000c6100000| Untracked 
|  26|0x00000000c6200000, 0x00000000c6200000, 0x00000000c6300000|  0%| F|  |TAMS 0x00000000c6200000| PB 0x00000000c6200000| Untracked 
|  27|0x00000000c6300000, 0x00000000c6300000, 0x00000000c6400000|  0%| F|  |TAMS 0x00000000c6300000| PB 0x00000000c6300000| Untracked 
|  28|0x00000000c6400000, 0x00000000c6400000, 0x00000000c6500000|  0%| F|  |TAMS 0x00000000c6400000| PB 0x00000000c6400000| Untracked 
|  29|0x00000000c6500000, 0x00000000c6500000, 0x00000000c6600000|  0%| F|  |TAMS 0x00000000c6500000| PB 0x00000000c6500000| Untracked 
|  30|0x00000000c6600000, 0x00000000c6600000, 0x00000000c6700000|  0%| F|  |TAMS 0x00000000c6600000| PB 0x00000000c6600000| Untracked 
|  31|0x00000000c6700000, 0x00000000c6700000, 0x00000000c6800000|  0%| F|  |TAMS 0x00000000c6700000| PB 0x00000000c6700000| Untracked 
|  32|0x00000000c6800000, 0x00000000c6800000, 0x00000000c6900000|  0%| F|  |TAMS 0x00000000c6800000| PB 0x00000000c6800000| Untracked 
|  33|0x00000000c6900000, 0x00000000c6900000, 0x00000000c6a00000|  0%| F|  |TAMS 0x00000000c6900000| PB 0x00000000c6900000| Untracked 
|  34|0x00000000c6a00000, 0x00000000c6a00000, 0x00000000c6b00000|  0%| F|  |TAMS 0x00000000c6a00000| PB 0x00000000c6a00000| Untracked 
|  35|0x00000000c6b00000, 0x00000000c6b00000, 0x00000000c6c00000|  0%| F|  |TAMS 0x00000000c6b00000| PB 0x00000000c6b00000| Untracked 
|  36|0x00000000c6c00000, 0x00000000c6c00000, 0x00000000c6d00000|  0%| F|  |TAMS 0x00000000c6c00000| PB 0x00000000c6c00000| Untracked 
|  37|0x00000000c6d00000, 0x00000000c6d00000, 0x00000000c6e00000|  0%| F|  |TAMS 0x00000000c6d00000| PB 0x00000000c6d00000| Untracked 
|  38|0x00000000c6e00000, 0x00000000c6e00000, 0x00000000c6f00000|  0%| F|  |TAMS 0x00000000c6e00000| PB 0x00000000c6e00000| Untracked 
|  39|0x00000000c6f00000, 0x00000000c6f00000, 0x00000000c7000000|  0%| F|  |TAMS 0x00000000c6f00000| PB 0x00000000c6f00000| Untracked 
|  40|0x00000000c7000000, 0x00000000c7000000, 0x00000000c7100000|  0%| F|  |TAMS 0x00000000c7000000| PB 0x00000000c7000000| Untracked 
|  41|0x00000000c7100000, 0x00000000c7100000, 0x00000000c7200000|  0%| F|  |TAMS 0x00000000c7100000| PB 0x00000000c7100000| Untracked 
|  42|0x00000000c7200000, 0x00000000c7200000, 0x00000000c7300000|  0%| F|  |TAMS 0x00000000c7200000| PB 0x00000000c7200000| Untracked 
|  43|0x00000000c7300000, 0x00000000c7300000, 0x00000000c7400000|  0%| F|  |TAMS 0x00000000c7300000| PB 0x00000000c7300000| Untracked 
|  44|0x00000000c7400000, 0x00000000c7400000, 0x00000000c7500000|  0%| F|  |TAMS 0x00000000c7400000| PB 0x00000000c7400000| Untracked 
|  45|0x00000000c7500000, 0x00000000c7500000, 0x00000000c7600000|  0%| F|  |TAMS 0x00000000c7500000| PB 0x00000000c7500000| Untracked 
|  46|0x00000000c7600000, 0x00000000c7600000, 0x00000000c7700000|  0%| F|  |TAMS 0x00000000c7600000| PB 0x00000000c7600000| Untracked 
|  47|0x00000000c7700000, 0x00000000c7700000, 0x00000000c7800000|  0%| F|  |TAMS 0x00000000c7700000| PB 0x00000000c7700000| Untracked 
|  48|0x00000000c7800000, 0x00000000c7800000, 0x00000000c7900000|  0%| F|  |TAMS 0x00000000c7800000| PB 0x00000000c7800000| Untracked 
|  49|0x00000000c7900000, 0x00000000c7900000, 0x00000000c7a00000|  0%| F|  |TAMS 0x00000000c7900000| PB 0x00000000c7900000| Untracked 
|  50|0x00000000c7a00000, 0x00000000c7a00000, 0x00000000c7b00000|  0%| F|  |TAMS 0x00000000c7a00000| PB 0x00000000c7a00000| Untracked 
|  51|0x00000000c7b00000, 0x00000000c7b00000, 0x00000000c7c00000|  0%| F|  |TAMS 0x00000000c7b00000| PB 0x00000000c7b00000| Untracked 
|  52|0x00000000c7c00000, 0x00000000c7c00000, 0x00000000c7d00000|  0%| F|  |TAMS 0x00000000c7c00000| PB 0x00000000c7c00000| Untracked 
|  53|0x00000000c7d00000, 0x00000000c7e00000, 0x00000000c7e00000|100%| S|CS|TAMS 0x00000000c7d00000| PB 0x00000000c7d00000| Complete 
|  54|0x00000000c7e00000, 0x00000000c7ebbb90, 0x00000000c7f00000| 73%| E|  |TAMS 0x00000000c7e00000| PB 0x00000000c7e00000| Complete 
|  55|0x00000000c7f00000, 0x00000000c8000000, 0x00000000c8000000|100%| E|CS|TAMS 0x00000000c7f00000| PB 0x00000000c7f00000| Complete 
|  56|0x00000000c8000000, 0x00000000c8100000, 0x00000000c8100000|100%| E|CS|TAMS 0x00000000c8000000| PB 0x00000000c8000000| Complete 
|  57|0x00000000c8100000, 0x00000000c8200000, 0x00000000c8200000|100%| E|CS|TAMS 0x00000000c8100000| PB 0x00000000c8100000| Complete 
|  58|0x00000000c8200000, 0x00000000c8300000, 0x00000000c8300000|100%| E|CS|TAMS 0x00000000c8200000| PB 0x00000000c8200000| Complete 
|  59|0x00000000c8300000, 0x00000000c8400000, 0x00000000c8400000|100%| E|  |TAMS 0x00000000c8300000| PB 0x00000000c8300000| Complete 
| 950|0x00000000ffe00000, 0x00000000fff00000, 0x00000000fff00000|100%| O|  |TAMS 0x00000000ffe00000| PB 0x00000000ffe00000| Untracked 
| 951|0x00000000fff00000, 0x00000000fff07538, 0x0000000100000000|  2%| O|  |TAMS 0x00000000fff00000| PB 0x00000000fff00000| Untracked 

Card table byte_map: [0x00007f1e23770000,0x00007f1e2394c000] _byte_map_base: 0x00007f1e2314c000

Marking Bits: (CMBitMap*) 0x00007f1e1c051040
 Bits: [0x00007f1e22890000, 0x00007f1e23770000)

Polling page: 0x00007f1e25bc1000

Metaspace:

Usage:
  Non-class:      4,89 MB used.
      Class:    275,86 KB used.
       Both:      5,16 MB used.

Virtual space:
  Non-class space:       64,00 MB reserved,       4,94 MB (  8%) committed,  1 nodes.
      Class space:        1,00 GB reserved,     320,00 KB ( <1%) committed,  1 nodes.
             Both:        1,06 GB reserved,       5,25 MB ( <1%) committed. 

Chunk freelists:
   Non-Class:  8,77 MB
       Class:  15,58 MB
        Both:  24,34 MB

MaxMetaspaceSize: unlimited
CompressedClassSpaceSize: 1,00 GB
Initial GC threshold: 21,00 MB
Current GC threshold: 21,00 MB
CDS: on
 - commit_granule_bytes: 65536.
 - commit_granule_words: 8192.
 - virtual_space_node_default_size: 8388608.
 - enlarge_chunks_in_place: 1.
 - use_allocation_guard: 0.


Internal statistics:

num_allocs_failed_limit: 0.
num_arena_births: 58.
num_arena_deaths: 0.
num_vsnodes_births: 2.
num_vsnodes_deaths: 0.
num_space_committed: 82.
num_space_uncommitted: 0.
num_chunks_returned_to_freelist: 0.
num_chunks_taken_from_freelist: 201.
num_chunk_merges: 0.
num_chunk_splits: 141.
num_chunks_enlarged: 106.
num_inconsistent_stats: 0.

CodeHeap 'non-profiled nmethods': size=120036Kb used=230Kb max_used=230Kb free=119805Kb
 bounds [0x00007f1e0bec7000, 0x00007f1e0c137000, 0x00007f1e13400000]
CodeHeap 'profiled nmethods': size=120032Kb used=1418Kb max_used=1418Kb free=118613Kb
 bounds [0x00007f1e04400000, 0x00007f1e04670000, 0x00007f1e0b938000]
CodeHeap 'non-nmethods': size=5692Kb used=1997Kb max_used=2014Kb free=3695Kb
 bounds [0x00007f1e0b938000, 0x00007f1e0bba8000, 0x00007f1e0bec7000]
 total_blobs=1790 nmethods=817 adapters=880
 compilation: enabled
              stopped_count=0, restarted_count=0
 full_count=0

Compilation events (20 events):
Event: 3,675 Thread 0x00007f1e1c0decc0 nmethod 806 0x00007f1e0befd490 code [0x00007f1e0befd640, 0x00007f1e0befda78]
Event: 3,676 Thread 0x00007f1e1c0decc0  807       4       java.lang.invoke.MethodHandle::<init> (37 bytes)
Event: 3,691 Thread 0x00007f1e1c0decc0 nmethod 807 0x00007f1e0befdd10 code [0x00007f1e0befdec0, 0x00007f1e0befe290]
Event: 3,691 Thread 0x00007f1e1c0decc0  808       4       java.lang.invoke.LambdaForm::prepare (108 bytes)
Event: 3,693 Thread 0x00007f1e1c0decc0 nmethod 808 0x00007f1e0befe490 code [0x00007f1e0befe620, 0x00007f1e0befe730]
Event: 3,693 Thread 0x00007f1e1c0decc0  809       4       java.util.concurrent.ConcurrentHashMap::get (162 bytes)
Event: 3,722 Thread 0x00007f1e1c0decc0 nmethod 809 0x00007f1e0befe810 code [0x00007f1e0befea00, 0x00007f1e0beff3c8]
Event: 3,723 Thread 0x00007f1e1c0decc0  811       4       java.lang.ref.SoftReference::get (29 bytes)
Event: 3,725 Thread 0x00007f1e1c0decc0 nmethod 811 0x00007f1e0beffa10 code [0x00007f1e0beffba0, 0x00007f1e0beffcb0]
Event: 3,725 Thread 0x00007f1e1c0decc0  810       4       java.lang.invoke.MethodType::makeImpl (109 bytes)
Event: 3,740 Thread 0x00007f1e1c0e0380  814       3       java.lang.String::getBytes (25 bytes)
Event: 3,741 Thread 0x00007f1e1c0e0380 nmethod 814 0x00007f1e04560e90 code [0x00007f1e04561060, 0x00007f1e04561340]
Event: 3,741 Thread 0x00007f1e1c0e0380  815       3       java.lang.String::encodeUTF8 (142 bytes)
Event: 3,742 Thread 0x00007f1e1c0e0380 nmethod 815 0x00007f1e04561490 code [0x00007f1e045616c0, 0x00007f1e04561e78]
Event: 3,747 Thread 0x00007f1e1c0e0380  816   !   3       java.io.UnixFileSystem::hasBooleanAttributes (56 bytes)
Event: 3,748 Thread 0x00007f1e1c0e0380 nmethod 816 0x00007f1e04562110 code [0x00007f1e04562320, 0x00007f1e045627d8]
Event: 3,754 Thread 0x00007f1e1c0e0380  818       1       java.util.concurrent.locks.AbstractQueuedSynchronizer::getState (5 bytes)
Event: 3,754 Thread 0x00007f1e1c0e0380 nmethod 818 0x00007f1e0bf00110 code [0x00007f1e0bf002a0, 0x00007f1e0bf00360]
Event: 3,764 Thread 0x00007f1e1c0e0380  819       1       java.util.concurrent.locks.AbstractQueuedSynchronizer::setState (6 bytes)
Event: 3,764 Thread 0x00007f1e1c0e0380 nmethod 819 0x00007f1e0bf00410 code [0x00007f1e0bf005a0, 0x00007f1e0bf00668]

GC Heap History (2 events):
Event: 2,712 GC heap before
{Heap before GC invocations=0 (full 0):
 garbage-first heap   total 63488K, used 6173K [0x00000000c4800000, 0x0000000100000000)
  region size 1024K, 6 young (6144K), 0 survivors (0K)
 Metaspace       used 3196K, committed 3328K, reserved 1114112K
  class space    used 204K, committed 256K, reserved 1048576K
}
Event: 2,724 GC heap after
{Heap after GC invocations=1 (full 0):
 garbage-first heap   total 63488K, used 2485K [0x00000000c4800000, 0x0000000100000000)
  region size 1024K, 1 young (1024K), 1 survivors (1024K)
 Metaspace       used 3196K, committed 3328K, reserved 1114112K
  class space    used 204K, committed 256K, reserved 1048576K
}

Dll operation events (8 events):
Event: 0,005 Loaded shared library /usr/lib/jvm/java-21-openjdk/lib/libjava.so
Event: 0,125 Loaded shared library /usr/lib/jvm/java-21-openjdk/lib/libjsvml.so
Event: 0,954 Loaded shared library /usr/lib/jvm/java-21-openjdk/lib/libnio.so
Event: 0,967 Loaded shared library /usr/lib/jvm/java-21-openjdk/lib/libzip.so
Event: 1,209 Loaded shared library /usr/lib/jvm/java-21-openjdk/lib/libjimage.so
Event: 1,233 Loaded shared library /usr/lib/jvm/java-21-openjdk/lib/libnet.so
Event: 1,253 Loaded shared library /tmp/lwjglvlad/3.2.2-build-10/liblwjgl.so
Event: 2,061 Loaded shared library /tmp/lwjglvlad/3.2.2-build-10/liblwjgl_opengl.so

Deoptimization events (20 events):
Event: 1,561 Thread 0x00007f1e1c0179a0 DEOPT PACKING pc=0x00007f1e04468004 sp=0x00007f1e23ffd7b0
Event: 1,561 Thread 0x00007f1e1c0179a0 DEOPT UNPACKING pc=0x00007f1e0b98c711 sp=0x00007f1e23ffcc68 mode 0
Event: 1,561 Thread 0x00007f1e1c0179a0 DEOPT PACKING pc=0x00007f1e04468004 sp=0x00007f1e23ffd7b0
Event: 1,561 Thread 0x00007f1e1c0179a0 DEOPT UNPACKING pc=0x00007f1e0b98c711 sp=0x00007f1e23ffcc68 mode 0
Event: 1,561 Thread 0x00007f1e1c0179a0 DEOPT PACKING pc=0x00007f1e04468004 sp=0x00007f1e23ffd7b0
Event: 1,561 Thread 0x00007f1e1c0179a0 DEOPT UNPACKING pc=0x00007f1e0b98c711 sp=0x00007f1e23ffcc68 mode 0
Event: 1,563 Thread 0x00007f1e1c0179a0 DEOPT PACKING pc=0x00007f1e04468004 sp=0x00007f1e23ffd7b0
Event: 1,563 Thread 0x00007f1e1c0179a0 DEOPT UNPACKING pc=0x00007f1e0b98c711 sp=0x00007f1e23ffcc68 mode 0
Event: 2,498 Thread 0x00007f1e1c0179a0 Uncommon trap: trap_request=0xffffff54 fr.pc=0x00007f1e0beea9f8 relative=0x0000000000000078
Event: 2,498 Thread 0x00007f1e1c0179a0 Uncommon trap: reason=speculate_null_assert action=make_not_entrant pc=0x00007f1e0beea9f8 method=sun.misc.Unsafe.putLong(Ljava/lang/Object;JJ)V @ 7 c2
Event: 2,498 Thread 0x00007f1e1c0179a0 DEOPT PACKING pc=0x00007f1e0beea9f8 sp=0x00007f1e23ffe510
Event: 2,499 Thread 0x00007f1e1c0179a0 DEOPT UNPACKING pc=0x00007f1e0b98bf94 sp=0x00007f1e23ffe4c8 mode 2
Event: 2,907 Thread 0x00007f1e1c0179a0 DEOPT PACKING pc=0x00007f1e04416c8d sp=0x00007f1e23ffd520
Event: 2,907 Thread 0x00007f1e1c0179a0 DEOPT UNPACKING pc=0x00007f1e0b98c711 sp=0x00007f1e23ffc9a0 mode 0
Event: 2,946 Thread 0x00007f1e1c0179a0 DEOPT PACKING pc=0x00007f1e0441ef24 sp=0x00007f1e23ffd6c0
Event: 2,946 Thread 0x00007f1e1c0179a0 DEOPT UNPACKING pc=0x00007f1e0b98c711 sp=0x00007f1e23ffcb00 mode 0
Event: 3,751 Thread 0x00007f1e1c0179a0 DEOPT PACKING pc=0x00007f1e044c5ff1 sp=0x00007f1e23ffe780
Event: 3,751 Thread 0x00007f1e1c0179a0 DEOPT UNPACKING pc=0x00007f1e0b98c711 sp=0x00007f1e23ffdc58 mode 1
Event: 3,753 Thread 0x00007f1e1c0179a0 DEOPT PACKING pc=0x00007f1e044c5ff1 sp=0x00007f1e23ffe7c0
Event: 3,753 Thread 0x00007f1e1c0179a0 DEOPT UNPACKING pc=0x00007f1e0b98c711 sp=0x00007f1e23ffdc98 mode 1

Classes loaded (20 events):
Event: 2,460 Loading class jdk/internal/module/ModulePatcher$PatchedModuleReader
Event: 2,461 Loading class jdk/internal/module/ModulePatcher$PatchedModuleReader done
Event: 2,461 Loading class sun/net/www/protocol/jrt/Handler
Event: 2,461 Loading class sun/net/www/protocol/jrt/Handler done
Event: 2,476 Loading class sun/util/resources/LocaleData$CommonResourceBundleProvider
Event: 2,476 Loading class sun/util/resources/LocaleData$LocaleDataResourceBundleProvider
Event: 2,476 Loading class java/util/spi/ResourceBundleProvider
Event: 2,476 Loading class java/util/spi/ResourceBundleProvider done
Event: 2,476 Loading class sun/util/resources/LocaleData$LocaleDataResourceBundleProvider done
Event: 2,476 Loading class sun/util/resources/LocaleData$CommonResourceBundleProvider done
Event: 2,479 Loading class sun/util/resources/Bundles$2
Event: 2,479 Loading class sun/util/resources/Bundles$2 done
Event: 2,483 Loading class java/lang/Class$1
Event: 2,483 Loading class java/lang/Class$1 done
Event: 3,240 Loading class jdk/internal/reflect/MethodHandleLongFieldAccessorImpl
Event: 3,240 Loading class jdk/internal/reflect/MethodHandleLongFieldAccessorImpl done
Event: 3,754 Loading class java/lang/Throwable$WrappedPrintStream
Event: 3,754 Loading class java/lang/Throwable$PrintStreamOrWriter
Event: 3,754 Loading class java/lang/Throwable$PrintStreamOrWriter done
Event: 3,755 Loading class java/lang/Throwable$WrappedPrintStream done

Classes unloaded (0 events):
No events

Classes redefined (0 events):
No events

Internal exceptions (13 events):
Event: 1,161 Thread 0x00007f1e1c0179a0 Exception <a 'java/lang/NoSuchMethodError'{0x00000000c8257db0}: 'void java.lang.invoke.DirectMethodHandle$Holder.invokeStatic(java.lang.Object, java.lang.Object)'> (0x00000000c8257db0) 
thrown [src/hotspot/share/interpreter/linkResolver.cpp, line 772]
Event: 1,164 Thread 0x00007f1e1c0179a0 Exception <a 'java/lang/NoSuchMethodError'{0x00000000c825ccb8}: 'void java.lang.System.load(java.lang.String, java.lang.Class)'> (0x00000000c825ccb8) 
thrown [src/hotspot/share/interpreter/linkResolver.cpp, line 772]
Event: 1,165 Thread 0x00007f1e1c0179a0 Exception <a 'java/lang/NoSuchMethodError'{0x00000000c825d8a8}: 'void java.lang.invoke.DirectMethodHandle$Holder.invokeSpecial(java.lang.Object, java.lang.Object, java.lang.Object)'> (0x00000000c825d8a8) 
thrown [src/hotspot/share/interpreter/linkResolver.cpp, line 772]
Event: 1,174 Thread 0x00007f1e1c0179a0 Exception <a 'java/lang/NoSuchMethodError'{0x00000000c826f790}: 'java.lang.Object java.lang.invoke.DirectMethodHandle$Holder.invokeStatic(java.lang.Object, java.lang.Object, int)'> (0x00000000c826f790) 
thrown [src/hotspot/share/interpreter/linkResolver.cpp, line 772]
Event: 1,179 Thread 0x00007f1e1c0179a0 Exception <a 'java/lang/NoSuchMethodError'{0x00000000c827ac58}: 'void java.lang.invoke.DelegatingMethodHandle$Holder.delegate(java.lang.Object, java.lang.Object, int, java.lang.Object)'> (0x00000000c827ac58) 
thrown [src/hotspot/share/interpreter/linkResolver.cpp, line 772]
Event: 1,181 Thread 0x00007f1e1c0179a0 Exception <a 'java/lang/NoSuchMethodError'{0x00000000c827eb10}: 'int java.lang.invoke.DirectMethodHandle$Holder.invokeSpecial(java.lang.Object, java.lang.Object, java.lang.Object)'> (0x00000000c827eb10) 
thrown [src/hotspot/share/interpreter/linkResolver.cpp, line 772]
Event: 1,193 Thread 0x00007f1e1c0179a0 Exception <a 'java/lang/NoSuchMethodError'{0x00000000c8298f38}: 'void java.lang.System.loadLibrary(java.lang.String, java.lang.Class)'> (0x00000000c8298f38) 
thrown [src/hotspot/share/interpreter/linkResolver.cpp, line 772]
Event: 1,564 Thread 0x00007f1e1c0179a0 Exception <a 'java/lang/NoSuchMethodError'{0x00000000c80057a0}: 'int java.lang.invoke.Invokers$Holder.invokeExact_MT(java.lang.Object, java.lang.Object)'> (0x00000000c80057a0) 
thrown [src/hotspot/share/interpreter/linkResolver.cpp, line 772]
Event: 2,034 Thread 0x00007f1e1c0179a0 Exception <a 'java/lang/NoSuchMethodError'{0x00000000c808e950}: 'void java.lang.System.load(java.lang.String, java.lang.Class)'> (0x00000000c808e950) 
thrown [src/hotspot/share/interpreter/linkResolver.cpp, line 772]
Event: 2,037 Thread 0x00007f1e1c0179a0 Exception <a 'java/lang/NoSuchMethodError'{0x00000000c80912f0}: 'void java.lang.System.loadLibrary(java.lang.String, java.lang.Class)'> (0x00000000c80912f0) 
thrown [src/hotspot/share/interpreter/linkResolver.cpp, line 772]
Event: 2,100 Thread 0x00007f1e1c0179a0 Exception <a 'sun/nio/fs/UnixException'{0x00000000c80a66d8}> (0x00000000c80a66d8) 
thrown [src/hotspot/share/prims/jni.cpp, line 520]
Event: 3,241 Thread 0x00007f1e1c0179a0 Exception <a 'java/lang/NoSuchMethodError'{0x00000000c80b8a88}: 'long java.lang.invoke.DelegatingMethodHandle$Holder.reinvoke_L(java.lang.Object, java.lang.Object)'> (0x00000000c80b8a88) 
thrown [src/hotspot/share/interpreter/linkResolver.cpp, line 772]
Event: 3,244 Thread 0x00007f1e1c0179a0 Exception <a 'java/lang/NoSuchMethodError'{0x00000000c80bf1d8}: 'long java.lang.invoke.Invokers$Holder.invokeExact_MT(java.lang.Object, java.lang.Object, java.lang.Object)'> (0x00000000c80bf1d8) 
thrown [src/hotspot/share/interpreter/linkResolver.cpp, line 772]

ZGC Phase Switch (0 events):
No events

VM Operations (10 events):
Event: 1,087 Executing VM operation: Cleanup
Event: 1,087 Executing VM operation: Cleanup done
Event: 2,087 Executing VM operation: Cleanup
Event: 2,094 Executing VM operation: Cleanup done
Event: 2,101 Executing VM operation: HandshakeAllThreads (Deoptimize)
Event: 2,101 Executing VM operation: HandshakeAllThreads (Deoptimize) done
Event: 2,712 Executing VM operation: G1CollectForAllocation (G1 Evacuation Pause)
Event: 2,724 Executing VM operation: G1CollectForAllocation (G1 Evacuation Pause) done
Event: 3,724 Executing VM operation: Cleanup
Event: 3,724 Executing VM operation: Cleanup done

Events (20 events):
Event: 0,104 Thread 0x00007f1e1c0da5a0 Thread added: 0x00007f1e1c0da5a0
Event: 0,105 Protecting memory [0x00007f1daef00000,0x00007f1daef04000] with protection modes 0
Event: 0,105 Thread 0x00007f1e1c0dbbe0 Thread added: 0x00007f1e1c0dbbe0
Event: 0,105 Protecting memory [0x00007f1daeb00000,0x00007f1daeb04000] with protection modes 0
Event: 0,105 Thread 0x00007f1e1c0dd180 Thread added: 0x00007f1e1c0dd180
Event: 0,106 Protecting memory [0x00007f1daea00000,0x00007f1daea04000] with protection modes 0
Event: 0,113 Thread 0x00007f1e1c0decc0 Thread added: 0x00007f1e1c0decc0
Event: 0,113 Protecting memory [0x00007f1dae900000,0x00007f1dae904000] with protection modes 0
Event: 0,113 Thread 0x00007f1e1c0e0380 Thread added: 0x00007f1e1c0e0380
Event: 0,124 Protecting memory [0x00007f1dae800000,0x00007f1dae804000] with protection modes 0
Event: 0,168 Thread 0x00007f1e1c10ad80 Thread added: 0x00007f1e1c10ad80
Event: 0,168 Protecting memory [0x00007f1dae700000,0x00007f1dae704000] with protection modes 0
Event: 0,168 Thread 0x00007f1e1c10d040 Thread added: 0x00007f1e1c10d040
Event: 0,169 Protecting memory [0x00007f1dae600000,0x00007f1dae604000] with protection modes 0
Event: 0,170 Thread 0x00005650d80c2fe0 Thread added: 0x00005650d80c2fe0
Event: 0,170 Protecting memory [0x00007f1dae500000,0x00007f1dae504000] with protection modes 0
Event: 0,923 Thread 0x00007f1e1c10e2e0 Thread added: 0x00007f1e1c10e2e0
Event: 0,931 Protecting memory [0x00007f1dae400000,0x00007f1dae404000] with protection modes 0
Event: 0,932 Thread 0x00007f1e1c132040 Thread added: 0x00007f1e1c132040
Event: 0,932 Protecting memory [0x00007f1dae300000,0x00007f1dae304000] with protection modes 0


Dynamic libraries:
c4800000-c8400000 rw-p 00000000 00:00 0 
c8400000-ffe00000 ---p 00000000 00:00 0 
ffe00000-fff08000 rw-p 00ce7000 08:03 10111197                           /usr/lib/jvm/java-21-openjdk/lib/server/classes.jsa
fff08000-100000000 rw-p 00000000 00:00 0 
5650d7801000-5650d7802000 r--p 00000000 08:03 10111141                   /usr/lib/jvm/java-21-openjdk/bin/java
5650d7802000-5650d7803000 r-xp 00001000 08:03 10111141                   /usr/lib/jvm/java-21-openjdk/bin/java
5650d7803000-5650d7804000 r--p 00002000 08:03 10111141                   /usr/lib/jvm/java-21-openjdk/bin/java
5650d7804000-5650d7805000 r--p 00002000 08:03 10111141                   /usr/lib/jvm/java-21-openjdk/bin/java
5650d7805000-5650d7806000 rw-p 00003000 08:03 10111141                   /usr/lib/jvm/java-21-openjdk/bin/java
5650d80ab000-5650d80f2000 rw-p 00000000 00:00 0                          [heap]
7f1d75c00000-7f1d75c57000 r-xp 00000000 00:1a 191                        /tmp/lwjglvlad/3.2.2-build-10/liblwjgl_opengl.so
7f1d75c57000-7f1d75e56000 ---p 00057000 00:1a 191                        /tmp/lwjglvlad/3.2.2-build-10/liblwjgl_opengl.so
7f1d75e56000-7f1d75e57000 r--p 00056000 00:1a 191                        /tmp/lwjglvlad/3.2.2-build-10/liblwjgl_opengl.so
7f1d75e57000-7f1d75e58000 rw-p 00057000 00:1a 191                        /tmp/lwjglvlad/3.2.2-build-10/liblwjgl_opengl.so
7f1d75e80000-7f1d76000000 rw-s 106995000 00:0f 11078                     anon_inode:i915.gem
7f1d76000000-7f1d77e8d000 r--p 00000000 08:03 9329756                    /usr/lib/libicudata.so.73.2
7f1d77e8d000-7f1d77e8e000 r--p 01e8c000 08:03 9329756                    /usr/lib/libicudata.so.73.2
7f1d78000000-7f1d78b4d000 r--p 00000000 08:03 9319036                    /usr/lib/libLLVM-16.so
7f1d78b4d000-7f1d7ceb0000 r-xp 00b4d000 08:03 9319036                    /usr/lib/libLLVM-16.so
7f1d7ceb0000-7f1d7fc51000 r--p 04eb0000 08:03 9319036                    /usr/lib/libLLVM-16.so
7f1d7fc51000-7f1d80305000 r--p 07c50000 08:03 9319036                    /usr/lib/libLLVM-16.so
7f1d80305000-7f1d8034e000 rw-p 08304000 08:03 9319036                    /usr/lib/libLLVM-16.so
7f1d8034e000-7f1d803e1000 rw-p 00000000 00:00 0 
7f1d80400000-7f1d804a3000 r--p 00000000 08:03 9319409                    /usr/lib/dri/crocus_dri.so
7f1d804a3000-7f1d82ede000 r-xp 000a3000 08:03 9319409                    /usr/lib/dri/crocus_dri.so
7f1d82ede000-7f1d83d43000 r--p 02ade000 08:03 9319409                    /usr/lib/dri/crocus_dri.so
7f1d83d43000-7f1d83dcd000 r--p 03942000 08:03 9319409                    /usr/lib/dri/crocus_dri.so
7f1d83dcd000-7f1d83de3000 rw-p 039cc000 08:03 9319409                    /usr/lib/dri/crocus_dri.so
7f1d83de3000-7f1d83fa4000 rw-p 00000000 00:00 0 
7f1d84000000-7f1d84260000 rw-p 00000000 00:00 0 
7f1d84260000-7f1d88000000 ---p 00000000 00:00 0 
7f1d88000000-7f1d88289000 rw-p 00000000 00:00 0 
7f1d88289000-7f1d8c000000 ---p 00000000 00:00 0 
7f1d8c000000-7f1d8c021000 rw-p 00000000 00:00 0 
7f1d8c021000-7f1d90000000 ---p 00000000 00:00 0 
7f1d90000000-7f1d90021000 rw-p 00000000 00:00 0 
7f1d90021000-7f1d94000000 ---p 00000000 00:00 0 
7f1d94000000-7f1d94021000 rw-p 00000000 00:00 0 
7f1d94021000-7f1d98000000 ---p 00000000 00:00 0 
7f1d98000000-7f1d98021000 rw-p 00000000 00:00 0 
7f1d98021000-7f1d9c000000 ---p 00000000 00:00 0 
7f1d9c000000-7f1d9c021000 rw-p 00000000 00:00 0 
7f1d9c021000-7f1da0000000 ---p 00000000 00:00 0 
7f1da0000000-7f1da0021000 rw-p 00000000 00:00 0 
7f1da0021000-7f1da4000000 ---p 00000000 00:00 0 
7f1da4000000-7f1da41b0000 rw-p 00000000 00:00 0 
7f1da41b0000-7f1da4400000 ---p 00000000 00:00 0 
7f1da4400000-7f1da4510000 rw-p 00000000 00:00 0 
7f1da4510000-7f1da4740000 rw-p 00000000 00:00 0 
7f1da4740000-7f1da8000000 ---p 00000000 00:00 0 
7f1da8000000-7f1da8021000 rw-p 00000000 00:00 0 
7f1da8021000-7f1dac000000 ---p 00000000 00:00 0 
7f1dac07c000-7f1dac07d000 ---p 00000000 00:00 0 
7f1dac07d000-7f1dac17d000 rw-p 00000000 00:00 0 
7f1dac17d000-7f1dac2bd000 rw-s 106855000 00:0f 11078                     anon_inode:i915.gem
7f1dac2bd000-7f1dac2be000 ---p 00000000 00:00 0 
7f1dac2be000-7f1dacabe000 rw-p 00000000 00:00 0 
7f1dacabe000-7f1dacabf000 ---p 00000000 00:00 0 
7f1dacabf000-7f1dad2bf000 rw-p 00000000 00:00 0 
7f1dad2bf000-7f1dad400000 rw-s 00000000 08:03 30015644                   /home/vlad/.cache/mesa_shader_cache/index
7f1dad400000-7f1dad465000 r--p 00000000 08:03 9329761                    /usr/lib/libicuuc.so.73.2
7f1dad465000-7f1dad562000 r-xp 00065000 08:03 9329761                    /usr/lib/libicuuc.so.73.2
7f1dad562000-7f1dad5f2000 r--p 00162000 08:03 9329761                    /usr/lib/libicuuc.so.73.2
7f1dad5f2000-7f1dad605000 r--p 001f2000 08:03 9329761                    /usr/lib/libicuuc.so.73.2
7f1dad605000-7f1dad606000 rw-p 00205000 08:03 9329761                    /usr/lib/libicuuc.so.73.2
7f1dad606000-7f1dad608000 rw-p 00000000 00:00 0 
7f1dad614000-7f1dad618000 r--p 00000000 08:03 9329829                    /usr/lib/liblzma.so.5.4.4
7f1dad618000-7f1dad639000 r-xp 00004000 08:03 9329829                    /usr/lib/liblzma.so.5.4.4
7f1dad639000-7f1dad645000 r--p 00025000 08:03 9329829                    /usr/lib/liblzma.so.5.4.4
7f1dad645000-7f1dad646000 r--p 00031000 08:03 9329829                    /usr/lib/liblzma.so.5.4.4
7f1dad646000-7f1dad647000 rw-p 00032000 08:03 9329829                    /usr/lib/liblzma.so.5.4.4
7f1dad647000-7f1dad64a000 r--p 00000000 08:03 9329989                    /usr/lib/libpciaccess.so.0.11.1
7f1dad64a000-7f1dad64f000 r-xp 00003000 08:03 9329989                    /usr/lib/libpciaccess.so.0.11.1
7f1dad64f000-7f1dad651000 r--p 00008000 08:03 9329989                    /usr/lib/libpciaccess.so.0.11.1
7f1dad651000-7f1dad652000 r--p 00009000 08:03 9329989                    /usr/lib/libpciaccess.so.0.11.1
7f1dad652000-7f1dad653000 rw-p 0000a000 08:03 9329989                    /usr/lib/libpciaccess.so.0.11.1
7f1dad653000-7f1dad685000 r--p 00000000 08:03 9330272                    /usr/lib/libxml2.so.2.11.5
7f1dad685000-7f1dad763000 r-xp 00032000 08:03 9330272                    /usr/lib/libxml2.so.2.11.5
7f1dad763000-7f1dad7ac000 r--p 00110000 08:03 9330272                    /usr/lib/libxml2.so.2.11.5
7f1dad7ac000-7f1dad7b7000 r--p 00158000 08:03 9330272                    /usr/lib/libxml2.so.2.11.5
7f1dad7b7000-7f1dad7b8000 rw-p 00163000 08:03 9330272                    /usr/lib/libxml2.so.2.11.5
7f1dad7b8000-7f1dad7b9000 rw-p 00000000 00:00 0 
7f1dad7b9000-7f1dad7cf000 r--p 00000000 08:03 9329894                    /usr/lib/libncursesw.so.6.4
7f1dad7cf000-7f1dad813000 r-xp 00016000 08:03 9329894                    /usr/lib/libncursesw.so.6.4
7f1dad813000-7f1dad82b000 r--p 0005a000 08:03 9329894                    /usr/lib/libncursesw.so.6.4
7f1dad82b000-7f1dad82f000 r--p 00072000 08:03 9329894                    /usr/lib/libncursesw.so.6.4
7f1dad82f000-7f1dad830000 rw-p 00076000 08:03 9329894                    /usr/lib/libncursesw.so.6.4
7f1dad830000-7f1dad839000 r--p 00000000 08:03 9317526                    /usr/lib/libedit.so.0.0.72
7f1dad839000-7f1dad858000 r-xp 00009000 08:03 9317526                    /usr/lib/libedit.so.0.0.72
7f1dad858000-7f1dad866000 r--p 00028000 08:03 9317526                    /usr/lib/libedit.so.0.0.72
7f1dad866000-7f1dad868000 r--p 00036000 08:03 9317526                    /usr/lib/libedit.so.0.0.72
7f1dad868000-7f1dad869000 rw-p 00038000 08:03 9317526                    /usr/lib/libedit.so.0.0.72
7f1dad869000-7f1dad86c000 rw-p 00000000 00:00 0 
7f1dad86c000-7f1dad86e000 r--p 00000000 08:03 9329588                    /usr/lib/libffi.so.8.1.2
7f1dad86e000-7f1dad874000 r-xp 00002000 08:03 9329588                    /usr/lib/libffi.so.8.1.2
7f1dad874000-7f1dad875000 r--p 00008000 08:03 9329588                    /usr/lib/libffi.so.8.1.2
7f1dad875000-7f1dad876000 r--p 00009000 08:03 9329588                    /usr/lib/libffi.so.8.1.2
7f1dad876000-7f1dad877000 rw-p 0000a000 08:03 9329588                    /usr/lib/libffi.so.8.1.2
7f1dad877000-7f1dad87a000 r--p 00000000 08:03 9316572                    /usr/lib/libdrm_intel.so.1.0.0
7f1dad87a000-7f1dad88f000 r-xp 00003000 08:03 9316572                    /usr/lib/libdrm_intel.so.1.0.0
7f1dad88f000-7f1dad899000 r--p 00018000 08:03 9316572                    /usr/lib/libdrm_intel.so.1.0.0
7f1dad899000-7f1dad89a000 r--p 00021000 08:03 9316572                    /usr/lib/libdrm_intel.so.1.0.0
7f1dad89a000-7f1dad89b000 rw-p 00022000 08:03 9316572                    /usr/lib/libdrm_intel.so.1.0.0
7f1dad89b000-7f1dad89d000 r--p 00000000 08:03 9316575                    /usr/lib/libdrm_nouveau.so.2.0.0
7f1dad89d000-7f1dad8a1000 r-xp 00002000 08:03 9316575                    /usr/lib/libdrm_nouveau.so.2.0.0
7f1dad8a1000-7f1dad8a3000 r--p 00006000 08:03 9316575                    /usr/lib/libdrm_nouveau.so.2.0.0
7f1dad8a3000-7f1dad8a4000 r--p 00007000 08:03 9316575                    /usr/lib/libdrm_nouveau.so.2.0.0
7f1dad8a4000-7f1dad8a5000 rw-p 00008000 08:03 9316575                    /usr/lib/libdrm_nouveau.so.2.0.0
7f1dad8a5000-7f1dad8a8000 r--p 00000000 08:03 9316569                    /usr/lib/libdrm_amdgpu.so.1.0.0
7f1dad8a8000-7f1dad8ad000 r-xp 00003000 08:03 9316569                    /usr/lib/libdrm_amdgpu.so.1.0.0
7f1dad8ad000-7f1dad8af000 r--p 00008000 08:03 9316569                    /usr/lib/libdrm_amdgpu.so.1.0.0
7f1dad8af000-7f1dad8b0000 r--p 00009000 08:03 9316569                    /usr/lib/libdrm_amdgpu.so.1.0.0
7f1dad8b0000-7f1dad8b1000 rw-p 0000a000 08:03 9316569                    /usr/lib/libdrm_amdgpu.so.1.0.0
7f1dad8b1000-7f1dad8b5000 r--p 00000000 08:03 9329563                    /usr/lib/libelf-0.189.so
7f1dad8b5000-7f1dad8c7000 r-xp 00004000 08:03 9329563                    /usr/lib/libelf-0.189.so
7f1dad8c7000-7f1dad8cb000 r--p 00016000 08:03 9329563                    /usr/lib/libelf-0.189.so
7f1dad8cb000-7f1dad8cc000 r--p 0001a000 08:03 9329563                    /usr/lib/libelf-0.189.so
7f1dad8cc000-7f1dad8cd000 rw-p 0001b000 08:03 9329563                    /usr/lib/libelf-0.189.so
7f1dad8cd000-7f1dad8cf000 r--p 00000000 08:03 9316578                    /usr/lib/libdrm_radeon.so.1.0.1
7f1dad8cf000-7f1dad8d5000 r-xp 00002000 08:03 9316578                    /usr/lib/libdrm_radeon.so.1.0.1
7f1dad8d5000-7f1dad8d9000 r--p 00008000 08:03 9316578                    /usr/lib/libdrm_radeon.so.1.0.1
7f1dad8d9000-7f1dad8da000 r--p 0000b000 08:03 9316578                    /usr/lib/libdrm_radeon.so.1.0.1
7f1dad8da000-7f1dad8db000 rw-p 0000c000 08:03 9316578                    /usr/lib/libdrm_radeon.so.1.0.1
7f1dad8db000-7f1dad8de000 r--p 00000000 08:03 9330073                    /usr/lib/libsensors.so.5.0.0
7f1dad8de000-7f1dad8e5000 r-xp 00003000 08:03 9330073                    /usr/lib/libsensors.so.5.0.0
7f1dad8e5000-7f1dad8e9000 r--p 0000a000 08:03 9330073                    /usr/lib/libsensors.so.5.0.0
7f1dad8e9000-7f1dad8ea000 r--p 0000e000 08:03 9330073                    /usr/lib/libsensors.so.5.0.0
7f1dad8ea000-7f1dad8eb000 rw-p 0000f000 08:03 9330073                    /usr/lib/libsensors.so.5.0.0
7f1dad8eb000-7f1dad8f7000 r--p 00000000 08:03 9330286                    /usr/lib/libzstd.so.1.5.5
7f1dad8f7000-7f1dad9a8000 r-xp 0000c000 08:03 9330286                    /usr/lib/libzstd.so.1.5.5
7f1dad9a8000-7f1dad9bc000 r--p 000bd000 08:03 9330286                    /usr/lib/libzstd.so.1.5.5
7f1dad9bc000-7f1dad9bd000 r--p 000d1000 08:03 9330286                    /usr/lib/libzstd.so.1.5.5
7f1dad9bd000-7f1dad9be000 rw-p 000d2000 08:03 9330286                    /usr/lib/libzstd.so.1.5.5
7f1dad9be000-7f1dad9ee000 r--p 00000000 08:03 9961557                    /usr/share/locale/ru/LC_MESSAGES/libc.mo
7f1dad9ee000-7f1dad9f1000 r--p 00000000 08:03 9313448                    /usr/lib/libxcb-xfixes.so.0.0.0
7f1dad9f1000-7f1dad9f4000 r-xp 00003000 08:03 9313448                    /usr/lib/libxcb-xfixes.so.0.0.0
7f1dad9f4000-7f1dad9f5000 r--p 00006000 08:03 9313448                    /usr/lib/libxcb-xfixes.so.0.0.0
7f1dad9f5000-7f1dad9f6000 r--p 00007000 08:03 9313448                    /usr/lib/libxcb-xfixes.so.0.0.0
7f1dad9f6000-7f1dad9f7000 rw-p 00008000 08:03 9313448                    /usr/lib/libxcb-xfixes.so.0.0.0
7f1dad9f7000-7f1dad9fb000 r--p 00000000 08:03 9329577                    /usr/lib/libexpat.so.1.8.10
7f1dad9fb000-7f1dada17000 r-xp 00004000 08:03 9329577                    /usr/lib/libexpat.so.1.8.10
7f1dada17000-7f1dada1f000 r--p 00020000 08:03 9329577                    /usr/lib/libexpat.so.1.8.10
7f1dada1f000-7f1dada21000 r--p 00028000 08:03 9329577                    /usr/lib/libexpat.so.1.8.10
7f1dada21000-7f1dada22000 rw-p 0002a000 08:03 9329577                    /usr/lib/libexpat.so.1.8.10
7f1dada22000-7f1dada3c000 r--p 00000000 08:03 9319416                    /usr/lib/libGLX_mesa.so.0.0.0
7f1dada3c000-7f1dadaa4000 r-xp 0001a000 08:03 9319416                    /usr/lib/libGLX_mesa.so.0.0.0
7f1dadaa4000-7f1dadabb000 r--p 00082000 08:03 9319416                    /usr/lib/libGLX_mesa.so.0.0.0
7f1dadabb000-7f1dadabe000 r--p 00099000 08:03 9319416                    /usr/lib/libGLX_mesa.so.0.0.0
7f1dadabe000-7f1dadabf000 rw-p 0009c000 08:03 9319416                    /usr/lib/libGLX_mesa.so.0.0.0
7f1dadabf000-7f1dadac2000 rw-p 00000000 00:00 0 
7f1dadac2000-7f1dadb03000 r--p 00000000 08:03 9319631                    /usr/lib/libGLdispatch.so.0.0.0
7f1dadb03000-7f1dadb42000 r-xp 00041000 08:03 9319631                    /usr/lib/libGLdispatch.so.0.0.0
7f1dadb42000-7f1dadb55000 r--p 00080000 08:03 9319631                    /usr/lib/libGLdispatch.so.0.0.0
7f1dadb55000-7f1dadb71000 r--p 00093000 08:03 9319631                    /usr/lib/libGLdispatch.so.0.0.0
7f1dadb71000-7f1dadb72000 rw-p 000af000 08:03 9319631                    /usr/lib/libGLdispatch.so.0.0.0
7f1dadb72000-7f1dadb7a000 rw-p 00000000 00:00 0 
7f1dadb7a000-7f1dadbbc000 r--p 00000000 08:03 9319527                    /usr/lib/libGL.so.1.7.0
7f1dadbbc000-7f1dadbdb000 r-xp 00042000 08:03 9319527                    /usr/lib/libGL.so.1.7.0
7f1dadbdb000-7f1dadbf0000 r--p 00061000 08:03 9319527                    /usr/lib/libGL.so.1.7.0
7f1dadbf0000-7f1dadbfe000 r--p 00075000 08:03 9319527                    /usr/lib/libGL.so.1.7.0
7f1dadbfe000-7f1dadbff000 rw-p 00083000 08:03 9319527                    /usr/lib/libGL.so.1.7.0
7f1dadbff000-7f1dadc00000 rw-p 00000000 00:00 0 
7f1dadc00000-7f1dadc43000 r-xp 00000000 00:1a 190                        /tmp/lwjglvlad/3.2.2-build-10/libglfw.so
7f1dadc43000-7f1dade42000 ---p 00043000 00:1a 190                        /tmp/lwjglvlad/3.2.2-build-10/libglfw.so
7f1dade42000-7f1dade43000 r--p 00042000 00:1a 190                        /tmp/lwjglvlad/3.2.2-build-10/libglfw.so
7f1dade43000-7f1dade45000 rw-p 00043000 00:1a 190                        /tmp/lwjglvlad/3.2.2-build-10/libglfw.so
7f1dade45000-7f1dade66000 rw-p 00000000 00:00 0 
7f1dade69000-7f1dade6c000 r--p 00000000 08:03 9313442                    /usr/lib/libxcb-sync.so.1.0.0
7f1dade6c000-7f1dade6f000 r-xp 00003000 08:03 9313442                    /usr/lib/libxcb-sync.so.1.0.0
7f1dade6f000-7f1dade70000 r--p 00006000 08:03 9313442                    /usr/lib/libxcb-sync.so.1.0.0
7f1dade70000-7f1dade71000 r--p 00007000 08:03 9313442                    /usr/lib/libxcb-sync.so.1.0.0
7f1dade71000-7f1dade72000 rw-p 00008000 08:03 9313442                    /usr/lib/libxcb-sync.so.1.0.0
7f1dade72000-7f1dade73000 r--p 00000000 08:03 9313418                    /usr/lib/libxcb-present.so.0.0.0
7f1dade73000-7f1dade74000 r-xp 00001000 08:03 9313418                    /usr/lib/libxcb-present.so.0.0.0
7f1dade74000-7f1dade75000 r--p 00002000 08:03 9313418                    /usr/lib/libxcb-present.so.0.0.0
7f1dade75000-7f1dade76000 r--p 00002000 08:03 9313418                    /usr/lib/libxcb-present.so.0.0.0
7f1dade76000-7f1dade77000 rw-p 00003000 08:03 9313418                    /usr/lib/libxcb-present.so.0.0.0
7f1dade77000-7f1dade7e000 r--p 00000000 08:03 9313421                    /usr/lib/libxcb-randr.so.0.1.0
7f1dade7e000-7f1dade84000 r-xp 00007000 08:03 9313421                    /usr/lib/libxcb-randr.so.0.1.0
7f1dade84000-7f1dade87000 r--p 0000d000 08:03 9313421                    /usr/lib/libxcb-randr.so.0.1.0
7f1dade87000-7f1dade88000 r--p 00010000 08:03 9313421                    /usr/lib/libxcb-randr.so.0.1.0
7f1dade88000-7f1dade89000 rw-p 00011000 08:03 9313421                    /usr/lib/libxcb-randr.so.0.1.0
7f1dade89000-7f1dade95000 r--p 00000000 08:03 9313415                    /usr/lib/libxcb-glx.so.0.0.0
7f1dade95000-7f1dade9e000 r-xp 0000c000 08:03 9313415                    /usr/lib/libxcb-glx.so.0.0.0
7f1dade9e000-7f1dadea3000 r--p 00015000 08:03 9313415                    /usr/lib/libxcb-glx.so.0.0.0
7f1dadea3000-7f1dadea5000 r--p 0001a000 08:03 9313415                    /usr/lib/libxcb-glx.so.0.0.0
7f1dadea5000-7f1dadea6000 rw-p 0001c000 08:03 9313415                    /usr/lib/libxcb-glx.so.0.0.0
7f1dadea6000-7f1dadeab000 r--p 00000000 08:03 9316566                    /usr/lib/libdrm.so.2.4.0
7f1dadeab000-7f1dadeb7000 r-xp 00005000 08:03 9316566                    /usr/lib/libdrm.so.2.4.0
7f1dadeb7000-7f1dadebb000 r--p 00011000 08:03 9316566                    /usr/lib/libdrm.so.2.4.0
7f1dadebb000-7f1dadebc000 r--p 00015000 08:03 9316566                    /usr/lib/libdrm.so.2.4.0
7f1dadebc000-7f1dadebd000 rw-p 00016000 08:03 9316566                    /usr/lib/libdrm.so.2.4.0
7f1dadebd000-7f1daded9000 r--p 00000000 08:03 9313500                    /usr/lib/libX11.so.6.4.0
7f1daded9000-7f1dadf64000 r-xp 0001c000 08:03 9313500                    /usr/lib/libX11.so.6.4.0
7f1dadf64000-7f1dadff9000 r--p 000a7000 08:03 9313500                    /usr/lib/libX11.so.6.4.0
7f1dadff9000-7f1dadffc000 r--p 0013b000 08:03 9313500                    /usr/lib/libX11.so.6.4.0
7f1dadffc000-7f1dae000000 rw-p 0013e000 08:03 9313500                    /usr/lib/libX11.so.6.4.0
7f1dae000000-7f1dae083000 r-xp 00000000 00:1a 189                        /tmp/lwjglvlad/3.2.2-build-10/liblwjgl.so
7f1dae083000-7f1dae283000 ---p 00083000 00:1a 189                        /tmp/lwjglvlad/3.2.2-build-10/liblwjgl.so
7f1dae283000-7f1dae284000 r--p 00083000 00:1a 189                        /tmp/lwjglvlad/3.2.2-build-10/liblwjgl.so
7f1dae284000-7f1dae286000 rw-p 00084000 00:1a 189                        /tmp/lwjglvlad/3.2.2-build-10/liblwjgl.so
7f1dae286000-7f1dae287000 rw-p 00000000 00:00 0 
7f1dae288000-7f1dae28a000 r--p 00000000 08:03 9313412                    /usr/lib/libxcb-dri3.so.0.1.0
7f1dae28a000-7f1dae28c000 r-xp 00002000 08:03 9313412                    /usr/lib/libxcb-dri3.so.0.1.0
7f1dae28c000-7f1dae28d000 r--p 00004000 08:03 9313412                    /usr/lib/libxcb-dri3.so.0.1.0
7f1dae28d000-7f1dae28e000 r--p 00004000 08:03 9313412                    /usr/lib/libxcb-dri3.so.0.1.0
7f1dae28e000-7f1dae28f000 rw-p 00005000 08:03 9313412                    /usr/lib/libxcb-dri3.so.0.1.0
7f1dae28f000-7f1dae290000 r--p 00000000 08:03 9330273                    /usr/lib/libxshmfence.so.1.0.0
7f1dae290000-7f1dae291000 r-xp 00001000 08:03 9330273                    /usr/lib/libxshmfence.so.1.0.0
7f1dae291000-7f1dae292000 r--p 00002000 08:03 9330273                    /usr/lib/libxshmfence.so.1.0.0
7f1dae292000-7f1dae293000 r--p 00002000 08:03 9330273                    /usr/lib/libxshmfence.so.1.0.0
7f1dae293000-7f1dae294000 rw-p 00003000 08:03 9330273                    /usr/lib/libxshmfence.so.1.0.0
7f1dae294000-7f1dae295000 r--p 00000000 08:03 9313439                    /usr/lib/libxcb-shm.so.0.0.0
7f1dae295000-7f1dae296000 r-xp 00001000 08:03 9313439                    /usr/lib/libxcb-shm.so.0.0.0
7f1dae296000-7f1dae297000 r--p 00002000 08:03 9313439                    /usr/lib/libxcb-shm.so.0.0.0
7f1dae297000-7f1dae298000 r--p 00002000 08:03 9313439                    /usr/lib/libxcb-shm.so.0.0.0
7f1dae298000-7f1dae299000 rw-p 00003000 08:03 9313439                    /usr/lib/libxcb-shm.so.0.0.0
7f1dae299000-7f1dae2a6000 r--p 00000000 08:03 9319425                    /usr/lib/libglapi.so.0.0.0
7f1dae2a6000-7f1dae2b4000 r-xp 0000d000 08:03 9319425                    /usr/lib/libglapi.so.0.0.0
7f1dae2b4000-7f1dae2c9000 r--p 0001b000 08:03 9319425                    /usr/lib/libglapi.so.0.0.0
7f1dae2c9000-7f1dae2cd000 r--p 00030000 08:03 9319425                    /usr/lib/libglapi.so.0.0.0
7f1dae2cd000-7f1dae2ce000 rw-p 00034000 08:03 9319425                    /usr/lib/libglapi.so.0.0.0
7f1dae2ce000-7f1dae2d1000 r--p 00000000 08:03 9319536                    /usr/lib/libGLX.so.0.0.0
7f1dae2d1000-7f1dae2eb000 r-xp 00003000 08:03 9319536                    /usr/lib/libGLX.so.0.0.0
7f1dae2eb000-7f1dae2ee000 r--p 0001d000 08:03 9319536                    /usr/lib/libGLX.so.0.0.0
7f1dae2ee000-7f1dae2ef000 r--p 00020000 08:03 9319536                    /usr/lib/libGLX.so.0.0.0
7f1dae2ef000-7f1dae2f0000 rw-p 00021000 08:03 9319536                    /usr/lib/libGLX.so.0.0.0
7f1dae2f0000-7f1dae300000 rw-p 00000000 00:00 0 
7f1dae300000-7f1dae304000 ---p 00000000 00:00 0 
7f1dae304000-7f1dae400000 rw-p 00000000 00:00 0 
7f1dae400000-7f1dae404000 ---p 00000000 00:00 0 
7f1dae404000-7f1dae500000 rw-p 00000000 00:00 0 
7f1dae500000-7f1dae504000 ---p 00000000 00:00 0 
7f1dae504000-7f1dae600000 rw-p 00000000 00:00 0 
7f1dae600000-7f1dae604000 ---p 00000000 00:00 0 
7f1dae604000-7f1dae700000 rw-p 00000000 00:00 0 
7f1dae700000-7f1dae704000 ---p 00000000 00:00 0 
7f1dae704000-7f1dae800000 rw-p 00000000 00:00 0 
7f1dae800000-7f1dae804000 ---p 00000000 00:00 0 
7f1dae804000-7f1dae900000 rw-p 00000000 00:00 0 
7f1dae900000-7f1dae904000 ---p 00000000 00:00 0 
7f1dae904000-7f1daea00000 rw-p 00000000 00:00 0 
7f1daea00000-7f1daea04000 ---p 00000000 00:00 0 
7f1daea04000-7f1daeb00000 rw-p 00000000 00:00 0 
7f1daeb00000-7f1daeb04000 ---p 00000000 00:00 0 
7f1daeb04000-7f1daec00000 rw-p 00000000 00:00 0 
7f1daec00000-7f1daeeeb000 r--p 00000000 08:03 9310393                    /usr/lib/locale/locale-archive
7f1daeeef000-7f1daeef1000 r--p 00000000 08:03 9313409                    /usr/lib/libxcb-dri2.so.0.0.0
7f1daeef1000-7f1daeef3000 r-xp 00002000 08:03 9313409                    /usr/lib/libxcb-dri2.so.0.0.0
7f1daeef3000-7f1daeef4000 r--p 00004000 08:03 9313409                    /usr/lib/libxcb-dri2.so.0.0.0
7f1daeef4000-7f1daeef5000 r--p 00004000 08:03 9313409                    /usr/lib/libxcb-dri2.so.0.0.0
7f1daeef5000-7f1daeef6000 rw-p 00005000 08:03 9313409                    /usr/lib/libxcb-dri2.so.0.0.0
7f1daeef6000-7f1daeef7000 r--p 00000000 08:03 9313497                    /usr/lib/libX11-xcb.so.1.0.0
7f1daeef7000-7f1daeef8000 r-xp 00001000 08:03 9313497                    /usr/lib/libX11-xcb.so.1.0.0
7f1daeef8000-7f1daeef9000 r--p 00002000 08:03 9313497                    /usr/lib/libX11-xcb.so.1.0.0
7f1daeef9000-7f1daeefa000 r--p 00002000 08:03 9313497                    /usr/lib/libX11-xcb.so.1.0.0
7f1daeefa000-7f1daeefb000 rw-p 00003000 08:03 9313497                    /usr/lib/libX11-xcb.so.1.0.0
7f1daeefb000-7f1daeefc000 r--p 00000000 08:03 9329367                    /usr/lib/libXinerama.so.1.0.0
7f1daeefc000-7f1daeefd000 r-xp 00001000 08:03 9329367                    /usr/lib/libXinerama.so.1.0.0
7f1daeefd000-7f1daeefe000 r--p 00002000 08:03 9329367                    /usr/lib/libXinerama.so.1.0.0
7f1daeefe000-7f1daeeff000 r--p 00002000 08:03 9329367                    /usr/lib/libXinerama.so.1.0.0
7f1daeeff000-7f1daef00000 rw-p 00003000 08:03 9329367                    /usr/lib/libXinerama.so.1.0.0
7f1daef00000-7f1daef04000 ---p 00000000 00:00 0 
7f1daef04000-7f1daf000000 rw-p 00000000 00:00 0 
7f1daf000000-7f1dafca8000 rw-p 00001000 08:03 10111197                   /usr/lib/jvm/java-21-openjdk/lib/server/classes.jsa
7f1dafca8000-7f1db0000000 ---p 00000000 00:00 0 
7f1db0000000-7f1db0030000 rw-p 00000000 00:00 0 
7f1db0030000-7f1db0040000 ---p 00000000 00:00 0 
7f1db0040000-7f1db0060000 rw-p 00000000 00:00 0 
7f1db0060000-7f1df0000000 ---p 00000000 00:00 0 
7f1df0000000-7f1df0021000 rw-p 00000000 00:00 0 
7f1df0021000-7f1df4000000 ---p 00000000 00:00 0 
7f1df4000000-7f1df4021000 rw-p 00000000 00:00 0 
7f1df4021000-7f1df8000000 ---p 00000000 00:00 0 
7f1df8000000-7f1df8021000 rw-p 00000000 00:00 0 
7f1df8021000-7f1dfc000000 ---p 00000000 00:00 0 
7f1dfc000000-7f1dfc021000 rw-p 00000000 00:00 0 
7f1dfc021000-7f1e00000000 ---p 00000000 00:00 0 
7f1e00000000-7f1e00021000 rw-p 00000000 00:00 0 
7f1e00021000-7f1e04000000 ---p 00000000 00:00 0 
7f1e04001000-7f1e04004000 r--p 00000000 08:03 9329359                    /usr/lib/libXcursor.so.1.0.2
7f1e04004000-7f1e04009000 r-xp 00003000 08:03 9329359                    /usr/lib/libXcursor.so.1.0.2
7f1e04009000-7f1e0400b000 r--p 00008000 08:03 9329359                    /usr/lib/libXcursor.so.1.0.2
7f1e0400b000-7f1e0400c000 r--p 00009000 08:03 9329359                    /usr/lib/libXcursor.so.1.0.2
7f1e0400c000-7f1e0400d000 rw-p 0000a000 08:03 9329359                    /usr/lib/libXcursor.so.1.0.2
7f1e0400d000-7f1e0400f000 r--p 00000000 08:03 9329372                    /usr/lib/libXrender.so.1.3.0
7f1e0400f000-7f1e04016000 r-xp 00002000 08:03 9329372                    /usr/lib/libXrender.so.1.3.0
7f1e04016000-7f1e04018000 r--p 00009000 08:03 9329372                    /usr/lib/libXrender.so.1.3.0
7f1e04018000-7f1e04019000 r--p 0000a000 08:03 9329372                    /usr/lib/libXrender.so.1.3.0
7f1e04019000-7f1e0401a000 rw-p 0000b000 08:03 9329372                    /usr/lib/libXrender.so.1.3.0
7f1e0401a000-7f1e0401d000 r--p 00000000 08:03 9329366                    /usr/lib/libXi.so.6.1.0
7f1e0401d000-7f1e04029000 r-xp 00003000 08:03 9329366                    /usr/lib/libXi.so.6.1.0
7f1e04029000-7f1e0402c000 r--p 0000f000 08:03 9329366                    /usr/lib/libXi.so.6.1.0
7f1e0402c000-7f1e0402d000 r--p 00011000 08:03 9329366                    /usr/lib/libXi.so.6.1.0
7f1e0402d000-7f1e0402e000 rw-p 00012000 08:03 9329366                    /usr/lib/libXi.so.6.1.0
7f1e0402e000-7f1e04033000 r--p 00000000 08:03 10111174                   /usr/lib/jvm/java-21-openjdk/lib/libjsvml.so
7f1e04033000-7f1e04074000 r-xp 00005000 08:03 10111174                   /usr/lib/jvm/java-21-openjdk/lib/libjsvml.so
7f1e04074000-7f1e040fd000 r--p 00046000 08:03 10111174                   /usr/lib/jvm/java-21-openjdk/lib/libjsvml.so
7f1e040fd000-7f1e040fe000 r--p 000ce000 08:03 10111174                   /usr/lib/jvm/java-21-openjdk/lib/libjsvml.so
7f1e040fe000-7f1e040ff000 rw-p 000cf000 08:03 10111174                   /usr/lib/jvm/java-21-openjdk/lib/libjsvml.so
7f1e040ff000-7f1e04103000 ---p 00000000 00:00 0 
7f1e04103000-7f1e041ff000 rw-p 00000000 00:00 0 
7f1e041ff000-7f1e04203000 ---p 00000000 00:00 0 
7f1e04203000-7f1e042ff000 rw-p 00000000 00:00 0 
7f1e042ff000-7f1e04300000 ---p 00000000 00:00 0 
7f1e04300000-7f1e04400000 rw-p 00000000 00:00 0 
7f1e04400000-7f1e04670000 rwxp 00000000 00:00 0 
7f1e04670000-7f1e0b938000 ---p 00000000 00:00 0 
7f1e0b938000-7f1e0bba8000 rwxp 00000000 00:00 0 
7f1e0bba8000-7f1e0bec7000 ---p 00000000 00:00 0 
7f1e0bec7000-7f1e0c137000 rwxp 00000000 00:00 0 
7f1e0c137000-7f1e13400000 ---p 00000000 00:00 0 
7f1e13400000-7f1e1bedb000 r--s 00000000 08:03 10111188                   /usr/lib/jvm/java-21-openjdk/lib/modules
7f1e1bedd000-7f1e1bedf000 r--p 00000000 08:03 9326346                    /usr/lib/libXrandr.so.2.2.0
7f1e1bedf000-7f1e1bee6000 r-xp 00002000 08:03 9326346                    /usr/lib/libXrandr.so.2.2.0
7f1e1bee6000-7f1e1bee8000 r--p 00009000 08:03 9326346                    /usr/lib/libXrandr.so.2.2.0
7f1e1bee8000-7f1e1bee9000 r--p 0000a000 08:03 9326346                    /usr/lib/libXrandr.so.2.2.0
7f1e1bee9000-7f1e1beea000 rw-p 0000b000 08:03 9326346                    /usr/lib/libXrandr.so.2.2.0
7f1e1beea000-7f1e1beee000 r--p 00000000 08:03 9329362                    /usr/lib/libXext.so.6.4.0
7f1e1beee000-7f1e1bef9000 r-xp 00004000 08:03 9329362                    /usr/lib/libXext.so.6.4.0
7f1e1bef9000-7f1e1befd000 r--p 0000f000 08:03 9329362                    /usr/lib/libXext.so.6.4.0
7f1e1befd000-7f1e1befe000 r--p 00012000 08:03 9329362                    /usr/lib/libXext.so.6.4.0
7f1e1befe000-7f1e1beff000 rw-p 00013000 08:03 9329362                    /usr/lib/libXext.so.6.4.0
7f1e1beff000-7f1e1bf00000 ---p 00000000 00:00 0 
7f1e1bf00000-7f1e1c629000 rw-p 00000000 00:00 0 
7f1e1c629000-7f1e20000000 ---p 00000000 00:00 0 
7f1e20000000-7f1e20002000 r--p 00000000 08:03 9329363                    /usr/lib/libXfixes.so.3.1.0
7f1e20002000-7f1e20005000 r-xp 00002000 08:03 9329363                    /usr/lib/libXfixes.so.3.1.0
7f1e20005000-7f1e20006000 r--p 00005000 08:03 9329363                    /usr/lib/libXfixes.so.3.1.0
7f1e20006000-7f1e20007000 r--p 00006000 08:03 9329363                    /usr/lib/libXfixes.so.3.1.0
7f1e20007000-7f1e20008000 rw-p 00007000 08:03 9329363                    /usr/lib/libXfixes.so.3.1.0
7f1e20008000-7f1e20009000 r--p 00000000 08:03 9329379                    /usr/lib/libXxf86vm.so.1.0.0
7f1e20009000-7f1e2000c000 r-xp 00001000 08:03 9329379                    /usr/lib/libXxf86vm.so.1.0.0
7f1e2000c000-7f1e2000d000 r--p 00004000 08:03 9329379                    /usr/lib/libXxf86vm.so.1.0.0
7f1e2000d000-7f1e2000e000 r--p 00004000 08:03 9329379                    /usr/lib/libXxf86vm.so.1.0.0
7f1e2000e000-7f1e2000f000 rw-p 00005000 08:03 9329379                    /usr/lib/libXxf86vm.so.1.0.0
7f1e2000f000-7f1e20011000 r--p 00000000 08:03 9329361                    /usr/lib/libXdmcp.so.6.0.0
7f1e20011000-7f1e20013000 r-xp 00002000 08:03 9329361                    /usr/lib/libXdmcp.so.6.0.0
7f1e20013000-7f1e20015000 r--p 00004000 08:03 9329361                    /usr/lib/libXdmcp.so.6.0.0
7f1e20015000-7f1e20016000 r--p 00005000 08:03 9329361                    /usr/lib/libXdmcp.so.6.0.0
7f1e20016000-7f1e20017000 rw-p 00006000 08:03 9329361                    /usr/lib/libXdmcp.so.6.0.0
7f1e20017000-7f1e20018000 r--p 00000000 08:03 9329357                    /usr/lib/libXau.so.6.0.0
7f1e20018000-7f1e20019000 r-xp 00001000 08:03 9329357                    /usr/lib/libXau.so.6.0.0
7f1e20019000-7f1e2001a000 r--p 00002000 08:03 9329357                    /usr/lib/libXau.so.6.0.0
7f1e2001a000-7f1e2001b000 r--p 00002000 08:03 9329357                    /usr/lib/libXau.so.6.0.0
7f1e2001b000-7f1e2001c000 rw-p 00003000 08:03 9329357                    /usr/lib/libXau.so.6.0.0
7f1e2001c000-7f1e20028000 r--p 00000000 08:03 9313469                    /usr/lib/libxcb.so.1.1.0
7f1e20028000-7f1e2003c000 r-xp 0000c000 08:03 9313469                    /usr/lib/libxcb.so.1.1.0
7f1e2003c000-7f1e20045000 r--p 00020000 08:03 9313469                    /usr/lib/libxcb.so.1.1.0
7f1e20045000-7f1e20046000 r--p 00028000 08:03 9313469                    /usr/lib/libxcb.so.1.1.0
7f1e20046000-7f1e20047000 rw-p 00029000 08:03 9313469                    /usr/lib/libxcb.so.1.1.0
7f1e20047000-7f1e20048000 r--p 00000000 08:03 9310387                    /usr/lib/librt.so.1
7f1e20048000-7f1e20049000 r-xp 00001000 08:03 9310387                    /usr/lib/librt.so.1
7f1e20049000-7f1e2004a000 r--p 00002000 08:03 9310387                    /usr/lib/librt.so.1
7f1e2004a000-7f1e2004b000 r--p 00002000 08:03 9310387                    /usr/lib/librt.so.1
7f1e2004b000-7f1e2004c000 rw-p 00003000 08:03 9310387                    /usr/lib/librt.so.1
7f1e20052000-7f1e20053000 r-xp 00000000 00:00 0 
7f1e20053000-7f1e20057000 rw-s 102395000 00:0f 11078                     anon_inode:i915.gem
7f1e20057000-7f1e2005d000 rw-s 10208d000 00:0f 11078                     anon_inode:i915.gem
7f1e2005d000-7f1e20061000 rw-s 100fce000 00:0f 11078                     anon_inode:i915.gem
7f1e20061000-7f1e20067000 rw-s 103cf5000 00:0f 11078                     anon_inode:i915.gem
7f1e20067000-7f1e20068000 rw-s 00000000 00:01 13533                      /memfd:xshmfence (deleted)
7f1e20068000-7f1e2006c000 rw-s 100e35000 00:0f 11078                     anon_inode:i915.gem
7f1e2006c000-7f1e20189000 rw-p 00000000 00:00 0 
7f1e20189000-7f1e2018a000 ---p 00000000 00:00 0 
7f1e2018a000-7f1e2028a000 rw-p 00000000 00:00 0 
7f1e2028a000-7f1e2028b000 ---p 00000000 00:00 0 
7f1e2028b000-7f1e2258d000 rw-p 00000000 00:00 0 
7f1e2258d000-7f1e2258e000 ---p 00000000 00:00 0 
7f1e2258e000-7f1e2268e000 rw-p 00000000 00:00 0 
7f1e2268e000-7f1e2268f000 ---p 00000000 00:00 0 
7f1e2268f000-7f1e2278f000 rw-p 00000000 00:00 0 
7f1e2278f000-7f1e22790000 ---p 00000000 00:00 0 
7f1e22790000-7f1e22980000 rw-p 00000000 00:00 0 
7f1e22980000-7f1e23768000 ---p 00000000 00:00 0 
7f1e23768000-7f1e2376c000 rw-p 00000000 00:00 0 
7f1e2376c000-7f1e2378e000 rw-p 00000000 00:00 0 
7f1e2378e000-7f1e2394b000 ---p 00000000 00:00 0 
7f1e2394b000-7f1e2396a000 rw-p 00000000 00:00 0 
7f1e2396a000-7f1e23b27000 ---p 00000000 00:00 0 
7f1e23b27000-7f1e23d2f000 rw-p 00000000 00:00 0 
7f1e23d2f000-7f1e23e15000 ---p 00000000 00:00 0 
7f1e23e15000-7f1e23e1a000 rw-p 00000000 00:00 0 
7f1e23e1a000-7f1e23f00000 ---p 00000000 00:00 0 
7f1e23f00000-7f1e23f04000 ---p 00000000 00:00 0 
7f1e23f04000-7f1e24000000 rw-p 00000000 00:00 0 
7f1e24000000-7f1e2409c000 r--p 00000000 08:03 9330108                    /usr/lib/libstdc++.so.6.0.32
7f1e2409c000-7f1e241d3000 r-xp 0009c000 08:03 9330108                    /usr/lib/libstdc++.so.6.0.32
7f1e241d3000-7f1e24269000 r--p 001d3000 08:03 9330108                    /usr/lib/libstdc++.so.6.0.32
7f1e24269000-7f1e24276000 r--p 00269000 08:03 9330108                    /usr/lib/libstdc++.so.6.0.32
7f1e24276000-7f1e24277000 rw-p 00276000 08:03 9330108                    /usr/lib/libstdc++.so.6.0.32
7f1e24277000-7f1e2427b000 rw-p 00000000 00:00 0 
7f1e2427b000-7f1e2427c000 rw-s 100863000 00:0f 11078                     anon_inode:i915.gem
7f1e2427c000-7f1e2427d000 rw-s 100862000 00:0f 11078                     anon_inode:i915.gem
7f1e2427d000-7f1e2427e000 r--p 00000000 08:03 9310382                    /usr/lib/libpthread.so.0
7f1e2427e000-7f1e2427f000 r-xp 00001000 08:03 9310382                    /usr/lib/libpthread.so.0
7f1e2427f000-7f1e24280000 r--p 00002000 08:03 9310382                    /usr/lib/libpthread.so.0
7f1e24280000-7f1e24281000 r--p 00002000 08:03 9310382                    /usr/lib/libpthread.so.0
7f1e24281000-7f1e24282000 rw-p 00003000 08:03 9310382                    /usr/lib/libpthread.so.0
7f1e24282000-7f1e24284000 r--p 00000000 08:03 10111187                   /usr/lib/jvm/java-21-openjdk/lib/libzip.so
7f1e24284000-7f1e24288000 r-xp 00002000 08:03 10111187                   /usr/lib/jvm/java-21-openjdk/lib/libzip.so
7f1e24288000-7f1e2428a000 r--p 00006000 08:03 10111187                   /usr/lib/jvm/java-21-openjdk/lib/libzip.so
7f1e2428a000-7f1e2428b000 r--p 00007000 08:03 10111187                   /usr/lib/jvm/java-21-openjdk/lib/libzip.so
7f1e2428b000-7f1e2428c000 rw-p 00008000 08:03 10111187                   /usr/lib/jvm/java-21-openjdk/lib/libzip.so
7f1e2428c000-7f1e2428f000 r--p 00000000 08:03 10111180                   /usr/lib/jvm/java-21-openjdk/lib/libnet.so
7f1e2428f000-7f1e24296000 r-xp 00003000 08:03 10111180                   /usr/lib/jvm/java-21-openjdk/lib/libnet.so
7f1e24296000-7f1e24298000 r--p 0000a000 08:03 10111180                   /usr/lib/jvm/java-21-openjdk/lib/libnet.so
7f1e24298000-7f1e24299000 r--p 0000b000 08:03 10111180                   /usr/lib/jvm/java-21-openjdk/lib/libnet.so
7f1e24299000-7f1e2429a000 rw-p 0000c000 08:03 10111180                   /usr/lib/jvm/java-21-openjdk/lib/libnet.so
7f1e2429a000-7f1e242a1000 r--p 00000000 08:03 10111181                   /usr/lib/jvm/java-21-openjdk/lib/libnio.so
7f1e242a1000-7f1e242a9000 r-xp 00007000 08:03 10111181                   /usr/lib/jvm/java-21-openjdk/lib/libnio.so
7f1e242a9000-7f1e242ad000 r--p 0000f000 08:03 10111181                   /usr/lib/jvm/java-21-openjdk/lib/libnio.so
7f1e242ad000-7f1e242ae000 r--p 00013000 08:03 10111181                   /usr/lib/jvm/java-21-openjdk/lib/libnio.so
7f1e242ae000-7f1e242af000 rw-p 00014000 08:03 10111181                   /usr/lib/jvm/java-21-openjdk/lib/libnio.so
7f1e242af000-7f1e242cf000 rw-p 00000000 00:00 0 
7f1e242cf000-7f1e242d2000 r--p 00000000 08:03 10111170                   /usr/lib/jvm/java-21-openjdk/lib/libjdwp.so
7f1e242d2000-7f1e24302000 r-xp 00003000 08:03 10111170                   /usr/lib/jvm/java-21-openjdk/lib/libjdwp.so
7f1e24302000-7f1e24310000 r--p 00033000 08:03 10111170                   /usr/lib/jvm/java-21-openjdk/lib/libjdwp.so
7f1e24310000-7f1e24311000 r--p 00041000 08:03 10111170                   /usr/lib/jvm/java-21-openjdk/lib/libjdwp.so
7f1e24311000-7f1e24312000 rw-p 00042000 08:03 10111170                   /usr/lib/jvm/java-21-openjdk/lib/libjdwp.so
7f1e24312000-7f1e24313000 rw-p 00000000 00:00 0 
7f1e24313000-7f1e24323000 r--p 00000000 08:03 9310365                    /usr/lib/libm.so.6
7f1e24323000-7f1e243a2000 r-xp 00010000 08:03 9310365                    /usr/lib/libm.so.6
7f1e243a2000-7f1e243fe000 r--p 0008f000 08:03 9310365                    /usr/lib/libm.so.6
7f1e243fe000-7f1e243ff000 r--p 000ea000 08:03 9310365                    /usr/lib/libm.so.6
7f1e243ff000-7f1e24400000 rw-p 000eb000 08:03 9310365                    /usr/lib/libm.so.6
7f1e24400000-7f1e24696000 r--p 00000000 08:03 10111200                   /usr/lib/jvm/java-21-openjdk/lib/server/libjvm.so
7f1e24696000-7f1e25525000 r-xp 00296000 08:03 10111200                   /usr/lib/jvm/java-21-openjdk/lib/server/libjvm.so
7f1e25525000-7f1e257f5000 r--p 01125000 08:03 10111200                   /usr/lib/jvm/java-21-openjdk/lib/server/libjvm.so
7f1e257f5000-7f1e258c4000 r--p 013f5000 08:03 10111200                   /usr/lib/jvm/java-21-openjdk/lib/server/libjvm.so
7f1e258c4000-7f1e258f4000 rw-p 014c4000 08:03 10111200                   /usr/lib/jvm/java-21-openjdk/lib/server/libjvm.so
7f1e258f4000-7f1e25959000 rw-p 00000000 00:00 0 
7f1e25959000-7f1e2595a000 rw-s 100e39000 00:0f 11078                     anon_inode:i915.gem
7f1e2595a000-7f1e2595b000 r--p 00000000 08:03 9310360                    /usr/lib/libdl.so.2
7f1e2595b000-7f1e2595c000 r-xp 00001000 08:03 9310360                    /usr/lib/libdl.so.2
7f1e2595c000-7f1e2595d000 r--p 00002000 08:03 9310360                    /usr/lib/libdl.so.2
7f1e2595d000-7f1e2595e000 r--p 00002000 08:03 9310360                    /usr/lib/libdl.so.2
7f1e2595e000-7f1e2595f000 rw-p 00003000 08:03 9310360                    /usr/lib/libdl.so.2
7f1e2595f000-7f1e25960000 r--p 00000000 08:03 10111160                   /usr/lib/jvm/java-21-openjdk/lib/libdt_socket.so
7f1e25960000-7f1e25963000 r-xp 00001000 08:03 10111160                   /usr/lib/jvm/java-21-openjdk/lib/libdt_socket.so
7f1e25963000-7f1e25964000 r--p 00004000 08:03 10111160                   /usr/lib/jvm/java-21-openjdk/lib/libdt_socket.so
7f1e25964000-7f1e25965000 r--p 00005000 08:03 10111160                   /usr/lib/jvm/java-21-openjdk/lib/libdt_socket.so
7f1e25965000-7f1e25966000 rw-p 00006000 08:03 10111160                   /usr/lib/jvm/java-21-openjdk/lib/libdt_socket.so
7f1e25966000-7f1e25973000 r--p 00000000 08:03 10111168                   /usr/lib/jvm/java-21-openjdk/lib/libjava.so
7f1e25973000-7f1e25980000 r-xp 0000d000 08:03 10111168                   /usr/lib/jvm/java-21-openjdk/lib/libjava.so
7f1e25980000-7f1e25985000 r--p 0001a000 08:03 10111168                   /usr/lib/jvm/java-21-openjdk/lib/libjava.so
7f1e25985000-7f1e25986000 r--p 0001f000 08:03 10111168                   /usr/lib/jvm/java-21-openjdk/lib/libjava.so
7f1e25986000-7f1e25987000 rw-p 00020000 08:03 10111168                   /usr/lib/jvm/java-21-openjdk/lib/libjava.so
7f1e25987000-7f1e25988000 rw-p 00000000 00:00 0 
7f1e25988000-7f1e2598c000 r--p 00000000 08:03 9329624                    /usr/lib/libgcc_s.so.1
7f1e2598c000-7f1e259a7000 r-xp 00004000 08:03 9329624                    /usr/lib/libgcc_s.so.1
7f1e259a7000-7f1e259ab000 r--p 0001f000 08:03 9329624                    /usr/lib/libgcc_s.so.1
7f1e259ab000-7f1e259ac000 r--p 00022000 08:03 9329624                    /usr/lib/libgcc_s.so.1
7f1e259ac000-7f1e259ad000 rw-p 00023000 08:03 9329624                    /usr/lib/libgcc_s.so.1
7f1e259ad000-7f1e259b0000 rw-p 00000000 00:00 0 
7f1e259b0000-7f1e259b3000 r--p 00000000 08:03 9310805                    /usr/lib/libz.so.1.3
7f1e259b3000-7f1e259c1000 r-xp 00003000 08:03 9310805                    /usr/lib/libz.so.1.3
7f1e259c1000-7f1e259c8000 r--p 00011000 08:03 9310805                    /usr/lib/libz.so.1.3
7f1e259c8000-7f1e259c9000 r--p 00017000 08:03 9310805                    /usr/lib/libz.so.1.3
7f1e259c9000-7f1e259ca000 rw-p 00018000 08:03 9310805                    /usr/lib/libz.so.1.3
7f1e259ca000-7f1e259f0000 r--p 00000000 08:03 9310355                    /usr/lib/libc.so.6
7f1e259f0000-7f1e25b4a000 r-xp 00026000 08:03 9310355                    /usr/lib/libc.so.6
7f1e25b4a000-7f1e25b9e000 r--p 00180000 08:03 9310355                    /usr/lib/libc.so.6
7f1e25b9e000-7f1e25ba2000 r--p 001d3000 08:03 9310355                    /usr/lib/libc.so.6
7f1e25ba2000-7f1e25ba4000 rw-p 001d7000 08:03 9310355                    /usr/lib/libc.so.6
7f1e25ba4000-7f1e25bac000 rw-p 00000000 00:00 0 
7f1e25bac000-7f1e25bad000 r-xp 00000000 00:00 0 
7f1e25bad000-7f1e25bb2000 rw-p 00000000 00:00 0 
7f1e25bb2000-7f1e25bb9000 ---p 00000000 00:00 0 
7f1e25bb9000-7f1e25bc1000 rw-s 00000000 00:1a 987                        /tmp/hsperfdata_vlad/27669
7f1e25bc1000-7f1e25bc2000 ---p 00000000 00:00 0 
7f1e25bc2000-7f1e25bc3000 r--p 00000000 00:00 0 
7f1e25bc3000-7f1e25bc4000 ---p 00000000 00:00 0 
7f1e25bc4000-7f1e25bc6000 r--p 00000000 08:03 10111171                   /usr/lib/jvm/java-21-openjdk/lib/libjimage.so
7f1e25bc6000-7f1e25bc9000 r-xp 00002000 08:03 10111171                   /usr/lib/jvm/java-21-openjdk/lib/libjimage.so
7f1e25bc9000-7f1e25bca000 r--p 00005000 08:03 10111171                   /usr/lib/jvm/java-21-openjdk/lib/libjimage.so
7f1e25bca000-7f1e25bcb000 r--p 00006000 08:03 10111171                   /usr/lib/jvm/java-21-openjdk/lib/libjimage.so
7f1e25bcb000-7f1e25bcc000 rw-p 00007000 08:03 10111171                   /usr/lib/jvm/java-21-openjdk/lib/libjimage.so
7f1e25bcc000-7f1e25bce000 r--p 00000000 08:03 10111172                   /usr/lib/jvm/java-21-openjdk/lib/libjli.so
7f1e25bce000-7f1e25bd8000 r-xp 00002000 08:03 10111172                   /usr/lib/jvm/java-21-openjdk/lib/libjli.so
7f1e25bd8000-7f1e25bdb000 r--p 0000c000 08:03 10111172                   /usr/lib/jvm/java-21-openjdk/lib/libjli.so
7f1e25bdb000-7f1e25bdc000 r--p 0000f000 08:03 10111172                   /usr/lib/jvm/java-21-openjdk/lib/libjli.so
7f1e25bdc000-7f1e25bdd000 rw-p 00010000 08:03 10111172                   /usr/lib/jvm/java-21-openjdk/lib/libjli.so
7f1e25bdd000-7f1e25bdf000 rw-p 00000000 00:00 0 
7f1e25bdf000-7f1e25be0000 r--p 00000000 08:03 9310346                    /usr/lib/ld-linux-x86-64.so.2
7f1e25be0000-7f1e25c06000 r-xp 00001000 08:03 9310346                    /usr/lib/ld-linux-x86-64.so.2
7f1e25c06000-7f1e25c10000 r--p 00027000 08:03 9310346                    /usr/lib/ld-linux-x86-64.so.2
7f1e25c10000-7f1e25c12000 r--p 00031000 08:03 9310346                    /usr/lib/ld-linux-x86-64.so.2
7f1e25c12000-7f1e25c14000 rw-p 00033000 08:03 9310346                    /usr/lib/ld-linux-x86-64.so.2
7fff882a3000-7fff882c4000 rw-p 00000000 00:00 0                          [stack]
7fff882d7000-7fff882db000 r--p 00000000 00:00 0                          [vvar]
7fff882db000-7fff882dd000 r-xp 00000000 00:00 0                          [vdso]
ffffffffff600000-ffffffffff601000 --xp 00000000 00:00 0                  [vsyscall]
Total number of mappings: 493


VM Arguments:
jvm_args: -agentlib:jdwp=transport=dt_socket,server=n,suspend=y,address=localhost:35449 -XX:+ShowCodeDetailsInExceptionMessages 
java_command: org.asmodeus.Main
java_class_path (initial): /home/vlad//Freddy's Engine/Freddy-s-Engine/freddy-s-engine/target/classes:/home/vlad/.m2/repository/org/lwjgl/lwjgl/3.2.2/lwjgl-3.2.2-natives-linux.jar:/home/vlad/.m2/repository/org/lwjgl/lwjgl-opengl/3.2.2/lwjgl-opengl-3.2.2.jar:/home/vlad/.m2/repository/org/lwjgl/lwjgl/3.2.2/lwjgl-3.2.2.jar:/home/vlad/.m2/repository/org/lwjgl/lwjgl-opengl/3.2.2/lwjgl-opengl-3.2.2-natives-linux.jar:/home/vlad/.m2/repository/org/lwjgl/lwjgl-glfw/3.2.2/lwjgl-glfw-3.2.2.jar:/home/vlad/.m2/repository/org/lwjgl/lwjgl-glfw/3.2.2/lwjgl-glfw-3.2.2-natives-linux.jar
Launcher Type: SUN_STANDARD

[Global flags]
     intx CICompilerCount                          = 2                                         {product} {ergonomic}
     uint ConcGCThreads                            = 1                                         {product} {ergonomic}
     uint G1ConcRefinementThreads                  = 2                                         {product} {ergonomic}
   size_t G1HeapRegionSize                         = 1048576                                   {product} {ergonomic}
    uintx GCDrainStackTargetSize                   = 64                                        {product} {ergonomic}
   size_t InitialHeapSize                          = 62914560                                  {product} {ergonomic}
   size_t MarkStackSize                            = 4194304                                   {product} {ergonomic}
   size_t MaxHeapSize                              = 998244352                                 {product} {ergonomic}
   size_t MaxNewSize                               = 598736896                                 {product} {ergonomic}
   size_t MinHeapDeltaBytes                        = 1048576                                   {product} {ergonomic}
   size_t MinHeapSize                              = 8388608                                   {product} {ergonomic}
    uintx NonNMethodCodeHeapSize                   = 5826188                                {pd product} {ergonomic}
    uintx NonProfiledCodeHeapSize                  = 122916026                              {pd product} {ergonomic}
    uintx ProfiledCodeHeapSize                     = 122916026                              {pd product} {ergonomic}
    uintx ReservedCodeCacheSize                    = 251658240                              {pd product} {ergonomic}
     bool SegmentedCodeCache                       = true                                      {product} {ergonomic}
     bool ShowCodeDetailsInExceptionMessages       = true                                   {manageable} {command line}
   size_t SoftMaxHeapSize                          = 998244352                              {manageable} {ergonomic}
     bool UseCompressedOops                        = true                           {product lp64_product} {ergonomic}
     bool UseG1GC                                  = true                                      {product} {ergonomic}

Logging:
Log output configuration:
 #0: stdout all=warning uptime,level,tags foldmultilines=false
 #1: stderr all=off uptime,level,tags foldmultilines=false

Environment Variables:
PATH=/usr/local/bin:/usr/bin:/bin:/usr/local/sbin:/var/lib/flatpak/exports/bin:/usr/lib/jvm/default/bin:/usr/bin/site_perl:/usr/bin/vendor_perl:/usr/bin/core_perl
SHELL=/bin/bash
DISPLAY=:0
LANG=ru_RU.UTF-8
LC_NUMERIC=ru_RU.UTF-8
LC_TIME=ru_RU.UTF-8
TERM=xterm-256color

Active Locale:
LC_ALL=ru_RU.UTF-8
LC_COLLATE=ru_RU.UTF-8
LC_CTYPE=ru_RU.UTF-8
LC_MESSAGES=ru_RU.UTF-8
LC_MONETARY=ru_RU.UTF-8
LC_NUMERIC=ru_RU.UTF-8
LC_TIME=ru_RU.UTF-8

Signal Handlers:
   SIGSEGV: 0x00007f1e25422540 in libjvm.so+16917824, mask=11100100010111111101111111111110, flags=SA_RESTART|SA_SIGINFO, unblocked
    SIGBUS: 0x00007f1e25422540 in libjvm.so+16917824, mask=11100100010111111101111111111110, flags=SA_RESTART|SA_SIGINFO, unblocked
    SIGFPE: 0x00007f1e25422540 in libjvm.so+16917824, mask=11100100010111111101111111111110, flags=SA_RESTART|SA_SIGINFO, unblocked
   SIGPIPE: 0x00007f1e25283e40 in libjvm.so+15220288, mask=11100100010111111101111111111110, flags=SA_RESTART|SA_SIGINFO, blocked
   SIGXFSZ: 0x00007f1e25283e40 in libjvm.so+15220288, mask=11100100010111111101111111111110, flags=SA_RESTART|SA_SIGINFO, blocked
    SIGILL: 0x00007f1e25422540 in libjvm.so+16917824, mask=11100100010111111101111111111110, flags=SA_RESTART|SA_SIGINFO, unblocked
   SIGUSR2: 0x00007f1e25285690 in libjvm.so+15226512, mask=00000000000000000000000000000000, flags=SA_RESTART|SA_SIGINFO, blocked
    SIGHUP: 0x00007f1e252832e0 in libjvm.so+15217376, mask=11100100010111111101111111111110, flags=SA_RESTART|SA_SIGINFO, blocked
    SIGINT: 0x00007f1e252832e0 in libjvm.so+15217376, mask=11100100010111111101111111111110, flags=SA_RESTART|SA_SIGINFO, blocked
   SIGTERM: 0x00007f1e252832e0 in libjvm.so+15217376, mask=11100100010111111101111111111110, flags=SA_RESTART|SA_SIGINFO, blocked
   SIGQUIT: 0x00007f1e252832e0 in libjvm.so+15217376, mask=11100100010111111101111111111110, flags=SA_RESTART|SA_SIGINFO, blocked
   SIGTRAP: 0x00007f1e25422540 in libjvm.so+16917824, mask=11100100010111111101111111111110, flags=SA_RESTART|SA_SIGINFO, unblocked


---------------  S Y S T E M  ---------------

OS:
DISTRIB_ID="Artix"
DISTRIB_RELEASE="rolling"
DISTRIB_DESCRIPTION="Artix Linux"
DISTRIB_CODENAME=mate-dinit-20230814
uname: Linux 6.5.7-artix1-1 #1 SMP PREEMPT_DYNAMIC Sun, 15 Oct 2023 22:13:26 +0000 x86_64
OS uptime: 0 days 1:18 hours
libc: glibc 2.38 NPTL 2.38 
rlimit (soft/hard): STACK 8192k/infinity , CORE 0k/infinity , NPROC 15125/15125 , NOFILE 4096/4096 , AS infinity/infinity , CPU infinity/infinity , DATA infinity/infinity , FSIZE infinity/infinity , MEMLOCK 8192k/8192k
load average: 2,49 1,65 1,57

/proc/meminfo:
MemTotal:        3893100 kB
MemFree:          850496 kB
MemAvailable:    1813896 kB
Buffers:           74996 kB
Cached:          1271972 kB
SwapCached:            0 kB
Active:          1717756 kB
Inactive:         967064 kB
Active(anon):    1097392 kB
Inactive(anon):   432992 kB
Active(file):     620364 kB
Inactive(file):   534072 kB
Unevictable:      143656 kB
Mlocked:              32 kB
SwapTotal:             0 kB
SwapFree:              0 kB
Zswap:                 0 kB
Zswapped:              0 kB
Dirty:               340 kB
Writeback:             0 kB
AnonPages:       1457092 kB
Mapped:           562884 kB
Shmem:            192532 kB
KReclaimable:      43160 kB
Slab:             101744 kB
SReclaimable:      43160 kB
SUnreclaim:        58584 kB
KernelStack:        8096 kB
PageTables:        16676 kB
SecPageTables:         0 kB
NFS_Unstable:          0 kB
Bounce:                0 kB
WritebackTmp:          0 kB
CommitLimit:     1946548 kB
Committed_AS:    5033500 kB
VmallocTotal:   34359738367 kB
VmallocUsed:       31744 kB
VmallocChunk:          0 kB
Percpu:             1168 kB
HardwareCorrupted:     0 kB
AnonHugePages:    722944 kB
ShmemHugePages:        0 kB
ShmemPmdMapped:        0 kB
FileHugePages:    167936 kB
FilePmdMapped:    106496 kB
CmaTotal:              0 kB
CmaFree:               0 kB
Unaccepted:            0 kB
HugePages_Total:       0
HugePages_Free:        0
HugePages_Rsvd:        0
HugePages_Surp:        0
Hugepagesize:       2048 kB
Hugetlb:               0 kB
DirectMap4k:      166592 kB
DirectMap2M:     3907584 kB

/sys/kernel/mm/transparent_hugepage/enabled: [always] madvise never
/sys/kernel/mm/transparent_hugepage/defrag (defrag/compaction efforts parameter): always defer defer+madvise [madvise] never

Process Memory:
Virtual Size: 3856228K (peak: 3857248K)
Resident Set Size: 198268K (peak: 198348K) (anon: 54352K, file: 143148K, shmem: 768K)
Swapped out: 0K
C-Heap outstanding allocations: 16680K, retained: 1839K
glibc malloc tunables: (default)

/proc/sys/kernel/threads-max (system-wide limit on the number of threads): 30250
/proc/sys/vm/max_map_count (maximum number of memory map areas a process may have): 65530
/proc/sys/kernel/pid_max (system-wide limit on number of process identifiers): 32768

container (cgroup) information:
container_type: cgroupv1
cpu_cpuset_cpus: 0-1
cpu_memory_nodes: 0
active_processor_count: 2
cpu_quota: no quota
cpu_period: 100000
cpu_shares: no shares
memory_limit_in_bytes: unlimited
memory_and_swap_limit_in_bytes: unlimited
memory_soft_limit_in_bytes: unlimited
memory_usage_in_bytes: 2804060 k
memory_max_usage_in_bytes: unlimited
kernel_memory_usage_in_bytes: unlimited
kernel_memory_max_usage_in_bytes: unlimited
kernel_memory_limit_in_bytes: unlimited
maximum number of tasks: not supported
current number of tasks: not supported

Steal ticks since vm start: 0
Steal ticks percentage since vm start:  0,000

CPU: total 4 (initial active 2) (2 cores per cpu, 1 threads per core) family 6 model 55 stepping 8 microcode 0x838, cx8, cmov, fxsr, mmx, 3dnowpref, sse, sse2, sse3, ssse3, sse4.1, sse4.2, popcnt, tsc, tscinvbit, erms, clmul, clflush, rdtscp
CPU Model and flags from /proc/cpuinfo:
model name	: Intel(R) Celeron(R) CPU  N2840  @ 2.16GHz
flags		: fpu vme de pse tsc msr pae mce cx8 apic sep mtrr pge mca cmov pat pse36 clflush dts acpi mmx fxsr sse sse2 ss ht tm pbe syscall nx rdtscp lm constant_tsc arch_perfmon pebs bts rep_good nopl xtopology tsc_reliable nonstop_tsc cpuid aperfmperf tsc_known_freq pni pclmulqdq dtes64 monitor ds_cpl est tm2 ssse3 cx16 xtpr pdcm sse4_1 sse4_2 movbe popcnt tsc_deadline_timer rdrand lahf_lm 3dnowprefetch epb pti ibrs ibpb stibp tsc_adjust smep erms dtherm ida arat md_clear

Online cpus: 0-1
Offline cpus: 2-3
BIOS frequency limitation: <Not Available>
Frequency switch latency (ns): 20000
Available cpu frequencies: <Not Available>
Current governor: schedutil
Core performance/turbo boost: <Not Available>

Memory: 4k page, physical 3893100k(1813896k free), swap 0k(0k free)
Page Sizes: 4k

vm_info: OpenJDK 64-Bit Server VM (21+35) for linux-amd64 JRE (21+35), built on 2023-09-22T00:54:16Z by "builduser" with gcc 13.2.1 20230801

END.
