#
# A fatal error has been detected by the Java Runtime Environment:
#
#  SIGSEGV (0xb) at pc=0x00007ff0a25d39ba, pid=28630, tid=28631
#
# JRE version: OpenJDK Runtime Environment (21.0+35) (build 21+35)
# Java VM: OpenJDK 64-Bit Server VM (21+35, mixed mode, sharing, tiered, compressed oops, compressed class ptrs, g1 gc, linux-amd64)
# Problematic frame:
# C  [libjdwp.so+0x2e9ba]
#
# No core dump will be written. Core dumps have been disabled. To enable core dumping, try "ulimit -c unlimited" before starting Java again
#
# If you would like to submit a bug report, please visit:
#   https://bugreport.java.com/bugreport/crash.jsp
# The crash happened outside the Java Virtual Machine in native code.
# See problematic frame for where to report the bug.
#

---------------  S U M M A R Y ------------

Command Line: -agentlib:jdwp=transport=dt_socket,server=n,suspend=y,address=localhost:41375 -XX:+ShowCodeDetailsInExceptionMessages org.asmodeus.Main

Host: Intel(R) Celeron(R) CPU  N2840  @ 2.16GHz, 4 cores, 3G, Artix Linux
Time: Sat Dec 23 16:18:35 2023 MSK elapsed time: 4.230943 seconds (0d 0h 0m 4s)

---------------  T H R E A D  ---------------

Current thread (0x00007ff09c0179a0):  JavaThread "main"             [_thread_in_native, id=28631, stack(0x00007ff0a0f00000,0x00007ff0a1000000) (1024K)]

Stack: [0x00007ff0a0f00000,0x00007ff0a1000000],  sp=0x00007ff0a0ffeab8,  free space=1018k
Native frames: (J=compiled Java code, j=interpreted, Vv=VM code, C=native code)
C  [libjdwp.so+0x2e9ba]
C  [libjdwp.so+0x18cf2]
V  [libjvm.so+0xb2911c]
V  [libjvm.so+0x9399f6]
V  [libjvm.so+0x9b885f]
C  [libjli.so+0x4af3]
C  [libjli.so+0x7c6e]

siginfo: si_signo: 11 (SIGSEGV), si_code: 128 (SI_KERNEL), si_addr: 0x0000000000000000

Registers:
RAX=0xdb0309011e0273f4, RBX=0x00007ff0a0ffeb40, RCX=0x0000000000000000, RDX=0x00000000ffffff01
RSP=0x00007ff0a0ffeab8, RBP=0x00007ff0a0ffeb30, RSI=0x00007ff09c0cb580, RDI=0x00007ff09c017d58
R8 =0x0000000000000001, R9 =0x0000000000000000, R10=0x00007ff0a25464a0, R11=0x00007ff02b647c84
R12=0x0000000000000006, R13=0x00007ff0a25e8200, R14=0x00007ff09c0f04d0, R15=0x00007ff09c017d58
RIP=0x00007ff0a25d39ba, EFLAGS=0x0000000000010246, CSGSFS=0x002b000000000033, ERR=0x0000000000000000
  TRAPNO=0x000000000000000d


Register to memory mapping:

RAX=0xdb0309011e0273f4 is an unknown value
RBX=0x00007ff0a0ffeb40 is pointing into the stack for thread: 0x00007ff09c0179a0
RCX=0x0 is null
RDX=0x00000000ffffff01 points into unknown readable memory: 00 00 00 00 00 00 00
RSP=0x00007ff0a0ffeab8 is pointing into the stack for thread: 0x00007ff09c0179a0
RBP=0x00007ff0a0ffeb30 is pointing into the stack for thread: 0x00007ff09c0179a0
RSI=0x00007ff09c0cb580 points into unknown readable memory: 0x00000000c7d040a0 | a0 40 d0 c7 00 00 00 00
RDI=0x00007ff09c017d58 points into unknown readable memory: 0x00007ff09c585630 | 30 56 58 9c f0 7f 00 00
R8 =0x0000000000000001 is an unknown value
R9 =0x0 is null
R10=0x00007ff0a25464a0: <offset 0x00000000015464a0> in /usr/lib/jvm/java-21-openjdk/lib/server/libjvm.so at 0x00007ff0a1000000
R11=0x00007ff02b647c84 is pointing into metadata
R12=0x0000000000000006 is an unknown value
R13=0x00007ff0a25e8200: <offset 0x0000000000043200> in /usr/lib/jvm/java-21-openjdk/lib/libjdwp.so at 0x00007ff0a25a5000
R14=0x00007ff09c0f04d0 points into unknown readable memory: 0x00007ff09c0f0a10 | 10 0a 0f 9c f0 7f 00 00
R15=0x00007ff09c017d58 points into unknown readable memory: 0x00007ff09c585630 | 30 56 58 9c f0 7f 00 00

Top of Stack: (sp=0x00007ff0a0ffeab8)
0x00007ff0a0ffeab8:   00007ff0a25bca2a 00007ff09c0179a0
0x00007ff0a0ffeac8:   00007ff09c103630 00007ff09c0cb580
0x00007ff0a0ffead8:   0000000000000000 00007ff0a0ffeaf0
0x00007ff0a0ffeae8:   00007ff0a1b39719 00007ff0a0ffeb10
0x00007ff0a0ffeaf8:   00007ff0a1b11adc 00007ff09c017d58
0x00007ff0a0ffeb08:   00007ff09c0cb580 00007ff09c017d58
0x00007ff0a0ffeb18:   00007ff0a25e8200 00007ff09c0f04d0
0x00007ff0a0ffeb28:   0000000000000001 00007ff0a0ffebc0
0x00007ff0a0ffeb38:   00007ff0a25bdcf2 0000000000000006
0x00007ff0a0ffeb48:   00007ff09c0cb580 0000000000000000
0x00007ff0a0ffeb58:   0000000000000000 0000000000000000
0x00007ff0a0ffeb68:   0000000000000000 0000000000000000
0x00007ff0a0ffeb78:   0000000000000000 0000000000000000
0x00007ff0a0ffeb88:   0000000000000000 0000000000000000
0x00007ff0a0ffeb98:   00007ff09c0179a0 00007ff0a0ffebe0
0x00007ff0a0ffeba8:   00007ff09c0179a0 00007ff0a0ffebe0
0x00007ff0a0ffebb8:   00007ff09c000c30 00007ff0a0ffec80
0x00007ff0a0ffebc8:   00007ff0a1b2911c 00007ff0a0ffebe0
0x00007ff0a0ffebd8:   00007ff09c0cb580 00007ff02b48dba8
0x00007ff0a0ffebe8:   00007ff09c002ad0 00007ff09c0180b0
0x00007ff0a0ffebf8:   00007ff09c0180c0 00007ff09c018498
0x00007ff0a0ffec08:   00000000000003d8 00007ff09c0179a0
0x00007ff0a0ffec18:   00007ff09c0179a0 00007ff09c0184a0
0x00007ff0a0ffec28:   00007ff09c0184e0 00007ff09c018500
0x00007ff0a0ffec38:   00007ff09c0185c8 00000000000000d8
0x00007ff0a0ffec48:   00007ff0a0ffeda0 00007ff09c0179a0
0x00007ff0a0ffec58:   00007ff09c0179a0 00007ff09c0184f8
0x00007ff0a0ffec68:   00007ff0a0ffecf8 00007ff0a0ffed80
0x00007ff0a0ffec78:   00007ff09c0179a0 00007ff0a0ffee10
0x00007ff0a0ffec88:   00007ff0a19399f6 00007ff09c12db90
0x00007ff0a0ffec98:   00007ff0a0ffed20 00007ff09c107e38
0x00007ff0a0ffeca8:   00007ff09c107e20 00007ff0a0ffee30 

Instructions: (pc=0x00007ff0a25d39ba)
0x00007ff0a25d38ba:   03 00 00 48 8d 35 9c 76 00 00 48 8d 3d ba 7d 00
0x00007ff0a25d38ca:   00 67 e8 8f 2e ff ff 31 c0 48 8d 35 4c a7 00 00
0x00007ff0a25d38da:   48 8d 3d 97 79 00 00 67 e8 49 2f ff ff 48 8b 05
0x00007ff0a25d38ea:   12 49 01 00 e9 2d ff ff ff 66 66 2e 0f 1f 84 00
0x00007ff0a25d38fa:   00 00 00 00 66 90 f3 0f 1e fa 55 48 89 e5 41 54
0x00007ff0a25d390a:   49 89 fc 53 e8 4d e0 ff ff 48 89 c3 48 8b 05 e3
0x00007ff0a25d391a:   48 01 00 f6 80 10 02 00 00 02 75 1a 48 8b 50 28
0x00007ff0a25d392a:   48 8b 03 4c 89 e6 48 89 df 5b 41 5c 48 8b 80 00
0x00007ff0a25d393a:   01 00 00 5d ff e0 ba 0b 06 00 00 48 8d 35 14 76
0x00007ff0a25d394a:   00 00 48 8d 3d 12 79 00 00 67 e8 07 2e ff ff 31
0x00007ff0a25d395a:   c0 48 8d 35 35 92 00 00 48 8d 3d 0f 79 00 00 67
0x00007ff0a25d396a:   e8 c1 2e ff ff 48 8b 05 8a 48 01 00 eb ae 0f 1f
0x00007ff0a25d397a:   84 00 00 00 00 00 f3 0f 1e fa 55 48 89 e5 41 54
0x00007ff0a25d398a:   49 89 fc 53 e8 cd df ff ff 48 89 c3 48 8b 05 63
0x00007ff0a25d399a:   48 01 00 f6 80 10 02 00 00 02 75 1a 48 8b 03 4c
0x00007ff0a25d39aa:   89 e6 48 89 df 5b 41 5c 5d 48 8b 80 50 07 00 00
0x00007ff0a25d39ba:   ff e0 0f 1f 40 00 ba 12 06 00 00 48 8d 35 94 75
0x00007ff0a25d39ca:   00 00 48 8d 3d 92 78 00 00 67 e8 87 2d ff ff 48
0x00007ff0a25d39da:   8d 35 45 81 00 00 48 8d 3d 91 78 00 00 31 c0 67
0x00007ff0a25d39ea:   e8 41 2e ff ff eb b5 66 66 2e 0f 1f 84 00 00 00
0x00007ff0a25d39fa:   00 00 0f 1f 40 00 f3 0f 1e fa 55 48 89 e5 41 54
0x00007ff0a25d3a0a:   49 89 fc 53 e8 4d df ff ff 48 89 c3 48 8b 05 e3
0x00007ff0a25d3a1a:   47 01 00 f6 80 10 02 00 00 02 75 1a 48 8b 50 30
0x00007ff0a25d3a2a:   48 8b 03 4c 89 e6 48 89 df 5b 41 5c 48 8b 80 00
0x00007ff0a25d3a3a:   01 00 00 5d ff e0 ba 19 06 00 00 48 8d 35 14 75
0x00007ff0a25d3a4a:   00 00 48 8d 3d 12 78 00 00 67 e8 07 2d ff ff 31
0x00007ff0a25d3a5a:   c0 48 8d 35 35 91 00 00 48 8d 3d 0f 78 00 00 67
0x00007ff0a25d3a6a:   e8 c1 2d ff ff 48 8b 05 8a 47 01 00 eb ae 0f 1f
0x00007ff0a25d3a7a:   84 00 00 00 00 00 f3 0f 1e fa 55 48 89 e5 41 54
0x00007ff0a25d3a8a:   49 89 fc 53 e8 cd de ff ff 48 89 c3 48 8b 05 63
0x00007ff0a25d3a9a:   47 01 00 f6 80 10 02 00 00 02 75 1a 48 8b 50 38
0x00007ff0a25d3aaa:   48 8b 03 4c 89 e6 48 89 df 5b 41 5c 48 8b 80 00 


Stack slot to memory mapping:

stack at sp + 0 slots: 0x00007ff0a25bca2a: <offset 0x0000000000017a2a> in /usr/lib/jvm/java-21-openjdk/lib/libjdwp.so at 0x00007ff0a25a5000
stack at sp + 1 slots: 0x00007ff09c0179a0 is a thread
stack at sp + 2 slots: 0x00007ff09c103630 points into unknown readable memory: 0x0000000000000000 | 00 00 00 00 00 00 00 00
stack at sp + 3 slots: 0x00007ff09c0cb580 points into unknown readable memory: 0x00000000c7d040a0 | a0 40 d0 c7 00 00 00 00
stack at sp + 4 slots: 0x0 is null
stack at sp + 5 slots: 0x00007ff0a0ffeaf0 is pointing into the stack for thread: 0x00007ff09c0179a0
stack at sp + 6 slots: 0x00007ff0a1b39719: <offset 0x0000000000b39719> in /usr/lib/jvm/java-21-openjdk/lib/server/libjvm.so at 0x00007ff0a1000000
stack at sp + 7 slots: 0x00007ff0a0ffeb10 is pointing into the stack for thread: 0x00007ff09c0179a0


---------------  P R O C E S S  ---------------

Threads class SMR info:
_java_thread_list=0x00007ff09c12ad60, length=13, elements={
0x00007ff09c0179a0, 0x00007ff09c0d7470, 0x00007ff09c0d8af0, 0x00007ff09c0da5a0,
0x00007ff09c0dbbe0, 0x00007ff09c0dd180, 0x00007ff09c0decc0, 0x00007ff09c0e0380,
0x00007ff09c102950, 0x00007ff09c104c10, 0x0000557ec9ba4fe0, 0x00007ff09c105eb0,
0x00007ff09c129be0
}

Java Threads: ( => current thread )
=>0x00007ff09c0179a0 JavaThread "main"                              [_thread_in_native, id=28631, stack(0x00007ff0a0f00000,0x00007ff0a1000000) (1024K)]
  0x00007ff09c0d7470 JavaThread "Reference Handler"          daemon [_thread_blocked, id=28639, stack(0x00007ff080f9b000,0x00007ff08109b000) (1024K)]
  0x00007ff09c0d8af0 JavaThread "Finalizer"                  daemon [_thread_blocked, id=28640, stack(0x00007ff080b00000,0x00007ff080c00000) (1024K)]
  0x00007ff09c0da5a0 JavaThread "Signal Dispatcher"          daemon [_thread_blocked, id=28641, stack(0x00007ff080a00000,0x00007ff080b00000) (1024K)]
  0x00007ff09c0dbbe0 JavaThread "Service Thread"             daemon [_thread_blocked, id=28642, stack(0x00007ff080900000,0x00007ff080a00000) (1024K)]
  0x00007ff09c0dd180 JavaThread "Monitor Deflation Thread"   daemon [_thread_blocked, id=28643, stack(0x00007ff080800000,0x00007ff080900000) (1024K)]
  0x00007ff09c0decc0 JavaThread "C2 CompilerThread0"         daemon [_thread_blocked, id=28644, stack(0x00007ff080700000,0x00007ff080800000) (1024K)]
  0x00007ff09c0e0380 JavaThread "C1 CompilerThread0"         daemon [_thread_blocked, id=28645, stack(0x00007ff080600000,0x00007ff080700000) (1024K)]
  0x00007ff09c102950 JavaThread "JDWP Transport Listener: dt_socket" daemon [_thread_blocked, id=28648, stack(0x00007ff08042f000,0x00007ff08052f000) (1024K)]
  0x00007ff09c104c10 JavaThread "JDWP Event Helper Thread"   daemon [_thread_blocked, id=28650, stack(0x00007ff08032f000,0x00007ff08042f000) (1024K)]
  0x0000557ec9ba4fe0 JavaThread "JDWP Command Reader"        daemon [_thread_in_native, id=28651, stack(0x00007ff08022f000,0x00007ff08032f000) (1024K)]
  0x00007ff09c105eb0 JavaThread "Notification Thread"        daemon [_thread_blocked, id=28670, stack(0x00007ff08012f000,0x00007ff08022f000) (1024K)]
  0x00007ff09c129be0 JavaThread "Common-Cleaner"             daemon [_thread_blocked, id=28671, stack(0x00007ff08002f000,0x00007ff08012f000) (1024K)]
Total: 13

Other Threads:
  0x00007ff09c0ca060 VMThread "VM Thread"                           [id=28638, stack(0x00007ff08109c000,0x00007ff08119c000) (1024K)]
  0x00007ff09c0afec0 WatcherThread "VM Periodic Task Thread"        [id=28637, stack(0x00007ff08119d000,0x00007ff08129d000) (1024K)]
  0x00007ff09c050520 WorkerThread "GC Thread#0"                     [id=28632, stack(0x00007ff0a0370000,0x00007ff0a0470000) (1024K)]
  0x00007ff018005f70 WorkerThread "GC Thread#1"                     [id=28691, stack(0x00007ff02a20a000,0x00007ff02a30a000) (1024K)]
  0x00007ff09c0591e0 ConcurrentGCThread "G1 Main Marker"            [id=28633, stack(0x00007ff0a026f000,0x00007ff0a036f000) (1024K)]
  0x00007ff09c05a180 WorkerThread "G1 Conc#0"                       [id=28634, stack(0x00007ff0a016e000,0x00007ff0a026e000) (1024K)]
  0x00007ff09c095ad0 ConcurrentGCThread "G1 Refine#0"               [id=28635, stack(0x00007ff081420000,0x00007ff081520000) (1024K)]
  0x00007ff09c096a80 ConcurrentGCThread "G1 Service"                [id=28636, stack(0x00007ff08131f000,0x00007ff08141f000) (1024K)]
Total: 8

Threads with active compile tasks:
Total: 0

VM state: not at safepoint (normal execution)

VM Mutex/Monitor currently owned by a thread: None

Heap address: 0x00000000c4800000, size: 952 MB, Compressed Oops mode: 32-bit

CDS archive(s) mapped at: [0x00007ff02b000000-0x00007ff02bca8000-0x00007ff02bca8000), size 13271040, SharedBaseAddress: 0x00007ff02b000000, ArchiveRelocationMode: 1.
Compressed class space mapped at: 0x00007ff02c000000-0x00007ff06c000000, reserved size: 1073741824
Narrow klass base: 0x00007ff02b000000, Narrow klass shift: 0, Narrow klass range: 0x100000000

GC Precious Log:
 CardTable entry size: 512
 Card Set container configuration: InlinePtr #cards 5 size 8 Array Of Cards #cards 12 size 40 Howl #buckets 4 coarsen threshold 1843 Howl Bitmap #cards 512 size 80 coarsen threshold 460 Card regions per heap region 1 cards per card region 2048
 CPUs: 4 total, 2 available
 Memory: 3801M
 Large Page Support: Disabled
 NUMA Support: Disabled
 Compressed Oops: Enabled (32-bit)
 Heap Region Size: 1M
 Heap Min Capacity: 8M
 Heap Initial Capacity: 60M
 Heap Max Capacity: 952M
 Pre-touch: Disabled
 Parallel Workers: 2
 Concurrent Workers: 1
 Concurrent Refinement Workers: 2
 Periodic GC: Disabled

Heap:
 garbage-first heap   total 63488K, used 6586K [0x00000000c4800000, 0x0000000100000000)
  region size 1024K, 7 young (7168K), 1 survivors (1024K)
 Metaspace       used 5291K, committed 5440K, reserved 1114112K
  class space    used 277K, committed 320K, reserved 1048576K

Heap Regions: E=young(eden), S=young(survivor), O=old, HS=humongous(starts), HC=humongous(continues), CS=collection set, F=free, TAMS=top-at-mark-start, PB=parsable bottom
|   0|0x00000000c4800000, 0x00000000c4867508, 0x00000000c4900000| 40%| O|  |TAMS 0x00000000c4800000| PB 0x00000000c4800000| Untracked 
|   1|0x00000000c4900000, 0x00000000c4900000, 0x00000000c4a00000|  0%| F|  |TAMS 0x00000000c4900000| PB 0x00000000c4900000| Untracked 
|   2|0x00000000c4a00000, 0x00000000c4a00000, 0x00000000c4b00000|  0%| F|  |TAMS 0x00000000c4a00000| PB 0x00000000c4a00000| Untracked 
|   3|0x00000000c4b00000, 0x00000000c4b00000, 0x00000000c4c00000|  0%| F|  |TAMS 0x00000000c4b00000| PB 0x00000000c4b00000| Untracked 
|   4|0x00000000c4c00000, 0x00000000c4c00000, 0x00000000c4d00000|  0%| F|  |TAMS 0x00000000c4c00000| PB 0x00000000c4c00000| Untracked 
|   5|0x00000000c4d00000, 0x00000000c4d00000, 0x00000000c4e00000|  0%| F|  |TAMS 0x00000000c4d00000| PB 0x00000000c4d00000| Untracked 
|   6|0x00000000c4e00000, 0x00000000c4e00000, 0x00000000c4f00000|  0%| F|  |TAMS 0x00000000c4e00000| PB 0x00000000c4e00000| Untracked 
|   7|0x00000000c4f00000, 0x00000000c4f00000, 0x00000000c5000000|  0%| F|  |TAMS 0x00000000c4f00000| PB 0x00000000c4f00000| Untracked 
|   8|0x00000000c5000000, 0x00000000c5000000, 0x00000000c5100000|  0%| F|  |TAMS 0x00000000c5000000| PB 0x00000000c5000000| Untracked 
|   9|0x00000000c5100000, 0x00000000c5100000, 0x00000000c5200000|  0%| F|  |TAMS 0x00000000c5100000| PB 0x00000000c5100000| Untracked 
|  10|0x00000000c5200000, 0x00000000c5200000, 0x00000000c5300000|  0%| F|  |TAMS 0x00000000c5200000| PB 0x00000000c5200000| Untracked 
|  11|0x00000000c5300000, 0x00000000c5300000, 0x00000000c5400000|  0%| F|  |TAMS 0x00000000c5300000| PB 0x00000000c5300000| Untracked 
|  12|0x00000000c5400000, 0x00000000c5400000, 0x00000000c5500000|  0%| F|  |TAMS 0x00000000c5400000| PB 0x00000000c5400000| Untracked 
|  13|0x00000000c5500000, 0x00000000c5500000, 0x00000000c5600000|  0%| F|  |TAMS 0x00000000c5500000| PB 0x00000000c5500000| Untracked 
|  14|0x00000000c5600000, 0x00000000c5600000, 0x00000000c5700000|  0%| F|  |TAMS 0x00000000c5600000| PB 0x00000000c5600000| Untracked 
|  15|0x00000000c5700000, 0x00000000c5700000, 0x00000000c5800000|  0%| F|  |TAMS 0x00000000c5700000| PB 0x00000000c5700000| Untracked 
|  16|0x00000000c5800000, 0x00000000c5800000, 0x00000000c5900000|  0%| F|  |TAMS 0x00000000c5800000| PB 0x00000000c5800000| Untracked 
|  17|0x00000000c5900000, 0x00000000c5900000, 0x00000000c5a00000|  0%| F|  |TAMS 0x00000000c5900000| PB 0x00000000c5900000| Untracked 
|  18|0x00000000c5a00000, 0x00000000c5a00000, 0x00000000c5b00000|  0%| F|  |TAMS 0x00000000c5a00000| PB 0x00000000c5a00000| Untracked 
|  19|0x00000000c5b00000, 0x00000000c5b00000, 0x00000000c5c00000|  0%| F|  |TAMS 0x00000000c5b00000| PB 0x00000000c5b00000| Untracked 
|  20|0x00000000c5c00000, 0x00000000c5c00000, 0x00000000c5d00000|  0%| F|  |TAMS 0x00000000c5c00000| PB 0x00000000c5c00000| Untracked 
|  21|0x00000000c5d00000, 0x00000000c5d00000, 0x00000000c5e00000|  0%| F|  |TAMS 0x00000000c5d00000| PB 0x00000000c5d00000| Untracked 
|  22|0x00000000c5e00000, 0x00000000c5e00000, 0x00000000c5f00000|  0%| F|  |TAMS 0x00000000c5e00000| PB 0x00000000c5e00000| Untracked 
|  23|0x00000000c5f00000, 0x00000000c5f00000, 0x00000000c6000000|  0%| F|  |TAMS 0x00000000c5f00000| PB 0x00000000c5f00000| Untracked 
|  24|0x00000000c6000000, 0x00000000c6000000, 0x00000000c6100000|  0%| F|  |TAMS 0x00000000c6000000| PB 0x00000000c6000000| Untracked 
|  25|0x00000000c6100000, 0x00000000c6100000, 0x00000000c6200000|  0%| F|  |TAMS 0x00000000c6100000| PB 0x00000000c6100000| Untracked 
|  26|0x00000000c6200000, 0x00000000c6200000, 0x00000000c6300000|  0%| F|  |TAMS 0x00000000c6200000| PB 0x00000000c6200000| Untracked 
|  27|0x00000000c6300000, 0x00000000c6300000, 0x00000000c6400000|  0%| F|  |TAMS 0x00000000c6300000| PB 0x00000000c6300000| Untracked 
|  28|0x00000000c6400000, 0x00000000c6400000, 0x00000000c6500000|  0%| F|  |TAMS 0x00000000c6400000| PB 0x00000000c6400000| Untracked 
|  29|0x00000000c6500000, 0x00000000c6500000, 0x00000000c6600000|  0%| F|  |TAMS 0x00000000c6500000| PB 0x00000000c6500000| Untracked 
|  30|0x00000000c6600000, 0x00000000c6600000, 0x00000000c6700000|  0%| F|  |TAMS 0x00000000c6600000| PB 0x00000000c6600000| Untracked 
|  31|0x00000000c6700000, 0x00000000c6700000, 0x00000000c6800000|  0%| F|  |TAMS 0x00000000c6700000| PB 0x00000000c6700000| Untracked 
|  32|0x00000000c6800000, 0x00000000c6800000, 0x00000000c6900000|  0%| F|  |TAMS 0x00000000c6800000| PB 0x00000000c6800000| Untracked 
|  33|0x00000000c6900000, 0x00000000c6900000, 0x00000000c6a00000|  0%| F|  |TAMS 0x00000000c6900000| PB 0x00000000c6900000| Untracked 
|  34|0x00000000c6a00000, 0x00000000c6a00000, 0x00000000c6b00000|  0%| F|  |TAMS 0x00000000c6a00000| PB 0x00000000c6a00000| Untracked 
|  35|0x00000000c6b00000, 0x00000000c6b00000, 0x00000000c6c00000|  0%| F|  |TAMS 0x00000000c6b00000| PB 0x00000000c6b00000| Untracked 
|  36|0x00000000c6c00000, 0x00000000c6c00000, 0x00000000c6d00000|  0%| F|  |TAMS 0x00000000c6c00000| PB 0x00000000c6c00000| Untracked 
|  37|0x00000000c6d00000, 0x00000000c6d00000, 0x00000000c6e00000|  0%| F|  |TAMS 0x00000000c6d00000| PB 0x00000000c6d00000| Untracked 
|  38|0x00000000c6e00000, 0x00000000c6e00000, 0x00000000c6f00000|  0%| F|  |TAMS 0x00000000c6e00000| PB 0x00000000c6e00000| Untracked 
|  39|0x00000000c6f00000, 0x00000000c6f00000, 0x00000000c7000000|  0%| F|  |TAMS 0x00000000c6f00000| PB 0x00000000c6f00000| Untracked 
|  40|0x00000000c7000000, 0x00000000c7000000, 0x00000000c7100000|  0%| F|  |TAMS 0x00000000c7000000| PB 0x00000000c7000000| Untracked 
|  41|0x00000000c7100000, 0x00000000c7100000, 0x00000000c7200000|  0%| F|  |TAMS 0x00000000c7100000| PB 0x00000000c7100000| Untracked 
|  42|0x00000000c7200000, 0x00000000c7200000, 0x00000000c7300000|  0%| F|  |TAMS 0x00000000c7200000| PB 0x00000000c7200000| Untracked 
|  43|0x00000000c7300000, 0x00000000c7300000, 0x00000000c7400000|  0%| F|  |TAMS 0x00000000c7300000| PB 0x00000000c7300000| Untracked 
|  44|0x00000000c7400000, 0x00000000c7400000, 0x00000000c7500000|  0%| F|  |TAMS 0x00000000c7400000| PB 0x00000000c7400000| Untracked 
|  45|0x00000000c7500000, 0x00000000c7500000, 0x00000000c7600000|  0%| F|  |TAMS 0x00000000c7500000| PB 0x00000000c7500000| Untracked 
|  46|0x00000000c7600000, 0x00000000c7600000, 0x00000000c7700000|  0%| F|  |TAMS 0x00000000c7600000| PB 0x00000000c7600000| Untracked 
|  47|0x00000000c7700000, 0x00000000c7700000, 0x00000000c7800000|  0%| F|  |TAMS 0x00000000c7700000| PB 0x00000000c7700000| Untracked 
|  48|0x00000000c7800000, 0x00000000c7800000, 0x00000000c7900000|  0%| F|  |TAMS 0x00000000c7800000| PB 0x00000000c7800000| Untracked 
|  49|0x00000000c7900000, 0x00000000c7900000, 0x00000000c7a00000|  0%| F|  |TAMS 0x00000000c7900000| PB 0x00000000c7900000| Untracked 
|  50|0x00000000c7a00000, 0x00000000c7a00000, 0x00000000c7b00000|  0%| F|  |TAMS 0x00000000c7a00000| PB 0x00000000c7a00000| Untracked 
|  51|0x00000000c7b00000, 0x00000000c7b00000, 0x00000000c7c00000|  0%| F|  |TAMS 0x00000000c7b00000| PB 0x00000000c7b00000| Untracked 
|  52|0x00000000c7c00000, 0x00000000c7c00000, 0x00000000c7d00000|  0%| F|  |TAMS 0x00000000c7c00000| PB 0x00000000c7c00000| Untracked 
|  53|0x00000000c7d00000, 0x00000000c7e00000, 0x00000000c7e00000|100%| S|CS|TAMS 0x00000000c7d00000| PB 0x00000000c7d00000| Complete 
|  54|0x00000000c7e00000, 0x00000000c7ebbbc8, 0x00000000c7f00000| 73%| E|  |TAMS 0x00000000c7e00000| PB 0x00000000c7e00000| Complete 
|  55|0x00000000c7f00000, 0x00000000c8000000, 0x00000000c8000000|100%| E|CS|TAMS 0x00000000c7f00000| PB 0x00000000c7f00000| Complete 
|  56|0x00000000c8000000, 0x00000000c8100000, 0x00000000c8100000|100%| E|CS|TAMS 0x00000000c8000000| PB 0x00000000c8000000| Complete 
|  57|0x00000000c8100000, 0x00000000c8200000, 0x00000000c8200000|100%| E|CS|TAMS 0x00000000c8100000| PB 0x00000000c8100000| Complete 
|  58|0x00000000c8200000, 0x00000000c8300000, 0x00000000c8300000|100%| E|CS|TAMS 0x00000000c8200000| PB 0x00000000c8200000| Complete 
|  59|0x00000000c8300000, 0x00000000c8400000, 0x00000000c8400000|100%| E|  |TAMS 0x00000000c8300000| PB 0x00000000c8300000| Complete 
| 950|0x00000000ffe00000, 0x00000000fff00000, 0x00000000fff00000|100%| O|  |TAMS 0x00000000ffe00000| PB 0x00000000ffe00000| Untracked 
| 951|0x00000000fff00000, 0x00000000fff07538, 0x0000000100000000|  2%| O|  |TAMS 0x00000000fff00000| PB 0x00000000fff00000| Untracked 

Card table byte_map: [0x00007ff0a0470000,0x00007ff0a064c000] _byte_map_base: 0x00007ff09fe4c000

Marking Bits: (CMBitMap*) 0x00007ff09c051040
 Bits: [0x00007ff083520000, 0x00007ff084400000)

Polling page: 0x00007ff0a290f000

Metaspace:

Usage:
  Non-class:      4,90 MB used.
      Class:    277,01 KB used.
       Both:      5,17 MB used.

Virtual space:
  Non-class space:       64,00 MB reserved,       5,00 MB (  8%) committed,  1 nodes.
      Class space:        1,00 GB reserved,     320,00 KB ( <1%) committed,  1 nodes.
             Both:        1,06 GB reserved,       5,31 MB ( <1%) committed. 

Chunk freelists:
   Non-Class:  8,77 MB
       Class:  15,58 MB
        Both:  24,34 MB

MaxMetaspaceSize: unlimited
CompressedClassSpaceSize: 1,00 GB
Initial GC threshold: 21,00 MB
Current GC threshold: 21,00 MB
CDS: on
 - commit_granule_bytes: 65536.
 - commit_granule_words: 8192.
 - virtual_space_node_default_size: 8388608.
 - enlarge_chunks_in_place: 1.
 - use_allocation_guard: 0.


Internal statistics:

num_allocs_failed_limit: 0.
num_arena_births: 58.
num_arena_deaths: 0.
num_vsnodes_births: 2.
num_vsnodes_deaths: 0.
num_space_committed: 83.
num_space_uncommitted: 0.
num_chunks_returned_to_freelist: 0.
num_chunks_taken_from_freelist: 201.
num_chunk_merges: 0.
num_chunk_splits: 141.
num_chunks_enlarged: 106.
num_inconsistent_stats: 0.

CodeHeap 'non-profiled nmethods': size=120036Kb used=236Kb max_used=236Kb free=119799Kb
 bounds [0x00007ff08bec7000, 0x00007ff08c137000, 0x00007ff093400000]
CodeHeap 'profiled nmethods': size=120032Kb used=1429Kb max_used=1429Kb free=118602Kb
 bounds [0x00007ff084400000, 0x00007ff084670000, 0x00007ff08b938000]
CodeHeap 'non-nmethods': size=5692Kb used=1996Kb max_used=2015Kb free=3695Kb
 bounds [0x00007ff08b938000, 0x00007ff08bba8000, 0x00007ff08bec7000]
 total_blobs=1801 nmethods=828 adapters=880
 compilation: enabled
              stopped_count=0, restarted_count=0
 full_count=0

Compilation events (20 events):
Event: 4,154 Thread 0x00007ff09c0decc0 nmethod 817 0x00007ff08befc490 code [0x00007ff08befc620, 0x00007ff08befc940]
Event: 4,154 Thread 0x00007ff09c0decc0  818       4       java.lang.invoke.MethodHandle::<init> (37 bytes)
Event: 4,162 Thread 0x00007ff09c0decc0 nmethod 818 0x00007ff08befca90 code [0x00007ff08befcc40, 0x00007ff08befd010]
Event: 4,162 Thread 0x00007ff09c0decc0  820       4       java.util.concurrent.ConcurrentHashMap::get (162 bytes)
Event: 4,185 Thread 0x00007ff09c0decc0 nmethod 820 0x00007ff08befd210 code [0x00007ff08befd400, 0x00007ff08befddc8]
Event: 4,186 Thread 0x00007ff09c0decc0  819       4       java.lang.invoke.LambdaForm::prepare (108 bytes)
Event: 4,188 Thread 0x00007ff09c0decc0 nmethod 819 0x00007ff08befe410 code [0x00007ff08befe5a0, 0x00007ff08befe6b0]
Event: 4,188 Thread 0x00007ff09c0decc0  821       4       java.lang.ref.SoftReference::get (29 bytes)
Event: 4,190 Thread 0x00007ff09c0decc0 nmethod 821 0x00007ff08befe790 code [0x00007ff08befe920, 0x00007ff08befea30]
Event: 4,190 Thread 0x00007ff09c0decc0  822       4       java.lang.invoke.MethodType$ConcurrentWeakInternSet::get (47 bytes)
Event: 4,201 Thread 0x00007ff09c0e0380  825       3       java.lang.String::getBytes (25 bytes)
Event: 4,202 Thread 0x00007ff09c0e0380 nmethod 825 0x00007ff084564010 code [0x00007ff0845641e0, 0x00007ff0845644c0]
Event: 4,202 Thread 0x00007ff09c0e0380  826       3       java.lang.String::encode (48 bytes)
Event: 4,203 Thread 0x00007ff09c0e0380 nmethod 826 0x00007ff084564610 code [0x00007ff084564800, 0x00007ff084564b88]
Event: 4,206 Thread 0x00007ff09c0e0380  827   !   3       java.io.UnixFileSystem::hasBooleanAttributes (56 bytes)
Event: 4,207 Thread 0x00007ff09c0e0380 nmethod 827 0x00007ff084564c90 code [0x00007ff084564ea0, 0x00007ff084565358]
Event: 4,211 Thread 0x00007ff09c0e0380  829       1       java.util.concurrent.locks.AbstractQueuedSynchronizer::getState (5 bytes)
Event: 4,212 Thread 0x00007ff09c0e0380 nmethod 829 0x00007ff08befee90 code [0x00007ff08beff020, 0x00007ff08beff0e0]
Event: 4,212 Thread 0x00007ff09c0e0380  830       1       java.util.concurrent.locks.AbstractQueuedSynchronizer::setState (6 bytes)
Event: 4,212 Thread 0x00007ff09c0e0380 nmethod 830 0x00007ff08beff190 code [0x00007ff08beff320, 0x00007ff08beff3e8]

GC Heap History (2 events):
Event: 3,575 GC heap before
{Heap before GC invocations=0 (full 0):
 garbage-first heap   total 63488K, used 6173K [0x00000000c4800000, 0x0000000100000000)
  region size 1024K, 6 young (6144K), 0 survivors (0K)
 Metaspace       used 3202K, committed 3328K, reserved 1114112K
  class space    used 205K, committed 256K, reserved 1048576K
}
Event: 3,585 GC heap after
{Heap after GC invocations=1 (full 0):
 garbage-first heap   total 63488K, used 2490K [0x00000000c4800000, 0x0000000100000000)
  region size 1024K, 1 young (1024K), 1 survivors (1024K)
 Metaspace       used 3202K, committed 3328K, reserved 1114112K
  class space    used 205K, committed 256K, reserved 1048576K
}

Dll operation events (8 events):
Event: 0,005 Loaded shared library /usr/lib/jvm/java-21-openjdk/lib/libjava.so
Event: 0,113 Loaded shared library /usr/lib/jvm/java-21-openjdk/lib/libjsvml.so
Event: 0,932 Loaded shared library /usr/lib/jvm/java-21-openjdk/lib/libnio.so
Event: 0,958 Loaded shared library /usr/lib/jvm/java-21-openjdk/lib/libzip.so
Event: 1,481 Loaded shared library /usr/lib/jvm/java-21-openjdk/lib/libjimage.so
Event: 1,549 Loaded shared library /usr/lib/jvm/java-21-openjdk/lib/libnet.so
Event: 1,603 Loaded shared library /tmp/lwjglvlad/3.2.2-build-10/liblwjgl.so
Event: 2,709 Loaded shared library /tmp/lwjglvlad/3.2.2-build-10/liblwjgl_opengl.so

Deoptimization events (20 events):
Event: 2,784 Thread 0x00007ff09c0179a0 DEOPT PACKING pc=0x00007ff08446f063 sp=0x00007ff0a0ffdad0
Event: 2,784 Thread 0x00007ff09c0179a0 DEOPT UNPACKING pc=0x00007ff08b98c711 sp=0x00007ff0a0ffcf88 mode 0
Event: 2,785 Thread 0x00007ff09c0179a0 DEOPT PACKING pc=0x00007ff08446f063 sp=0x00007ff0a0ffdad0
Event: 2,785 Thread 0x00007ff09c0179a0 DEOPT UNPACKING pc=0x00007ff08b98c711 sp=0x00007ff0a0ffcf88 mode 0
Event: 3,316 Thread 0x00007ff09c0179a0 Uncommon trap: trap_request=0xffffff54 fr.pc=0x00007ff08beec778 relative=0x0000000000000078
Event: 3,316 Thread 0x00007ff09c0179a0 Uncommon trap: reason=speculate_null_assert action=make_not_entrant pc=0x00007ff08beec778 method=sun.misc.Unsafe.putLong(Ljava/lang/Object;JJ)V @ 7 c2
Event: 3,316 Thread 0x00007ff09c0179a0 DEOPT PACKING pc=0x00007ff08beec778 sp=0x00007ff0a0ffe520
Event: 3,316 Thread 0x00007ff09c0179a0 DEOPT UNPACKING pc=0x00007ff08b98bf94 sp=0x00007ff0a0ffe4d8 mode 2
Event: 3,335 Thread 0x00007ff09c0179a0 Uncommon trap: trap_request=0xffffff5c fr.pc=0x00007ff08beef2e8 relative=0x0000000000000068
Event: 3,335 Thread 0x00007ff09c0179a0 Uncommon trap: reason=speculate_null_check action=make_not_entrant pc=0x00007ff08beef2e8 method=sun.misc.Unsafe.getByte(Ljava/lang/Object;J)B @ 5 c2
Event: 3,335 Thread 0x00007ff09c0179a0 DEOPT PACKING pc=0x00007ff08beef2e8 sp=0x00007ff0a0ffe530
Event: 3,335 Thread 0x00007ff09c0179a0 DEOPT UNPACKING pc=0x00007ff08b98bf94 sp=0x00007ff0a0ffe4d8 mode 2
Event: 3,713 Thread 0x00007ff09c0179a0 DEOPT PACKING pc=0x00007ff084418b0d sp=0x00007ff0a0ffd440
Event: 3,714 Thread 0x00007ff09c0179a0 DEOPT UNPACKING pc=0x00007ff08b98c711 sp=0x00007ff0a0ffc8c0 mode 0
Event: 3,734 Thread 0x00007ff09c0179a0 DEOPT PACKING pc=0x00007ff08441f924 sp=0x00007ff0a0ffd920
Event: 3,734 Thread 0x00007ff09c0179a0 DEOPT UNPACKING pc=0x00007ff08b98c711 sp=0x00007ff0a0ffcd60 mode 0
Event: 4,209 Thread 0x00007ff09c0179a0 DEOPT PACKING pc=0x00007ff0844c54f1 sp=0x00007ff0a0ffe780
Event: 4,209 Thread 0x00007ff09c0179a0 DEOPT UNPACKING pc=0x00007ff08b98c711 sp=0x00007ff0a0ffdc58 mode 1
Event: 4,210 Thread 0x00007ff09c0179a0 DEOPT PACKING pc=0x00007ff0844c54f1 sp=0x00007ff0a0ffe7c0
Event: 4,211 Thread 0x00007ff09c0179a0 DEOPT UNPACKING pc=0x00007ff08b98c711 sp=0x00007ff0a0ffdc98 mode 1

Classes loaded (20 events):
Event: 3,278 Loading class sun/util/resources/LocaleData$CommonResourceBundleProvider
Event: 3,278 Loading class sun/util/resources/LocaleData$LocaleDataResourceBundleProvider
Event: 3,278 Loading class java/util/spi/ResourceBundleProvider
Event: 3,278 Loading class java/util/spi/ResourceBundleProvider done
Event: 3,278 Loading class sun/util/resources/LocaleData$LocaleDataResourceBundleProvider done
Event: 3,278 Loading class sun/util/resources/LocaleData$CommonResourceBundleProvider done
Event: 3,283 Loading class sun/util/resources/Bundles$2
Event: 3,283 Loading class sun/util/resources/Bundles$2 done
Event: 3,285 Loading class jdk/internal/foreign/MemorySessionImpl
Event: 3,285 Loading class java/lang/foreign/MemorySegment$Scope
Event: 3,285 Loading class java/lang/foreign/MemorySegment$Scope done
Event: 3,286 Loading class jdk/internal/foreign/MemorySessionImpl done
Event: 3,289 Loading class java/lang/Class$1
Event: 3,289 Loading class java/lang/Class$1 done
Event: 3,934 Loading class jdk/internal/reflect/MethodHandleLongFieldAccessorImpl
Event: 3,934 Loading class jdk/internal/reflect/MethodHandleLongFieldAccessorImpl done
Event: 4,211 Loading class java/lang/Throwable$WrappedPrintStream
Event: 4,212 Loading class java/lang/Throwable$PrintStreamOrWriter
Event: 4,212 Loading class java/lang/Throwable$PrintStreamOrWriter done
Event: 4,212 Loading class java/lang/Throwable$WrappedPrintStream done

Classes unloaded (0 events):
No events

Classes redefined (0 events):
No events

Internal exceptions (13 events):
Event: 1,275 Thread 0x00007ff09c0179a0 Exception <a 'java/lang/NoSuchMethodError'{0x00000000c8258190}: 'void java.lang.invoke.DirectMethodHandle$Holder.invokeStatic(java.lang.Object, java.lang.Object)'> (0x00000000c8258190) 
thrown [src/hotspot/share/interpreter/linkResolver.cpp, line 772]
Event: 1,295 Thread 0x00007ff09c0179a0 Exception <a 'java/lang/NoSuchMethodError'{0x00000000c825d098}: 'void java.lang.System.load(java.lang.String, java.lang.Class)'> (0x00000000c825d098) 
thrown [src/hotspot/share/interpreter/linkResolver.cpp, line 772]
Event: 1,295 Thread 0x00007ff09c0179a0 Exception <a 'java/lang/NoSuchMethodError'{0x00000000c825dc88}: 'void java.lang.invoke.DirectMethodHandle$Holder.invokeSpecial(java.lang.Object, java.lang.Object, java.lang.Object)'> (0x00000000c825dc88) 
thrown [src/hotspot/share/interpreter/linkResolver.cpp, line 772]
Event: 1,334 Thread 0x00007ff09c0179a0 Exception <a 'java/lang/NoSuchMethodError'{0x00000000c826fb90}: 'java.lang.Object java.lang.invoke.DirectMethodHandle$Holder.invokeStatic(java.lang.Object, java.lang.Object, int)'> (0x00000000c826fb90) 
thrown [src/hotspot/share/interpreter/linkResolver.cpp, line 772]
Event: 1,366 Thread 0x00007ff09c0179a0 Exception <a 'java/lang/NoSuchMethodError'{0x00000000c827b058}: 'void java.lang.invoke.DelegatingMethodHandle$Holder.delegate(java.lang.Object, java.lang.Object, int, java.lang.Object)'> (0x00000000c827b058) 
thrown [src/hotspot/share/interpreter/linkResolver.cpp, line 772]
Event: 1,369 Thread 0x00007ff09c0179a0 Exception <a 'java/lang/NoSuchMethodError'{0x00000000c827ef10}: 'int java.lang.invoke.DirectMethodHandle$Holder.invokeSpecial(java.lang.Object, java.lang.Object, java.lang.Object)'> (0x00000000c827ef10) 
thrown [src/hotspot/share/interpreter/linkResolver.cpp, line 772]
Event: 1,429 Thread 0x00007ff09c0179a0 Exception <a 'java/lang/NoSuchMethodError'{0x00000000c8299318}: 'void java.lang.System.loadLibrary(java.lang.String, java.lang.Class)'> (0x00000000c8299318) 
thrown [src/hotspot/share/interpreter/linkResolver.cpp, line 772]
Event: 2,241 Thread 0x00007ff09c0179a0 Exception <a 'java/lang/NoSuchMethodError'{0x00000000c8005bc0}: 'int java.lang.invoke.Invokers$Holder.invokeExact_MT(java.lang.Object, java.lang.Object)'> (0x00000000c8005bc0) 
thrown [src/hotspot/share/interpreter/linkResolver.cpp, line 772]
Event: 2,665 Thread 0x00007ff09c0179a0 Exception <a 'java/lang/NoSuchMethodError'{0x00000000c808f6d8}: 'void java.lang.System.load(java.lang.String, java.lang.Class)'> (0x00000000c808f6d8) 
thrown [src/hotspot/share/interpreter/linkResolver.cpp, line 772]
Event: 2,669 Thread 0x00007ff09c0179a0 Exception <a 'java/lang/NoSuchMethodError'{0x00000000c8092078}: 'void java.lang.System.loadLibrary(java.lang.String, java.lang.Class)'> (0x00000000c8092078) 
thrown [src/hotspot/share/interpreter/linkResolver.cpp, line 772]
Event: 2,790 Thread 0x00007ff09c0179a0 Exception <a 'sun/nio/fs/UnixException'{0x00000000c80a7460}> (0x00000000c80a7460) 
thrown [src/hotspot/share/prims/jni.cpp, line 520]
Event: 3,935 Thread 0x00007ff09c0179a0 Exception <a 'java/lang/NoSuchMethodError'{0x00000000c80b8a40}: 'long java.lang.invoke.DelegatingMethodHandle$Holder.reinvoke_L(java.lang.Object, java.lang.Object)'> (0x00000000c80b8a40) 
thrown [src/hotspot/share/interpreter/linkResolver.cpp, line 772]
Event: 3,937 Thread 0x00007ff09c0179a0 Exception <a 'java/lang/NoSuchMethodError'{0x00000000c80bf190}: 'long java.lang.invoke.Invokers$Holder.invokeExact_MT(java.lang.Object, java.lang.Object, java.lang.Object)'> (0x00000000c80bf190) 
thrown [src/hotspot/share/interpreter/linkResolver.cpp, line 772]

ZGC Phase Switch (0 events):
No events

VM Operations (6 events):
Event: 2,090 Executing VM operation: Cleanup
Event: 2,092 Executing VM operation: Cleanup done
Event: 3,092 Executing VM operation: Cleanup
Event: 3,124 Executing VM operation: Cleanup done
Event: 3,574 Executing VM operation: G1CollectForAllocation (G1 Evacuation Pause)
Event: 3,585 Executing VM operation: G1CollectForAllocation (G1 Evacuation Pause) done

Events (20 events):
Event: 0,103 Thread 0x00007ff09c0da5a0 Thread added: 0x00007ff09c0da5a0
Event: 0,104 Protecting memory [0x00007ff080a00000,0x00007ff080a04000] with protection modes 0
Event: 0,104 Thread 0x00007ff09c0dbbe0 Thread added: 0x00007ff09c0dbbe0
Event: 0,104 Protecting memory [0x00007ff080900000,0x00007ff080904000] with protection modes 0
Event: 0,104 Thread 0x00007ff09c0dd180 Thread added: 0x00007ff09c0dd180
Event: 0,104 Protecting memory [0x00007ff080800000,0x00007ff080804000] with protection modes 0
Event: 0,105 Thread 0x00007ff09c0decc0 Thread added: 0x00007ff09c0decc0
Event: 0,105 Protecting memory [0x00007ff080700000,0x00007ff080704000] with protection modes 0
Event: 0,106 Thread 0x00007ff09c0e0380 Thread added: 0x00007ff09c0e0380
Event: 0,115 Protecting memory [0x00007ff080600000,0x00007ff080604000] with protection modes 0
Event: 0,158 Thread 0x00007ff09c102950 Thread added: 0x00007ff09c102950
Event: 0,158 Protecting memory [0x00007ff08042f000,0x00007ff080433000] with protection modes 0
Event: 0,159 Thread 0x00007ff09c104c10 Thread added: 0x00007ff09c104c10
Event: 0,160 Protecting memory [0x00007ff08032f000,0x00007ff080333000] with protection modes 0
Event: 0,164 Thread 0x0000557ec9ba4fe0 Thread added: 0x0000557ec9ba4fe0
Event: 0,165 Protecting memory [0x00007ff08022f000,0x00007ff080233000] with protection modes 0
Event: 0,902 Thread 0x00007ff09c105eb0 Thread added: 0x00007ff09c105eb0
Event: 0,907 Protecting memory [0x00007ff08012f000,0x00007ff080133000] with protection modes 0
Event: 0,909 Thread 0x00007ff09c129be0 Thread added: 0x00007ff09c129be0
Event: 0,914 Protecting memory [0x00007ff08002f000,0x00007ff080033000] with protection modes 0


Dynamic libraries:
c4800000-c8400000 rw-p 00000000 00:00 0 
c8400000-ffe00000 ---p 00000000 00:00 0 
ffe00000-fff08000 rw-p 00ce7000 08:03 10111197                           /usr/lib/jvm/java-21-openjdk/lib/server/classes.jsa
fff08000-100000000 rw-p 00000000 00:00 0 
557ec86c3000-557ec86c4000 r--p 00000000 08:03 10111141                   /usr/lib/jvm/java-21-openjdk/bin/java
557ec86c4000-557ec86c5000 r-xp 00001000 08:03 10111141                   /usr/lib/jvm/java-21-openjdk/bin/java
557ec86c5000-557ec86c6000 r--p 00002000 08:03 10111141                   /usr/lib/jvm/java-21-openjdk/bin/java
557ec86c6000-557ec86c7000 r--p 00002000 08:03 10111141                   /usr/lib/jvm/java-21-openjdk/bin/java
557ec86c7000-557ec86c8000 rw-p 00003000 08:03 10111141                   /usr/lib/jvm/java-21-openjdk/bin/java
557ec9b8d000-557ec9bd4000 rw-p 00000000 00:00 0                          [heap]
7feff2000000-7feff3e8d000 r--p 00000000 08:03 9329756                    /usr/lib/libicudata.so.73.2
7feff3e8d000-7feff3e8e000 r--p 01e8c000 08:03 9329756                    /usr/lib/libicudata.so.73.2
7feff4000000-7feff4b4d000 r--p 00000000 08:03 9319036                    /usr/lib/libLLVM-16.so
7feff4b4d000-7feff8eb0000 r-xp 00b4d000 08:03 9319036                    /usr/lib/libLLVM-16.so
7feff8eb0000-7feffbc51000 r--p 04eb0000 08:03 9319036                    /usr/lib/libLLVM-16.so
7feffbc51000-7feffc305000 r--p 07c50000 08:03 9319036                    /usr/lib/libLLVM-16.so
7feffc305000-7feffc34e000 rw-p 08304000 08:03 9319036                    /usr/lib/libLLVM-16.so
7feffc34e000-7feffc3e1000 rw-p 00000000 00:00 0 
7feffc400000-7feffc4a3000 r--p 00000000 08:03 9319409                    /usr/lib/dri/crocus_dri.so
7feffc4a3000-7feffeede000 r-xp 000a3000 08:03 9319409                    /usr/lib/dri/crocus_dri.so
7feffeede000-7fefffd43000 r--p 02ade000 08:03 9319409                    /usr/lib/dri/crocus_dri.so
7fefffd43000-7fefffdcd000 r--p 03942000 08:03 9319409                    /usr/lib/dri/crocus_dri.so
7fefffdcd000-7fefffde3000 rw-p 039cc000 08:03 9319409                    /usr/lib/dri/crocus_dri.so
7fefffde3000-7feffffa4000 rw-p 00000000 00:00 0 
7ff000000000-7ff0001f3000 rw-p 00000000 00:00 0 
7ff0001f3000-7ff004000000 ---p 00000000 00:00 0 
7ff004000000-7ff004239000 rw-p 00000000 00:00 0 
7ff004239000-7ff008000000 ---p 00000000 00:00 0 
7ff008000000-7ff008021000 rw-p 00000000 00:00 0 
7ff008021000-7ff00c000000 ---p 00000000 00:00 0 
7ff00c000000-7ff00c021000 rw-p 00000000 00:00 0 
7ff00c021000-7ff010000000 ---p 00000000 00:00 0 
7ff010000000-7ff010021000 rw-p 00000000 00:00 0 
7ff010021000-7ff014000000 ---p 00000000 00:00 0 
7ff014000000-7ff014021000 rw-p 00000000 00:00 0 
7ff014021000-7ff018000000 ---p 00000000 00:00 0 
7ff018000000-7ff018021000 rw-p 00000000 00:00 0 
7ff018021000-7ff01c000000 ---p 00000000 00:00 0 
7ff01c000000-7ff01c021000 rw-p 00000000 00:00 0 
7ff01c021000-7ff020000000 ---p 00000000 00:00 0 
7ff020000000-7ff0201c0000 rw-p 00000000 00:00 0 
7ff0201c0000-7ff020400000 ---p 00000000 00:00 0 
7ff020400000-7ff020510000 rw-p 00000000 00:00 0 
7ff020510000-7ff020740000 rw-p 00000000 00:00 0 
7ff020740000-7ff024000000 ---p 00000000 00:00 0 
7ff024000000-7ff024021000 rw-p 00000000 00:00 0 
7ff024021000-7ff028000000 ---p 00000000 00:00 0 
7ff028800000-7ff028857000 r-xp 00000000 00:1a 191                        /tmp/lwjglvlad/3.2.2-build-10/liblwjgl_opengl.so
7ff028857000-7ff028a56000 ---p 00057000 00:1a 191                        /tmp/lwjglvlad/3.2.2-build-10/liblwjgl_opengl.so
7ff028a56000-7ff028a57000 r--p 00056000 00:1a 191                        /tmp/lwjglvlad/3.2.2-build-10/liblwjgl_opengl.so
7ff028a57000-7ff028a58000 rw-p 00057000 00:1a 191                        /tmp/lwjglvlad/3.2.2-build-10/liblwjgl_opengl.so
7ff028bfd000-7ff028d7d000 rw-s 106475000 00:0f 11078                     anon_inode:i915.gem
7ff028d7d000-7ff028ebd000 rw-s 106335000 00:0f 11078                     anon_inode:i915.gem
7ff028ebd000-7ff028ebe000 ---p 00000000 00:00 0 
7ff028ebe000-7ff0296be000 rw-p 00000000 00:00 0 
7ff0296be000-7ff0296bf000 ---p 00000000 00:00 0 
7ff0296bf000-7ff029ebf000 rw-p 00000000 00:00 0 
7ff029ebf000-7ff02a000000 rw-s 00000000 08:03 30015644                   /home/vlad/.cache/mesa_shader_cache/index
7ff02a000000-7ff02a065000 r--p 00000000 08:03 9329761                    /usr/lib/libicuuc.so.73.2
7ff02a065000-7ff02a162000 r-xp 00065000 08:03 9329761                    /usr/lib/libicuuc.so.73.2
7ff02a162000-7ff02a1f2000 r--p 00162000 08:03 9329761                    /usr/lib/libicuuc.so.73.2
7ff02a1f2000-7ff02a205000 r--p 001f2000 08:03 9329761                    /usr/lib/libicuuc.so.73.2
7ff02a205000-7ff02a206000 rw-p 00205000 08:03 9329761                    /usr/lib/libicuuc.so.73.2
7ff02a206000-7ff02a208000 rw-p 00000000 00:00 0 
7ff02a209000-7ff02a20a000 ---p 00000000 00:00 0 
7ff02a20a000-7ff02a30a000 rw-p 00000000 00:00 0 
7ff02a30a000-7ff02a30e000 r--p 00000000 08:03 9329829                    /usr/lib/liblzma.so.5.4.4
7ff02a30e000-7ff02a32f000 r-xp 00004000 08:03 9329829                    /usr/lib/liblzma.so.5.4.4
7ff02a32f000-7ff02a33b000 r--p 00025000 08:03 9329829                    /usr/lib/liblzma.so.5.4.4
7ff02a33b000-7ff02a33c000 r--p 00031000 08:03 9329829                    /usr/lib/liblzma.so.5.4.4
7ff02a33c000-7ff02a33d000 rw-p 00032000 08:03 9329829                    /usr/lib/liblzma.so.5.4.4
7ff02a33d000-7ff02a340000 r--p 00000000 08:03 9329989                    /usr/lib/libpciaccess.so.0.11.1
7ff02a340000-7ff02a345000 r-xp 00003000 08:03 9329989                    /usr/lib/libpciaccess.so.0.11.1
7ff02a345000-7ff02a347000 r--p 00008000 08:03 9329989                    /usr/lib/libpciaccess.so.0.11.1
7ff02a347000-7ff02a348000 r--p 00009000 08:03 9329989                    /usr/lib/libpciaccess.so.0.11.1
7ff02a348000-7ff02a349000 rw-p 0000a000 08:03 9329989                    /usr/lib/libpciaccess.so.0.11.1
7ff02a349000-7ff02a37b000 r--p 00000000 08:03 9330272                    /usr/lib/libxml2.so.2.11.5
7ff02a37b000-7ff02a459000 r-xp 00032000 08:03 9330272                    /usr/lib/libxml2.so.2.11.5
7ff02a459000-7ff02a4a2000 r--p 00110000 08:03 9330272                    /usr/lib/libxml2.so.2.11.5
7ff02a4a2000-7ff02a4ad000 r--p 00158000 08:03 9330272                    /usr/lib/libxml2.so.2.11.5
7ff02a4ad000-7ff02a4ae000 rw-p 00163000 08:03 9330272                    /usr/lib/libxml2.so.2.11.5
7ff02a4ae000-7ff02a4af000 rw-p 00000000 00:00 0 
7ff02a4af000-7ff02a4c5000 r--p 00000000 08:03 9329894                    /usr/lib/libncursesw.so.6.4
7ff02a4c5000-7ff02a509000 r-xp 00016000 08:03 9329894                    /usr/lib/libncursesw.so.6.4
7ff02a509000-7ff02a521000 r--p 0005a000 08:03 9329894                    /usr/lib/libncursesw.so.6.4
7ff02a521000-7ff02a525000 r--p 00072000 08:03 9329894                    /usr/lib/libncursesw.so.6.4
7ff02a525000-7ff02a526000 rw-p 00076000 08:03 9329894                    /usr/lib/libncursesw.so.6.4
7ff02a526000-7ff02a52f000 r--p 00000000 08:03 9317526                    /usr/lib/libedit.so.0.0.72
7ff02a52f000-7ff02a54e000 r-xp 00009000 08:03 9317526                    /usr/lib/libedit.so.0.0.72
7ff02a54e000-7ff02a55c000 r--p 00028000 08:03 9317526                    /usr/lib/libedit.so.0.0.72
7ff02a55c000-7ff02a55e000 r--p 00036000 08:03 9317526                    /usr/lib/libedit.so.0.0.72
7ff02a55e000-7ff02a55f000 rw-p 00038000 08:03 9317526                    /usr/lib/libedit.so.0.0.72
7ff02a55f000-7ff02a562000 rw-p 00000000 00:00 0 
7ff02a562000-7ff02a564000 r--p 00000000 08:03 9329588                    /usr/lib/libffi.so.8.1.2
7ff02a564000-7ff02a56a000 r-xp 00002000 08:03 9329588                    /usr/lib/libffi.so.8.1.2
7ff02a56a000-7ff02a56b000 r--p 00008000 08:03 9329588                    /usr/lib/libffi.so.8.1.2
7ff02a56b000-7ff02a56c000 r--p 00009000 08:03 9329588                    /usr/lib/libffi.so.8.1.2
7ff02a56c000-7ff02a56d000 rw-p 0000a000 08:03 9329588                    /usr/lib/libffi.so.8.1.2
7ff02a56d000-7ff02a570000 r--p 00000000 08:03 9316572                    /usr/lib/libdrm_intel.so.1.0.0
7ff02a570000-7ff02a585000 r-xp 00003000 08:03 9316572                    /usr/lib/libdrm_intel.so.1.0.0
7ff02a585000-7ff02a58f000 r--p 00018000 08:03 9316572                    /usr/lib/libdrm_intel.so.1.0.0
7ff02a58f000-7ff02a590000 r--p 00021000 08:03 9316572                    /usr/lib/libdrm_intel.so.1.0.0
7ff02a590000-7ff02a591000 rw-p 00022000 08:03 9316572                    /usr/lib/libdrm_intel.so.1.0.0
7ff02a591000-7ff02a593000 r--p 00000000 08:03 9316575                    /usr/lib/libdrm_nouveau.so.2.0.0
7ff02a593000-7ff02a597000 r-xp 00002000 08:03 9316575                    /usr/lib/libdrm_nouveau.so.2.0.0
7ff02a597000-7ff02a599000 r--p 00006000 08:03 9316575                    /usr/lib/libdrm_nouveau.so.2.0.0
7ff02a599000-7ff02a59a000 r--p 00007000 08:03 9316575                    /usr/lib/libdrm_nouveau.so.2.0.0
7ff02a59a000-7ff02a59b000 rw-p 00008000 08:03 9316575                    /usr/lib/libdrm_nouveau.so.2.0.0
7ff02a59b000-7ff02a59f000 r--p 00000000 08:03 9329563                    /usr/lib/libelf-0.189.so
7ff02a59f000-7ff02a5b1000 r-xp 00004000 08:03 9329563                    /usr/lib/libelf-0.189.so
7ff02a5b1000-7ff02a5b5000 r--p 00016000 08:03 9329563                    /usr/lib/libelf-0.189.so
7ff02a5b5000-7ff02a5b6000 r--p 0001a000 08:03 9329563                    /usr/lib/libelf-0.189.so
7ff02a5b6000-7ff02a5b7000 rw-p 0001b000 08:03 9329563                    /usr/lib/libelf-0.189.so
7ff02a5b7000-7ff02a5b9000 r--p 00000000 08:03 9316578                    /usr/lib/libdrm_radeon.so.1.0.1
7ff02a5b9000-7ff02a5bf000 r-xp 00002000 08:03 9316578                    /usr/lib/libdrm_radeon.so.1.0.1
7ff02a5bf000-7ff02a5c3000 r--p 00008000 08:03 9316578                    /usr/lib/libdrm_radeon.so.1.0.1
7ff02a5c3000-7ff02a5c4000 r--p 0000b000 08:03 9316578                    /usr/lib/libdrm_radeon.so.1.0.1
7ff02a5c4000-7ff02a5c5000 rw-p 0000c000 08:03 9316578                    /usr/lib/libdrm_radeon.so.1.0.1
7ff02a5c5000-7ff02a5c8000 r--p 00000000 08:03 9330073                    /usr/lib/libsensors.so.5.0.0
7ff02a5c8000-7ff02a5cf000 r-xp 00003000 08:03 9330073                    /usr/lib/libsensors.so.5.0.0
7ff02a5cf000-7ff02a5d3000 r--p 0000a000 08:03 9330073                    /usr/lib/libsensors.so.5.0.0
7ff02a5d3000-7ff02a5d4000 r--p 0000e000 08:03 9330073                    /usr/lib/libsensors.so.5.0.0
7ff02a5d4000-7ff02a5d5000 rw-p 0000f000 08:03 9330073                    /usr/lib/libsensors.so.5.0.0
7ff02a5d5000-7ff02a5e1000 r--p 00000000 08:03 9330286                    /usr/lib/libzstd.so.1.5.5
7ff02a5e1000-7ff02a692000 r-xp 0000c000 08:03 9330286                    /usr/lib/libzstd.so.1.5.5
7ff02a692000-7ff02a6a6000 r--p 000bd000 08:03 9330286                    /usr/lib/libzstd.so.1.5.5
7ff02a6a6000-7ff02a6a7000 r--p 000d1000 08:03 9330286                    /usr/lib/libzstd.so.1.5.5
7ff02a6a7000-7ff02a6a8000 rw-p 000d2000 08:03 9330286                    /usr/lib/libzstd.so.1.5.5
7ff02a6a8000-7ff02a6c2000 r--p 00000000 08:03 9319416                    /usr/lib/libGLX_mesa.so.0.0.0
7ff02a6c2000-7ff02a72a000 r-xp 0001a000 08:03 9319416                    /usr/lib/libGLX_mesa.so.0.0.0
7ff02a72a000-7ff02a741000 r--p 00082000 08:03 9319416                    /usr/lib/libGLX_mesa.so.0.0.0
7ff02a741000-7ff02a744000 r--p 00099000 08:03 9319416                    /usr/lib/libGLX_mesa.so.0.0.0
7ff02a744000-7ff02a745000 rw-p 0009c000 08:03 9319416                    /usr/lib/libGLX_mesa.so.0.0.0
7ff02a745000-7ff02a748000 rw-p 00000000 00:00 0 
7ff02a748000-7ff02a789000 r--p 00000000 08:03 9319631                    /usr/lib/libGLdispatch.so.0.0.0
7ff02a789000-7ff02a7c8000 r-xp 00041000 08:03 9319631                    /usr/lib/libGLdispatch.so.0.0.0
7ff02a7c8000-7ff02a7db000 r--p 00080000 08:03 9319631                    /usr/lib/libGLdispatch.so.0.0.0
7ff02a7db000-7ff02a7f7000 r--p 00093000 08:03 9319631                    /usr/lib/libGLdispatch.so.0.0.0
7ff02a7f7000-7ff02a7f8000 rw-p 000af000 08:03 9319631                    /usr/lib/libGLdispatch.so.0.0.0
7ff02a7f8000-7ff02a800000 rw-p 00000000 00:00 0 
7ff02a800000-7ff02a843000 r-xp 00000000 00:1a 190                        /tmp/lwjglvlad/3.2.2-build-10/libglfw.so
7ff02a843000-7ff02aa42000 ---p 00043000 00:1a 190                        /tmp/lwjglvlad/3.2.2-build-10/libglfw.so
7ff02aa42000-7ff02aa43000 r--p 00042000 00:1a 190                        /tmp/lwjglvlad/3.2.2-build-10/libglfw.so
7ff02aa43000-7ff02aa45000 rw-p 00043000 00:1a 190                        /tmp/lwjglvlad/3.2.2-build-10/libglfw.so
7ff02aa45000-7ff02aa66000 rw-p 00000000 00:00 0 
7ff02aa66000-7ff02aa69000 r--p 00000000 08:03 9316569                    /usr/lib/libdrm_amdgpu.so.1.0.0
7ff02aa69000-7ff02aa6e000 r-xp 00003000 08:03 9316569                    /usr/lib/libdrm_amdgpu.so.1.0.0
7ff02aa6e000-7ff02aa70000 r--p 00008000 08:03 9316569                    /usr/lib/libdrm_amdgpu.so.1.0.0
7ff02aa70000-7ff02aa71000 r--p 00009000 08:03 9316569                    /usr/lib/libdrm_amdgpu.so.1.0.0
7ff02aa71000-7ff02aa72000 rw-p 0000a000 08:03 9316569                    /usr/lib/libdrm_amdgpu.so.1.0.0
7ff02aa72000-7ff02aaa2000 r--p 00000000 08:03 9961557                    /usr/share/locale/ru/LC_MESSAGES/libc.mo
7ff02aaa2000-7ff02aaa5000 r--p 00000000 08:03 9313448                    /usr/lib/libxcb-xfixes.so.0.0.0
7ff02aaa5000-7ff02aaa8000 r-xp 00003000 08:03 9313448                    /usr/lib/libxcb-xfixes.so.0.0.0
7ff02aaa8000-7ff02aaa9000 r--p 00006000 08:03 9313448                    /usr/lib/libxcb-xfixes.so.0.0.0
7ff02aaa9000-7ff02aaaa000 r--p 00007000 08:03 9313448                    /usr/lib/libxcb-xfixes.so.0.0.0
7ff02aaaa000-7ff02aaab000 rw-p 00008000 08:03 9313448                    /usr/lib/libxcb-xfixes.so.0.0.0
7ff02aaab000-7ff02aab2000 r--p 00000000 08:03 9313421                    /usr/lib/libxcb-randr.so.0.1.0
7ff02aab2000-7ff02aab8000 r-xp 00007000 08:03 9313421                    /usr/lib/libxcb-randr.so.0.1.0
7ff02aab8000-7ff02aabb000 r--p 0000d000 08:03 9313421                    /usr/lib/libxcb-randr.so.0.1.0
7ff02aabb000-7ff02aabc000 r--p 00010000 08:03 9313421                    /usr/lib/libxcb-randr.so.0.1.0
7ff02aabc000-7ff02aabd000 rw-p 00011000 08:03 9313421                    /usr/lib/libxcb-randr.so.0.1.0
7ff02aabd000-7ff02aaff000 r--p 00000000 08:03 9319527                    /usr/lib/libGL.so.1.7.0
7ff02aaff000-7ff02ab1e000 r-xp 00042000 08:03 9319527                    /usr/lib/libGL.so.1.7.0
7ff02ab1e000-7ff02ab33000 r--p 00061000 08:03 9319527                    /usr/lib/libGL.so.1.7.0
7ff02ab33000-7ff02ab41000 r--p 00075000 08:03 9319527                    /usr/lib/libGL.so.1.7.0
7ff02ab41000-7ff02ab42000 rw-p 00083000 08:03 9319527                    /usr/lib/libGL.so.1.7.0
7ff02ab42000-7ff02ab90000 rw-p 00000000 00:00 0 
7ff02ab97000-7ff02ab9a000 r--p 00000000 08:03 9313442                    /usr/lib/libxcb-sync.so.1.0.0
7ff02ab9a000-7ff02ab9d000 r-xp 00003000 08:03 9313442                    /usr/lib/libxcb-sync.so.1.0.0
7ff02ab9d000-7ff02ab9e000 r--p 00006000 08:03 9313442                    /usr/lib/libxcb-sync.so.1.0.0
7ff02ab9e000-7ff02ab9f000 r--p 00007000 08:03 9313442                    /usr/lib/libxcb-sync.so.1.0.0
7ff02ab9f000-7ff02aba0000 rw-p 00008000 08:03 9313442                    /usr/lib/libxcb-sync.so.1.0.0
7ff02aba0000-7ff02aba4000 r--p 00000000 08:03 9329577                    /usr/lib/libexpat.so.1.8.10
7ff02aba4000-7ff02abc0000 r-xp 00004000 08:03 9329577                    /usr/lib/libexpat.so.1.8.10
7ff02abc0000-7ff02abc8000 r--p 00020000 08:03 9329577                    /usr/lib/libexpat.so.1.8.10
7ff02abc8000-7ff02abca000 r--p 00028000 08:03 9329577                    /usr/lib/libexpat.so.1.8.10
7ff02abca000-7ff02abcb000 rw-p 0002a000 08:03 9329577                    /usr/lib/libexpat.so.1.8.10
7ff02abcb000-7ff02abd8000 r--p 00000000 08:03 9319425                    /usr/lib/libglapi.so.0.0.0
7ff02abd8000-7ff02abe6000 r-xp 0000d000 08:03 9319425                    /usr/lib/libglapi.so.0.0.0
7ff02abe6000-7ff02abfb000 r--p 0001b000 08:03 9319425                    /usr/lib/libglapi.so.0.0.0
7ff02abfb000-7ff02abff000 r--p 00030000 08:03 9319425                    /usr/lib/libglapi.so.0.0.0
7ff02abff000-7ff02ac00000 rw-p 00034000 08:03 9319425                    /usr/lib/libglapi.so.0.0.0
7ff02ac00000-7ff02ac83000 r-xp 00000000 00:1a 189                        /tmp/lwjglvlad/3.2.2-build-10/liblwjgl.so
7ff02ac83000-7ff02ae83000 ---p 00083000 00:1a 189                        /tmp/lwjglvlad/3.2.2-build-10/liblwjgl.so
7ff02ae83000-7ff02ae84000 r--p 00083000 00:1a 189                        /tmp/lwjglvlad/3.2.2-build-10/liblwjgl.so
7ff02ae84000-7ff02ae86000 rw-p 00084000 00:1a 189                        /tmp/lwjglvlad/3.2.2-build-10/liblwjgl.so
7ff02ae86000-7ff02ae87000 rw-p 00000000 00:00 0 
7ff02ae8b000-7ff02ae8e000 r--p 00000000 08:03 9319536                    /usr/lib/libGLX.so.0.0.0
7ff02ae8e000-7ff02aea8000 r-xp 00003000 08:03 9319536                    /usr/lib/libGLX.so.0.0.0
7ff02aea8000-7ff02aeab000 r--p 0001d000 08:03 9319536                    /usr/lib/libGLX.so.0.0.0
7ff02aeab000-7ff02aeac000 r--p 00020000 08:03 9319536                    /usr/lib/libGLX.so.0.0.0
7ff02aeac000-7ff02aead000 rw-p 00021000 08:03 9319536                    /usr/lib/libGLX.so.0.0.0
7ff02aead000-7ff02aebd000 rw-p 00000000 00:00 0 
7ff02aebd000-7ff02aed9000 r--p 00000000 08:03 9313500                    /usr/lib/libX11.so.6.4.0
7ff02aed9000-7ff02af64000 r-xp 0001c000 08:03 9313500                    /usr/lib/libX11.so.6.4.0
7ff02af64000-7ff02aff9000 r--p 000a7000 08:03 9313500                    /usr/lib/libX11.so.6.4.0
7ff02aff9000-7ff02affc000 r--p 0013b000 08:03 9313500                    /usr/lib/libX11.so.6.4.0
7ff02affc000-7ff02b000000 rw-p 0013e000 08:03 9313500                    /usr/lib/libX11.so.6.4.0
7ff02b000000-7ff02bca8000 rw-p 00001000 08:03 10111197                   /usr/lib/jvm/java-21-openjdk/lib/server/classes.jsa
7ff02bca8000-7ff02c000000 ---p 00000000 00:00 0 
7ff02c000000-7ff02c030000 rw-p 00000000 00:00 0 
7ff02c030000-7ff02c040000 ---p 00000000 00:00 0 
7ff02c040000-7ff02c060000 rw-p 00000000 00:00 0 
7ff02c060000-7ff06c000000 ---p 00000000 00:00 0 
7ff06c000000-7ff06c021000 rw-p 00000000 00:00 0 
7ff06c021000-7ff070000000 ---p 00000000 00:00 0 
7ff070000000-7ff070021000 rw-p 00000000 00:00 0 
7ff070021000-7ff074000000 ---p 00000000 00:00 0 
7ff074000000-7ff074021000 rw-p 00000000 00:00 0 
7ff074021000-7ff078000000 ---p 00000000 00:00 0 
7ff078000000-7ff078021000 rw-p 00000000 00:00 0 
7ff078021000-7ff07c000000 ---p 00000000 00:00 0 
7ff07c000000-7ff07c021000 rw-p 00000000 00:00 0 
7ff07c021000-7ff080000000 ---p 00000000 00:00 0 
7ff080001000-7ff080002000 r--p 00000000 08:03 9313418                    /usr/lib/libxcb-present.so.0.0.0
7ff080002000-7ff080003000 r-xp 00001000 08:03 9313418                    /usr/lib/libxcb-present.so.0.0.0
7ff080003000-7ff080004000 r--p 00002000 08:03 9313418                    /usr/lib/libxcb-present.so.0.0.0
7ff080004000-7ff080005000 r--p 00002000 08:03 9313418                    /usr/lib/libxcb-present.so.0.0.0
7ff080005000-7ff080006000 rw-p 00003000 08:03 9313418                    /usr/lib/libxcb-present.so.0.0.0
7ff080006000-7ff080008000 r--p 00000000 08:03 9313412                    /usr/lib/libxcb-dri3.so.0.1.0
7ff080008000-7ff08000a000 r-xp 00002000 08:03 9313412                    /usr/lib/libxcb-dri3.so.0.1.0
7ff08000a000-7ff08000b000 r--p 00004000 08:03 9313412                    /usr/lib/libxcb-dri3.so.0.1.0
7ff08000b000-7ff08000c000 r--p 00004000 08:03 9313412                    /usr/lib/libxcb-dri3.so.0.1.0
7ff08000c000-7ff08000d000 rw-p 00005000 08:03 9313412                    /usr/lib/libxcb-dri3.so.0.1.0
7ff08000d000-7ff08000e000 r--p 00000000 08:03 9330273                    /usr/lib/libxshmfence.so.1.0.0
7ff08000e000-7ff08000f000 r-xp 00001000 08:03 9330273                    /usr/lib/libxshmfence.so.1.0.0
7ff08000f000-7ff080010000 r--p 00002000 08:03 9330273                    /usr/lib/libxshmfence.so.1.0.0
7ff080010000-7ff080011000 r--p 00002000 08:03 9330273                    /usr/lib/libxshmfence.so.1.0.0
7ff080011000-7ff080012000 rw-p 00003000 08:03 9330273                    /usr/lib/libxshmfence.so.1.0.0
7ff080012000-7ff08001e000 r--p 00000000 08:03 9313415                    /usr/lib/libxcb-glx.so.0.0.0
7ff08001e000-7ff080027000 r-xp 0000c000 08:03 9313415                    /usr/lib/libxcb-glx.so.0.0.0
7ff080027000-7ff08002c000 r--p 00015000 08:03 9313415                    /usr/lib/libxcb-glx.so.0.0.0
7ff08002c000-7ff08002e000 r--p 0001a000 08:03 9313415                    /usr/lib/libxcb-glx.so.0.0.0
7ff08002e000-7ff08002f000 rw-p 0001c000 08:03 9313415                    /usr/lib/libxcb-glx.so.0.0.0
7ff08002f000-7ff080033000 ---p 00000000 00:00 0 
7ff080033000-7ff08012f000 rw-p 00000000 00:00 0 
7ff08012f000-7ff080133000 ---p 00000000 00:00 0 
7ff080133000-7ff08022f000 rw-p 00000000 00:00 0 
7ff08022f000-7ff080233000 ---p 00000000 00:00 0 
7ff080233000-7ff08032f000 rw-p 00000000 00:00 0 
7ff08032f000-7ff080333000 ---p 00000000 00:00 0 
7ff080333000-7ff08042f000 rw-p 00000000 00:00 0 
7ff08042f000-7ff080433000 ---p 00000000 00:00 0 
7ff080433000-7ff08052f000 rw-p 00000000 00:00 0 
7ff08052f000-7ff080534000 r--p 00000000 08:03 10111174                   /usr/lib/jvm/java-21-openjdk/lib/libjsvml.so
7ff080534000-7ff080575000 r-xp 00005000 08:03 10111174                   /usr/lib/jvm/java-21-openjdk/lib/libjsvml.so
7ff080575000-7ff0805fe000 r--p 00046000 08:03 10111174                   /usr/lib/jvm/java-21-openjdk/lib/libjsvml.so
7ff0805fe000-7ff0805ff000 r--p 000ce000 08:03 10111174                   /usr/lib/jvm/java-21-openjdk/lib/libjsvml.so
7ff0805ff000-7ff080600000 rw-p 000cf000 08:03 10111174                   /usr/lib/jvm/java-21-openjdk/lib/libjsvml.so
7ff080600000-7ff080604000 ---p 00000000 00:00 0 
7ff080604000-7ff080700000 rw-p 00000000 00:00 0 
7ff080700000-7ff080704000 ---p 00000000 00:00 0 
7ff080704000-7ff080800000 rw-p 00000000 00:00 0 
7ff080800000-7ff080804000 ---p 00000000 00:00 0 
7ff080804000-7ff080900000 rw-p 00000000 00:00 0 
7ff080900000-7ff080904000 ---p 00000000 00:00 0 
7ff080904000-7ff080a00000 rw-p 00000000 00:00 0 
7ff080a00000-7ff080a04000 ---p 00000000 00:00 0 
7ff080a04000-7ff080b00000 rw-p 00000000 00:00 0 
7ff080b00000-7ff080b04000 ---p 00000000 00:00 0 
7ff080b04000-7ff080c00000 rw-p 00000000 00:00 0 
7ff080c00000-7ff080eeb000 r--p 00000000 08:03 9310393                    /usr/lib/locale/locale-archive
7ff080eec000-7ff080eed000 r--p 00000000 08:03 9313439                    /usr/lib/libxcb-shm.so.0.0.0
7ff080eed000-7ff080eee000 r-xp 00001000 08:03 9313439                    /usr/lib/libxcb-shm.so.0.0.0
7ff080eee000-7ff080eef000 r--p 00002000 08:03 9313439                    /usr/lib/libxcb-shm.so.0.0.0
7ff080eef000-7ff080ef0000 r--p 00002000 08:03 9313439                    /usr/lib/libxcb-shm.so.0.0.0
7ff080ef0000-7ff080ef1000 rw-p 00003000 08:03 9313439                    /usr/lib/libxcb-shm.so.0.0.0
7ff080ef1000-7ff080ef3000 r--p 00000000 08:03 9313409                    /usr/lib/libxcb-dri2.so.0.0.0
7ff080ef3000-7ff080ef5000 r-xp 00002000 08:03 9313409                    /usr/lib/libxcb-dri2.so.0.0.0
7ff080ef5000-7ff080ef6000 r--p 00004000 08:03 9313409                    /usr/lib/libxcb-dri2.so.0.0.0
7ff080ef6000-7ff080ef7000 r--p 00004000 08:03 9313409                    /usr/lib/libxcb-dri2.so.0.0.0
7ff080ef7000-7ff080ef8000 rw-p 00005000 08:03 9313409                    /usr/lib/libxcb-dri2.so.0.0.0
7ff080ef8000-7ff080efd000 r--p 00000000 08:03 9316566                    /usr/lib/libdrm.so.2.4.0
7ff080efd000-7ff080f09000 r-xp 00005000 08:03 9316566                    /usr/lib/libdrm.so.2.4.0
7ff080f09000-7ff080f0d000 r--p 00011000 08:03 9316566                    /usr/lib/libdrm.so.2.4.0
7ff080f0d000-7ff080f0e000 r--p 00015000 08:03 9316566                    /usr/lib/libdrm.so.2.4.0
7ff080f0e000-7ff080f0f000 rw-p 00016000 08:03 9316566                    /usr/lib/libdrm.so.2.4.0
7ff080f0f000-7ff080f10000 r--p 00000000 08:03 9313497                    /usr/lib/libX11-xcb.so.1.0.0
7ff080f10000-7ff080f11000 r-xp 00001000 08:03 9313497                    /usr/lib/libX11-xcb.so.1.0.0
7ff080f11000-7ff080f12000 r--p 00002000 08:03 9313497                    /usr/lib/libX11-xcb.so.1.0.0
7ff080f12000-7ff080f13000 r--p 00002000 08:03 9313497                    /usr/lib/libX11-xcb.so.1.0.0
7ff080f13000-7ff080f14000 rw-p 00003000 08:03 9313497                    /usr/lib/libX11-xcb.so.1.0.0
7ff080f14000-7ff080f15000 r--p 00000000 08:03 9329367                    /usr/lib/libXinerama.so.1.0.0
7ff080f15000-7ff080f16000 r-xp 00001000 08:03 9329367                    /usr/lib/libXinerama.so.1.0.0
7ff080f16000-7ff080f17000 r--p 00002000 08:03 9329367                    /usr/lib/libXinerama.so.1.0.0
7ff080f17000-7ff080f18000 r--p 00002000 08:03 9329367                    /usr/lib/libXinerama.so.1.0.0
7ff080f18000-7ff080f19000 rw-p 00003000 08:03 9329367                    /usr/lib/libXinerama.so.1.0.0
7ff080f19000-7ff080f1b000 r--p 00000000 08:03 9329363                    /usr/lib/libXfixes.so.3.1.0
7ff080f1b000-7ff080f1e000 r-xp 00002000 08:03 9329363                    /usr/lib/libXfixes.so.3.1.0
7ff080f1e000-7ff080f1f000 r--p 00005000 08:03 9329363                    /usr/lib/libXfixes.so.3.1.0
7ff080f1f000-7ff080f20000 r--p 00006000 08:03 9329363                    /usr/lib/libXfixes.so.3.1.0
7ff080f20000-7ff080f21000 rw-p 00007000 08:03 9329363                    /usr/lib/libXfixes.so.3.1.0
7ff080f21000-7ff080f24000 r--p 00000000 08:03 9329359                    /usr/lib/libXcursor.so.1.0.2
7ff080f24000-7ff080f29000 r-xp 00003000 08:03 9329359                    /usr/lib/libXcursor.so.1.0.2
7ff080f29000-7ff080f2b000 r--p 00008000 08:03 9329359                    /usr/lib/libXcursor.so.1.0.2
7ff080f2b000-7ff080f2c000 r--p 00009000 08:03 9329359                    /usr/lib/libXcursor.so.1.0.2
7ff080f2c000-7ff080f2d000 rw-p 0000a000 08:03 9329359                    /usr/lib/libXcursor.so.1.0.2
7ff080f2d000-7ff080f2f000 r--p 00000000 08:03 9329372                    /usr/lib/libXrender.so.1.3.0
7ff080f2f000-7ff080f36000 r-xp 00002000 08:03 9329372                    /usr/lib/libXrender.so.1.3.0
7ff080f36000-7ff080f38000 r--p 00009000 08:03 9329372                    /usr/lib/libXrender.so.1.3.0
7ff080f38000-7ff080f39000 r--p 0000a000 08:03 9329372                    /usr/lib/libXrender.so.1.3.0
7ff080f39000-7ff080f3a000 rw-p 0000b000 08:03 9329372                    /usr/lib/libXrender.so.1.3.0
7ff080f3a000-7ff080f3c000 r--p 00000000 08:03 9326346                    /usr/lib/libXrandr.so.2.2.0
7ff080f3c000-7ff080f43000 r-xp 00002000 08:03 9326346                    /usr/lib/libXrandr.so.2.2.0
7ff080f43000-7ff080f45000 r--p 00009000 08:03 9326346                    /usr/lib/libXrandr.so.2.2.0
7ff080f45000-7ff080f46000 r--p 0000a000 08:03 9326346                    /usr/lib/libXrandr.so.2.2.0
7ff080f46000-7ff080f47000 rw-p 0000b000 08:03 9326346                    /usr/lib/libXrandr.so.2.2.0
7ff080f47000-7ff080f4a000 r--p 00000000 08:03 9329366                    /usr/lib/libXi.so.6.1.0
7ff080f4a000-7ff080f56000 r-xp 00003000 08:03 9329366                    /usr/lib/libXi.so.6.1.0
7ff080f56000-7ff080f59000 r--p 0000f000 08:03 9329366                    /usr/lib/libXi.so.6.1.0
7ff080f59000-7ff080f5a000 r--p 00011000 08:03 9329366                    /usr/lib/libXi.so.6.1.0
7ff080f5a000-7ff080f5b000 rw-p 00012000 08:03 9329366                    /usr/lib/libXi.so.6.1.0
7ff080f5b000-7ff080f5f000 r--p 00000000 08:03 9329362                    /usr/lib/libXext.so.6.4.0
7ff080f5f000-7ff080f6a000 r-xp 00004000 08:03 9329362                    /usr/lib/libXext.so.6.4.0
7ff080f6a000-7ff080f6e000 r--p 0000f000 08:03 9329362                    /usr/lib/libXext.so.6.4.0
7ff080f6e000-7ff080f6f000 r--p 00012000 08:03 9329362                    /usr/lib/libXext.so.6.4.0
7ff080f6f000-7ff080f70000 rw-p 00013000 08:03 9329362                    /usr/lib/libXext.so.6.4.0
7ff080f70000-7ff080f7c000 r--p 00000000 08:03 9313469                    /usr/lib/libxcb.so.1.1.0
7ff080f7c000-7ff080f90000 r-xp 0000c000 08:03 9313469                    /usr/lib/libxcb.so.1.1.0
7ff080f90000-7ff080f99000 r--p 00020000 08:03 9313469                    /usr/lib/libxcb.so.1.1.0
7ff080f99000-7ff080f9a000 r--p 00028000 08:03 9313469                    /usr/lib/libxcb.so.1.1.0
7ff080f9a000-7ff080f9b000 rw-p 00029000 08:03 9313469                    /usr/lib/libxcb.so.1.1.0
7ff080f9b000-7ff080f9f000 ---p 00000000 00:00 0 
7ff080f9f000-7ff08109b000 rw-p 00000000 00:00 0 
7ff08109b000-7ff08109c000 ---p 00000000 00:00 0 
7ff08109c000-7ff08119c000 rw-p 00000000 00:00 0 
7ff08119c000-7ff08119d000 ---p 00000000 00:00 0 
7ff08119d000-7ff08131e000 rw-p 00000000 00:00 0 
7ff08131e000-7ff08131f000 ---p 00000000 00:00 0 
7ff08131f000-7ff08141f000 rw-p 00000000 00:00 0 
7ff08141f000-7ff081420000 ---p 00000000 00:00 0 
7ff081420000-7ff083610000 rw-p 00000000 00:00 0 
7ff083610000-7ff0843f8000 ---p 00000000 00:00 0 
7ff0843f8000-7ff084400000 rw-p 00000000 00:00 0 
7ff084400000-7ff084670000 rwxp 00000000 00:00 0 
7ff084670000-7ff08b938000 ---p 00000000 00:00 0 
7ff08b938000-7ff08bba8000 rwxp 00000000 00:00 0 
7ff08bba8000-7ff08bec7000 ---p 00000000 00:00 0 
7ff08bec7000-7ff08c137000 rwxp 00000000 00:00 0 
7ff08c137000-7ff093400000 ---p 00000000 00:00 0 
7ff093400000-7ff09bedb000 r--s 00000000 08:03 10111188                   /usr/lib/jvm/java-21-openjdk/lib/modules
7ff09bee7000-7ff09beeb000 rw-s 101def000 00:0f 11078                     anon_inode:i915.gem
7ff09beeb000-7ff09bef1000 rw-s 101de9000 00:0f 11078                     anon_inode:i915.gem
7ff09bef1000-7ff09bef5000 rw-s 10082b000 00:0f 11078                     anon_inode:i915.gem
7ff09bef5000-7ff09befb000 rw-s 102393000 00:0f 11078                     anon_inode:i915.gem
7ff09befb000-7ff09beff000 rw-s 100d94000 00:0f 11078                     anon_inode:i915.gem
7ff09beff000-7ff09c594000 rw-p 00000000 00:00 0 
7ff09c594000-7ff0a0000000 ---p 00000000 00:00 0 
7ff0a0002000-7ff0a0003000 r--p 00000000 08:03 9329379                    /usr/lib/libXxf86vm.so.1.0.0
7ff0a0003000-7ff0a0006000 r-xp 00001000 08:03 9329379                    /usr/lib/libXxf86vm.so.1.0.0
7ff0a0006000-7ff0a0007000 r--p 00004000 08:03 9329379                    /usr/lib/libXxf86vm.so.1.0.0
7ff0a0007000-7ff0a0008000 r--p 00004000 08:03 9329379                    /usr/lib/libXxf86vm.so.1.0.0
7ff0a0008000-7ff0a0009000 rw-p 00005000 08:03 9329379                    /usr/lib/libXxf86vm.so.1.0.0
7ff0a0009000-7ff0a000b000 r--p 00000000 08:03 9329361                    /usr/lib/libXdmcp.so.6.0.0
7ff0a000b000-7ff0a000d000 r-xp 00002000 08:03 9329361                    /usr/lib/libXdmcp.so.6.0.0
7ff0a000d000-7ff0a000f000 r--p 00004000 08:03 9329361                    /usr/lib/libXdmcp.so.6.0.0
7ff0a000f000-7ff0a0010000 r--p 00005000 08:03 9329361                    /usr/lib/libXdmcp.so.6.0.0
7ff0a0010000-7ff0a0011000 rw-p 00006000 08:03 9329361                    /usr/lib/libXdmcp.so.6.0.0
7ff0a0011000-7ff0a016d000 rw-p 00000000 00:00 0 
7ff0a016d000-7ff0a016e000 ---p 00000000 00:00 0 
7ff0a016e000-7ff0a026e000 rw-p 00000000 00:00 0 
7ff0a026e000-7ff0a026f000 ---p 00000000 00:00 0 
7ff0a026f000-7ff0a036f000 rw-p 00000000 00:00 0 
7ff0a036f000-7ff0a0370000 ---p 00000000 00:00 0 
7ff0a0370000-7ff0a048e000 rw-p 00000000 00:00 0 
7ff0a048e000-7ff0a064b000 ---p 00000000 00:00 0 
7ff0a064b000-7ff0a066a000 rw-p 00000000 00:00 0 
7ff0a066a000-7ff0a0827000 ---p 00000000 00:00 0 
7ff0a0827000-7ff0a0a2f000 rw-p 00000000 00:00 0 
7ff0a0a2f000-7ff0a0b15000 ---p 00000000 00:00 0 
7ff0a0b15000-7ff0a0b1a000 rw-p 00000000 00:00 0 
7ff0a0b1a000-7ff0a0c00000 ---p 00000000 00:00 0 
7ff0a0c00000-7ff0a0c9c000 r--p 00000000 08:03 9330108                    /usr/lib/libstdc++.so.6.0.32
7ff0a0c9c000-7ff0a0dd3000 r-xp 0009c000 08:03 9330108                    /usr/lib/libstdc++.so.6.0.32
7ff0a0dd3000-7ff0a0e69000 r--p 001d3000 08:03 9330108                    /usr/lib/libstdc++.so.6.0.32
7ff0a0e69000-7ff0a0e76000 r--p 00269000 08:03 9330108                    /usr/lib/libstdc++.so.6.0.32
7ff0a0e76000-7ff0a0e77000 rw-p 00276000 08:03 9330108                    /usr/lib/libstdc++.so.6.0.32
7ff0a0e77000-7ff0a0e7b000 rw-p 00000000 00:00 0 
7ff0a0e7c000-7ff0a0e7d000 r-xp 00000000 00:00 0 
7ff0a0e7d000-7ff0a0e7e000 rw-s 00000000 00:01 13779                      /memfd:xshmfence (deleted)
7ff0a0e7e000-7ff0a0e7f000 r--p 00000000 08:03 9329357                    /usr/lib/libXau.so.6.0.0
7ff0a0e7f000-7ff0a0e80000 r-xp 00001000 08:03 9329357                    /usr/lib/libXau.so.6.0.0
7ff0a0e80000-7ff0a0e81000 r--p 00002000 08:03 9329357                    /usr/lib/libXau.so.6.0.0
7ff0a0e81000-7ff0a0e82000 r--p 00002000 08:03 9329357                    /usr/lib/libXau.so.6.0.0
7ff0a0e82000-7ff0a0e83000 rw-p 00003000 08:03 9329357                    /usr/lib/libXau.so.6.0.0
7ff0a0e83000-7ff0a0e84000 r--p 00000000 08:03 9310387                    /usr/lib/librt.so.1
7ff0a0e84000-7ff0a0e85000 r-xp 00001000 08:03 9310387                    /usr/lib/librt.so.1
7ff0a0e85000-7ff0a0e86000 r--p 00002000 08:03 9310387                    /usr/lib/librt.so.1
7ff0a0e86000-7ff0a0e87000 r--p 00002000 08:03 9310387                    /usr/lib/librt.so.1
7ff0a0e87000-7ff0a0e88000 rw-p 00003000 08:03 9310387                    /usr/lib/librt.so.1
7ff0a0e88000-7ff0a0e89000 r--p 00000000 08:03 9310382                    /usr/lib/libpthread.so.0
7ff0a0e89000-7ff0a0e8a000 r-xp 00001000 08:03 9310382                    /usr/lib/libpthread.so.0
7ff0a0e8a000-7ff0a0e8b000 r--p 00002000 08:03 9310382                    /usr/lib/libpthread.so.0
7ff0a0e8b000-7ff0a0e8c000 r--p 00002000 08:03 9310382                    /usr/lib/libpthread.so.0
7ff0a0e8c000-7ff0a0e8d000 rw-p 00003000 08:03 9310382                    /usr/lib/libpthread.so.0
7ff0a0e8d000-7ff0a0e8e000 r--p 00000000 08:03 9310360                    /usr/lib/libdl.so.2
7ff0a0e8e000-7ff0a0e8f000 r-xp 00001000 08:03 9310360                    /usr/lib/libdl.so.2
7ff0a0e8f000-7ff0a0e90000 r--p 00002000 08:03 9310360                    /usr/lib/libdl.so.2
7ff0a0e90000-7ff0a0e91000 r--p 00002000 08:03 9310360                    /usr/lib/libdl.so.2
7ff0a0e91000-7ff0a0e92000 rw-p 00003000 08:03 9310360                    /usr/lib/libdl.so.2
7ff0a0e92000-7ff0a0e94000 r--p 00000000 08:03 10111187                   /usr/lib/jvm/java-21-openjdk/lib/libzip.so
7ff0a0e94000-7ff0a0e98000 r-xp 00002000 08:03 10111187                   /usr/lib/jvm/java-21-openjdk/lib/libzip.so
7ff0a0e98000-7ff0a0e9a000 r--p 00006000 08:03 10111187                   /usr/lib/jvm/java-21-openjdk/lib/libzip.so
7ff0a0e9a000-7ff0a0e9b000 r--p 00007000 08:03 10111187                   /usr/lib/jvm/java-21-openjdk/lib/libzip.so
7ff0a0e9b000-7ff0a0e9c000 rw-p 00008000 08:03 10111187                   /usr/lib/jvm/java-21-openjdk/lib/libzip.so
7ff0a0e9c000-7ff0a0e9f000 r--p 00000000 08:03 10111180                   /usr/lib/jvm/java-21-openjdk/lib/libnet.so
7ff0a0e9f000-7ff0a0ea6000 r-xp 00003000 08:03 10111180                   /usr/lib/jvm/java-21-openjdk/lib/libnet.so
7ff0a0ea6000-7ff0a0ea8000 r--p 0000a000 08:03 10111180                   /usr/lib/jvm/java-21-openjdk/lib/libnet.so
7ff0a0ea8000-7ff0a0ea9000 r--p 0000b000 08:03 10111180                   /usr/lib/jvm/java-21-openjdk/lib/libnet.so
7ff0a0ea9000-7ff0a0eaa000 rw-p 0000c000 08:03 10111180                   /usr/lib/jvm/java-21-openjdk/lib/libnet.so
7ff0a0eaa000-7ff0a0eb1000 r--p 00000000 08:03 10111181                   /usr/lib/jvm/java-21-openjdk/lib/libnio.so
7ff0a0eb1000-7ff0a0eb9000 r-xp 00007000 08:03 10111181                   /usr/lib/jvm/java-21-openjdk/lib/libnio.so
7ff0a0eb9000-7ff0a0ebd000 r--p 0000f000 08:03 10111181                   /usr/lib/jvm/java-21-openjdk/lib/libnio.so
7ff0a0ebd000-7ff0a0ebe000 r--p 00013000 08:03 10111181                   /usr/lib/jvm/java-21-openjdk/lib/libnio.so
7ff0a0ebe000-7ff0a0ebf000 rw-p 00014000 08:03 10111181                   /usr/lib/jvm/java-21-openjdk/lib/libnio.so
7ff0a0ebf000-7ff0a0f00000 rw-p 00000000 00:00 0 
7ff0a0f00000-7ff0a0f04000 ---p 00000000 00:00 0 
7ff0a0f04000-7ff0a1000000 rw-p 00000000 00:00 0 
7ff0a1000000-7ff0a1296000 r--p 00000000 08:03 10111200                   /usr/lib/jvm/java-21-openjdk/lib/server/libjvm.so
7ff0a1296000-7ff0a2125000 r-xp 00296000 08:03 10111200                   /usr/lib/jvm/java-21-openjdk/lib/server/libjvm.so
7ff0a2125000-7ff0a23f5000 r--p 01125000 08:03 10111200                   /usr/lib/jvm/java-21-openjdk/lib/server/libjvm.so
7ff0a23f5000-7ff0a24c4000 r--p 013f5000 08:03 10111200                   /usr/lib/jvm/java-21-openjdk/lib/server/libjvm.so
7ff0a24c4000-7ff0a24f4000 rw-p 014c4000 08:03 10111200                   /usr/lib/jvm/java-21-openjdk/lib/server/libjvm.so
7ff0a24f4000-7ff0a2559000 rw-p 00000000 00:00 0 
7ff0a2559000-7ff0a255a000 rw-s 1023fb000 00:0f 11078                     anon_inode:i915.gem
7ff0a255a000-7ff0a255b000 rw-s 1023fa000 00:0f 11078                     anon_inode:i915.gem
7ff0a255b000-7ff0a255c000 rw-s 100fd2000 00:0f 11078                     anon_inode:i915.gem
7ff0a255c000-7ff0a255d000 r--p 00000000 08:03 10111160                   /usr/lib/jvm/java-21-openjdk/lib/libdt_socket.so
7ff0a255d000-7ff0a2560000 r-xp 00001000 08:03 10111160                   /usr/lib/jvm/java-21-openjdk/lib/libdt_socket.so
7ff0a2560000-7ff0a2561000 r--p 00004000 08:03 10111160                   /usr/lib/jvm/java-21-openjdk/lib/libdt_socket.so
7ff0a2561000-7ff0a2562000 r--p 00005000 08:03 10111160                   /usr/lib/jvm/java-21-openjdk/lib/libdt_socket.so
7ff0a2562000-7ff0a2563000 rw-p 00006000 08:03 10111160                   /usr/lib/jvm/java-21-openjdk/lib/libdt_socket.so
7ff0a2563000-7ff0a2583000 rw-p 00000000 00:00 0 
7ff0a2583000-7ff0a2590000 r--p 00000000 08:03 10111168                   /usr/lib/jvm/java-21-openjdk/lib/libjava.so
7ff0a2590000-7ff0a259d000 r-xp 0000d000 08:03 10111168                   /usr/lib/jvm/java-21-openjdk/lib/libjava.so
7ff0a259d000-7ff0a25a2000 r--p 0001a000 08:03 10111168                   /usr/lib/jvm/java-21-openjdk/lib/libjava.so
7ff0a25a2000-7ff0a25a3000 r--p 0001f000 08:03 10111168                   /usr/lib/jvm/java-21-openjdk/lib/libjava.so
7ff0a25a3000-7ff0a25a4000 rw-p 00020000 08:03 10111168                   /usr/lib/jvm/java-21-openjdk/lib/libjava.so
7ff0a25a4000-7ff0a25a5000 rw-p 00000000 00:00 0 
7ff0a25a5000-7ff0a25a8000 r--p 00000000 08:03 10111170                   /usr/lib/jvm/java-21-openjdk/lib/libjdwp.so
7ff0a25a8000-7ff0a25d8000 r-xp 00003000 08:03 10111170                   /usr/lib/jvm/java-21-openjdk/lib/libjdwp.so
7ff0a25d8000-7ff0a25e6000 r--p 00033000 08:03 10111170                   /usr/lib/jvm/java-21-openjdk/lib/libjdwp.so
7ff0a25e6000-7ff0a25e7000 r--p 00041000 08:03 10111170                   /usr/lib/jvm/java-21-openjdk/lib/libjdwp.so
7ff0a25e7000-7ff0a25e8000 rw-p 00042000 08:03 10111170                   /usr/lib/jvm/java-21-openjdk/lib/libjdwp.so
7ff0a25e8000-7ff0a25e9000 rw-p 00000000 00:00 0 
7ff0a25e9000-7ff0a25ed000 r--p 00000000 08:03 9329624                    /usr/lib/libgcc_s.so.1
7ff0a25ed000-7ff0a2608000 r-xp 00004000 08:03 9329624                    /usr/lib/libgcc_s.so.1
7ff0a2608000-7ff0a260c000 r--p 0001f000 08:03 9329624                    /usr/lib/libgcc_s.so.1
7ff0a260c000-7ff0a260d000 r--p 00022000 08:03 9329624                    /usr/lib/libgcc_s.so.1
7ff0a260d000-7ff0a260e000 rw-p 00023000 08:03 9329624                    /usr/lib/libgcc_s.so.1
7ff0a260e000-7ff0a261e000 r--p 00000000 08:03 9310365                    /usr/lib/libm.so.6
7ff0a261e000-7ff0a269d000 r-xp 00010000 08:03 9310365                    /usr/lib/libm.so.6
7ff0a269d000-7ff0a26f9000 r--p 0008f000 08:03 9310365                    /usr/lib/libm.so.6
7ff0a26f9000-7ff0a26fa000 r--p 000ea000 08:03 9310365                    /usr/lib/libm.so.6
7ff0a26fa000-7ff0a26fb000 rw-p 000eb000 08:03 9310365                    /usr/lib/libm.so.6
7ff0a26fb000-7ff0a26fe000 rw-p 00000000 00:00 0 
7ff0a26fe000-7ff0a2701000 r--p 00000000 08:03 9310805                    /usr/lib/libz.so.1.3
7ff0a2701000-7ff0a270f000 r-xp 00003000 08:03 9310805                    /usr/lib/libz.so.1.3
7ff0a270f000-7ff0a2716000 r--p 00011000 08:03 9310805                    /usr/lib/libz.so.1.3
7ff0a2716000-7ff0a2717000 r--p 00017000 08:03 9310805                    /usr/lib/libz.so.1.3
7ff0a2717000-7ff0a2718000 rw-p 00018000 08:03 9310805                    /usr/lib/libz.so.1.3
7ff0a2718000-7ff0a273e000 r--p 00000000 08:03 9310355                    /usr/lib/libc.so.6
7ff0a273e000-7ff0a2898000 r-xp 00026000 08:03 9310355                    /usr/lib/libc.so.6
7ff0a2898000-7ff0a28ec000 r--p 00180000 08:03 9310355                    /usr/lib/libc.so.6
7ff0a28ec000-7ff0a28f0000 r--p 001d3000 08:03 9310355                    /usr/lib/libc.so.6
7ff0a28f0000-7ff0a28f2000 rw-p 001d7000 08:03 9310355                    /usr/lib/libc.so.6
7ff0a28f2000-7ff0a28fa000 rw-p 00000000 00:00 0 
7ff0a28fa000-7ff0a28fb000 r-xp 00000000 00:00 0 
7ff0a28fb000-7ff0a2900000 rw-p 00000000 00:00 0 
7ff0a2900000-7ff0a2907000 ---p 00000000 00:00 0 
7ff0a2907000-7ff0a290f000 rw-s 00000000 00:1a 1024                       /tmp/hsperfdata_vlad/28630
7ff0a290f000-7ff0a2910000 ---p 00000000 00:00 0 
7ff0a2910000-7ff0a2911000 r--p 00000000 00:00 0 
7ff0a2911000-7ff0a2912000 ---p 00000000 00:00 0 
7ff0a2912000-7ff0a2914000 r--p 00000000 08:03 10111171                   /usr/lib/jvm/java-21-openjdk/lib/libjimage.so
7ff0a2914000-7ff0a2917000 r-xp 00002000 08:03 10111171                   /usr/lib/jvm/java-21-openjdk/lib/libjimage.so
7ff0a2917000-7ff0a2918000 r--p 00005000 08:03 10111171                   /usr/lib/jvm/java-21-openjdk/lib/libjimage.so
7ff0a2918000-7ff0a2919000 r--p 00006000 08:03 10111171                   /usr/lib/jvm/java-21-openjdk/lib/libjimage.so
7ff0a2919000-7ff0a291a000 rw-p 00007000 08:03 10111171                   /usr/lib/jvm/java-21-openjdk/lib/libjimage.so
7ff0a291a000-7ff0a291c000 r--p 00000000 08:03 10111172                   /usr/lib/jvm/java-21-openjdk/lib/libjli.so
7ff0a291c000-7ff0a2926000 r-xp 00002000 08:03 10111172                   /usr/lib/jvm/java-21-openjdk/lib/libjli.so
7ff0a2926000-7ff0a2929000 r--p 0000c000 08:03 10111172                   /usr/lib/jvm/java-21-openjdk/lib/libjli.so
7ff0a2929000-7ff0a292a000 r--p 0000f000 08:03 10111172                   /usr/lib/jvm/java-21-openjdk/lib/libjli.so
7ff0a292a000-7ff0a292b000 rw-p 00010000 08:03 10111172                   /usr/lib/jvm/java-21-openjdk/lib/libjli.so
7ff0a292b000-7ff0a292d000 rw-p 00000000 00:00 0 
7ff0a292d000-7ff0a292e000 r--p 00000000 08:03 9310346                    /usr/lib/ld-linux-x86-64.so.2
7ff0a292e000-7ff0a2954000 r-xp 00001000 08:03 9310346                    /usr/lib/ld-linux-x86-64.so.2
7ff0a2954000-7ff0a295e000 r--p 00027000 08:03 9310346                    /usr/lib/ld-linux-x86-64.so.2
7ff0a295e000-7ff0a2960000 r--p 00031000 08:03 9310346                    /usr/lib/ld-linux-x86-64.so.2
7ff0a2960000-7ff0a2962000 rw-p 00033000 08:03 9310346                    /usr/lib/ld-linux-x86-64.so.2
7fff9177e000-7fff9179f000 rw-p 00000000 00:00 0                          [stack]
7fff917cd000-7fff917d1000 r--p 00000000 00:00 0                          [vvar]
7fff917d1000-7fff917d3000 r-xp 00000000 00:00 0                          [vdso]
ffffffffff600000-ffffffffff601000 --xp 00000000 00:00 0                  [vsyscall]
Total number of mappings: 494


VM Arguments:
jvm_args: -agentlib:jdwp=transport=dt_socket,server=n,suspend=y,address=localhost:41375 -XX:+ShowCodeDetailsInExceptionMessages 
java_command: org.asmodeus.Main
java_class_path (initial): /home/vlad//Freddy's Engine/Freddy-s-Engine/freddy-s-engine/target/classes:/home/vlad/.m2/repository/org/lwjgl/lwjgl/3.2.2/lwjgl-3.2.2-natives-linux.jar:/home/vlad/.m2/repository/org/lwjgl/lwjgl-opengl/3.2.2/lwjgl-opengl-3.2.2.jar:/home/vlad/.m2/repository/org/lwjgl/lwjgl/3.2.2/lwjgl-3.2.2.jar:/home/vlad/.m2/repository/org/lwjgl/lwjgl-opengl/3.2.2/lwjgl-opengl-3.2.2-natives-linux.jar:/home/vlad/.m2/repository/org/lwjgl/lwjgl-glfw/3.2.2/lwjgl-glfw-3.2.2.jar:/home/vlad/.m2/repository/org/lwjgl/lwjgl-glfw/3.2.2/lwjgl-glfw-3.2.2-natives-linux.jar
Launcher Type: SUN_STANDARD

[Global flags]
     intx CICompilerCount                          = 2                                         {product} {ergonomic}
     uint ConcGCThreads                            = 1                                         {product} {ergonomic}
     uint G1ConcRefinementThreads                  = 2                                         {product} {ergonomic}
   size_t G1HeapRegionSize                         = 1048576                                   {product} {ergonomic}
    uintx GCDrainStackTargetSize                   = 64                                        {product} {ergonomic}
   size_t InitialHeapSize                          = 62914560                                  {product} {ergonomic}
   size_t MarkStackSize                            = 4194304                                   {product} {ergonomic}
   size_t MaxHeapSize                              = 998244352                                 {product} {ergonomic}
   size_t MaxNewSize                               = 598736896                                 {product} {ergonomic}
   size_t MinHeapDeltaBytes                        = 1048576                                   {product} {ergonomic}
   size_t MinHeapSize                              = 8388608                                   {product} {ergonomic}
    uintx NonNMethodCodeHeapSize                   = 5826188                                {pd product} {ergonomic}
    uintx NonProfiledCodeHeapSize                  = 122916026                              {pd product} {ergonomic}
    uintx ProfiledCodeHeapSize                     = 122916026                              {pd product} {ergonomic}
    uintx ReservedCodeCacheSize                    = 251658240                              {pd product} {ergonomic}
     bool SegmentedCodeCache                       = true                                      {product} {ergonomic}
     bool ShowCodeDetailsInExceptionMessages       = true                                   {manageable} {command line}
   size_t SoftMaxHeapSize                          = 998244352                              {manageable} {ergonomic}
     bool UseCompressedOops                        = true                           {product lp64_product} {ergonomic}
     bool UseG1GC                                  = true                                      {product} {ergonomic}

Logging:
Log output configuration:
 #0: stdout all=warning uptime,level,tags foldmultilines=false
 #1: stderr all=off uptime,level,tags foldmultilines=false

Environment Variables:
PATH=/usr/local/bin:/usr/bin:/bin:/usr/local/sbin:/var/lib/flatpak/exports/bin:/usr/lib/jvm/default/bin:/usr/bin/site_perl:/usr/bin/vendor_perl:/usr/bin/core_perl
SHELL=/bin/bash
DISPLAY=:0
LANG=ru_RU.UTF-8
LC_NUMERIC=ru_RU.UTF-8
LC_TIME=ru_RU.UTF-8
TERM=xterm-256color

Active Locale:
LC_ALL=ru_RU.UTF-8
LC_COLLATE=ru_RU.UTF-8
LC_CTYPE=ru_RU.UTF-8
LC_MESSAGES=ru_RU.UTF-8
LC_MONETARY=ru_RU.UTF-8
LC_NUMERIC=ru_RU.UTF-8
LC_TIME=ru_RU.UTF-8

Signal Handlers:
   SIGSEGV: 0x00007ff0a2022540 in libjvm.so+16917824, mask=11100100010111111101111111111110, flags=SA_RESTART|SA_SIGINFO, unblocked
    SIGBUS: 0x00007ff0a2022540 in libjvm.so+16917824, mask=11100100010111111101111111111110, flags=SA_RESTART|SA_SIGINFO, unblocked
    SIGFPE: 0x00007ff0a2022540 in libjvm.so+16917824, mask=11100100010111111101111111111110, flags=SA_RESTART|SA_SIGINFO, unblocked
   SIGPIPE: 0x00007ff0a1e83e40 in libjvm.so+15220288, mask=11100100010111111101111111111110, flags=SA_RESTART|SA_SIGINFO, blocked
   SIGXFSZ: 0x00007ff0a1e83e40 in libjvm.so+15220288, mask=11100100010111111101111111111110, flags=SA_RESTART|SA_SIGINFO, blocked
    SIGILL: 0x00007ff0a2022540 in libjvm.so+16917824, mask=11100100010111111101111111111110, flags=SA_RESTART|SA_SIGINFO, unblocked
   SIGUSR2: 0x00007ff0a1e85690 in libjvm.so+15226512, mask=00000000000000000000000000000000, flags=SA_RESTART|SA_SIGINFO, blocked
    SIGHUP: 0x00007ff0a1e832e0 in libjvm.so+15217376, mask=11100100010111111101111111111110, flags=SA_RESTART|SA_SIGINFO, blocked
    SIGINT: 0x00007ff0a1e832e0 in libjvm.so+15217376, mask=11100100010111111101111111111110, flags=SA_RESTART|SA_SIGINFO, blocked
   SIGTERM: 0x00007ff0a1e832e0 in libjvm.so+15217376, mask=11100100010111111101111111111110, flags=SA_RESTART|SA_SIGINFO, blocked
   SIGQUIT: 0x00007ff0a1e832e0 in libjvm.so+15217376, mask=11100100010111111101111111111110, flags=SA_RESTART|SA_SIGINFO, blocked
   SIGTRAP: 0x00007ff0a2022540 in libjvm.so+16917824, mask=11100100010111111101111111111110, flags=SA_RESTART|SA_SIGINFO, unblocked


---------------  S Y S T E M  ---------------

OS:
DISTRIB_ID="Artix"
DISTRIB_RELEASE="rolling"
DISTRIB_DESCRIPTION="Artix Linux"
DISTRIB_CODENAME=mate-dinit-20230814
uname: Linux 6.5.7-artix1-1 #1 SMP PREEMPT_DYNAMIC Sun, 15 Oct 2023 22:13:26 +0000 x86_64
OS uptime: 0 days 1:21 hours
libc: glibc 2.38 NPTL 2.38 
rlimit (soft/hard): STACK 8192k/infinity , CORE 0k/infinity , NPROC 15125/15125 , NOFILE 4096/4096 , AS infinity/infinity , CPU infinity/infinity , DATA infinity/infinity , FSIZE infinity/infinity , MEMLOCK 8192k/8192k
load average: 1,44 1,29 1,43

/proc/meminfo:
MemTotal:        3893100 kB
MemFree:          894772 kB
MemAvailable:    1858776 kB
Buffers:           75380 kB
Cached:          1270300 kB
SwapCached:            0 kB
Active:          1686032 kB
Inactive:         967624 kB
Active(anon):    1065668 kB
Inactive(anon):   432940 kB
Active(file):     620364 kB
Inactive(file):   534684 kB
Unevictable:      141828 kB
Mlocked:              32 kB
SwapTotal:             0 kB
SwapFree:              0 kB
Zswap:                 0 kB
Zswapped:              0 kB
Dirty:               264 kB
Writeback:             0 kB
AnonPages:       1430356 kB
Mapped:           563036 kB
Shmem:            190716 kB
KReclaimable:      43144 kB
Slab:             101652 kB
SReclaimable:      43144 kB
SUnreclaim:        58508 kB
KernelStack:        8064 kB
PageTables:        16604 kB
SecPageTables:         0 kB
NFS_Unstable:          0 kB
Bounce:                0 kB
WritebackTmp:          0 kB
CommitLimit:     1946548 kB
Committed_AS:    5007516 kB
VmallocTotal:   34359738367 kB
VmallocUsed:       31712 kB
VmallocChunk:          0 kB
Percpu:             1168 kB
HardwareCorrupted:     0 kB
AnonHugePages:    712704 kB
ShmemHugePages:        0 kB
ShmemPmdMapped:        0 kB
FileHugePages:    167936 kB
FilePmdMapped:    106496 kB
CmaTotal:              0 kB
CmaFree:               0 kB
Unaccepted:            0 kB
HugePages_Total:       0
HugePages_Free:        0
HugePages_Rsvd:        0
HugePages_Surp:        0
Hugepagesize:       2048 kB
Hugetlb:               0 kB
DirectMap4k:      166592 kB
DirectMap2M:     3907584 kB

/sys/kernel/mm/transparent_hugepage/enabled: [always] madvise never
/sys/kernel/mm/transparent_hugepage/defrag (defrag/compaction efforts parameter): always defer defer+madvise [madvise] never

Process Memory:
Virtual Size: 3856536K (peak: 3857556K)
Resident Set Size: 196548K (peak: 196900K) (anon: 52688K, file: 143092K, shmem: 768K)
Swapped out: 0K
C-Heap outstanding allocations: 14601K, retained: 2250K
glibc malloc tunables: (default)

/proc/sys/kernel/threads-max (system-wide limit on the number of threads): 30250
/proc/sys/vm/max_map_count (maximum number of memory map areas a process may have): 65530
/proc/sys/kernel/pid_max (system-wide limit on number of process identifiers): 32768

container (cgroup) information:
container_type: cgroupv1
cpu_cpuset_cpus: 0-1
cpu_memory_nodes: 0
active_processor_count: 2
cpu_quota: no quota
cpu_period: 100000
cpu_shares: no shares
memory_limit_in_bytes: unlimited
memory_and_swap_limit_in_bytes: unlimited
memory_soft_limit_in_bytes: unlimited
memory_usage_in_bytes: 2776036 k
memory_max_usage_in_bytes: unlimited
kernel_memory_usage_in_bytes: unlimited
kernel_memory_max_usage_in_bytes: unlimited
kernel_memory_limit_in_bytes: unlimited
maximum number of tasks: not supported
current number of tasks: not supported

Steal ticks since vm start: 0
Steal ticks percentage since vm start:  0,000

CPU: total 4 (initial active 2) (2 cores per cpu, 1 threads per core) family 6 model 55 stepping 8 microcode 0x838, cx8, cmov, fxsr, mmx, 3dnowpref, sse, sse2, sse3, ssse3, sse4.1, sse4.2, popcnt, tsc, tscinvbit, erms, clmul, clflush, rdtscp
CPU Model and flags from /proc/cpuinfo:
model name	: Intel(R) Celeron(R) CPU  N2840  @ 2.16GHz
flags		: fpu vme de pse tsc msr pae mce cx8 apic sep mtrr pge mca cmov pat pse36 clflush dts acpi mmx fxsr sse sse2 ss ht tm pbe syscall nx rdtscp lm constant_tsc arch_perfmon pebs bts rep_good nopl xtopology tsc_reliable nonstop_tsc cpuid aperfmperf tsc_known_freq pni pclmulqdq dtes64 monitor ds_cpl est tm2 ssse3 cx16 xtpr pdcm sse4_1 sse4_2 movbe popcnt tsc_deadline_timer rdrand lahf_lm 3dnowprefetch epb pti ibrs ibpb stibp tsc_adjust smep erms dtherm ida arat md_clear

Online cpus: 0-1
Offline cpus: 2-3
BIOS frequency limitation: <Not Available>
Frequency switch latency (ns): 20000
Available cpu frequencies: <Not Available>
Current governor: schedutil
Core performance/turbo boost: <Not Available>

Memory: 4k page, physical 3893100k(1858776k free), swap 0k(0k free)
Page Sizes: 4k

vm_info: OpenJDK 64-Bit Server VM (21+35) for linux-amd64 JRE (21+35), built on 2023-09-22T00:54:16Z by "builduser" with gcc 13.2.1 20230801

END.
