#
# A fatal error has been detected by the Java Runtime Environment:
#
#  SIGSEGV (0xb) at pc=0x00007f0a23f949ba, pid=31177, tid=31178
#
# JRE version: OpenJDK Runtime Environment (21.0+35) (build 21+35)
# Java VM: OpenJDK 64-Bit Server VM (21+35, mixed mode, sharing, tiered, compressed oops, compressed class ptrs, g1 gc, linux-amd64)
# Problematic frame:
# C  [libjdwp.so+0x2e9ba]
#
# No core dump will be written. Core dumps have been disabled. To enable core dumping, try "ulimit -c unlimited" before starting Java again
#
# If you would like to submit a bug report, please visit:
#   https://bugreport.java.com/bugreport/crash.jsp
# The crash happened outside the Java Virtual Machine in native code.
# See problematic frame for where to report the bug.
#

---------------  S U M M A R Y ------------

Command Line: -agentlib:jdwp=transport=dt_socket,server=n,suspend=y,address=localhost:33653 -XX:+ShowCodeDetailsInExceptionMessages org.asmodeus.Main

Host: Intel(R) Celeron(R) CPU  N2840  @ 2.16GHz, 4 cores, 3G, Artix Linux
Time: Sat Dec 23 16:27:19 2023 MSK elapsed time: 32.191937 seconds (0d 0h 0m 32s)

---------------  T H R E A D  ---------------

Current thread (0x00007f0a1c0179a0):  JavaThread "main"             [_thread_in_native, id=31178, stack(0x00007f0a22900000,0x00007f0a22a00000) (1024K)]

Stack: [0x00007f0a22900000,0x00007f0a22a00000],  sp=0x00007f0a229fe058,  free space=1016k
Native frames: (J=compiled Java code, j=interpreted, Vv=VM code, C=native code)
C  [libjdwp.so+0x2e9ba]
C  [libjdwp.so+0x18aba]
V  [libjvm.so+0xb2d23b]
V  [libjvm.so+0x8eff05]
V  [libjvm.so+0x8f580b]
V  [libjvm.so+0xb987da]
V  [libjvm.so+0xb98fbc]
V  [libjvm.so+0x915dfe]
V  [libjvm.so+0x9163c7]
j  org.lwjgl.opengl.GL11.glGetString(I)Ljava/lang/String;+1
j  org.asmodeus.engine.Core.gl_info()V+6
j  org.asmodeus.engine.Project.init(J)V+58
j  org.asmodeus.Main.run()V+4
j  org.asmodeus.Main.main([Ljava/lang/String;)V+13
v  ~StubRoutines::call_stub 0x00007f0a0b938cc5
V  [libjvm.so+0x91df3a]
V  [libjvm.so+0x9ca371]
V  [libjvm.so+0x9cc8f0]
C  [libjli.so+0x4cdf]
C  [libjli.so+0x7c6e]
Java frames: (J=compiled Java code, j=interpreted, Vv=VM code)
j  org.lwjgl.opengl.GL11.glGetString(I)Ljava/lang/String;+1
j  org.asmodeus.engine.Core.gl_info()V+6
j  org.asmodeus.engine.Project.init(J)V+58
j  org.asmodeus.Main.run()V+4
j  org.asmodeus.Main.main([Ljava/lang/String;)V+13
v  ~StubRoutines::call_stub 0x00007f0a0b938cc5

siginfo: si_signo: 11 (SIGSEGV), si_code: 128 (SI_KERNEL), si_addr: 0x0000000000000000

Registers:
RAX=0x01001d0273f40101, RBX=0x00007f0a229fe0e0, RCX=0x0000000000000000, RDX=0x00000000ffffff01
RSP=0x00007f0a229fe058, RBP=0x00007f0a229fe0d0, RSI=0x00007f0a1c0cc0b0, RDI=0x00007f0a1c017d58
R8 =0x0000000000000002, R9 =0x0000000000000000, R10=0x00007f0a04402078, R11=0x0000000000000001
R12=0x0000000000000007, R13=0x00007f0a1c0cc0b8, R14=0x00007f0a23fa9200, R15=0x00007f0a1c017d58
RIP=0x00007f0a23f949ba, EFLAGS=0x0000000000010246, CSGSFS=0x002b000000000033, ERR=0x0000000000000000
  TRAPNO=0x000000000000000d


Register to memory mapping:

RAX=0x01001d0273f40101 is an unknown value
RBX=0x00007f0a229fe0e0 is pointing into the stack for thread: 0x00007f0a1c0179a0
RCX=0x0 is null
RDX=0x00000000ffffff01 points into unknown readable memory: 00 00 00 00 00 00 00
RSP=0x00007f0a229fe058 is pointing into the stack for thread: 0x00007f0a1c0179a0
RBP=0x00007f0a229fe0d0 is pointing into the stack for thread: 0x00007f0a1c0179a0
RSI=0x00007f0a1c0cc0b0 points into unknown readable memory: 0x00000000c7dc8020 | 20 80 dc c7 00 00 00 00
RDI=0x00007f0a1c017d58 points into unknown readable memory: 0x00007f0a1c5da7c0 | c0 a7 5d 1c 0a 7f 00 00
R8 =0x0000000000000002 is an unknown value
R9 =0x0 is null
R10=0x00007f0a04402078 is at entry_point+344 in (nmethod*)0x00007f0a04401d90
Compiled method (c1)   32198    1       3       java.lang.Object::<init> (1 bytes)
 total in heap  [0x00007f0a04401d90,0x00007f0a04402080] = 752
 relocation     [0x00007f0a04401ee8,0x00007f0a04401f18] = 48
 main code      [0x00007f0a04401f20,0x00007f0a04401ff8] = 216
 stub code      [0x00007f0a04401ff8,0x00007f0a04402028] = 48
 metadata       [0x00007f0a04402028,0x00007f0a04402038] = 16
 scopes data    [0x00007f0a04402038,0x00007f0a04402048] = 16
 scopes pcs     [0x00007f0a04402048,0x00007f0a04402078] = 48
 dependencies   [0x00007f0a04402078,0x00007f0a04402080] = 8
R11=0x0000000000000001 is an unknown value
R12=0x0000000000000007 is an unknown value
R13=0x00007f0a1c0cc0b8 points into unknown readable memory: 0x00000000c7e903a8 | a8 03 e9 c7 00 00 00 00
R14=0x00007f0a23fa9200: <offset 0x0000000000043200> in /usr/lib/jvm/java-21-openjdk/lib/libjdwp.so at 0x00007f0a23f66000
R15=0x00007f0a1c017d58 points into unknown readable memory: 0x00007f0a1c5da7c0 | c0 a7 5d 1c 0a 7f 00 00

Top of Stack: (sp=0x00007f0a229fe058)
0x00007f0a229fe058:   00007f0a23f7da2a 00007f0a04401d90
0x00007f0a229fe068:   00007f0a1c1038f0 00007f0a1c0cc0b0
0x00007f0a229fe078:   0000000000000000 00007f0a229fe090
0x00007f0a229fe088:   00007f0a23539719 00007f0a229fe0b0
0x00007f0a229fe098:   00007f0a23511adc 00007f0a1c017d58
0x00007f0a229fe0a8:   00007f0a1c0cc0b0 00007f0a1c017d58
0x00007f0a229fe0b8:   00007f0a1c0cc0b8 00007f0a23fa9200
0x00007f0a229fe0c8:   0000000000000002 00007f0a229fe160
0x00007f0a229fe0d8:   00007f0a23f7eaba 0000000000000007
0x00007f0a229fe0e8:   00007f0a1c0cc0b0 0000000000000000
0x00007f0a229fe0f8:   00007f0a1c0cc0b8 0000000000000000
0x00007f0a229fe108:   0000000000000000 0000000000000000
0x00007f0a229fe118:   0000000000000000 0000000000000000
0x00007f0a229fe128:   0000000000000000 0000000000000000
0x00007f0a229fe138:   00007f0a1c0179a0 00007f0a1c0179a0
0x00007f0a229fe148:   00007f09a8027e00 00007f0a1c000c30
0x00007f0a229fe158:   00007f0a1c0f0790 00007f0a229fe280
0x00007f0a229fe168:   00007f0a2352d23b 00007f0a229fe1e0
0x00007f0a229fe178:   00007f0a1c0cc0b0 00007f0a1c0cc0b8
0x00007f0a229fe188:   00007f0a1c017d38 00007f0a229fe1a0
0x00007f0a229fe198:   00007f0a229fe1e0 00007f0a1c0179a0
0x00007f0a229fe1a8:   00007f0a1c0184a0 00007f0a1c0184e0
0x00007f0a229fe1b8:   00007f0a1c018500 00007f0a1c0185c8
0x00007f0a229fe1c8:   00000000000000d8 00007f0a229fe350
0x00007f0a229fe1d8:   00007f0a00000000 00007f0a23f25580
0x00007f0a229fe1e8:   00007f0a1c002ad0 00007f0a1c0180b0
0x00007f0a229fe1f8:   00007f0a1c0180c0 00007f0a1c018498
0x00007f0a229fe208:   00000000000003d8 00007f0a1c0179a0
0x00007f0a229fe218:   00007f0a1c0179a0 00007f0a1c0184a0
0x00007f0a229fe228:   00007f0a1c0184e0 00007f0a1c018500
0x00007f0a229fe238:   00007f0a1c0185c8 00000000000000d8
0x00007f0a229fe248:   00007f0a229fe1a0 00007f0a229fe280 

Instructions: (pc=0x00007f0a23f949ba)
0x00007f0a23f948ba:   03 00 00 48 8d 35 9c 76 00 00 48 8d 3d ba 7d 00
0x00007f0a23f948ca:   00 67 e8 8f 2e ff ff 31 c0 48 8d 35 4c a7 00 00
0x00007f0a23f948da:   48 8d 3d 97 79 00 00 67 e8 49 2f ff ff 48 8b 05
0x00007f0a23f948ea:   12 49 01 00 e9 2d ff ff ff 66 66 2e 0f 1f 84 00
0x00007f0a23f948fa:   00 00 00 00 66 90 f3 0f 1e fa 55 48 89 e5 41 54
0x00007f0a23f9490a:   49 89 fc 53 e8 4d e0 ff ff 48 89 c3 48 8b 05 e3
0x00007f0a23f9491a:   48 01 00 f6 80 10 02 00 00 02 75 1a 48 8b 50 28
0x00007f0a23f9492a:   48 8b 03 4c 89 e6 48 89 df 5b 41 5c 48 8b 80 00
0x00007f0a23f9493a:   01 00 00 5d ff e0 ba 0b 06 00 00 48 8d 35 14 76
0x00007f0a23f9494a:   00 00 48 8d 3d 12 79 00 00 67 e8 07 2e ff ff 31
0x00007f0a23f9495a:   c0 48 8d 35 35 92 00 00 48 8d 3d 0f 79 00 00 67
0x00007f0a23f9496a:   e8 c1 2e ff ff 48 8b 05 8a 48 01 00 eb ae 0f 1f
0x00007f0a23f9497a:   84 00 00 00 00 00 f3 0f 1e fa 55 48 89 e5 41 54
0x00007f0a23f9498a:   49 89 fc 53 e8 cd df ff ff 48 89 c3 48 8b 05 63
0x00007f0a23f9499a:   48 01 00 f6 80 10 02 00 00 02 75 1a 48 8b 03 4c
0x00007f0a23f949aa:   89 e6 48 89 df 5b 41 5c 5d 48 8b 80 50 07 00 00
0x00007f0a23f949ba:   ff e0 0f 1f 40 00 ba 12 06 00 00 48 8d 35 94 75
0x00007f0a23f949ca:   00 00 48 8d 3d 92 78 00 00 67 e8 87 2d ff ff 48
0x00007f0a23f949da:   8d 35 45 81 00 00 48 8d 3d 91 78 00 00 31 c0 67
0x00007f0a23f949ea:   e8 41 2e ff ff eb b5 66 66 2e 0f 1f 84 00 00 00
0x00007f0a23f949fa:   00 00 0f 1f 40 00 f3 0f 1e fa 55 48 89 e5 41 54
0x00007f0a23f94a0a:   49 89 fc 53 e8 4d df ff ff 48 89 c3 48 8b 05 e3
0x00007f0a23f94a1a:   47 01 00 f6 80 10 02 00 00 02 75 1a 48 8b 50 30
0x00007f0a23f94a2a:   48 8b 03 4c 89 e6 48 89 df 5b 41 5c 48 8b 80 00
0x00007f0a23f94a3a:   01 00 00 5d ff e0 ba 19 06 00 00 48 8d 35 14 75
0x00007f0a23f94a4a:   00 00 48 8d 3d 12 78 00 00 67 e8 07 2d ff ff 31
0x00007f0a23f94a5a:   c0 48 8d 35 35 91 00 00 48 8d 3d 0f 78 00 00 67
0x00007f0a23f94a6a:   e8 c1 2d ff ff 48 8b 05 8a 47 01 00 eb ae 0f 1f
0x00007f0a23f94a7a:   84 00 00 00 00 00 f3 0f 1e fa 55 48 89 e5 41 54
0x00007f0a23f94a8a:   49 89 fc 53 e8 cd de ff ff 48 89 c3 48 8b 05 63
0x00007f0a23f94a9a:   47 01 00 f6 80 10 02 00 00 02 75 1a 48 8b 50 38
0x00007f0a23f94aaa:   48 8b 03 4c 89 e6 48 89 df 5b 41 5c 48 8b 80 00 


Stack slot to memory mapping:

stack at sp + 0 slots: 0x00007f0a23f7da2a: <offset 0x0000000000017a2a> in /usr/lib/jvm/java-21-openjdk/lib/libjdwp.so at 0x00007f0a23f66000
stack at sp + 1 slots: 0x00007f0a04401d90 is at entry_point+-400 in (nmethod*)0x00007f0a04401d90
Compiled method (c1)   32221    1       3       java.lang.Object::<init> (1 bytes)
 total in heap  [0x00007f0a04401d90,0x00007f0a04402080] = 752
 relocation     [0x00007f0a04401ee8,0x00007f0a04401f18] = 48
 main code      [0x00007f0a04401f20,0x00007f0a04401ff8] = 216
 stub code      [0x00007f0a04401ff8,0x00007f0a04402028] = 48
 metadata       [0x00007f0a04402028,0x00007f0a04402038] = 16
 scopes data    [0x00007f0a04402038,0x00007f0a04402048] = 16
 scopes pcs     [0x00007f0a04402048,0x00007f0a04402078] = 48
 dependencies   [0x00007f0a04402078,0x00007f0a04402080] = 8
stack at sp + 2 slots: 0x00007f0a1c1038f0 points into unknown readable memory: 0x0000000000000000 | 00 00 00 00 00 00 00 00
stack at sp + 3 slots: 0x00007f0a1c0cc0b0 points into unknown readable memory: 0x00000000c7dc8020 | 20 80 dc c7 00 00 00 00
stack at sp + 4 slots: 0x0 is null
stack at sp + 5 slots: 0x00007f0a229fe090 is pointing into the stack for thread: 0x00007f0a1c0179a0
stack at sp + 6 slots: 0x00007f0a23539719: <offset 0x0000000000b39719> in /usr/lib/jvm/java-21-openjdk/lib/server/libjvm.so at 0x00007f0a22a00000
stack at sp + 7 slots: 0x00007f0a229fe0b0 is pointing into the stack for thread: 0x00007f0a1c0179a0


---------------  P R O C E S S  ---------------

Threads class SMR info:
_java_thread_list=0x00007f0a1c12b050, length=13, elements={
0x00007f0a1c0179a0, 0x00007f0a1c0d7470, 0x00007f0a1c0d8af0, 0x00007f0a1c0da5a0,
0x00007f0a1c0dbbe0, 0x00007f0a1c0dd180, 0x00007f0a1c0decc0, 0x00007f0a1c0e0380,
0x00007f0a1c102c10, 0x00007f0a1c104ed0, 0x0000559028903fe0, 0x00007f0a1c106170,
0x00007f0a1c129ed0
}

Java Threads: ( => current thread )
=>0x00007f0a1c0179a0 JavaThread "main"                              [_thread_in_native, id=31178, stack(0x00007f0a22900000,0x00007f0a22a00000) (1024K)]
  0x00007f0a1c0d7470 JavaThread "Reference Handler"          daemon [_thread_blocked, id=31186, stack(0x00007f0a20100000,0x00007f0a20200000) (1024K)]
  0x00007f0a1c0d8af0 JavaThread "Finalizer"                  daemon [_thread_blocked, id=31187, stack(0x00007f0a20000000,0x00007f0a20100000) (1024K)]
  0x00007f0a1c0da5a0 JavaThread "Signal Dispatcher"          daemon [_thread_blocked, id=31188, stack(0x00007f0a1bf00000,0x00007f0a1c000000) (1024K)]
  0x00007f0a1c0dbbe0 JavaThread "Service Thread"             daemon [_thread_blocked, id=31189, stack(0x00007f0a04300000,0x00007f0a04400000) (1024K)]
  0x00007f0a1c0dd180 JavaThread "Monitor Deflation Thread"   daemon [_thread_blocked, id=31190, stack(0x00007f0a04200000,0x00007f0a04300000) (1024K)]
  0x00007f0a1c0decc0 JavaThread "C2 CompilerThread0"         daemon [_thread_in_native, id=31191, stack(0x00007f0a04100000,0x00007f0a04200000) (1024K)]
  0x00007f0a1c0e0380 JavaThread "C1 CompilerThread0"         daemon [_thread_blocked, id=31192, stack(0x00007f0a04000000,0x00007f0a04100000) (1024K)]
  0x00007f0a1c102c10 JavaThread "JDWP Transport Listener: dt_socket" daemon [_thread_blocked, id=31194, stack(0x00007f09f5e2f000,0x00007f09f5f2f000) (1024K)]
  0x00007f0a1c104ed0 JavaThread "JDWP Event Helper Thread"   daemon [_thread_blocked, id=31195, stack(0x00007f09f5d2f000,0x00007f09f5e2f000) (1024K)]
  0x0000559028903fe0 JavaThread "JDWP Command Reader"        daemon [_thread_in_native, id=31198, stack(0x00007f09f5c2f000,0x00007f09f5d2f000) (1024K)]
  0x00007f0a1c106170 JavaThread "Notification Thread"        daemon [_thread_blocked, id=31201, stack(0x00007f09f5b2f000,0x00007f09f5c2f000) (1024K)]
  0x00007f0a1c129ed0 JavaThread "Common-Cleaner"             daemon [_thread_blocked, id=31202, stack(0x00007f09f5a2f000,0x00007f09f5b2f000) (1024K)]
Total: 13

Other Threads:
  0x00007f0a1c0ca060 VMThread "VM Thread"                           [id=31185, stack(0x00007f0a205ac000,0x00007f0a206ac000) (1024K)]
  0x00007f0a1c0afec0 WatcherThread "VM Periodic Task Thread"        [id=31184, stack(0x00007f0a206ad000,0x00007f0a207ad000) (1024K)]
  0x00007f0a1c050520 WorkerThread "GC Thread#0"                     [id=31179, stack(0x00007f0a20e90000,0x00007f0a20f90000) (1024K)]
  0x00007f099c0061e0 WorkerThread "GC Thread#1"                     [id=31372, stack(0x00007f09f4c26000,0x00007f09f4d26000) (1024K)]
  0x00007f0a1c0591e0 ConcurrentGCThread "G1 Main Marker"            [id=31180, stack(0x00007f0a20d8f000,0x00007f0a20e8f000) (1024K)]
  0x00007f0a1c05a180 WorkerThread "G1 Conc#0"                       [id=31181, stack(0x00007f0a20c8e000,0x00007f0a20d8e000) (1024K)]
  0x00007f0a1c095ad0 ConcurrentGCThread "G1 Refine#0"               [id=31182, stack(0x00007f0a2098b000,0x00007f0a20a8b000) (1024K)]
  0x00007f0a1c096a80 ConcurrentGCThread "G1 Service"                [id=31183, stack(0x00007f0a2088a000,0x00007f0a2098a000) (1024K)]
Total: 8

Threads with active compile tasks:
C2 CompilerThread0    32227  812       4       java.lang.invoke.MethodType::makeImpl (109 bytes)
Total: 1

VM state: not at safepoint (normal execution)

VM Mutex/Monitor currently owned by a thread: None

Heap address: 0x00000000c4800000, size: 952 MB, Compressed Oops mode: 32-bit

CDS archive(s) mapped at: [0x00007f09a7000000-0x00007f09a7ca8000-0x00007f09a7ca8000), size 13271040, SharedBaseAddress: 0x00007f09a7000000, ArchiveRelocationMode: 1.
Compressed class space mapped at: 0x00007f09a8000000-0x00007f09e8000000, reserved size: 1073741824
Narrow klass base: 0x00007f09a7000000, Narrow klass shift: 0, Narrow klass range: 0x100000000

GC Precious Log:
 CardTable entry size: 512
 Card Set container configuration: InlinePtr #cards 5 size 8 Array Of Cards #cards 12 size 40 Howl #buckets 4 coarsen threshold 1843 Howl Bitmap #cards 512 size 80 coarsen threshold 460 Card regions per heap region 1 cards per card region 2048
 CPUs: 4 total, 2 available
 Memory: 3801M
 Large Page Support: Disabled
 NUMA Support: Disabled
 Compressed Oops: Enabled (32-bit)
 Heap Region Size: 1M
 Heap Min Capacity: 8M
 Heap Initial Capacity: 60M
 Heap Max Capacity: 952M
 Pre-touch: Disabled
 Parallel Workers: 2
 Concurrent Workers: 1
 Concurrent Refinement Workers: 2
 Periodic GC: Disabled

Heap:
 garbage-first heap   total 63488K, used 6595K [0x00000000c4800000, 0x0000000100000000)
  region size 1024K, 7 young (7168K), 1 survivors (1024K)
 Metaspace       used 5269K, committed 5376K, reserved 1114112K
  class space    used 273K, committed 320K, reserved 1048576K

Heap Regions: E=young(eden), S=young(survivor), O=old, HS=humongous(starts), HC=humongous(continues), CS=collection set, F=free, TAMS=top-at-mark-start, PB=parsable bottom
|   0|0x00000000c4800000, 0x00000000c48699e0, 0x00000000c4900000| 41%| O|  |TAMS 0x00000000c4800000| PB 0x00000000c4800000| Untracked 
|   1|0x00000000c4900000, 0x00000000c4900000, 0x00000000c4a00000|  0%| F|  |TAMS 0x00000000c4900000| PB 0x00000000c4900000| Untracked 
|   2|0x00000000c4a00000, 0x00000000c4a00000, 0x00000000c4b00000|  0%| F|  |TAMS 0x00000000c4a00000| PB 0x00000000c4a00000| Untracked 
|   3|0x00000000c4b00000, 0x00000000c4b00000, 0x00000000c4c00000|  0%| F|  |TAMS 0x00000000c4b00000| PB 0x00000000c4b00000| Untracked 
|   4|0x00000000c4c00000, 0x00000000c4c00000, 0x00000000c4d00000|  0%| F|  |TAMS 0x00000000c4c00000| PB 0x00000000c4c00000| Untracked 
|   5|0x00000000c4d00000, 0x00000000c4d00000, 0x00000000c4e00000|  0%| F|  |TAMS 0x00000000c4d00000| PB 0x00000000c4d00000| Untracked 
|   6|0x00000000c4e00000, 0x00000000c4e00000, 0x00000000c4f00000|  0%| F|  |TAMS 0x00000000c4e00000| PB 0x00000000c4e00000| Untracked 
|   7|0x00000000c4f00000, 0x00000000c4f00000, 0x00000000c5000000|  0%| F|  |TAMS 0x00000000c4f00000| PB 0x00000000c4f00000| Untracked 
|   8|0x00000000c5000000, 0x00000000c5000000, 0x00000000c5100000|  0%| F|  |TAMS 0x00000000c5000000| PB 0x00000000c5000000| Untracked 
|   9|0x00000000c5100000, 0x00000000c5100000, 0x00000000c5200000|  0%| F|  |TAMS 0x00000000c5100000| PB 0x00000000c5100000| Untracked 
|  10|0x00000000c5200000, 0x00000000c5200000, 0x00000000c5300000|  0%| F|  |TAMS 0x00000000c5200000| PB 0x00000000c5200000| Untracked 
|  11|0x00000000c5300000, 0x00000000c5300000, 0x00000000c5400000|  0%| F|  |TAMS 0x00000000c5300000| PB 0x00000000c5300000| Untracked 
|  12|0x00000000c5400000, 0x00000000c5400000, 0x00000000c5500000|  0%| F|  |TAMS 0x00000000c5400000| PB 0x00000000c5400000| Untracked 
|  13|0x00000000c5500000, 0x00000000c5500000, 0x00000000c5600000|  0%| F|  |TAMS 0x00000000c5500000| PB 0x00000000c5500000| Untracked 
|  14|0x00000000c5600000, 0x00000000c5600000, 0x00000000c5700000|  0%| F|  |TAMS 0x00000000c5600000| PB 0x00000000c5600000| Untracked 
|  15|0x00000000c5700000, 0x00000000c5700000, 0x00000000c5800000|  0%| F|  |TAMS 0x00000000c5700000| PB 0x00000000c5700000| Untracked 
|  16|0x00000000c5800000, 0x00000000c5800000, 0x00000000c5900000|  0%| F|  |TAMS 0x00000000c5800000| PB 0x00000000c5800000| Untracked 
|  17|0x00000000c5900000, 0x00000000c5900000, 0x00000000c5a00000|  0%| F|  |TAMS 0x00000000c5900000| PB 0x00000000c5900000| Untracked 
|  18|0x00000000c5a00000, 0x00000000c5a00000, 0x00000000c5b00000|  0%| F|  |TAMS 0x00000000c5a00000| PB 0x00000000c5a00000| Untracked 
|  19|0x00000000c5b00000, 0x00000000c5b00000, 0x00000000c5c00000|  0%| F|  |TAMS 0x00000000c5b00000| PB 0x00000000c5b00000| Untracked 
|  20|0x00000000c5c00000, 0x00000000c5c00000, 0x00000000c5d00000|  0%| F|  |TAMS 0x00000000c5c00000| PB 0x00000000c5c00000| Untracked 
|  21|0x00000000c5d00000, 0x00000000c5d00000, 0x00000000c5e00000|  0%| F|  |TAMS 0x00000000c5d00000| PB 0x00000000c5d00000| Untracked 
|  22|0x00000000c5e00000, 0x00000000c5e00000, 0x00000000c5f00000|  0%| F|  |TAMS 0x00000000c5e00000| PB 0x00000000c5e00000| Untracked 
|  23|0x00000000c5f00000, 0x00000000c5f00000, 0x00000000c6000000|  0%| F|  |TAMS 0x00000000c5f00000| PB 0x00000000c5f00000| Untracked 
|  24|0x00000000c6000000, 0x00000000c6000000, 0x00000000c6100000|  0%| F|  |TAMS 0x00000000c6000000| PB 0x00000000c6000000| Untracked 
|  25|0x00000000c6100000, 0x00000000c6100000, 0x00000000c6200000|  0%| F|  |TAMS 0x00000000c6100000| PB 0x00000000c6100000| Untracked 
|  26|0x00000000c6200000, 0x00000000c6200000, 0x00000000c6300000|  0%| F|  |TAMS 0x00000000c6200000| PB 0x00000000c6200000| Untracked 
|  27|0x00000000c6300000, 0x00000000c6300000, 0x00000000c6400000|  0%| F|  |TAMS 0x00000000c6300000| PB 0x00000000c6300000| Untracked 
|  28|0x00000000c6400000, 0x00000000c6400000, 0x00000000c6500000|  0%| F|  |TAMS 0x00000000c6400000| PB 0x00000000c6400000| Untracked 
|  29|0x00000000c6500000, 0x00000000c6500000, 0x00000000c6600000|  0%| F|  |TAMS 0x00000000c6500000| PB 0x00000000c6500000| Untracked 
|  30|0x00000000c6600000, 0x00000000c6600000, 0x00000000c6700000|  0%| F|  |TAMS 0x00000000c6600000| PB 0x00000000c6600000| Untracked 
|  31|0x00000000c6700000, 0x00000000c6700000, 0x00000000c6800000|  0%| F|  |TAMS 0x00000000c6700000| PB 0x00000000c6700000| Untracked 
|  32|0x00000000c6800000, 0x00000000c6800000, 0x00000000c6900000|  0%| F|  |TAMS 0x00000000c6800000| PB 0x00000000c6800000| Untracked 
|  33|0x00000000c6900000, 0x00000000c6900000, 0x00000000c6a00000|  0%| F|  |TAMS 0x00000000c6900000| PB 0x00000000c6900000| Untracked 
|  34|0x00000000c6a00000, 0x00000000c6a00000, 0x00000000c6b00000|  0%| F|  |TAMS 0x00000000c6a00000| PB 0x00000000c6a00000| Untracked 
|  35|0x00000000c6b00000, 0x00000000c6b00000, 0x00000000c6c00000|  0%| F|  |TAMS 0x00000000c6b00000| PB 0x00000000c6b00000| Untracked 
|  36|0x00000000c6c00000, 0x00000000c6c00000, 0x00000000c6d00000|  0%| F|  |TAMS 0x00000000c6c00000| PB 0x00000000c6c00000| Untracked 
|  37|0x00000000c6d00000, 0x00000000c6d00000, 0x00000000c6e00000|  0%| F|  |TAMS 0x00000000c6d00000| PB 0x00000000c6d00000| Untracked 
|  38|0x00000000c6e00000, 0x00000000c6e00000, 0x00000000c6f00000|  0%| F|  |TAMS 0x00000000c6e00000| PB 0x00000000c6e00000| Untracked 
|  39|0x00000000c6f00000, 0x00000000c6f00000, 0x00000000c7000000|  0%| F|  |TAMS 0x00000000c6f00000| PB 0x00000000c6f00000| Untracked 
|  40|0x00000000c7000000, 0x00000000c7000000, 0x00000000c7100000|  0%| F|  |TAMS 0x00000000c7000000| PB 0x00000000c7000000| Untracked 
|  41|0x00000000c7100000, 0x00000000c7100000, 0x00000000c7200000|  0%| F|  |TAMS 0x00000000c7100000| PB 0x00000000c7100000| Untracked 
|  42|0x00000000c7200000, 0x00000000c7200000, 0x00000000c7300000|  0%| F|  |TAMS 0x00000000c7200000| PB 0x00000000c7200000| Untracked 
|  43|0x00000000c7300000, 0x00000000c7300000, 0x00000000c7400000|  0%| F|  |TAMS 0x00000000c7300000| PB 0x00000000c7300000| Untracked 
|  44|0x00000000c7400000, 0x00000000c7400000, 0x00000000c7500000|  0%| F|  |TAMS 0x00000000c7400000| PB 0x00000000c7400000| Untracked 
|  45|0x00000000c7500000, 0x00000000c7500000, 0x00000000c7600000|  0%| F|  |TAMS 0x00000000c7500000| PB 0x00000000c7500000| Untracked 
|  46|0x00000000c7600000, 0x00000000c7600000, 0x00000000c7700000|  0%| F|  |TAMS 0x00000000c7600000| PB 0x00000000c7600000| Untracked 
|  47|0x00000000c7700000, 0x00000000c7700000, 0x00000000c7800000|  0%| F|  |TAMS 0x00000000c7700000| PB 0x00000000c7700000| Untracked 
|  48|0x00000000c7800000, 0x00000000c7800000, 0x00000000c7900000|  0%| F|  |TAMS 0x00000000c7800000| PB 0x00000000c7800000| Untracked 
|  49|0x00000000c7900000, 0x00000000c7900000, 0x00000000c7a00000|  0%| F|  |TAMS 0x00000000c7900000| PB 0x00000000c7900000| Untracked 
|  50|0x00000000c7a00000, 0x00000000c7a00000, 0x00000000c7b00000|  0%| F|  |TAMS 0x00000000c7a00000| PB 0x00000000c7a00000| Untracked 
|  51|0x00000000c7b00000, 0x00000000c7b00000, 0x00000000c7c00000|  0%| F|  |TAMS 0x00000000c7b00000| PB 0x00000000c7b00000| Untracked 
|  52|0x00000000c7c00000, 0x00000000c7c00000, 0x00000000c7d00000|  0%| F|  |TAMS 0x00000000c7c00000| PB 0x00000000c7c00000| Untracked 
|  53|0x00000000c7d00000, 0x00000000c7e00000, 0x00000000c7e00000|100%| S|CS|TAMS 0x00000000c7d00000| PB 0x00000000c7d00000| Complete 
|  54|0x00000000c7e00000, 0x00000000c7ea32f0, 0x00000000c7f00000| 63%| E|  |TAMS 0x00000000c7e00000| PB 0x00000000c7e00000| Complete 
|  55|0x00000000c7f00000, 0x00000000c8000000, 0x00000000c8000000|100%| E|CS|TAMS 0x00000000c7f00000| PB 0x00000000c7f00000| Complete 
|  56|0x00000000c8000000, 0x00000000c8100000, 0x00000000c8100000|100%| E|CS|TAMS 0x00000000c8000000| PB 0x00000000c8000000| Complete 
|  57|0x00000000c8100000, 0x00000000c8200000, 0x00000000c8200000|100%| E|CS|TAMS 0x00000000c8100000| PB 0x00000000c8100000| Complete 
|  58|0x00000000c8200000, 0x00000000c8300000, 0x00000000c8300000|100%| E|CS|TAMS 0x00000000c8200000| PB 0x00000000c8200000| Complete 
|  59|0x00000000c8300000, 0x00000000c8400000, 0x00000000c8400000|100%| E|  |TAMS 0x00000000c8300000| PB 0x00000000c8300000| Complete 
| 950|0x00000000ffe00000, 0x00000000fff00000, 0x00000000fff00000|100%| O|  |TAMS 0x00000000ffe00000| PB 0x00000000ffe00000| Untracked 
| 951|0x00000000fff00000, 0x00000000fff07538, 0x0000000100000000|  2%| O|  |TAMS 0x00000000fff00000| PB 0x00000000fff00000| Untracked 

Card table byte_map: [0x00007f0a21e70000,0x00007f0a2204c000] _byte_map_base: 0x00007f0a2184c000

Marking Bits: (CMBitMap*) 0x00007f0a1c051040
 Bits: [0x00007f0a20f90000, 0x00007f0a21e70000)

Polling page: 0x00007f0a242d0000

Metaspace:

Usage:
  Non-class:      4,88 MB used.
      Class:    273,93 KB used.
       Both:      5,15 MB used.

Virtual space:
  Non-class space:       64,00 MB reserved,       4,94 MB (  8%) committed,  1 nodes.
      Class space:        1,00 GB reserved,     320,00 KB ( <1%) committed,  1 nodes.
             Both:        1,06 GB reserved,       5,25 MB ( <1%) committed. 

Chunk freelists:
   Non-Class:  8,77 MB
       Class:  15,59 MB
        Both:  24,36 MB

MaxMetaspaceSize: unlimited
CompressedClassSpaceSize: 1,00 GB
Initial GC threshold: 21,00 MB
Current GC threshold: 21,00 MB
CDS: on
 - commit_granule_bytes: 65536.
 - commit_granule_words: 8192.
 - virtual_space_node_default_size: 8388608.
 - enlarge_chunks_in_place: 1.
 - use_allocation_guard: 0.


Internal statistics:

num_allocs_failed_limit: 0.
num_arena_births: 58.
num_arena_deaths: 0.
num_vsnodes_births: 2.
num_vsnodes_deaths: 0.
num_space_committed: 82.
num_space_uncommitted: 0.
num_chunks_returned_to_freelist: 0.
num_chunks_taken_from_freelist: 200.
num_chunk_merges: 0.
num_chunk_splits: 141.
num_chunks_enlarged: 106.
num_inconsistent_stats: 0.

CodeHeap 'non-profiled nmethods': size=120036Kb used=227Kb max_used=227Kb free=119808Kb
 bounds [0x00007f0a0bec7000, 0x00007f0a0c137000, 0x00007f0a13400000]
CodeHeap 'profiled nmethods': size=120032Kb used=1421Kb max_used=1421Kb free=118610Kb
 bounds [0x00007f0a04400000, 0x00007f0a04670000, 0x00007f0a0b938000]
CodeHeap 'non-nmethods': size=5692Kb used=1997Kb max_used=2016Kb free=3694Kb
 bounds [0x00007f0a0b938000, 0x00007f0a0bba8000, 0x00007f0a0bec7000]
 total_blobs=1784 nmethods=812 adapters=879
 compilation: enabled
              stopped_count=0, restarted_count=0
 full_count=0

Compilation events (20 events):
Event: 32,108 Thread 0x00007f0a1c0e0380  805       3       java.lang.invoke.MethodHandle::isSafeToCache (14 bytes)
Event: 32,108 Thread 0x00007f0a1c0e0380 nmethod 805 0x00007f0a04561b10 code [0x00007f0a04561cc0, 0x00007f0a04561e40]
Event: 32,115 Thread 0x00007f0a1c0e0380  807       3       java.lang.invoke.MethodHandle::setAsTypeCache (33 bytes)
Event: 32,116 Thread 0x00007f0a1c0e0380 nmethod 807 0x00007f0a04561f10 code [0x00007f0a04562100, 0x00007f0a04562700]
Event: 32,132 Thread 0x00007f0a1c0decc0 nmethod 804 0x00007f0a0befd110 code [0x00007f0a0befd300, 0x00007f0a0befdcc8]
Event: 32,133 Thread 0x00007f0a1c0decc0  808       4       java.lang.invoke.MethodHandle::<init> (37 bytes)
Event: 32,141 Thread 0x00007f0a1c0decc0 nmethod 808 0x00007f0a0befe310 code [0x00007f0a0befe4c0, 0x00007f0a0befe890]
Event: 32,141 Thread 0x00007f0a1c0decc0  809       4       java.lang.ref.SoftReference::get (29 bytes)
Event: 32,143 Thread 0x00007f0a1c0decc0 nmethod 809 0x00007f0a0befea90 code [0x00007f0a0befec20, 0x00007f0a0befed30]
Event: 32,143 Thread 0x00007f0a1c0decc0  806       4       java.lang.invoke.BoundMethodHandle::<init> (32 bytes)
Event: 32,152 Thread 0x00007f0a1c0decc0 nmethod 806 0x00007f0a0befee10 code [0x00007f0a0befefc0, 0x00007f0a0beff3f8]
Event: 32,152 Thread 0x00007f0a1c0decc0  810       4       java.util.ImmutableCollections$List12::get (35 bytes)
Event: 32,153 Thread 0x00007f0a1c0decc0 nmethod 810 0x00007f0a0beff690 code [0x00007f0a0beff800, 0x00007f0a0beff8b0]
Event: 32,158 Thread 0x00007f0a1c0decc0  811   !   4       java.lang.ref.NativeReferenceQueue::poll (28 bytes)
Event: 32,161 Thread 0x00007f0a1c0decc0 nmethod 811 0x00007f0a0beff990 code [0x00007f0a0beffb20, 0x00007f0a0beffe40]
Event: 32,165 Thread 0x00007f0a1c0decc0  812       4       java.lang.invoke.MethodType::makeImpl (109 bytes)
Event: 32,176 Thread 0x00007f0a1c0e0380  815       3       java.lang.String::getBytes (25 bytes)
Event: 32,176 Thread 0x00007f0a1c0e0380 nmethod 815 0x00007f0a04562910 code [0x00007f0a04562ae0, 0x00007f0a04562dc0]
Event: 32,177 Thread 0x00007f0a1c0e0380  816       3       java.lang.String::encode (48 bytes)
Event: 32,177 Thread 0x00007f0a1c0e0380 nmethod 816 0x00007f0a04562f10 code [0x00007f0a04563100, 0x00007f0a04563488]

GC Heap History (2 events):
Event: 31,543 GC heap before
{Heap before GC invocations=0 (full 0):
 garbage-first heap   total 63488K, used 6173K [0x00000000c4800000, 0x0000000100000000)
  region size 1024K, 6 young (6144K), 0 survivors (0K)
 Metaspace       used 3185K, committed 3328K, reserved 1114112K
  class space    used 205K, committed 256K, reserved 1048576K
}
Event: 31,553 GC heap after
{Heap after GC invocations=1 (full 0):
 garbage-first heap   total 63488K, used 2499K [0x00000000c4800000, 0x0000000100000000)
  region size 1024K, 1 young (1024K), 1 survivors (1024K)
 Metaspace       used 3185K, committed 3328K, reserved 1114112K
  class space    used 205K, committed 256K, reserved 1048576K
}

Dll operation events (8 events):
Event: 0,004 Loaded shared library /usr/lib/jvm/java-21-openjdk/lib/libjava.so
Event: 0,166 Loaded shared library /usr/lib/jvm/java-21-openjdk/lib/libjsvml.so
Event: 29,085 Loaded shared library /usr/lib/jvm/java-21-openjdk/lib/libnio.so
Event: 29,102 Loaded shared library /usr/lib/jvm/java-21-openjdk/lib/libzip.so
Event: 29,363 Loaded shared library /usr/lib/jvm/java-21-openjdk/lib/libjimage.so
Event: 29,417 Loaded shared library /usr/lib/jvm/java-21-openjdk/lib/libnet.so
Event: 29,464 Loaded shared library /tmp/lwjglvlad/3.2.2-build-10/liblwjgl.so
Event: 30,634 Loaded shared library /tmp/lwjglvlad/3.2.2-build-10/liblwjgl_opengl.so

Deoptimization events (20 events):
Event: 30,664 Thread 0x00007f0a1c0179a0 DEOPT PACKING pc=0x00007f0a04461804 sp=0x00007f0a229fdab0
Event: 30,664 Thread 0x00007f0a1c0179a0 DEOPT UNPACKING pc=0x00007f0a0b98c711 sp=0x00007f0a229fcf68 mode 0
Event: 30,664 Thread 0x00007f0a1c0179a0 DEOPT PACKING pc=0x00007f0a04461804 sp=0x00007f0a229fdab0
Event: 30,664 Thread 0x00007f0a1c0179a0 DEOPT UNPACKING pc=0x00007f0a0b98c711 sp=0x00007f0a229fcf68 mode 0
Event: 30,664 Thread 0x00007f0a1c0179a0 DEOPT PACKING pc=0x00007f0a04461a54 sp=0x00007f0a229fdab0
Event: 30,664 Thread 0x00007f0a1c0179a0 DEOPT UNPACKING pc=0x00007f0a0b98c711 sp=0x00007f0a229fcf68 mode 0
Event: 30,665 Thread 0x00007f0a1c0179a0 DEOPT PACKING pc=0x00007f0a04461804 sp=0x00007f0a229fdab0
Event: 30,665 Thread 0x00007f0a1c0179a0 DEOPT UNPACKING pc=0x00007f0a0b98c711 sp=0x00007f0a229fcf68 mode 0
Event: 30,666 Thread 0x00007f0a1c0179a0 DEOPT PACKING pc=0x00007f0a04461804 sp=0x00007f0a229fdab0
Event: 30,666 Thread 0x00007f0a1c0179a0 DEOPT UNPACKING pc=0x00007f0a0b98c711 sp=0x00007f0a229fcf68 mode 0
Event: 30,666 Thread 0x00007f0a1c0179a0 DEOPT PACKING pc=0x00007f0a04461804 sp=0x00007f0a229fdab0
Event: 30,666 Thread 0x00007f0a1c0179a0 DEOPT UNPACKING pc=0x00007f0a0b98c711 sp=0x00007f0a229fcf68 mode 0
Event: 30,667 Thread 0x00007f0a1c0179a0 DEOPT PACKING pc=0x00007f0a04461804 sp=0x00007f0a229fdab0
Event: 30,667 Thread 0x00007f0a1c0179a0 DEOPT UNPACKING pc=0x00007f0a0b98c711 sp=0x00007f0a229fcf68 mode 0
Event: 30,667 Thread 0x00007f0a1c0179a0 DEOPT PACKING pc=0x00007f0a04461a54 sp=0x00007f0a229fdab0
Event: 30,667 Thread 0x00007f0a1c0179a0 DEOPT UNPACKING pc=0x00007f0a0b98c711 sp=0x00007f0a229fcf68 mode 0
Event: 31,642 Thread 0x00007f0a1c0179a0 DEOPT PACKING pc=0x00007f0a0441668d sp=0x00007f0a229fd370
Event: 31,642 Thread 0x00007f0a1c0179a0 DEOPT UNPACKING pc=0x00007f0a0b98c711 sp=0x00007f0a229fc818 mode 0
Event: 31,704 Thread 0x00007f0a1c0179a0 DEOPT PACKING pc=0x00007f0a044196a4 sp=0x00007f0a229fd440
Event: 31,704 Thread 0x00007f0a1c0179a0 DEOPT UNPACKING pc=0x00007f0a0b98c711 sp=0x00007f0a229fc880 mode 0

Classes loaded (20 events):
Event: 31,152 Loading class jdk/internal/module/ModulePatcher$PatchedModuleReader
Event: 31,152 Loading class jdk/internal/module/ModulePatcher$PatchedModuleReader done
Event: 31,153 Loading class sun/net/www/protocol/jrt/Handler
Event: 31,153 Loading class sun/net/www/protocol/jrt/Handler done
Event: 31,186 Loading class sun/util/resources/LocaleData$CommonResourceBundleProvider
Event: 31,186 Loading class sun/util/resources/LocaleData$LocaleDataResourceBundleProvider
Event: 31,186 Loading class java/util/spi/ResourceBundleProvider
Event: 31,186 Loading class java/util/spi/ResourceBundleProvider done
Event: 31,186 Loading class sun/util/resources/LocaleData$LocaleDataResourceBundleProvider done
Event: 31,186 Loading class sun/util/resources/LocaleData$CommonResourceBundleProvider done
Event: 31,199 Loading class sun/util/resources/Bundles$2
Event: 31,199 Loading class sun/util/resources/Bundles$2 done
Event: 31,213 Loading class java/lang/Class$1
Event: 31,213 Loading class java/lang/Class$1 done
Event: 31,279 Loading class jdk/internal/foreign/MemorySessionImpl
Event: 31,279 Loading class java/lang/foreign/MemorySegment$Scope
Event: 31,279 Loading class java/lang/foreign/MemorySegment$Scope done
Event: 31,279 Loading class jdk/internal/foreign/MemorySessionImpl done
Event: 31,892 Loading class jdk/internal/reflect/MethodHandleLongFieldAccessorImpl
Event: 31,892 Loading class jdk/internal/reflect/MethodHandleLongFieldAccessorImpl done

Classes unloaded (0 events):
No events

Classes redefined (0 events):
No events

Internal exceptions (13 events):
Event: 29,308 Thread 0x00007f0a1c0179a0 Exception <a 'java/lang/NoSuchMethodError'{0x00000000c8276d80}: 'void java.lang.invoke.DirectMethodHandle$Holder.invokeStatic(java.lang.Object, java.lang.Object)'> (0x00000000c8276d80) 
thrown [src/hotspot/share/interpreter/linkResolver.cpp, line 772]
Event: 29,311 Thread 0x00007f0a1c0179a0 Exception <a 'java/lang/NoSuchMethodError'{0x00000000c827bc88}: 'void java.lang.System.load(java.lang.String, java.lang.Class)'> (0x00000000c827bc88) 
thrown [src/hotspot/share/interpreter/linkResolver.cpp, line 772]
Event: 29,312 Thread 0x00007f0a1c0179a0 Exception <a 'java/lang/NoSuchMethodError'{0x00000000c827c878}: 'void java.lang.invoke.DirectMethodHandle$Holder.invokeSpecial(java.lang.Object, java.lang.Object, java.lang.Object)'> (0x00000000c827c878) 
thrown [src/hotspot/share/interpreter/linkResolver.cpp, line 772]
Event: 29,322 Thread 0x00007f0a1c0179a0 Exception <a 'java/lang/NoSuchMethodError'{0x00000000c828e780}: 'java.lang.Object java.lang.invoke.DirectMethodHandle$Holder.invokeStatic(java.lang.Object, java.lang.Object, int)'> (0x00000000c828e780) 
thrown [src/hotspot/share/interpreter/linkResolver.cpp, line 772]
Event: 29,328 Thread 0x00007f0a1c0179a0 Exception <a 'java/lang/NoSuchMethodError'{0x00000000c8299c48}: 'void java.lang.invoke.DelegatingMethodHandle$Holder.delegate(java.lang.Object, java.lang.Object, int, java.lang.Object)'> (0x00000000c8299c48) 
thrown [src/hotspot/share/interpreter/linkResolver.cpp, line 772]
Event: 29,330 Thread 0x00007f0a1c0179a0 Exception <a 'java/lang/NoSuchMethodError'{0x00000000c829db00}: 'int java.lang.invoke.DirectMethodHandle$Holder.invokeSpecial(java.lang.Object, java.lang.Object, java.lang.Object)'> (0x00000000c829db00) 
thrown [src/hotspot/share/interpreter/linkResolver.cpp, line 772]
Event: 29,345 Thread 0x00007f0a1c0179a0 Exception <a 'java/lang/NoSuchMethodError'{0x00000000c82b7f08}: 'void java.lang.System.loadLibrary(java.lang.String, java.lang.Class)'> (0x00000000c82b7f08) 
thrown [src/hotspot/share/interpreter/linkResolver.cpp, line 772]
Event: 30,066 Thread 0x00007f0a1c0179a0 Exception <a 'java/lang/NoSuchMethodError'{0x00000000c8005bc0}: 'int java.lang.invoke.Invokers$Holder.invokeExact_MT(java.lang.Object, java.lang.Object)'> (0x00000000c8005bc0) 
thrown [src/hotspot/share/interpreter/linkResolver.cpp, line 772]
Event: 30,604 Thread 0x00007f0a1c0179a0 Exception <a 'java/lang/NoSuchMethodError'{0x00000000c808f6d8}: 'void java.lang.System.load(java.lang.String, java.lang.Class)'> (0x00000000c808f6d8) 
thrown [src/hotspot/share/interpreter/linkResolver.cpp, line 772]
Event: 30,616 Thread 0x00007f0a1c0179a0 Exception <a 'java/lang/NoSuchMethodError'{0x00000000c8092078}: 'void java.lang.System.loadLibrary(java.lang.String, java.lang.Class)'> (0x00000000c8092078) 
thrown [src/hotspot/share/interpreter/linkResolver.cpp, line 772]
Event: 30,671 Thread 0x00007f0a1c0179a0 Exception <a 'sun/nio/fs/UnixException'{0x00000000c80a7460}> (0x00000000c80a7460) 
thrown [src/hotspot/share/prims/jni.cpp, line 520]
Event: 31,893 Thread 0x00007f0a1c0179a0 Exception <a 'java/lang/NoSuchMethodError'{0x00000000c80b8a40}: 'long java.lang.invoke.DelegatingMethodHandle$Holder.reinvoke_L(java.lang.Object, java.lang.Object)'> (0x00000000c80b8a40) 
thrown [src/hotspot/share/interpreter/linkResolver.cpp, line 772]
Event: 31,896 Thread 0x00007f0a1c0179a0 Exception <a 'java/lang/NoSuchMethodError'{0x00000000c80bf190}: 'long java.lang.invoke.Invokers$Holder.invokeExact_MT(java.lang.Object, java.lang.Object, java.lang.Object)'> (0x00000000c80bf190) 
thrown [src/hotspot/share/interpreter/linkResolver.cpp, line 772]

ZGC Phase Switch (0 events):
No events

VM Operations (18 events):
Event: 0,768 Executing VM operation: ChangeBreakpoints
Event: 0,768 Executing VM operation: ChangeBreakpoints done
Event: 1,738 Executing VM operation: get/set locals
Event: 1,738 Executing VM operation: get/set locals done
Event: 10,879 Executing VM operation: get/set locals
Event: 10,879 Executing VM operation: get/set locals done
Event: 12,075 Executing VM operation: get/set locals
Event: 12,075 Executing VM operation: get/set locals done
Event: 13,219 Executing VM operation: get/set locals
Event: 13,219 Executing VM operation: get/set locals done
Event: 20,771 Executing VM operation: ChangeBreakpoints
Event: 20,771 Executing VM operation: ChangeBreakpoints done
Event: 29,774 Executing VM operation: Cleanup
Event: 29,774 Executing VM operation: Cleanup done
Event: 30,679 Executing VM operation: HandshakeAllThreads (Deoptimize)
Event: 30,679 Executing VM operation: HandshakeAllThreads (Deoptimize) done
Event: 31,542 Executing VM operation: G1CollectForAllocation (G1 Evacuation Pause)
Event: 31,553 Executing VM operation: G1CollectForAllocation (G1 Evacuation Pause) done

Events (20 events):
Event: 0,160 Thread 0x00007f0a1c0da5a0 Thread added: 0x00007f0a1c0da5a0
Event: 0,161 Protecting memory [0x00007f0a1bf00000,0x00007f0a1bf04000] with protection modes 0
Event: 0,161 Thread 0x00007f0a1c0dbbe0 Thread added: 0x00007f0a1c0dbbe0
Event: 0,161 Protecting memory [0x00007f0a04300000,0x00007f0a04304000] with protection modes 0
Event: 0,163 Thread 0x00007f0a1c0dd180 Thread added: 0x00007f0a1c0dd180
Event: 0,164 Protecting memory [0x00007f0a04200000,0x00007f0a04204000] with protection modes 0
Event: 0,164 Thread 0x00007f0a1c0decc0 Thread added: 0x00007f0a1c0decc0
Event: 0,165 Protecting memory [0x00007f0a04100000,0x00007f0a04104000] with protection modes 0
Event: 0,172 Thread 0x00007f0a1c0e0380 Thread added: 0x00007f0a1c0e0380
Event: 0,183 Protecting memory [0x00007f0a04000000,0x00007f0a04004000] with protection modes 0
Event: 0,213 Thread 0x00007f0a1c102c10 Thread added: 0x00007f0a1c102c10
Event: 0,213 Protecting memory [0x00007f09f5e2f000,0x00007f09f5e33000] with protection modes 0
Event: 0,214 Thread 0x00007f0a1c104ed0 Thread added: 0x00007f0a1c104ed0
Event: 0,214 Protecting memory [0x00007f09f5d2f000,0x00007f09f5d33000] with protection modes 0
Event: 0,215 Thread 0x0000559028903fe0 Thread added: 0x0000559028903fe0
Event: 0,215 Protecting memory [0x00007f09f5c2f000,0x00007f09f5c33000] with protection modes 0
Event: 0,687 Thread 0x00007f0a1c106170 Thread added: 0x00007f0a1c106170
Event: 0,695 Protecting memory [0x00007f09f5b2f000,0x00007f09f5b33000] with protection modes 0
Event: 0,695 Thread 0x00007f0a1c129ed0 Thread added: 0x00007f0a1c129ed0
Event: 0,695 Protecting memory [0x00007f09f5a2f000,0x00007f09f5a33000] with protection modes 0


Dynamic libraries:
c4800000-c8400000 rw-p 00000000 00:00 0 
c8400000-ffe00000 ---p 00000000 00:00 0 
ffe00000-fff08000 rw-p 00ce7000 08:03 10111197                           /usr/lib/jvm/java-21-openjdk/lib/server/classes.jsa
fff08000-100000000 rw-p 00000000 00:00 0 
5590270fa000-5590270fb000 r--p 00000000 08:03 10111141                   /usr/lib/jvm/java-21-openjdk/bin/java
5590270fb000-5590270fc000 r-xp 00001000 08:03 10111141                   /usr/lib/jvm/java-21-openjdk/bin/java
5590270fc000-5590270fd000 r--p 00002000 08:03 10111141                   /usr/lib/jvm/java-21-openjdk/bin/java
5590270fd000-5590270fe000 r--p 00002000 08:03 10111141                   /usr/lib/jvm/java-21-openjdk/bin/java
5590270fe000-5590270ff000 rw-p 00003000 08:03 10111141                   /usr/lib/jvm/java-21-openjdk/bin/java
5590288ec000-559028933000 rw-p 00000000 00:00 0                          [heap]
7f0973c00000-7f097474d000 r--p 00000000 08:03 9319036                    /usr/lib/libLLVM-16.so
7f097474d000-7f0978ab0000 r-xp 00b4d000 08:03 9319036                    /usr/lib/libLLVM-16.so
7f0978ab0000-7f097b851000 r--p 04eb0000 08:03 9319036                    /usr/lib/libLLVM-16.so
7f097b851000-7f097bf05000 r--p 07c50000 08:03 9319036                    /usr/lib/libLLVM-16.so
7f097bf05000-7f097bf4e000 rw-p 08304000 08:03 9319036                    /usr/lib/libLLVM-16.so
7f097bf4e000-7f097bfe1000 rw-p 00000000 00:00 0 
7f097c000000-7f097c200000 rw-p 00000000 00:00 0 
7f097c200000-7f0980000000 ---p 00000000 00:00 0 
7f0980400000-7f09804a3000 r--p 00000000 08:03 9319409                    /usr/lib/dri/crocus_dri.so
7f09804a3000-7f0982ede000 r-xp 000a3000 08:03 9319409                    /usr/lib/dri/crocus_dri.so
7f0982ede000-7f0983d43000 r--p 02ade000 08:03 9319409                    /usr/lib/dri/crocus_dri.so
7f0983d43000-7f0983dcd000 r--p 03942000 08:03 9319409                    /usr/lib/dri/crocus_dri.so
7f0983dcd000-7f0983de3000 rw-p 039cc000 08:03 9319409                    /usr/lib/dri/crocus_dri.so
7f0983de3000-7f0983fa4000 rw-p 00000000 00:00 0 
7f0984000000-7f0984021000 rw-p 00000000 00:00 0 
7f0984021000-7f0988000000 ---p 00000000 00:00 0 
7f0988000000-7f09882ed000 rw-p 00000000 00:00 0 
7f09882ed000-7f098c000000 ---p 00000000 00:00 0 
7f098c000000-7f098c021000 rw-p 00000000 00:00 0 
7f098c021000-7f0990000000 ---p 00000000 00:00 0 
7f0990000000-7f0990021000 rw-p 00000000 00:00 0 
7f0990021000-7f0994000000 ---p 00000000 00:00 0 
7f0994000000-7f0994021000 rw-p 00000000 00:00 0 
7f0994021000-7f0998000000 ---p 00000000 00:00 0 
7f0998000000-7f0998021000 rw-p 00000000 00:00 0 
7f0998021000-7f099c000000 ---p 00000000 00:00 0 
7f099c000000-7f099c021000 rw-p 00000000 00:00 0 
7f099c021000-7f09a0000000 ---p 00000000 00:00 0 
7f09a0400000-7f09a0457000 r-xp 00000000 00:1a 191                        /tmp/lwjglvlad/3.2.2-build-10/liblwjgl_opengl.so
7f09a0457000-7f09a0656000 ---p 00057000 00:1a 191                        /tmp/lwjglvlad/3.2.2-build-10/liblwjgl_opengl.so
7f09a0656000-7f09a0657000 r--p 00056000 00:1a 191                        /tmp/lwjglvlad/3.2.2-build-10/liblwjgl_opengl.so
7f09a0657000-7f09a0658000 rw-p 00057000 00:1a 191                        /tmp/lwjglvlad/3.2.2-build-10/liblwjgl_opengl.so
7f09a067f000-7f09a07ff000 rw-s 101265000 00:0f 11078                     anon_inode:i915.gem
7f09a07ff000-7f09a0800000 ---p 00000000 00:00 0 
7f09a0800000-7f09a1000000 rw-p 00000000 00:00 0 
7f09a1000000-7f09a2e8d000 r--p 00000000 08:03 9329756                    /usr/lib/libicudata.so.73.2
7f09a2e8d000-7f09a2e8e000 r--p 01e8c000 08:03 9329756                    /usr/lib/libicudata.so.73.2
7f09a2ec0000-7f09a3000000 rw-s 105cb5000 00:0f 11078                     anon_inode:i915.gem
7f09a3000000-7f09a31b0000 rw-p 00000000 00:00 0 
7f09a31b0000-7f09a3400000 ---p 00000000 00:00 0 
7f09a3400000-7f09a3510000 rw-p 00000000 00:00 0 
7f09a3510000-7f09a3740000 rw-p 00000000 00:00 0 
7f09a3740000-7f09a7000000 ---p 00000000 00:00 0 
7f09a7000000-7f09a7ca8000 rw-p 00001000 08:03 10111197                   /usr/lib/jvm/java-21-openjdk/lib/server/classes.jsa
7f09a7ca8000-7f09a8000000 ---p 00000000 00:00 0 
7f09a8000000-7f09a8030000 rw-p 00000000 00:00 0 
7f09a8030000-7f09a8040000 ---p 00000000 00:00 0 
7f09a8040000-7f09a8060000 rw-p 00000000 00:00 0 
7f09a8060000-7f09e8000000 ---p 00000000 00:00 0 
7f09e8000000-7f09e8021000 rw-p 00000000 00:00 0 
7f09e8021000-7f09ec000000 ---p 00000000 00:00 0 
7f09ec000000-7f09ec021000 rw-p 00000000 00:00 0 
7f09ec021000-7f09f0000000 ---p 00000000 00:00 0 
7f09f0000000-7f09f0021000 rw-p 00000000 00:00 0 
7f09f0021000-7f09f4000000 ---p 00000000 00:00 0 
7f09f40be000-7f09f40bf000 ---p 00000000 00:00 0 
7f09f40bf000-7f09f48bf000 rw-p 00000000 00:00 0 
7f09f48bf000-7f09f4a00000 rw-s 00000000 08:03 30015644                   /home/vlad/.cache/mesa_shader_cache/index
7f09f4a00000-7f09f4a65000 r--p 00000000 08:03 9329761                    /usr/lib/libicuuc.so.73.2
7f09f4a65000-7f09f4b62000 r-xp 00065000 08:03 9329761                    /usr/lib/libicuuc.so.73.2
7f09f4b62000-7f09f4bf2000 r--p 00162000 08:03 9329761                    /usr/lib/libicuuc.so.73.2
7f09f4bf2000-7f09f4c05000 r--p 001f2000 08:03 9329761                    /usr/lib/libicuuc.so.73.2
7f09f4c05000-7f09f4c06000 rw-p 00205000 08:03 9329761                    /usr/lib/libicuuc.so.73.2
7f09f4c06000-7f09f4c08000 rw-p 00000000 00:00 0 
7f09f4c25000-7f09f4c26000 ---p 00000000 00:00 0 
7f09f4c26000-7f09f4d26000 rw-p 00000000 00:00 0 
7f09f4d26000-7f09f4d2a000 r--p 00000000 08:03 9329829                    /usr/lib/liblzma.so.5.4.4
7f09f4d2a000-7f09f4d4b000 r-xp 00004000 08:03 9329829                    /usr/lib/liblzma.so.5.4.4
7f09f4d4b000-7f09f4d57000 r--p 00025000 08:03 9329829                    /usr/lib/liblzma.so.5.4.4
7f09f4d57000-7f09f4d58000 r--p 00031000 08:03 9329829                    /usr/lib/liblzma.so.5.4.4
7f09f4d58000-7f09f4d59000 rw-p 00032000 08:03 9329829                    /usr/lib/liblzma.so.5.4.4
7f09f4d59000-7f09f4d5c000 r--p 00000000 08:03 9329989                    /usr/lib/libpciaccess.so.0.11.1
7f09f4d5c000-7f09f4d61000 r-xp 00003000 08:03 9329989                    /usr/lib/libpciaccess.so.0.11.1
7f09f4d61000-7f09f4d63000 r--p 00008000 08:03 9329989                    /usr/lib/libpciaccess.so.0.11.1
7f09f4d63000-7f09f4d64000 r--p 00009000 08:03 9329989                    /usr/lib/libpciaccess.so.0.11.1
7f09f4d64000-7f09f4d65000 rw-p 0000a000 08:03 9329989                    /usr/lib/libpciaccess.so.0.11.1
7f09f4d65000-7f09f4d97000 r--p 00000000 08:03 9330272                    /usr/lib/libxml2.so.2.11.5
7f09f4d97000-7f09f4e75000 r-xp 00032000 08:03 9330272                    /usr/lib/libxml2.so.2.11.5
7f09f4e75000-7f09f4ebe000 r--p 00110000 08:03 9330272                    /usr/lib/libxml2.so.2.11.5
7f09f4ebe000-7f09f4ec9000 r--p 00158000 08:03 9330272                    /usr/lib/libxml2.so.2.11.5
7f09f4ec9000-7f09f4eca000 rw-p 00163000 08:03 9330272                    /usr/lib/libxml2.so.2.11.5
7f09f4eca000-7f09f4ecb000 rw-p 00000000 00:00 0 
7f09f4ecb000-7f09f4ee1000 r--p 00000000 08:03 9329894                    /usr/lib/libncursesw.so.6.4
7f09f4ee1000-7f09f4f25000 r-xp 00016000 08:03 9329894                    /usr/lib/libncursesw.so.6.4
7f09f4f25000-7f09f4f3d000 r--p 0005a000 08:03 9329894                    /usr/lib/libncursesw.so.6.4
7f09f4f3d000-7f09f4f41000 r--p 00072000 08:03 9329894                    /usr/lib/libncursesw.so.6.4
7f09f4f41000-7f09f4f42000 rw-p 00076000 08:03 9329894                    /usr/lib/libncursesw.so.6.4
7f09f4f42000-7f09f4f4b000 r--p 00000000 08:03 9317526                    /usr/lib/libedit.so.0.0.72
7f09f4f4b000-7f09f4f6a000 r-xp 00009000 08:03 9317526                    /usr/lib/libedit.so.0.0.72
7f09f4f6a000-7f09f4f78000 r--p 00028000 08:03 9317526                    /usr/lib/libedit.so.0.0.72
7f09f4f78000-7f09f4f7a000 r--p 00036000 08:03 9317526                    /usr/lib/libedit.so.0.0.72
7f09f4f7a000-7f09f4f7b000 rw-p 00038000 08:03 9317526                    /usr/lib/libedit.so.0.0.72
7f09f4f7b000-7f09f4f7e000 rw-p 00000000 00:00 0 
7f09f4f7e000-7f09f4f80000 r--p 00000000 08:03 9329588                    /usr/lib/libffi.so.8.1.2
7f09f4f80000-7f09f4f86000 r-xp 00002000 08:03 9329588                    /usr/lib/libffi.so.8.1.2
7f09f4f86000-7f09f4f87000 r--p 00008000 08:03 9329588                    /usr/lib/libffi.so.8.1.2
7f09f4f87000-7f09f4f88000 r--p 00009000 08:03 9329588                    /usr/lib/libffi.so.8.1.2
7f09f4f88000-7f09f4f89000 rw-p 0000a000 08:03 9329588                    /usr/lib/libffi.so.8.1.2
7f09f4f89000-7f09f4f8c000 r--p 00000000 08:03 9316572                    /usr/lib/libdrm_intel.so.1.0.0
7f09f4f8c000-7f09f4fa1000 r-xp 00003000 08:03 9316572                    /usr/lib/libdrm_intel.so.1.0.0
7f09f4fa1000-7f09f4fab000 r--p 00018000 08:03 9316572                    /usr/lib/libdrm_intel.so.1.0.0
7f09f4fab000-7f09f4fac000 r--p 00021000 08:03 9316572                    /usr/lib/libdrm_intel.so.1.0.0
7f09f4fac000-7f09f4fad000 rw-p 00022000 08:03 9316572                    /usr/lib/libdrm_intel.so.1.0.0
7f09f4fad000-7f09f4faf000 r--p 00000000 08:03 9316575                    /usr/lib/libdrm_nouveau.so.2.0.0
7f09f4faf000-7f09f4fb3000 r-xp 00002000 08:03 9316575                    /usr/lib/libdrm_nouveau.so.2.0.0
7f09f4fb3000-7f09f4fb5000 r--p 00006000 08:03 9316575                    /usr/lib/libdrm_nouveau.so.2.0.0
7f09f4fb5000-7f09f4fb6000 r--p 00007000 08:03 9316575                    /usr/lib/libdrm_nouveau.so.2.0.0
7f09f4fb6000-7f09f4fb7000 rw-p 00008000 08:03 9316575                    /usr/lib/libdrm_nouveau.so.2.0.0
7f09f4fb7000-7f09f4fba000 r--p 00000000 08:03 9316569                    /usr/lib/libdrm_amdgpu.so.1.0.0
7f09f4fba000-7f09f4fbf000 r-xp 00003000 08:03 9316569                    /usr/lib/libdrm_amdgpu.so.1.0.0
7f09f4fbf000-7f09f4fc1000 r--p 00008000 08:03 9316569                    /usr/lib/libdrm_amdgpu.so.1.0.0
7f09f4fc1000-7f09f4fc2000 r--p 00009000 08:03 9316569                    /usr/lib/libdrm_amdgpu.so.1.0.0
7f09f4fc2000-7f09f4fc3000 rw-p 0000a000 08:03 9316569                    /usr/lib/libdrm_amdgpu.so.1.0.0
7f09f4fc3000-7f09f4fc7000 r--p 00000000 08:03 9329563                    /usr/lib/libelf-0.189.so
7f09f4fc7000-7f09f4fd9000 r-xp 00004000 08:03 9329563                    /usr/lib/libelf-0.189.so
7f09f4fd9000-7f09f4fdd000 r--p 00016000 08:03 9329563                    /usr/lib/libelf-0.189.so
7f09f4fdd000-7f09f4fde000 r--p 0001a000 08:03 9329563                    /usr/lib/libelf-0.189.so
7f09f4fde000-7f09f4fdf000 rw-p 0001b000 08:03 9329563                    /usr/lib/libelf-0.189.so
7f09f4fdf000-7f09f4fe1000 r--p 00000000 08:03 9316578                    /usr/lib/libdrm_radeon.so.1.0.1
7f09f4fe1000-7f09f4fe7000 r-xp 00002000 08:03 9316578                    /usr/lib/libdrm_radeon.so.1.0.1
7f09f4fe7000-7f09f4feb000 r--p 00008000 08:03 9316578                    /usr/lib/libdrm_radeon.so.1.0.1
7f09f4feb000-7f09f4fec000 r--p 0000b000 08:03 9316578                    /usr/lib/libdrm_radeon.so.1.0.1
7f09f4fec000-7f09f4fed000 rw-p 0000c000 08:03 9316578                    /usr/lib/libdrm_radeon.so.1.0.1
7f09f4fed000-7f09f4ff0000 r--p 00000000 08:03 9330073                    /usr/lib/libsensors.so.5.0.0
7f09f4ff0000-7f09f4ff7000 r-xp 00003000 08:03 9330073                    /usr/lib/libsensors.so.5.0.0
7f09f4ff7000-7f09f4ffb000 r--p 0000a000 08:03 9330073                    /usr/lib/libsensors.so.5.0.0
7f09f4ffb000-7f09f4ffc000 r--p 0000e000 08:03 9330073                    /usr/lib/libsensors.so.5.0.0
7f09f4ffc000-7f09f4ffd000 rw-p 0000f000 08:03 9330073                    /usr/lib/libsensors.so.5.0.0
7f09f4ffd000-7f09f5009000 r--p 00000000 08:03 9330286                    /usr/lib/libzstd.so.1.5.5
7f09f5009000-7f09f50ba000 r-xp 0000c000 08:03 9330286                    /usr/lib/libzstd.so.1.5.5
7f09f50ba000-7f09f50ce000 r--p 000bd000 08:03 9330286                    /usr/lib/libzstd.so.1.5.5
7f09f50ce000-7f09f50cf000 r--p 000d1000 08:03 9330286                    /usr/lib/libzstd.so.1.5.5
7f09f50cf000-7f09f50d0000 rw-p 000d2000 08:03 9330286                    /usr/lib/libzstd.so.1.5.5
7f09f50d0000-7f09f5100000 r--p 00000000 08:03 9961557                    /usr/share/locale/ru/LC_MESSAGES/libc.mo
7f09f5100000-7f09f5103000 r--p 00000000 08:03 9313448                    /usr/lib/libxcb-xfixes.so.0.0.0
7f09f5103000-7f09f5106000 r-xp 00003000 08:03 9313448                    /usr/lib/libxcb-xfixes.so.0.0.0
7f09f5106000-7f09f5107000 r--p 00006000 08:03 9313448                    /usr/lib/libxcb-xfixes.so.0.0.0
7f09f5107000-7f09f5108000 r--p 00007000 08:03 9313448                    /usr/lib/libxcb-xfixes.so.0.0.0
7f09f5108000-7f09f5109000 rw-p 00008000 08:03 9313448                    /usr/lib/libxcb-xfixes.so.0.0.0
7f09f5109000-7f09f510c000 r--p 00000000 08:03 9313442                    /usr/lib/libxcb-sync.so.1.0.0
7f09f510c000-7f09f510f000 r-xp 00003000 08:03 9313442                    /usr/lib/libxcb-sync.so.1.0.0
7f09f510f000-7f09f5110000 r--p 00006000 08:03 9313442                    /usr/lib/libxcb-sync.so.1.0.0
7f09f5110000-7f09f5111000 r--p 00007000 08:03 9313442                    /usr/lib/libxcb-sync.so.1.0.0
7f09f5111000-7f09f5112000 rw-p 00008000 08:03 9313442                    /usr/lib/libxcb-sync.so.1.0.0
7f09f5112000-7f09f5113000 r--p 00000000 08:03 9313418                    /usr/lib/libxcb-present.so.0.0.0
7f09f5113000-7f09f5114000 r-xp 00001000 08:03 9313418                    /usr/lib/libxcb-present.so.0.0.0
7f09f5114000-7f09f5115000 r--p 00002000 08:03 9313418                    /usr/lib/libxcb-present.so.0.0.0
7f09f5115000-7f09f5116000 r--p 00002000 08:03 9313418                    /usr/lib/libxcb-present.so.0.0.0
7f09f5116000-7f09f5117000 rw-p 00003000 08:03 9313418                    /usr/lib/libxcb-present.so.0.0.0
7f09f5117000-7f09f5119000 r--p 00000000 08:03 9313412                    /usr/lib/libxcb-dri3.so.0.1.0
7f09f5119000-7f09f511b000 r-xp 00002000 08:03 9313412                    /usr/lib/libxcb-dri3.so.0.1.0
7f09f511b000-7f09f511c000 r--p 00004000 08:03 9313412                    /usr/lib/libxcb-dri3.so.0.1.0
7f09f511c000-7f09f511d000 r--p 00004000 08:03 9313412                    /usr/lib/libxcb-dri3.so.0.1.0
7f09f511d000-7f09f511e000 rw-p 00005000 08:03 9313412                    /usr/lib/libxcb-dri3.so.0.1.0
7f09f511e000-7f09f5125000 r--p 00000000 08:03 9313421                    /usr/lib/libxcb-randr.so.0.1.0
7f09f5125000-7f09f512b000 r-xp 00007000 08:03 9313421                    /usr/lib/libxcb-randr.so.0.1.0
7f09f512b000-7f09f512e000 r--p 0000d000 08:03 9313421                    /usr/lib/libxcb-randr.so.0.1.0
7f09f512e000-7f09f512f000 r--p 00010000 08:03 9313421                    /usr/lib/libxcb-randr.so.0.1.0
7f09f512f000-7f09f5130000 rw-p 00011000 08:03 9313421                    /usr/lib/libxcb-randr.so.0.1.0
7f09f5130000-7f09f5131000 r--p 00000000 08:03 9330273                    /usr/lib/libxshmfence.so.1.0.0
7f09f5131000-7f09f5132000 r-xp 00001000 08:03 9330273                    /usr/lib/libxshmfence.so.1.0.0
7f09f5132000-7f09f5133000 r--p 00002000 08:03 9330273                    /usr/lib/libxshmfence.so.1.0.0
7f09f5133000-7f09f5134000 r--p 00002000 08:03 9330273                    /usr/lib/libxshmfence.so.1.0.0
7f09f5134000-7f09f5135000 rw-p 00003000 08:03 9330273                    /usr/lib/libxshmfence.so.1.0.0
7f09f5135000-7f09f5139000 r--p 00000000 08:03 9329577                    /usr/lib/libexpat.so.1.8.10
7f09f5139000-7f09f5155000 r-xp 00004000 08:03 9329577                    /usr/lib/libexpat.so.1.8.10
7f09f5155000-7f09f515d000 r--p 00020000 08:03 9329577                    /usr/lib/libexpat.so.1.8.10
7f09f515d000-7f09f515f000 r--p 00028000 08:03 9329577                    /usr/lib/libexpat.so.1.8.10
7f09f515f000-7f09f5160000 rw-p 0002a000 08:03 9329577                    /usr/lib/libexpat.so.1.8.10
7f09f5160000-7f09f517a000 r--p 00000000 08:03 9319416                    /usr/lib/libGLX_mesa.so.0.0.0
7f09f517a000-7f09f51e2000 r-xp 0001a000 08:03 9319416                    /usr/lib/libGLX_mesa.so.0.0.0
7f09f51e2000-7f09f51f9000 r--p 00082000 08:03 9319416                    /usr/lib/libGLX_mesa.so.0.0.0
7f09f51f9000-7f09f51fc000 r--p 00099000 08:03 9319416                    /usr/lib/libGLX_mesa.so.0.0.0
7f09f51fc000-7f09f51fd000 rw-p 0009c000 08:03 9319416                    /usr/lib/libGLX_mesa.so.0.0.0
7f09f51fd000-7f09f5200000 rw-p 00000000 00:00 0 
7f09f5200000-7f09f5243000 r-xp 00000000 00:1a 190                        /tmp/lwjglvlad/3.2.2-build-10/libglfw.so
7f09f5243000-7f09f5442000 ---p 00043000 00:1a 190                        /tmp/lwjglvlad/3.2.2-build-10/libglfw.so
7f09f5442000-7f09f5443000 r--p 00042000 00:1a 190                        /tmp/lwjglvlad/3.2.2-build-10/libglfw.so
7f09f5443000-7f09f5445000 rw-p 00043000 00:1a 190                        /tmp/lwjglvlad/3.2.2-build-10/libglfw.so
7f09f5445000-7f09f5466000 rw-p 00000000 00:00 0 
7f09f5469000-7f09f546b000 r--p 00000000 08:03 9313409                    /usr/lib/libxcb-dri2.so.0.0.0
7f09f546b000-7f09f546d000 r-xp 00002000 08:03 9313409                    /usr/lib/libxcb-dri2.so.0.0.0
7f09f546d000-7f09f546e000 r--p 00004000 08:03 9313409                    /usr/lib/libxcb-dri2.so.0.0.0
7f09f546e000-7f09f546f000 r--p 00004000 08:03 9313409                    /usr/lib/libxcb-dri2.so.0.0.0
7f09f546f000-7f09f5470000 rw-p 00005000 08:03 9313409                    /usr/lib/libxcb-dri2.so.0.0.0
7f09f5470000-7f09f547c000 r--p 00000000 08:03 9313415                    /usr/lib/libxcb-glx.so.0.0.0
7f09f547c000-7f09f5485000 r-xp 0000c000 08:03 9313415                    /usr/lib/libxcb-glx.so.0.0.0
7f09f5485000-7f09f548a000 r--p 00015000 08:03 9313415                    /usr/lib/libxcb-glx.so.0.0.0
7f09f548a000-7f09f548c000 r--p 0001a000 08:03 9313415                    /usr/lib/libxcb-glx.so.0.0.0
7f09f548c000-7f09f548d000 rw-p 0001c000 08:03 9313415                    /usr/lib/libxcb-glx.so.0.0.0
7f09f548d000-7f09f549a000 r--p 00000000 08:03 9319425                    /usr/lib/libglapi.so.0.0.0
7f09f549a000-7f09f54a8000 r-xp 0000d000 08:03 9319425                    /usr/lib/libglapi.so.0.0.0
7f09f54a8000-7f09f54bd000 r--p 0001b000 08:03 9319425                    /usr/lib/libglapi.so.0.0.0
7f09f54bd000-7f09f54c1000 r--p 00030000 08:03 9319425                    /usr/lib/libglapi.so.0.0.0
7f09f54c1000-7f09f54c2000 rw-p 00034000 08:03 9319425                    /usr/lib/libglapi.so.0.0.0
7f09f54c2000-7f09f5503000 r--p 00000000 08:03 9319631                    /usr/lib/libGLdispatch.so.0.0.0
7f09f5503000-7f09f5542000 r-xp 00041000 08:03 9319631                    /usr/lib/libGLdispatch.so.0.0.0
7f09f5542000-7f09f5555000 r--p 00080000 08:03 9319631                    /usr/lib/libGLdispatch.so.0.0.0
7f09f5555000-7f09f5571000 r--p 00093000 08:03 9319631                    /usr/lib/libGLdispatch.so.0.0.0
7f09f5571000-7f09f5572000 rw-p 000af000 08:03 9319631                    /usr/lib/libGLdispatch.so.0.0.0
7f09f5572000-7f09f557a000 rw-p 00000000 00:00 0 
7f09f557a000-7f09f55bc000 r--p 00000000 08:03 9319527                    /usr/lib/libGL.so.1.7.0
7f09f55bc000-7f09f55db000 r-xp 00042000 08:03 9319527                    /usr/lib/libGL.so.1.7.0
7f09f55db000-7f09f55f0000 r--p 00061000 08:03 9319527                    /usr/lib/libGL.so.1.7.0
7f09f55f0000-7f09f55fe000 r--p 00075000 08:03 9319527                    /usr/lib/libGL.so.1.7.0
7f09f55fe000-7f09f55ff000 rw-p 00083000 08:03 9319527                    /usr/lib/libGL.so.1.7.0
7f09f55ff000-7f09f5600000 rw-p 00000000 00:00 0 
7f09f5600000-7f09f5683000 r-xp 00000000 00:1a 189                        /tmp/lwjglvlad/3.2.2-build-10/liblwjgl.so
7f09f5683000-7f09f5883000 ---p 00083000 00:1a 189                        /tmp/lwjglvlad/3.2.2-build-10/liblwjgl.so
7f09f5883000-7f09f5884000 r--p 00083000 00:1a 189                        /tmp/lwjglvlad/3.2.2-build-10/liblwjgl.so
7f09f5884000-7f09f5886000 rw-p 00084000 00:1a 189                        /tmp/lwjglvlad/3.2.2-build-10/liblwjgl.so
7f09f5886000-7f09f5887000 rw-p 00000000 00:00 0 
7f09f5888000-7f09f5889000 r--p 00000000 08:03 9313439                    /usr/lib/libxcb-shm.so.0.0.0
7f09f5889000-7f09f588a000 r-xp 00001000 08:03 9313439                    /usr/lib/libxcb-shm.so.0.0.0
7f09f588a000-7f09f588b000 r--p 00002000 08:03 9313439                    /usr/lib/libxcb-shm.so.0.0.0
7f09f588b000-7f09f588c000 r--p 00002000 08:03 9313439                    /usr/lib/libxcb-shm.so.0.0.0
7f09f588c000-7f09f588d000 rw-p 00003000 08:03 9313439                    /usr/lib/libxcb-shm.so.0.0.0
7f09f588d000-7f09f5892000 r--p 00000000 08:03 9316566                    /usr/lib/libdrm.so.2.4.0
7f09f5892000-7f09f589e000 r-xp 00005000 08:03 9316566                    /usr/lib/libdrm.so.2.4.0
7f09f589e000-7f09f58a2000 r--p 00011000 08:03 9316566                    /usr/lib/libdrm.so.2.4.0
7f09f58a2000-7f09f58a3000 r--p 00015000 08:03 9316566                    /usr/lib/libdrm.so.2.4.0
7f09f58a3000-7f09f58a4000 rw-p 00016000 08:03 9316566                    /usr/lib/libdrm.so.2.4.0
7f09f58a4000-7f09f58a7000 r--p 00000000 08:03 9319536                    /usr/lib/libGLX.so.0.0.0
7f09f58a7000-7f09f58c1000 r-xp 00003000 08:03 9319536                    /usr/lib/libGLX.so.0.0.0
7f09f58c1000-7f09f58c4000 r--p 0001d000 08:03 9319536                    /usr/lib/libGLX.so.0.0.0
7f09f58c4000-7f09f58c5000 r--p 00020000 08:03 9319536                    /usr/lib/libGLX.so.0.0.0
7f09f58c5000-7f09f58c6000 rw-p 00021000 08:03 9319536                    /usr/lib/libGLX.so.0.0.0
7f09f58c6000-7f09f58d6000 rw-p 00000000 00:00 0 
7f09f58d6000-7f09f58d7000 r--p 00000000 08:03 9313497                    /usr/lib/libX11-xcb.so.1.0.0
7f09f58d7000-7f09f58d8000 r-xp 00001000 08:03 9313497                    /usr/lib/libX11-xcb.so.1.0.0
7f09f58d8000-7f09f58d9000 r--p 00002000 08:03 9313497                    /usr/lib/libX11-xcb.so.1.0.0
7f09f58d9000-7f09f58da000 r--p 00002000 08:03 9313497                    /usr/lib/libX11-xcb.so.1.0.0
7f09f58da000-7f09f58db000 rw-p 00003000 08:03 9313497                    /usr/lib/libX11-xcb.so.1.0.0
7f09f58db000-7f09f58dc000 r--p 00000000 08:03 9329367                    /usr/lib/libXinerama.so.1.0.0
7f09f58dc000-7f09f58dd000 r-xp 00001000 08:03 9329367                    /usr/lib/libXinerama.so.1.0.0
7f09f58dd000-7f09f58de000 r--p 00002000 08:03 9329367                    /usr/lib/libXinerama.so.1.0.0
7f09f58de000-7f09f58df000 r--p 00002000 08:03 9329367                    /usr/lib/libXinerama.so.1.0.0
7f09f58df000-7f09f58e0000 rw-p 00003000 08:03 9329367                    /usr/lib/libXinerama.so.1.0.0
7f09f58e0000-7f09f58e3000 r--p 00000000 08:03 9329359                    /usr/lib/libXcursor.so.1.0.2
7f09f58e3000-7f09f58e8000 r-xp 00003000 08:03 9329359                    /usr/lib/libXcursor.so.1.0.2
7f09f58e8000-7f09f58ea000 r--p 00008000 08:03 9329359                    /usr/lib/libXcursor.so.1.0.2
7f09f58ea000-7f09f58eb000 r--p 00009000 08:03 9329359                    /usr/lib/libXcursor.so.1.0.2
7f09f58eb000-7f09f58ec000 rw-p 0000a000 08:03 9329359                    /usr/lib/libXcursor.so.1.0.2
7f09f58ec000-7f09f5908000 r--p 00000000 08:03 9313500                    /usr/lib/libX11.so.6.4.0
7f09f5908000-7f09f5993000 r-xp 0001c000 08:03 9313500                    /usr/lib/libX11.so.6.4.0
7f09f5993000-7f09f5a28000 r--p 000a7000 08:03 9313500                    /usr/lib/libX11.so.6.4.0
7f09f5a28000-7f09f5a2b000 r--p 0013b000 08:03 9313500                    /usr/lib/libX11.so.6.4.0
7f09f5a2b000-7f09f5a2f000 rw-p 0013e000 08:03 9313500                    /usr/lib/libX11.so.6.4.0
7f09f5a2f000-7f09f5a33000 ---p 00000000 00:00 0 
7f09f5a33000-7f09f5b2f000 rw-p 00000000 00:00 0 
7f09f5b2f000-7f09f5b33000 ---p 00000000 00:00 0 
7f09f5b33000-7f09f5c2f000 rw-p 00000000 00:00 0 
7f09f5c2f000-7f09f5c33000 ---p 00000000 00:00 0 
7f09f5c33000-7f09f5d2f000 rw-p 00000000 00:00 0 
7f09f5d2f000-7f09f5d33000 ---p 00000000 00:00 0 
7f09f5d33000-7f09f5e2f000 rw-p 00000000 00:00 0 
7f09f5e2f000-7f09f5e33000 ---p 00000000 00:00 0 
7f09f5e33000-7f09f5f2f000 rw-p 00000000 00:00 0 
7f09f5f2f000-7f09f5f34000 r--p 00000000 08:03 10111174                   /usr/lib/jvm/java-21-openjdk/lib/libjsvml.so
7f09f5f34000-7f09f5f75000 r-xp 00005000 08:03 10111174                   /usr/lib/jvm/java-21-openjdk/lib/libjsvml.so
7f09f5f75000-7f09f5ffe000 r--p 00046000 08:03 10111174                   /usr/lib/jvm/java-21-openjdk/lib/libjsvml.so
7f09f5ffe000-7f09f5fff000 r--p 000ce000 08:03 10111174                   /usr/lib/jvm/java-21-openjdk/lib/libjsvml.so
7f09f5fff000-7f09f6000000 rw-p 000cf000 08:03 10111174                   /usr/lib/jvm/java-21-openjdk/lib/libjsvml.so
7f09f6000000-7f09f8021000 rw-p 00000000 00:00 0 
7f09f8021000-7f09fc000000 ---p 00000000 00:00 0 
7f09fc000000-7f09fc021000 rw-p 00000000 00:00 0 
7f09fc021000-7f0a00000000 ---p 00000000 00:00 0 
7f0a00000000-7f0a00021000 rw-p 00000000 00:00 0 
7f0a00021000-7f0a04000000 ---p 00000000 00:00 0 
7f0a04000000-7f0a04004000 ---p 00000000 00:00 0 
7f0a04004000-7f0a04100000 rw-p 00000000 00:00 0 
7f0a04100000-7f0a04104000 ---p 00000000 00:00 0 
7f0a04104000-7f0a04200000 rw-p 00000000 00:00 0 
7f0a04200000-7f0a04204000 ---p 00000000 00:00 0 
7f0a04204000-7f0a04300000 rw-p 00000000 00:00 0 
7f0a04300000-7f0a04304000 ---p 00000000 00:00 0 
7f0a04304000-7f0a04400000 rw-p 00000000 00:00 0 
7f0a04400000-7f0a04670000 rwxp 00000000 00:00 0 
7f0a04670000-7f0a0b938000 ---p 00000000 00:00 0 
7f0a0b938000-7f0a0bba8000 rwxp 00000000 00:00 0 
7f0a0bba8000-7f0a0bec7000 ---p 00000000 00:00 0 
7f0a0bec7000-7f0a0c137000 rwxp 00000000 00:00 0 
7f0a0c137000-7f0a13400000 ---p 00000000 00:00 0 
7f0a13400000-7f0a1bedb000 r--s 00000000 08:03 10111188                   /usr/lib/jvm/java-21-openjdk/lib/modules
7f0a1bede000-7f0a1bee0000 r--p 00000000 08:03 9329363                    /usr/lib/libXfixes.so.3.1.0
7f0a1bee0000-7f0a1bee3000 r-xp 00002000 08:03 9329363                    /usr/lib/libXfixes.so.3.1.0
7f0a1bee3000-7f0a1bee4000 r--p 00005000 08:03 9329363                    /usr/lib/libXfixes.so.3.1.0
7f0a1bee4000-7f0a1bee5000 r--p 00006000 08:03 9329363                    /usr/lib/libXfixes.so.3.1.0
7f0a1bee5000-7f0a1bee6000 rw-p 00007000 08:03 9329363                    /usr/lib/libXfixes.so.3.1.0
7f0a1bee6000-7f0a1bee8000 r--p 00000000 08:03 9329372                    /usr/lib/libXrender.so.1.3.0
7f0a1bee8000-7f0a1beef000 r-xp 00002000 08:03 9329372                    /usr/lib/libXrender.so.1.3.0
7f0a1beef000-7f0a1bef1000 r--p 00009000 08:03 9329372                    /usr/lib/libXrender.so.1.3.0
7f0a1bef1000-7f0a1bef2000 r--p 0000a000 08:03 9329372                    /usr/lib/libXrender.so.1.3.0
7f0a1bef2000-7f0a1bef3000 rw-p 0000b000 08:03 9329372                    /usr/lib/libXrender.so.1.3.0
7f0a1bef3000-7f0a1bef5000 r--p 00000000 08:03 9326346                    /usr/lib/libXrandr.so.2.2.0
7f0a1bef5000-7f0a1befc000 r-xp 00002000 08:03 9326346                    /usr/lib/libXrandr.so.2.2.0
7f0a1befc000-7f0a1befe000 r--p 00009000 08:03 9326346                    /usr/lib/libXrandr.so.2.2.0
7f0a1befe000-7f0a1beff000 r--p 0000a000 08:03 9326346                    /usr/lib/libXrandr.so.2.2.0
7f0a1beff000-7f0a1bf00000 rw-p 0000b000 08:03 9326346                    /usr/lib/libXrandr.so.2.2.0
7f0a1bf00000-7f0a1bf04000 ---p 00000000 00:00 0 
7f0a1bf04000-7f0a1c5e9000 rw-p 00000000 00:00 0 
7f0a1c5e9000-7f0a20000000 ---p 00000000 00:00 0 
7f0a20000000-7f0a20004000 ---p 00000000 00:00 0 
7f0a20004000-7f0a20100000 rw-p 00000000 00:00 0 
7f0a20100000-7f0a20104000 ---p 00000000 00:00 0 
7f0a20104000-7f0a20200000 rw-p 00000000 00:00 0 
7f0a20200000-7f0a204eb000 r--p 00000000 08:03 9310393                    /usr/lib/locale/locale-archive
7f0a204ec000-7f0a204ef000 r--p 00000000 08:03 9329366                    /usr/lib/libXi.so.6.1.0
7f0a204ef000-7f0a204fb000 r-xp 00003000 08:03 9329366                    /usr/lib/libXi.so.6.1.0
7f0a204fb000-7f0a204fe000 r--p 0000f000 08:03 9329366                    /usr/lib/libXi.so.6.1.0
7f0a204fe000-7f0a204ff000 r--p 00011000 08:03 9329366                    /usr/lib/libXi.so.6.1.0
7f0a204ff000-7f0a20500000 rw-p 00012000 08:03 9329366                    /usr/lib/libXi.so.6.1.0
7f0a20500000-7f0a20504000 r--p 00000000 08:03 9329362                    /usr/lib/libXext.so.6.4.0
7f0a20504000-7f0a2050f000 r-xp 00004000 08:03 9329362                    /usr/lib/libXext.so.6.4.0
7f0a2050f000-7f0a20513000 r--p 0000f000 08:03 9329362                    /usr/lib/libXext.so.6.4.0
7f0a20513000-7f0a20514000 r--p 00012000 08:03 9329362                    /usr/lib/libXext.so.6.4.0
7f0a20514000-7f0a20515000 rw-p 00013000 08:03 9329362                    /usr/lib/libXext.so.6.4.0
7f0a20515000-7f0a20516000 r--p 00000000 08:03 9329379                    /usr/lib/libXxf86vm.so.1.0.0
7f0a20516000-7f0a20519000 r-xp 00001000 08:03 9329379                    /usr/lib/libXxf86vm.so.1.0.0
7f0a20519000-7f0a2051a000 r--p 00004000 08:03 9329379                    /usr/lib/libXxf86vm.so.1.0.0
7f0a2051a000-7f0a2051b000 r--p 00004000 08:03 9329379                    /usr/lib/libXxf86vm.so.1.0.0
7f0a2051b000-7f0a2051c000 rw-p 00005000 08:03 9329379                    /usr/lib/libXxf86vm.so.1.0.0
7f0a2051c000-7f0a2051e000 r--p 00000000 08:03 9329361                    /usr/lib/libXdmcp.so.6.0.0
7f0a2051e000-7f0a20520000 r-xp 00002000 08:03 9329361                    /usr/lib/libXdmcp.so.6.0.0
7f0a20520000-7f0a20522000 r--p 00004000 08:03 9329361                    /usr/lib/libXdmcp.so.6.0.0
7f0a20522000-7f0a20523000 r--p 00005000 08:03 9329361                    /usr/lib/libXdmcp.so.6.0.0
7f0a20523000-7f0a20524000 rw-p 00006000 08:03 9329361                    /usr/lib/libXdmcp.so.6.0.0
7f0a20524000-7f0a20525000 r--p 00000000 08:03 9329357                    /usr/lib/libXau.so.6.0.0
7f0a20525000-7f0a20526000 r-xp 00001000 08:03 9329357                    /usr/lib/libXau.so.6.0.0
7f0a20526000-7f0a20527000 r--p 00002000 08:03 9329357                    /usr/lib/libXau.so.6.0.0
7f0a20527000-7f0a20528000 r--p 00002000 08:03 9329357                    /usr/lib/libXau.so.6.0.0
7f0a20528000-7f0a20529000 rw-p 00003000 08:03 9329357                    /usr/lib/libXau.so.6.0.0
7f0a20529000-7f0a20535000 r--p 00000000 08:03 9313469                    /usr/lib/libxcb.so.1.1.0
7f0a20535000-7f0a20549000 r-xp 0000c000 08:03 9313469                    /usr/lib/libxcb.so.1.1.0
7f0a20549000-7f0a20552000 r--p 00020000 08:03 9313469                    /usr/lib/libxcb.so.1.1.0
7f0a20552000-7f0a20553000 r--p 00028000 08:03 9313469                    /usr/lib/libxcb.so.1.1.0
7f0a20553000-7f0a20554000 rw-p 00029000 08:03 9313469                    /usr/lib/libxcb.so.1.1.0
7f0a20554000-7f0a20555000 r--p 00000000 08:03 9310387                    /usr/lib/librt.so.1
7f0a20555000-7f0a20556000 r-xp 00001000 08:03 9310387                    /usr/lib/librt.so.1
7f0a20556000-7f0a20557000 r--p 00002000 08:03 9310387                    /usr/lib/librt.so.1
7f0a20557000-7f0a20558000 r--p 00002000 08:03 9310387                    /usr/lib/librt.so.1
7f0a20558000-7f0a20559000 rw-p 00003000 08:03 9310387                    /usr/lib/librt.so.1
7f0a20559000-7f0a2055a000 r--p 00000000 08:03 9310382                    /usr/lib/libpthread.so.0
7f0a2055a000-7f0a2055b000 r-xp 00001000 08:03 9310382                    /usr/lib/libpthread.so.0
7f0a2055b000-7f0a2055c000 r--p 00002000 08:03 9310382                    /usr/lib/libpthread.so.0
7f0a2055c000-7f0a2055d000 r--p 00002000 08:03 9310382                    /usr/lib/libpthread.so.0
7f0a2055d000-7f0a2055e000 rw-p 00003000 08:03 9310382                    /usr/lib/libpthread.so.0
7f0a20564000-7f0a20565000 r-xp 00000000 00:00 0 
7f0a20565000-7f0a20569000 rw-s 100fce000 00:0f 11078                     anon_inode:i915.gem
7f0a20569000-7f0a2056f000 rw-s 1034c3000 00:0f 11078                     anon_inode:i915.gem
7f0a2056f000-7f0a20573000 rw-s 100d7c000 00:0f 11078                     anon_inode:i915.gem
7f0a20573000-7f0a20579000 rw-s 100e3b000 00:0f 11078                     anon_inode:i915.gem
7f0a20579000-7f0a2057a000 rw-s 00000000 00:01 14245                      /memfd:xshmfence (deleted)
7f0a2057a000-7f0a2057e000 rw-s 104029000 00:0f 11078                     anon_inode:i915.gem
7f0a2057e000-7f0a20580000 r--p 00000000 08:03 10111187                   /usr/lib/jvm/java-21-openjdk/lib/libzip.so
7f0a20580000-7f0a20584000 r-xp 00002000 08:03 10111187                   /usr/lib/jvm/java-21-openjdk/lib/libzip.so
7f0a20584000-7f0a20586000 r--p 00006000 08:03 10111187                   /usr/lib/jvm/java-21-openjdk/lib/libzip.so
7f0a20586000-7f0a20587000 r--p 00007000 08:03 10111187                   /usr/lib/jvm/java-21-openjdk/lib/libzip.so
7f0a20587000-7f0a20588000 rw-p 00008000 08:03 10111187                   /usr/lib/jvm/java-21-openjdk/lib/libzip.so
7f0a20588000-7f0a2058b000 r--p 00000000 08:03 10111180                   /usr/lib/jvm/java-21-openjdk/lib/libnet.so
7f0a2058b000-7f0a20592000 r-xp 00003000 08:03 10111180                   /usr/lib/jvm/java-21-openjdk/lib/libnet.so
7f0a20592000-7f0a20594000 r--p 0000a000 08:03 10111180                   /usr/lib/jvm/java-21-openjdk/lib/libnet.so
7f0a20594000-7f0a20595000 r--p 0000b000 08:03 10111180                   /usr/lib/jvm/java-21-openjdk/lib/libnet.so
7f0a20595000-7f0a20596000 rw-p 0000c000 08:03 10111180                   /usr/lib/jvm/java-21-openjdk/lib/libnet.so
7f0a20596000-7f0a2059d000 r--p 00000000 08:03 10111181                   /usr/lib/jvm/java-21-openjdk/lib/libnio.so
7f0a2059d000-7f0a205a5000 r-xp 00007000 08:03 10111181                   /usr/lib/jvm/java-21-openjdk/lib/libnio.so
7f0a205a5000-7f0a205a9000 r--p 0000f000 08:03 10111181                   /usr/lib/jvm/java-21-openjdk/lib/libnio.so
7f0a205a9000-7f0a205aa000 r--p 00013000 08:03 10111181                   /usr/lib/jvm/java-21-openjdk/lib/libnio.so
7f0a205aa000-7f0a205ab000 rw-p 00014000 08:03 10111181                   /usr/lib/jvm/java-21-openjdk/lib/libnio.so
7f0a205ab000-7f0a205ac000 ---p 00000000 00:00 0 
7f0a205ac000-7f0a206ac000 rw-p 00000000 00:00 0 
7f0a206ac000-7f0a206ad000 ---p 00000000 00:00 0 
7f0a206ad000-7f0a20889000 rw-p 00000000 00:00 0 
7f0a20889000-7f0a2088a000 ---p 00000000 00:00 0 
7f0a2088a000-7f0a2098a000 rw-p 00000000 00:00 0 
7f0a2098a000-7f0a2098b000 ---p 00000000 00:00 0 
7f0a2098b000-7f0a20c8d000 rw-p 00000000 00:00 0 
7f0a20c8d000-7f0a20c8e000 ---p 00000000 00:00 0 
7f0a20c8e000-7f0a20d8e000 rw-p 00000000 00:00 0 
7f0a20d8e000-7f0a20d8f000 ---p 00000000 00:00 0 
7f0a20d8f000-7f0a20e8f000 rw-p 00000000 00:00 0 
7f0a20e8f000-7f0a20e90000 ---p 00000000 00:00 0 
7f0a20e90000-7f0a21080000 rw-p 00000000 00:00 0 
7f0a21080000-7f0a21e68000 ---p 00000000 00:00 0 
7f0a21e68000-7f0a21e6c000 rw-p 00000000 00:00 0 
7f0a21e6c000-7f0a21e8e000 rw-p 00000000 00:00 0 
7f0a21e8e000-7f0a2204b000 ---p 00000000 00:00 0 
7f0a2204b000-7f0a2206a000 rw-p 00000000 00:00 0 
7f0a2206a000-7f0a22227000 ---p 00000000 00:00 0 
7f0a22227000-7f0a2242f000 rw-p 00000000 00:00 0 
7f0a2242f000-7f0a22515000 ---p 00000000 00:00 0 
7f0a22515000-7f0a2251a000 rw-p 00000000 00:00 0 
7f0a2251a000-7f0a22600000 ---p 00000000 00:00 0 
7f0a22600000-7f0a2269c000 r--p 00000000 08:03 9330108                    /usr/lib/libstdc++.so.6.0.32
7f0a2269c000-7f0a227d3000 r-xp 0009c000 08:03 9330108                    /usr/lib/libstdc++.so.6.0.32
7f0a227d3000-7f0a22869000 r--p 001d3000 08:03 9330108                    /usr/lib/libstdc++.so.6.0.32
7f0a22869000-7f0a22876000 r--p 00269000 08:03 9330108                    /usr/lib/libstdc++.so.6.0.32
7f0a22876000-7f0a22877000 rw-p 00276000 08:03 9330108                    /usr/lib/libstdc++.so.6.0.32
7f0a22877000-7f0a2287b000 rw-p 00000000 00:00 0 
7f0a2287b000-7f0a2287c000 rw-s 104414000 00:0f 11078                     anon_inode:i915.gem
7f0a2287c000-7f0a2287d000 rw-s 104413000 00:0f 11078                     anon_inode:i915.gem
7f0a2287d000-7f0a228de000 rw-p 00000000 00:00 0 
7f0a228de000-7f0a228eb000 r--p 00000000 08:03 10111168                   /usr/lib/jvm/java-21-openjdk/lib/libjava.so
7f0a228eb000-7f0a228f8000 r-xp 0000d000 08:03 10111168                   /usr/lib/jvm/java-21-openjdk/lib/libjava.so
7f0a228f8000-7f0a228fd000 r--p 0001a000 08:03 10111168                   /usr/lib/jvm/java-21-openjdk/lib/libjava.so
7f0a228fd000-7f0a228fe000 r--p 0001f000 08:03 10111168                   /usr/lib/jvm/java-21-openjdk/lib/libjava.so
7f0a228fe000-7f0a228ff000 rw-p 00020000 08:03 10111168                   /usr/lib/jvm/java-21-openjdk/lib/libjava.so
7f0a228ff000-7f0a22900000 rw-p 00000000 00:00 0 
7f0a22900000-7f0a22904000 ---p 00000000 00:00 0 
7f0a22904000-7f0a22a00000 rw-p 00000000 00:00 0 
7f0a22a00000-7f0a22c96000 r--p 00000000 08:03 10111200                   /usr/lib/jvm/java-21-openjdk/lib/server/libjvm.so
7f0a22c96000-7f0a23b25000 r-xp 00296000 08:03 10111200                   /usr/lib/jvm/java-21-openjdk/lib/server/libjvm.so
7f0a23b25000-7f0a23df5000 r--p 01125000 08:03 10111200                   /usr/lib/jvm/java-21-openjdk/lib/server/libjvm.so
7f0a23df5000-7f0a23ec4000 r--p 013f5000 08:03 10111200                   /usr/lib/jvm/java-21-openjdk/lib/server/libjvm.so
7f0a23ec4000-7f0a23ef4000 rw-p 014c4000 08:03 10111200                   /usr/lib/jvm/java-21-openjdk/lib/server/libjvm.so
7f0a23ef4000-7f0a23f59000 rw-p 00000000 00:00 0 
7f0a23f59000-7f0a23f5a000 rw-s 1034e7000 00:0f 11078                     anon_inode:i915.gem
7f0a23f5a000-7f0a23f5b000 r--p 00000000 08:03 9310360                    /usr/lib/libdl.so.2
7f0a23f5b000-7f0a23f5c000 r-xp 00001000 08:03 9310360                    /usr/lib/libdl.so.2
7f0a23f5c000-7f0a23f5d000 r--p 00002000 08:03 9310360                    /usr/lib/libdl.so.2
7f0a23f5d000-7f0a23f5e000 r--p 00002000 08:03 9310360                    /usr/lib/libdl.so.2
7f0a23f5e000-7f0a23f5f000 rw-p 00003000 08:03 9310360                    /usr/lib/libdl.so.2
7f0a23f5f000-7f0a23f60000 r--p 00000000 08:03 10111160                   /usr/lib/jvm/java-21-openjdk/lib/libdt_socket.so
7f0a23f60000-7f0a23f63000 r-xp 00001000 08:03 10111160                   /usr/lib/jvm/java-21-openjdk/lib/libdt_socket.so
7f0a23f63000-7f0a23f64000 r--p 00004000 08:03 10111160                   /usr/lib/jvm/java-21-openjdk/lib/libdt_socket.so
7f0a23f64000-7f0a23f65000 r--p 00005000 08:03 10111160                   /usr/lib/jvm/java-21-openjdk/lib/libdt_socket.so
7f0a23f65000-7f0a23f66000 rw-p 00006000 08:03 10111160                   /usr/lib/jvm/java-21-openjdk/lib/libdt_socket.so
7f0a23f66000-7f0a23f69000 r--p 00000000 08:03 10111170                   /usr/lib/jvm/java-21-openjdk/lib/libjdwp.so
7f0a23f69000-7f0a23f99000 r-xp 00003000 08:03 10111170                   /usr/lib/jvm/java-21-openjdk/lib/libjdwp.so
7f0a23f99000-7f0a23fa7000 r--p 00033000 08:03 10111170                   /usr/lib/jvm/java-21-openjdk/lib/libjdwp.so
7f0a23fa7000-7f0a23fa8000 r--p 00041000 08:03 10111170                   /usr/lib/jvm/java-21-openjdk/lib/libjdwp.so
7f0a23fa8000-7f0a23fa9000 rw-p 00042000 08:03 10111170                   /usr/lib/jvm/java-21-openjdk/lib/libjdwp.so
7f0a23fa9000-7f0a23faa000 rw-p 00000000 00:00 0 
7f0a23faa000-7f0a23fae000 r--p 00000000 08:03 9329624                    /usr/lib/libgcc_s.so.1
7f0a23fae000-7f0a23fc9000 r-xp 00004000 08:03 9329624                    /usr/lib/libgcc_s.so.1
7f0a23fc9000-7f0a23fcd000 r--p 0001f000 08:03 9329624                    /usr/lib/libgcc_s.so.1
7f0a23fcd000-7f0a23fce000 r--p 00022000 08:03 9329624                    /usr/lib/libgcc_s.so.1
7f0a23fce000-7f0a23fcf000 rw-p 00023000 08:03 9329624                    /usr/lib/libgcc_s.so.1
7f0a23fcf000-7f0a23fdf000 r--p 00000000 08:03 9310365                    /usr/lib/libm.so.6
7f0a23fdf000-7f0a2405e000 r-xp 00010000 08:03 9310365                    /usr/lib/libm.so.6
7f0a2405e000-7f0a240ba000 r--p 0008f000 08:03 9310365                    /usr/lib/libm.so.6
7f0a240ba000-7f0a240bb000 r--p 000ea000 08:03 9310365                    /usr/lib/libm.so.6
7f0a240bb000-7f0a240bc000 rw-p 000eb000 08:03 9310365                    /usr/lib/libm.so.6
7f0a240bc000-7f0a240bf000 rw-p 00000000 00:00 0 
7f0a240bf000-7f0a240c2000 r--p 00000000 08:03 9310805                    /usr/lib/libz.so.1.3
7f0a240c2000-7f0a240d0000 r-xp 00003000 08:03 9310805                    /usr/lib/libz.so.1.3
7f0a240d0000-7f0a240d7000 r--p 00011000 08:03 9310805                    /usr/lib/libz.so.1.3
7f0a240d7000-7f0a240d8000 r--p 00017000 08:03 9310805                    /usr/lib/libz.so.1.3
7f0a240d8000-7f0a240d9000 rw-p 00018000 08:03 9310805                    /usr/lib/libz.so.1.3
7f0a240d9000-7f0a240ff000 r--p 00000000 08:03 9310355                    /usr/lib/libc.so.6
7f0a240ff000-7f0a24259000 r-xp 00026000 08:03 9310355                    /usr/lib/libc.so.6
7f0a24259000-7f0a242ad000 r--p 00180000 08:03 9310355                    /usr/lib/libc.so.6
7f0a242ad000-7f0a242b1000 r--p 001d3000 08:03 9310355                    /usr/lib/libc.so.6
7f0a242b1000-7f0a242b3000 rw-p 001d7000 08:03 9310355                    /usr/lib/libc.so.6
7f0a242b3000-7f0a242bb000 rw-p 00000000 00:00 0 
7f0a242bb000-7f0a242bc000 r-xp 00000000 00:00 0 
7f0a242bc000-7f0a242c1000 rw-p 00000000 00:00 0 
7f0a242c1000-7f0a242c8000 ---p 00000000 00:00 0 
7f0a242c8000-7f0a242d0000 rw-s 00000000 00:1a 1127                       /tmp/hsperfdata_vlad/31177
7f0a242d0000-7f0a242d1000 ---p 00000000 00:00 0 
7f0a242d1000-7f0a242d2000 r--p 00000000 00:00 0 
7f0a242d2000-7f0a242d3000 ---p 00000000 00:00 0 
7f0a242d3000-7f0a242d5000 r--p 00000000 08:03 10111171                   /usr/lib/jvm/java-21-openjdk/lib/libjimage.so
7f0a242d5000-7f0a242d8000 r-xp 00002000 08:03 10111171                   /usr/lib/jvm/java-21-openjdk/lib/libjimage.so
7f0a242d8000-7f0a242d9000 r--p 00005000 08:03 10111171                   /usr/lib/jvm/java-21-openjdk/lib/libjimage.so
7f0a242d9000-7f0a242da000 r--p 00006000 08:03 10111171                   /usr/lib/jvm/java-21-openjdk/lib/libjimage.so
7f0a242da000-7f0a242db000 rw-p 00007000 08:03 10111171                   /usr/lib/jvm/java-21-openjdk/lib/libjimage.so
7f0a242db000-7f0a242dd000 r--p 00000000 08:03 10111172                   /usr/lib/jvm/java-21-openjdk/lib/libjli.so
7f0a242dd000-7f0a242e7000 r-xp 00002000 08:03 10111172                   /usr/lib/jvm/java-21-openjdk/lib/libjli.so
7f0a242e7000-7f0a242ea000 r--p 0000c000 08:03 10111172                   /usr/lib/jvm/java-21-openjdk/lib/libjli.so
7f0a242ea000-7f0a242eb000 r--p 0000f000 08:03 10111172                   /usr/lib/jvm/java-21-openjdk/lib/libjli.so
7f0a242eb000-7f0a242ec000 rw-p 00010000 08:03 10111172                   /usr/lib/jvm/java-21-openjdk/lib/libjli.so
7f0a242ec000-7f0a242ee000 rw-p 00000000 00:00 0 
7f0a242ee000-7f0a242ef000 r--p 00000000 08:03 9310346                    /usr/lib/ld-linux-x86-64.so.2
7f0a242ef000-7f0a24315000 r-xp 00001000 08:03 9310346                    /usr/lib/ld-linux-x86-64.so.2
7f0a24315000-7f0a2431f000 r--p 00027000 08:03 9310346                    /usr/lib/ld-linux-x86-64.so.2
7f0a2431f000-7f0a24321000 r--p 00031000 08:03 9310346                    /usr/lib/ld-linux-x86-64.so.2
7f0a24321000-7f0a24323000 rw-p 00033000 08:03 9310346                    /usr/lib/ld-linux-x86-64.so.2
7ffe28cc7000-7ffe28ce8000 rw-p 00000000 00:00 0                          [stack]
7ffe28d0b000-7ffe28d0f000 r--p 00000000 00:00 0                          [vvar]
7ffe28d0f000-7ffe28d11000 r-xp 00000000 00:00 0                          [vdso]
ffffffffff600000-ffffffffff601000 --xp 00000000 00:00 0                  [vsyscall]
Total number of mappings: 492


VM Arguments:
jvm_args: -agentlib:jdwp=transport=dt_socket,server=n,suspend=y,address=localhost:33653 -XX:+ShowCodeDetailsInExceptionMessages 
java_command: org.asmodeus.Main
java_class_path (initial): /home/vlad//Freddy's Engine/Freddy-s-Engine/freddy-s-engine/target/classes:/home/vlad/.m2/repository/org/lwjgl/lwjgl/3.2.2/lwjgl-3.2.2-natives-linux.jar:/home/vlad/.m2/repository/org/lwjgl/lwjgl-opengl/3.2.2/lwjgl-opengl-3.2.2.jar:/home/vlad/.m2/repository/org/lwjgl/lwjgl/3.2.2/lwjgl-3.2.2.jar:/home/vlad/.m2/repository/org/lwjgl/lwjgl-opengl/3.2.2/lwjgl-opengl-3.2.2-natives-linux.jar:/home/vlad/.m2/repository/org/lwjgl/lwjgl-glfw/3.2.2/lwjgl-glfw-3.2.2.jar:/home/vlad/.m2/repository/org/lwjgl/lwjgl-glfw/3.2.2/lwjgl-glfw-3.2.2-natives-linux.jar
Launcher Type: SUN_STANDARD

[Global flags]
     intx CICompilerCount                          = 2                                         {product} {ergonomic}
     uint ConcGCThreads                            = 1                                         {product} {ergonomic}
     uint G1ConcRefinementThreads                  = 2                                         {product} {ergonomic}
   size_t G1HeapRegionSize                         = 1048576                                   {product} {ergonomic}
    uintx GCDrainStackTargetSize                   = 64                                        {product} {ergonomic}
   size_t InitialHeapSize                          = 62914560                                  {product} {ergonomic}
   size_t MarkStackSize                            = 4194304                                   {product} {ergonomic}
   size_t MaxHeapSize                              = 998244352                                 {product} {ergonomic}
   size_t MaxNewSize                               = 598736896                                 {product} {ergonomic}
   size_t MinHeapDeltaBytes                        = 1048576                                   {product} {ergonomic}
   size_t MinHeapSize                              = 8388608                                   {product} {ergonomic}
    uintx NonNMethodCodeHeapSize                   = 5826188                                {pd product} {ergonomic}
    uintx NonProfiledCodeHeapSize                  = 122916026                              {pd product} {ergonomic}
    uintx ProfiledCodeHeapSize                     = 122916026                              {pd product} {ergonomic}
    uintx ReservedCodeCacheSize                    = 251658240                              {pd product} {ergonomic}
     bool SegmentedCodeCache                       = true                                      {product} {ergonomic}
     bool ShowCodeDetailsInExceptionMessages       = true                                   {manageable} {command line}
   size_t SoftMaxHeapSize                          = 998244352                              {manageable} {ergonomic}
     bool UseCompressedOops                        = true                           {product lp64_product} {ergonomic}
     bool UseG1GC                                  = true                                      {product} {ergonomic}

Logging:
Log output configuration:
 #0: stdout all=warning uptime,level,tags foldmultilines=false
 #1: stderr all=off uptime,level,tags foldmultilines=false

Environment Variables:
PATH=/usr/local/bin:/usr/bin:/bin:/usr/local/sbin:/var/lib/flatpak/exports/bin:/usr/lib/jvm/default/bin:/usr/bin/site_perl:/usr/bin/vendor_perl:/usr/bin/core_perl
SHELL=/bin/bash
DISPLAY=:0
LANG=ru_RU.UTF-8
LC_NUMERIC=ru_RU.UTF-8
LC_TIME=ru_RU.UTF-8
TERM=xterm-256color

Active Locale:
LC_ALL=ru_RU.UTF-8
LC_COLLATE=ru_RU.UTF-8
LC_CTYPE=ru_RU.UTF-8
LC_MESSAGES=ru_RU.UTF-8
LC_MONETARY=ru_RU.UTF-8
LC_NUMERIC=ru_RU.UTF-8
LC_TIME=ru_RU.UTF-8

Signal Handlers:
   SIGSEGV: 0x00007f0a23a22540 in libjvm.so+16917824, mask=11100100010111111101111111111110, flags=SA_RESTART|SA_SIGINFO, unblocked
    SIGBUS: 0x00007f0a23a22540 in libjvm.so+16917824, mask=11100100010111111101111111111110, flags=SA_RESTART|SA_SIGINFO, unblocked
    SIGFPE: 0x00007f0a23a22540 in libjvm.so+16917824, mask=11100100010111111101111111111110, flags=SA_RESTART|SA_SIGINFO, unblocked
   SIGPIPE: 0x00007f0a23883e40 in libjvm.so+15220288, mask=11100100010111111101111111111110, flags=SA_RESTART|SA_SIGINFO, blocked
   SIGXFSZ: 0x00007f0a23883e40 in libjvm.so+15220288, mask=11100100010111111101111111111110, flags=SA_RESTART|SA_SIGINFO, blocked
    SIGILL: 0x00007f0a23a22540 in libjvm.so+16917824, mask=11100100010111111101111111111110, flags=SA_RESTART|SA_SIGINFO, unblocked
   SIGUSR2: 0x00007f0a23885690 in libjvm.so+15226512, mask=00000000000000000000000000000000, flags=SA_RESTART|SA_SIGINFO, blocked
    SIGHUP: 0x00007f0a238832e0 in libjvm.so+15217376, mask=11100100010111111101111111111110, flags=SA_RESTART|SA_SIGINFO, blocked
    SIGINT: 0x00007f0a238832e0 in libjvm.so+15217376, mask=11100100010111111101111111111110, flags=SA_RESTART|SA_SIGINFO, blocked
   SIGTERM: 0x00007f0a238832e0 in libjvm.so+15217376, mask=11100100010111111101111111111110, flags=SA_RESTART|SA_SIGINFO, blocked
   SIGQUIT: 0x00007f0a238832e0 in libjvm.so+15217376, mask=11100100010111111101111111111110, flags=SA_RESTART|SA_SIGINFO, blocked
   SIGTRAP: 0x00007f0a23a22540 in libjvm.so+16917824, mask=11100100010111111101111111111110, flags=SA_RESTART|SA_SIGINFO, unblocked


---------------  S Y S T E M  ---------------

OS:
DISTRIB_ID="Artix"
DISTRIB_RELEASE="rolling"
DISTRIB_DESCRIPTION="Artix Linux"
DISTRIB_CODENAME=mate-dinit-20230814
uname: Linux 6.5.7-artix1-1 #1 SMP PREEMPT_DYNAMIC Sun, 15 Oct 2023 22:13:26 +0000 x86_64
OS uptime: 0 days 1:30 hours
libc: glibc 2.38 NPTL 2.38 
rlimit (soft/hard): STACK 8192k/infinity , CORE 0k/infinity , NPROC 15125/15125 , NOFILE 4096/4096 , AS infinity/infinity , CPU infinity/infinity , DATA infinity/infinity , FSIZE infinity/infinity , MEMLOCK 8192k/8192k
load average: 1,18 0,97 1,19

/proc/meminfo:
MemTotal:        3893100 kB
MemFree:          908692 kB
MemAvailable:    1874328 kB
Buffers:           76148 kB
Cached:          1255452 kB
SwapCached:            0 kB
Active:          1674584 kB
Inactive:         969124 kB
Active(anon):    1058056 kB
Inactive(anon):   428984 kB
Active(file):     616528 kB
Inactive(file):   540140 kB
Unevictable:      133076 kB
Mlocked:              32 kB
SwapTotal:             0 kB
SwapFree:              0 kB
Zswap:                 0 kB
Zswapped:              0 kB
Dirty:               180 kB
Writeback:             0 kB
AnonPages:       1430548 kB
Mapped:           563480 kB
Shmem:            174932 kB
KReclaimable:      43164 kB
Slab:             101652 kB
SReclaimable:      43164 kB
SUnreclaim:        58488 kB
KernelStack:        8048 kB
PageTables:        16652 kB
SecPageTables:         0 kB
NFS_Unstable:          0 kB
Bounce:                0 kB
WritebackTmp:          0 kB
CommitLimit:     1946548 kB
Committed_AS:    4985984 kB
VmallocTotal:   34359738367 kB
VmallocUsed:       31664 kB
VmallocChunk:          0 kB
Percpu:             1168 kB
HardwareCorrupted:     0 kB
AnonHugePages:    720896 kB
ShmemHugePages:        0 kB
ShmemPmdMapped:        0 kB
FileHugePages:    176128 kB
FilePmdMapped:    106496 kB
CmaTotal:              0 kB
CmaFree:               0 kB
Unaccepted:            0 kB
HugePages_Total:       0
HugePages_Free:        0
HugePages_Rsvd:        0
HugePages_Surp:        0
Hugepagesize:       2048 kB
Hugetlb:               0 kB
DirectMap4k:      166592 kB
DirectMap2M:     3907584 kB

/sys/kernel/mm/transparent_hugepage/enabled: [always] madvise never
/sys/kernel/mm/transparent_hugepage/defrag (defrag/compaction efforts parameter): always defer defer+madvise [madvise] never

Process Memory:
Virtual Size: 3856228K (peak: 3857248K)
Resident Set Size: 199964K (peak: 199964K) (anon: 55968K, file: 143228K, shmem: 768K)
Swapped out: 0K
C-Heap outstanding allocations: 15793K, retained: 2442K
glibc malloc tunables: (default)

/proc/sys/kernel/threads-max (system-wide limit on the number of threads): 30250
/proc/sys/vm/max_map_count (maximum number of memory map areas a process may have): 65530
/proc/sys/kernel/pid_max (system-wide limit on number of process identifiers): 32768

container (cgroup) information:
container_type: cgroupv1
cpu_cpuset_cpus: 0-1
cpu_memory_nodes: 0
active_processor_count: 2
cpu_quota: no quota
cpu_period: 100000
cpu_shares: no shares
memory_limit_in_bytes: unlimited
memory_and_swap_limit_in_bytes: unlimited
memory_soft_limit_in_bytes: unlimited
memory_usage_in_bytes: 2762400 k
memory_max_usage_in_bytes: unlimited
kernel_memory_usage_in_bytes: unlimited
kernel_memory_max_usage_in_bytes: unlimited
kernel_memory_limit_in_bytes: unlimited
maximum number of tasks: not supported
current number of tasks: not supported

Steal ticks since vm start: 0
Steal ticks percentage since vm start:  0,000

CPU: total 4 (initial active 2) (2 cores per cpu, 1 threads per core) family 6 model 55 stepping 8 microcode 0x838, cx8, cmov, fxsr, mmx, 3dnowpref, sse, sse2, sse3, ssse3, sse4.1, sse4.2, popcnt, tsc, tscinvbit, erms, clmul, clflush, rdtscp
CPU Model and flags from /proc/cpuinfo:
model name	: Intel(R) Celeron(R) CPU  N2840  @ 2.16GHz
flags		: fpu vme de pse tsc msr pae mce cx8 apic sep mtrr pge mca cmov pat pse36 clflush dts acpi mmx fxsr sse sse2 ss ht tm pbe syscall nx rdtscp lm constant_tsc arch_perfmon pebs bts rep_good nopl xtopology tsc_reliable nonstop_tsc cpuid aperfmperf tsc_known_freq pni pclmulqdq dtes64 monitor ds_cpl est tm2 ssse3 cx16 xtpr pdcm sse4_1 sse4_2 movbe popcnt tsc_deadline_timer rdrand lahf_lm 3dnowprefetch epb pti ibrs ibpb stibp tsc_adjust smep erms dtherm ida arat md_clear

Online cpus: 0-1
Offline cpus: 2-3
BIOS frequency limitation: <Not Available>
Frequency switch latency (ns): 20000
Available cpu frequencies: <Not Available>
Current governor: schedutil
Core performance/turbo boost: <Not Available>

Memory: 4k page, physical 3893100k(1874328k free), swap 0k(0k free)
Page Sizes: 4k

vm_info: OpenJDK 64-Bit Server VM (21+35) for linux-amd64 JRE (21+35), built on 2023-09-22T00:54:16Z by "builduser" with gcc 13.2.1 20230801

END.
