#
# A fatal error has been detected by the Java Runtime Environment:
#
#  SIGSEGV (0xb) at pc=0x00007f846f2c59ba, pid=32621, tid=32623
#
# JRE version: OpenJDK Runtime Environment (21.0+35) (build 21+35)
# Java VM: OpenJDK 64-Bit Server VM (21+35, mixed mode, sharing, tiered, compressed oops, compressed class ptrs, g1 gc, linux-amd64)
# Problematic frame:
# C  [libjdwp.so+0x2e9ba]
#
# No core dump will be written. Core dumps have been disabled. To enable core dumping, try "ulimit -c unlimited" before starting Java again
#
# If you would like to submit a bug report, please visit:
#   https://bugreport.java.com/bugreport/crash.jsp
# The crash happened outside the Java Virtual Machine in native code.
# See problematic frame for where to report the bug.
#

---------------  S U M M A R Y ------------

Command Line: -agentlib:jdwp=transport=dt_socket,server=n,suspend=y,address=localhost:46405 -XX:+ShowCodeDetailsInExceptionMessages org.asmodeus.Main

Host: Intel(R) Celeron(R) CPU  N2840  @ 2.16GHz, 4 cores, 3G, Artix Linux
Time: Sat Dec 23 16:31:41 2023 MSK elapsed time: 20.434348 seconds (0d 0h 0m 20s)

---------------  T H R E A D  ---------------

Current thread (0x00007f84680179a0):  JavaThread "main"             [_thread_in_native, id=32623, stack(0x00007f846f2db000,0x00007f846f3db000) (1024K)]

Stack: [0x00007f846f2db000,0x00007f846f3db000],  sp=0x00007f846f3d9058,  free space=1016k
Native frames: (J=compiled Java code, j=interpreted, Vv=VM code, C=native code)
C  [libjdwp.so+0x2e9ba]
C  [libjdwp.so+0x18aba]
V  [libjvm.so+0xb2d23b]
V  [libjvm.so+0x8eff05]
V  [libjvm.so+0x8f580b]
V  [libjvm.so+0xb987da]
V  [libjvm.so+0xb98fbc]
V  [libjvm.so+0x915dfe]
V  [libjvm.so+0x9163c7]
j  org.lwjgl.opengl.GL11.glGetString(I)Ljava/lang/String;+1
j  org.asmodeus.engine.Core.gl_info()V+6
j  org.asmodeus.engine.Project.init(J)V+58
j  org.asmodeus.Main.run()V+4
j  org.asmodeus.Main.main([Ljava/lang/String;)V+13
v  ~StubRoutines::call_stub 0x00007f8457938cc5
V  [libjvm.so+0x91df3a]
V  [libjvm.so+0x9ca371]
V  [libjvm.so+0x9cc8f0]
C  [libjli.so+0x4cdf]
C  [libjli.so+0x7c6e]
Java frames: (J=compiled Java code, j=interpreted, Vv=VM code)
j  org.lwjgl.opengl.GL11.glGetString(I)Ljava/lang/String;+1
j  org.asmodeus.engine.Core.gl_info()V+6
j  org.asmodeus.engine.Project.init(J)V+58
j  org.asmodeus.Main.run()V+4
j  org.asmodeus.Main.main([Ljava/lang/String;)V+13
v  ~StubRoutines::call_stub 0x00007f8457938cc5

siginfo: si_signo: 11 (SIGSEGV), si_code: 128 (SI_KERNEL), si_addr: 0x0000000000000000

Registers:
RAX=0x0000ea010400d401, RBX=0x00007f846f3d90e0, RCX=0x0000000000000000, RDX=0x00000000ffffff01
RSP=0x00007f846f3d9058, RBP=0x00007f846f3d90d0, RSI=0x00007f84680cc0b0, RDI=0x00007f8468017d58
R8 =0x0000000000000002, R9 =0x0000000000000000, R10=0x00007f8450400af8, R11=0x0000000000000001
R12=0x0000000000000007, R13=0x00007f84680cc0b8, R14=0x00007f846f2da200, R15=0x00007f8468017d58
RIP=0x00007f846f2c59ba, EFLAGS=0x0000000000010246, CSGSFS=0x002b000000000033, ERR=0x0000000000000000
  TRAPNO=0x000000000000000d


Register to memory mapping:

RAX=0x0000ea010400d401 is an unknown value
RBX=0x00007f846f3d90e0 is pointing into the stack for thread: 0x00007f84680179a0
RCX=0x0 is null
RDX=0x00000000ffffff01 points into unknown readable memory: 00 00 00 00 00 00 00
RSP=0x00007f846f3d9058 is pointing into the stack for thread: 0x00007f84680179a0
RBP=0x00007f846f3d90d0 is pointing into the stack for thread: 0x00007f84680179a0
RSI=0x00007f84680cc0b0 points into unknown readable memory: 0x00000000c7dc7ff0 | f0 7f dc c7 00 00 00 00
RDI=0x00007f8468017d58 points into unknown readable memory: 0x00007f846860c280 | 80 c2 60 68 84 7f 00 00
R8 =0x0000000000000002 is an unknown value
R9 =0x0 is null
R10=0x00007f8450400af8 is at entry_point+344 in (nmethod*)0x00007f8450400810
Compiled method (c1)   20437    1       3       java.lang.Object::<init> (1 bytes)
 total in heap  [0x00007f8450400810,0x00007f8450400b00] = 752
 relocation     [0x00007f8450400968,0x00007f8450400998] = 48
 main code      [0x00007f84504009a0,0x00007f8450400a78] = 216
 stub code      [0x00007f8450400a78,0x00007f8450400aa8] = 48
 metadata       [0x00007f8450400aa8,0x00007f8450400ab8] = 16
 scopes data    [0x00007f8450400ab8,0x00007f8450400ac8] = 16
 scopes pcs     [0x00007f8450400ac8,0x00007f8450400af8] = 48
 dependencies   [0x00007f8450400af8,0x00007f8450400b00] = 8
R11=0x0000000000000001 is an unknown value
R12=0x0000000000000007 is an unknown value
R13=0x00007f84680cc0b8 points into unknown readable memory: 0x00000000c7e903a8 | a8 03 e9 c7 00 00 00 00
R14=0x00007f846f2da200: <offset 0x0000000000043200> in /usr/lib/jvm/java-21-openjdk/lib/libjdwp.so at 0x00007f846f297000
R15=0x00007f8468017d58 points into unknown readable memory: 0x00007f846860c280 | 80 c2 60 68 84 7f 00 00

Top of Stack: (sp=0x00007f846f3d9058)
0x00007f846f3d9058:   00007f846f2aea2a 00007f8450400810
0x00007f846f3d9068:   00007f84681037b0 00007f84680cc0b0
0x00007f846f3d9078:   0000000000000000 00007f846f3d9090
0x00007f846f3d9088:   00007f846ff39719 00007f846f3d90b0
0x00007f846f3d9098:   00007f846ff11adc 00007f8468017d58
0x00007f846f3d90a8:   00007f84680cc0b0 00007f8468017d58
0x00007f846f3d90b8:   00007f84680cc0b8 00007f846f2da200
0x00007f846f3d90c8:   0000000000000002 00007f846f3d9160
0x00007f846f3d90d8:   00007f846f2afaba 0000000000000007
0x00007f846f3d90e8:   00007f84680cc0b0 0000000000000000
0x00007f846f3d90f8:   00007f84680cc0b8 0000000000000000
0x00007f846f3d9108:   0000000000000000 0000000000000000
0x00007f846f3d9118:   0000000000000000 0000000000000000
0x00007f846f3d9128:   0000000000000000 0000000000000000
0x00007f846f3d9138:   00007f84680179a0 00007f84680179a0
0x00007f846f3d9148:   00007f83f4027e00 00007f8468000c30
0x00007f846f3d9158:   00007f84680f0650 00007f846f3d9280
0x00007f846f3d9168:   00007f846ff2d23b 00007f846f3d91e0
0x00007f846f3d9178:   00007f84680cc0b0 00007f84680cc0b8
0x00007f846f3d9188:   00007f8468017d38 00007f846f3d91a0
0x00007f846f3d9198:   00007f846f3d91e0 00007f84680179a0
0x00007f846f3d91a8:   00007f84680184a0 00007f84680184e0
0x00007f846f3d91b8:   00007f8468018500 00007f84680185c8
0x00007f846f3d91c8:   00000000000000d8 00007f846f3d9350
0x00007f846f3d91d8:   00007f8400000000 00007f8470925580
0x00007f846f3d91e8:   00007f8468002ad0 00007f84680180b0
0x00007f846f3d91f8:   00007f84680180c0 00007f8468018498
0x00007f846f3d9208:   00000000000003d8 00007f84680179a0
0x00007f846f3d9218:   00007f84680179a0 00007f84680184a0
0x00007f846f3d9228:   00007f84680184e0 00007f8468018500
0x00007f846f3d9238:   00007f84680185c8 00000000000000d8
0x00007f846f3d9248:   00007f846f3d91a0 00007f846f3d9280 

Instructions: (pc=0x00007f846f2c59ba)
0x00007f846f2c58ba:   03 00 00 48 8d 35 9c 76 00 00 48 8d 3d ba 7d 00
0x00007f846f2c58ca:   00 67 e8 8f 2e ff ff 31 c0 48 8d 35 4c a7 00 00
0x00007f846f2c58da:   48 8d 3d 97 79 00 00 67 e8 49 2f ff ff 48 8b 05
0x00007f846f2c58ea:   12 49 01 00 e9 2d ff ff ff 66 66 2e 0f 1f 84 00
0x00007f846f2c58fa:   00 00 00 00 66 90 f3 0f 1e fa 55 48 89 e5 41 54
0x00007f846f2c590a:   49 89 fc 53 e8 4d e0 ff ff 48 89 c3 48 8b 05 e3
0x00007f846f2c591a:   48 01 00 f6 80 10 02 00 00 02 75 1a 48 8b 50 28
0x00007f846f2c592a:   48 8b 03 4c 89 e6 48 89 df 5b 41 5c 48 8b 80 00
0x00007f846f2c593a:   01 00 00 5d ff e0 ba 0b 06 00 00 48 8d 35 14 76
0x00007f846f2c594a:   00 00 48 8d 3d 12 79 00 00 67 e8 07 2e ff ff 31
0x00007f846f2c595a:   c0 48 8d 35 35 92 00 00 48 8d 3d 0f 79 00 00 67
0x00007f846f2c596a:   e8 c1 2e ff ff 48 8b 05 8a 48 01 00 eb ae 0f 1f
0x00007f846f2c597a:   84 00 00 00 00 00 f3 0f 1e fa 55 48 89 e5 41 54
0x00007f846f2c598a:   49 89 fc 53 e8 cd df ff ff 48 89 c3 48 8b 05 63
0x00007f846f2c599a:   48 01 00 f6 80 10 02 00 00 02 75 1a 48 8b 03 4c
0x00007f846f2c59aa:   89 e6 48 89 df 5b 41 5c 5d 48 8b 80 50 07 00 00
0x00007f846f2c59ba:   ff e0 0f 1f 40 00 ba 12 06 00 00 48 8d 35 94 75
0x00007f846f2c59ca:   00 00 48 8d 3d 92 78 00 00 67 e8 87 2d ff ff 48
0x00007f846f2c59da:   8d 35 45 81 00 00 48 8d 3d 91 78 00 00 31 c0 67
0x00007f846f2c59ea:   e8 41 2e ff ff eb b5 66 66 2e 0f 1f 84 00 00 00
0x00007f846f2c59fa:   00 00 0f 1f 40 00 f3 0f 1e fa 55 48 89 e5 41 54
0x00007f846f2c5a0a:   49 89 fc 53 e8 4d df ff ff 48 89 c3 48 8b 05 e3
0x00007f846f2c5a1a:   47 01 00 f6 80 10 02 00 00 02 75 1a 48 8b 50 30
0x00007f846f2c5a2a:   48 8b 03 4c 89 e6 48 89 df 5b 41 5c 48 8b 80 00
0x00007f846f2c5a3a:   01 00 00 5d ff e0 ba 19 06 00 00 48 8d 35 14 75
0x00007f846f2c5a4a:   00 00 48 8d 3d 12 78 00 00 67 e8 07 2d ff ff 31
0x00007f846f2c5a5a:   c0 48 8d 35 35 91 00 00 48 8d 3d 0f 78 00 00 67
0x00007f846f2c5a6a:   e8 c1 2d ff ff 48 8b 05 8a 47 01 00 eb ae 0f 1f
0x00007f846f2c5a7a:   84 00 00 00 00 00 f3 0f 1e fa 55 48 89 e5 41 54
0x00007f846f2c5a8a:   49 89 fc 53 e8 cd de ff ff 48 89 c3 48 8b 05 63
0x00007f846f2c5a9a:   47 01 00 f6 80 10 02 00 00 02 75 1a 48 8b 50 38
0x00007f846f2c5aaa:   48 8b 03 4c 89 e6 48 89 df 5b 41 5c 48 8b 80 00 


Stack slot to memory mapping:

stack at sp + 0 slots: 0x00007f846f2aea2a: <offset 0x0000000000017a2a> in /usr/lib/jvm/java-21-openjdk/lib/libjdwp.so at 0x00007f846f297000
stack at sp + 1 slots: 0x00007f8450400810 is at entry_point+-400 in (nmethod*)0x00007f8450400810
Compiled method (c1)   20472    1       3       java.lang.Object::<init> (1 bytes)
 total in heap  [0x00007f8450400810,0x00007f8450400b00] = 752
 relocation     [0x00007f8450400968,0x00007f8450400998] = 48
 main code      [0x00007f84504009a0,0x00007f8450400a78] = 216
 stub code      [0x00007f8450400a78,0x00007f8450400aa8] = 48
 metadata       [0x00007f8450400aa8,0x00007f8450400ab8] = 16
 scopes data    [0x00007f8450400ab8,0x00007f8450400ac8] = 16
 scopes pcs     [0x00007f8450400ac8,0x00007f8450400af8] = 48
 dependencies   [0x00007f8450400af8,0x00007f8450400b00] = 8
stack at sp + 2 slots: 0x00007f84681037b0 points into unknown readable memory: 0x0000000000000000 | 00 00 00 00 00 00 00 00
stack at sp + 3 slots: 0x00007f84680cc0b0 points into unknown readable memory: 0x00000000c7dc7ff0 | f0 7f dc c7 00 00 00 00
stack at sp + 4 slots: 0x0 is null
stack at sp + 5 slots: 0x00007f846f3d9090 is pointing into the stack for thread: 0x00007f84680179a0
stack at sp + 6 slots: 0x00007f846ff39719: <offset 0x0000000000b39719> in /usr/lib/jvm/java-21-openjdk/lib/server/libjvm.so at 0x00007f846f400000
stack at sp + 7 slots: 0x00007f846f3d90b0 is pointing into the stack for thread: 0x00007f84680179a0


---------------  P R O C E S S  ---------------

Threads class SMR info:
_java_thread_list=0x00007f846812aee0, length=13, elements={
0x00007f84680179a0, 0x00007f84680d7470, 0x00007f84680d8af0, 0x00007f84680da5a0,
0x00007f84680dbbe0, 0x00007f84680dd180, 0x00007f84680decc0, 0x00007f84680e0380,
0x00007f8468102ad0, 0x00007f8468104d90, 0x0000563d54917fe0, 0x00007f8468106030,
0x00007f8468129d60
}

Java Threads: ( => current thread )
=>0x00007f84680179a0 JavaThread "main"                              [_thread_in_native, id=32623, stack(0x00007f846f2db000,0x00007f846f3db000) (1024K)]
  0x00007f84680d7470 JavaThread "Reference Handler"          daemon [_thread_blocked, id=32637, stack(0x00007f846cb00000,0x00007f846cc00000) (1024K)]
  0x00007f84680d8af0 JavaThread "Finalizer"                  daemon [_thread_blocked, id=32638, stack(0x00007f846ca00000,0x00007f846cb00000) (1024K)]
  0x00007f84680da5a0 JavaThread "Signal Dispatcher"          daemon [_thread_blocked, id=32639, stack(0x00007f846c900000,0x00007f846ca00000) (1024K)]
  0x00007f84680dbbe0 JavaThread "Service Thread"             daemon [_thread_blocked, id=32640, stack(0x00007f846c800000,0x00007f846c900000) (1024K)]
  0x00007f84680dd180 JavaThread "Monitor Deflation Thread"   daemon [_thread_blocked, id=32641, stack(0x00007f846c700000,0x00007f846c800000) (1024K)]
  0x00007f84680decc0 JavaThread "C2 CompilerThread0"         daemon [_thread_in_native, id=32642, stack(0x00007f846c600000,0x00007f846c700000) (1024K)]
  0x00007f84680e0380 JavaThread "C1 CompilerThread0"         daemon [_thread_blocked, id=32643, stack(0x00007f846c500000,0x00007f846c600000) (1024K)]
  0x00007f8468102ad0 JavaThread "JDWP Transport Listener: dt_socket" daemon [_thread_blocked, id=32645, stack(0x00007f846c32f000,0x00007f846c42f000) (1024K)]
  0x00007f8468104d90 JavaThread "JDWP Event Helper Thread"   daemon [_thread_blocked, id=32647, stack(0x00007f846c22f000,0x00007f846c32f000) (1024K)]
  0x0000563d54917fe0 JavaThread "JDWP Command Reader"        daemon [_thread_in_native, id=32648, stack(0x00007f846c12f000,0x00007f846c22f000) (1024K)]
  0x00007f8468106030 JavaThread "Notification Thread"        daemon [_thread_blocked, id=32669, stack(0x00007f846c02f000,0x00007f846c12f000) (1024K)]
  0x00007f8468129d60 JavaThread "Common-Cleaner"             daemon [_thread_blocked, id=32670, stack(0x00007f8467f00000,0x00007f8468000000) (1024K)]
Total: 13

Other Threads:
  0x00007f84680ca060 VMThread "VM Thread"                           [id=32634, stack(0x00007f846cf29000,0x00007f846d029000) (1024K)]
  0x00007f84680afec0 WatcherThread "VM Periodic Task Thread"        [id=32631, stack(0x00007f846d02a000,0x00007f846d12a000) (1024K)]
  0x00007f8468050520 WorkerThread "GC Thread#0"                     [id=32624, stack(0x00007f846d84e000,0x00007f846d94e000) (1024K)]
  0x00007f83e8006260 WorkerThread "GC Thread#1"                     [id=419, stack(0x00007f844007d000,0x00007f844017d000) (1024K)]
  0x00007f84680591e0 ConcurrentGCThread "G1 Main Marker"            [id=32625, stack(0x00007f846d74d000,0x00007f846d84d000) (1024K)]
  0x00007f846805a180 WorkerThread "G1 Conc#0"                       [id=32626, stack(0x00007f846d64c000,0x00007f846d74c000) (1024K)]
  0x00007f8468095ad0 ConcurrentGCThread "G1 Refine#0"               [id=32627, stack(0x00007f846d349000,0x00007f846d449000) (1024K)]
  0x00007f8468096a80 ConcurrentGCThread "G1 Service"                [id=32628, stack(0x00007f846d248000,0x00007f846d348000) (1024K)]
Total: 8

Threads with active compile tasks:
C2 CompilerThread0    20478  815       4       java.lang.invoke.MethodType$ConcurrentWeakInternSet::get (47 bytes)
Total: 1

VM state: not at safepoint (normal execution)

VM Mutex/Monitor currently owned by a thread: None

Heap address: 0x00000000c4800000, size: 952 MB, Compressed Oops mode: 32-bit

CDS archive(s) mapped at: [0x00007f83f3000000-0x00007f83f3ca8000-0x00007f83f3ca8000), size 13271040, SharedBaseAddress: 0x00007f83f3000000, ArchiveRelocationMode: 1.
Compressed class space mapped at: 0x00007f83f4000000-0x00007f8434000000, reserved size: 1073741824
Narrow klass base: 0x00007f83f3000000, Narrow klass shift: 0, Narrow klass range: 0x100000000

GC Precious Log:
 CardTable entry size: 512
 Card Set container configuration: InlinePtr #cards 5 size 8 Array Of Cards #cards 12 size 40 Howl #buckets 4 coarsen threshold 1843 Howl Bitmap #cards 512 size 80 coarsen threshold 460 Card regions per heap region 1 cards per card region 2048
 CPUs: 4 total, 2 available
 Memory: 3801M
 Large Page Support: Disabled
 NUMA Support: Disabled
 Compressed Oops: Enabled (32-bit)
 Heap Region Size: 1M
 Heap Min Capacity: 8M
 Heap Initial Capacity: 60M
 Heap Max Capacity: 952M
 Pre-touch: Disabled
 Parallel Workers: 2
 Concurrent Workers: 1
 Concurrent Refinement Workers: 2
 Periodic GC: Disabled

Heap:
 garbage-first heap   total 63488K, used 6571K [0x00000000c4800000, 0x0000000100000000)
  region size 1024K, 7 young (7168K), 1 survivors (1024K)
 Metaspace       used 5264K, committed 5376K, reserved 1114112K
  class space    used 272K, committed 320K, reserved 1048576K

Heap Regions: E=young(eden), S=young(survivor), O=old, HS=humongous(starts), HC=humongous(continues), CS=collection set, F=free, TAMS=top-at-mark-start, PB=parsable bottom
|   0|0x00000000c4800000, 0x00000000c48638d8, 0x00000000c4900000| 38%| O|  |TAMS 0x00000000c4800000| PB 0x00000000c4800000| Untracked 
|   1|0x00000000c4900000, 0x00000000c4900000, 0x00000000c4a00000|  0%| F|  |TAMS 0x00000000c4900000| PB 0x00000000c4900000| Untracked 
|   2|0x00000000c4a00000, 0x00000000c4a00000, 0x00000000c4b00000|  0%| F|  |TAMS 0x00000000c4a00000| PB 0x00000000c4a00000| Untracked 
|   3|0x00000000c4b00000, 0x00000000c4b00000, 0x00000000c4c00000|  0%| F|  |TAMS 0x00000000c4b00000| PB 0x00000000c4b00000| Untracked 
|   4|0x00000000c4c00000, 0x00000000c4c00000, 0x00000000c4d00000|  0%| F|  |TAMS 0x00000000c4c00000| PB 0x00000000c4c00000| Untracked 
|   5|0x00000000c4d00000, 0x00000000c4d00000, 0x00000000c4e00000|  0%| F|  |TAMS 0x00000000c4d00000| PB 0x00000000c4d00000| Untracked 
|   6|0x00000000c4e00000, 0x00000000c4e00000, 0x00000000c4f00000|  0%| F|  |TAMS 0x00000000c4e00000| PB 0x00000000c4e00000| Untracked 
|   7|0x00000000c4f00000, 0x00000000c4f00000, 0x00000000c5000000|  0%| F|  |TAMS 0x00000000c4f00000| PB 0x00000000c4f00000| Untracked 
|   8|0x00000000c5000000, 0x00000000c5000000, 0x00000000c5100000|  0%| F|  |TAMS 0x00000000c5000000| PB 0x00000000c5000000| Untracked 
|   9|0x00000000c5100000, 0x00000000c5100000, 0x00000000c5200000|  0%| F|  |TAMS 0x00000000c5100000| PB 0x00000000c5100000| Untracked 
|  10|0x00000000c5200000, 0x00000000c5200000, 0x00000000c5300000|  0%| F|  |TAMS 0x00000000c5200000| PB 0x00000000c5200000| Untracked 
|  11|0x00000000c5300000, 0x00000000c5300000, 0x00000000c5400000|  0%| F|  |TAMS 0x00000000c5300000| PB 0x00000000c5300000| Untracked 
|  12|0x00000000c5400000, 0x00000000c5400000, 0x00000000c5500000|  0%| F|  |TAMS 0x00000000c5400000| PB 0x00000000c5400000| Untracked 
|  13|0x00000000c5500000, 0x00000000c5500000, 0x00000000c5600000|  0%| F|  |TAMS 0x00000000c5500000| PB 0x00000000c5500000| Untracked 
|  14|0x00000000c5600000, 0x00000000c5600000, 0x00000000c5700000|  0%| F|  |TAMS 0x00000000c5600000| PB 0x00000000c5600000| Untracked 
|  15|0x00000000c5700000, 0x00000000c5700000, 0x00000000c5800000|  0%| F|  |TAMS 0x00000000c5700000| PB 0x00000000c5700000| Untracked 
|  16|0x00000000c5800000, 0x00000000c5800000, 0x00000000c5900000|  0%| F|  |TAMS 0x00000000c5800000| PB 0x00000000c5800000| Untracked 
|  17|0x00000000c5900000, 0x00000000c5900000, 0x00000000c5a00000|  0%| F|  |TAMS 0x00000000c5900000| PB 0x00000000c5900000| Untracked 
|  18|0x00000000c5a00000, 0x00000000c5a00000, 0x00000000c5b00000|  0%| F|  |TAMS 0x00000000c5a00000| PB 0x00000000c5a00000| Untracked 
|  19|0x00000000c5b00000, 0x00000000c5b00000, 0x00000000c5c00000|  0%| F|  |TAMS 0x00000000c5b00000| PB 0x00000000c5b00000| Untracked 
|  20|0x00000000c5c00000, 0x00000000c5c00000, 0x00000000c5d00000|  0%| F|  |TAMS 0x00000000c5c00000| PB 0x00000000c5c00000| Untracked 
|  21|0x00000000c5d00000, 0x00000000c5d00000, 0x00000000c5e00000|  0%| F|  |TAMS 0x00000000c5d00000| PB 0x00000000c5d00000| Untracked 
|  22|0x00000000c5e00000, 0x00000000c5e00000, 0x00000000c5f00000|  0%| F|  |TAMS 0x00000000c5e00000| PB 0x00000000c5e00000| Untracked 
|  23|0x00000000c5f00000, 0x00000000c5f00000, 0x00000000c6000000|  0%| F|  |TAMS 0x00000000c5f00000| PB 0x00000000c5f00000| Untracked 
|  24|0x00000000c6000000, 0x00000000c6000000, 0x00000000c6100000|  0%| F|  |TAMS 0x00000000c6000000| PB 0x00000000c6000000| Untracked 
|  25|0x00000000c6100000, 0x00000000c6100000, 0x00000000c6200000|  0%| F|  |TAMS 0x00000000c6100000| PB 0x00000000c6100000| Untracked 
|  26|0x00000000c6200000, 0x00000000c6200000, 0x00000000c6300000|  0%| F|  |TAMS 0x00000000c6200000| PB 0x00000000c6200000| Untracked 
|  27|0x00000000c6300000, 0x00000000c6300000, 0x00000000c6400000|  0%| F|  |TAMS 0x00000000c6300000| PB 0x00000000c6300000| Untracked 
|  28|0x00000000c6400000, 0x00000000c6400000, 0x00000000c6500000|  0%| F|  |TAMS 0x00000000c6400000| PB 0x00000000c6400000| Untracked 
|  29|0x00000000c6500000, 0x00000000c6500000, 0x00000000c6600000|  0%| F|  |TAMS 0x00000000c6500000| PB 0x00000000c6500000| Untracked 
|  30|0x00000000c6600000, 0x00000000c6600000, 0x00000000c6700000|  0%| F|  |TAMS 0x00000000c6600000| PB 0x00000000c6600000| Untracked 
|  31|0x00000000c6700000, 0x00000000c6700000, 0x00000000c6800000|  0%| F|  |TAMS 0x00000000c6700000| PB 0x00000000c6700000| Untracked 
|  32|0x00000000c6800000, 0x00000000c6800000, 0x00000000c6900000|  0%| F|  |TAMS 0x00000000c6800000| PB 0x00000000c6800000| Untracked 
|  33|0x00000000c6900000, 0x00000000c6900000, 0x00000000c6a00000|  0%| F|  |TAMS 0x00000000c6900000| PB 0x00000000c6900000| Untracked 
|  34|0x00000000c6a00000, 0x00000000c6a00000, 0x00000000c6b00000|  0%| F|  |TAMS 0x00000000c6a00000| PB 0x00000000c6a00000| Untracked 
|  35|0x00000000c6b00000, 0x00000000c6b00000, 0x00000000c6c00000|  0%| F|  |TAMS 0x00000000c6b00000| PB 0x00000000c6b00000| Untracked 
|  36|0x00000000c6c00000, 0x00000000c6c00000, 0x00000000c6d00000|  0%| F|  |TAMS 0x00000000c6c00000| PB 0x00000000c6c00000| Untracked 
|  37|0x00000000c6d00000, 0x00000000c6d00000, 0x00000000c6e00000|  0%| F|  |TAMS 0x00000000c6d00000| PB 0x00000000c6d00000| Untracked 
|  38|0x00000000c6e00000, 0x00000000c6e00000, 0x00000000c6f00000|  0%| F|  |TAMS 0x00000000c6e00000| PB 0x00000000c6e00000| Untracked 
|  39|0x00000000c6f00000, 0x00000000c6f00000, 0x00000000c7000000|  0%| F|  |TAMS 0x00000000c6f00000| PB 0x00000000c6f00000| Untracked 
|  40|0x00000000c7000000, 0x00000000c7000000, 0x00000000c7100000|  0%| F|  |TAMS 0x00000000c7000000| PB 0x00000000c7000000| Untracked 
|  41|0x00000000c7100000, 0x00000000c7100000, 0x00000000c7200000|  0%| F|  |TAMS 0x00000000c7100000| PB 0x00000000c7100000| Untracked 
|  42|0x00000000c7200000, 0x00000000c7200000, 0x00000000c7300000|  0%| F|  |TAMS 0x00000000c7200000| PB 0x00000000c7200000| Untracked 
|  43|0x00000000c7300000, 0x00000000c7300000, 0x00000000c7400000|  0%| F|  |TAMS 0x00000000c7300000| PB 0x00000000c7300000| Untracked 
|  44|0x00000000c7400000, 0x00000000c7400000, 0x00000000c7500000|  0%| F|  |TAMS 0x00000000c7400000| PB 0x00000000c7400000| Untracked 
|  45|0x00000000c7500000, 0x00000000c7500000, 0x00000000c7600000|  0%| F|  |TAMS 0x00000000c7500000| PB 0x00000000c7500000| Untracked 
|  46|0x00000000c7600000, 0x00000000c7600000, 0x00000000c7700000|  0%| F|  |TAMS 0x00000000c7600000| PB 0x00000000c7600000| Untracked 
|  47|0x00000000c7700000, 0x00000000c7700000, 0x00000000c7800000|  0%| F|  |TAMS 0x00000000c7700000| PB 0x00000000c7700000| Untracked 
|  48|0x00000000c7800000, 0x00000000c7800000, 0x00000000c7900000|  0%| F|  |TAMS 0x00000000c7800000| PB 0x00000000c7800000| Untracked 
|  49|0x00000000c7900000, 0x00000000c7900000, 0x00000000c7a00000|  0%| F|  |TAMS 0x00000000c7900000| PB 0x00000000c7900000| Untracked 
|  50|0x00000000c7a00000, 0x00000000c7a00000, 0x00000000c7b00000|  0%| F|  |TAMS 0x00000000c7a00000| PB 0x00000000c7a00000| Untracked 
|  51|0x00000000c7b00000, 0x00000000c7b00000, 0x00000000c7c00000|  0%| F|  |TAMS 0x00000000c7b00000| PB 0x00000000c7b00000| Untracked 
|  52|0x00000000c7c00000, 0x00000000c7c00000, 0x00000000c7d00000|  0%| F|  |TAMS 0x00000000c7c00000| PB 0x00000000c7c00000| Untracked 
|  53|0x00000000c7d00000, 0x00000000c7e00000, 0x00000000c7e00000|100%| S|CS|TAMS 0x00000000c7d00000| PB 0x00000000c7d00000| Complete 
|  54|0x00000000c7e00000, 0x00000000c7ea32f0, 0x00000000c7f00000| 63%| E|  |TAMS 0x00000000c7e00000| PB 0x00000000c7e00000| Complete 
|  55|0x00000000c7f00000, 0x00000000c8000000, 0x00000000c8000000|100%| E|CS|TAMS 0x00000000c7f00000| PB 0x00000000c7f00000| Complete 
|  56|0x00000000c8000000, 0x00000000c8100000, 0x00000000c8100000|100%| E|CS|TAMS 0x00000000c8000000| PB 0x00000000c8000000| Complete 
|  57|0x00000000c8100000, 0x00000000c8200000, 0x00000000c8200000|100%| E|CS|TAMS 0x00000000c8100000| PB 0x00000000c8100000| Complete 
|  58|0x00000000c8200000, 0x00000000c8300000, 0x00000000c8300000|100%| E|CS|TAMS 0x00000000c8200000| PB 0x00000000c8200000| Complete 
|  59|0x00000000c8300000, 0x00000000c8400000, 0x00000000c8400000|100%| E|  |TAMS 0x00000000c8300000| PB 0x00000000c8300000| Complete 
| 950|0x00000000ffe00000, 0x00000000fff00000, 0x00000000fff00000|100%| O|  |TAMS 0x00000000ffe00000| PB 0x00000000ffe00000| Untracked 
| 951|0x00000000fff00000, 0x00000000fff07538, 0x0000000100000000|  2%| O|  |TAMS 0x00000000fff00000| PB 0x00000000fff00000| Untracked 

Card table byte_map: [0x00007f846e84e000,0x00007f846ea2a000] _byte_map_base: 0x00007f846e22a000

Marking Bits: (CMBitMap*) 0x00007f8468051040
 Bits: [0x00007f846d96e000, 0x00007f846e84e000)

Polling page: 0x00007f8470c77000

Metaspace:

Usage:
  Non-class:      4,87 MB used.
      Class:    272,78 KB used.
       Both:      5,14 MB used.

Virtual space:
  Non-class space:       64,00 MB reserved,       4,94 MB (  8%) committed,  1 nodes.
      Class space:        1,00 GB reserved,     320,00 KB ( <1%) committed,  1 nodes.
             Both:        1,06 GB reserved,       5,25 MB ( <1%) committed. 

Chunk freelists:
   Non-Class:  8,77 MB
       Class:  15,59 MB
        Both:  24,36 MB

MaxMetaspaceSize: unlimited
CompressedClassSpaceSize: 1,00 GB
Initial GC threshold: 21,00 MB
Current GC threshold: 21,00 MB
CDS: on
 - commit_granule_bytes: 65536.
 - commit_granule_words: 8192.
 - virtual_space_node_default_size: 8388608.
 - enlarge_chunks_in_place: 1.
 - use_allocation_guard: 0.


Internal statistics:

num_allocs_failed_limit: 0.
num_arena_births: 58.
num_arena_deaths: 0.
num_vsnodes_births: 2.
num_vsnodes_deaths: 0.
num_space_committed: 82.
num_space_uncommitted: 0.
num_chunks_returned_to_freelist: 0.
num_chunks_taken_from_freelist: 200.
num_chunk_merges: 0.
num_chunk_splits: 141.
num_chunks_enlarged: 106.
num_inconsistent_stats: 0.

CodeHeap 'non-profiled nmethods': size=120036Kb used=238Kb max_used=238Kb free=119798Kb
 bounds [0x00007f8457ec7000, 0x00007f8458137000, 0x00007f845f400000]
CodeHeap 'profiled nmethods': size=120032Kb used=1412Kb max_used=1412Kb free=118619Kb
 bounds [0x00007f8450400000, 0x00007f8450670000, 0x00007f8457938000]
CodeHeap 'non-nmethods': size=5692Kb used=2014Kb max_used=2015Kb free=3677Kb
 bounds [0x00007f8457938000, 0x00007f8457ba8000, 0x00007f8457ec7000]
 total_blobs=1790 nmethods=816 adapters=879
 compilation: enabled
              stopped_count=0, restarted_count=0
 full_count=0

Compilation events (20 events):
Event: 20,274 Thread 0x00007f84680decc0 nmethod 774 0x00007f8457eff010 code [0x00007f8457eff1a0, 0x00007f8457eff2f8]
Event: 20,274 Thread 0x00007f84680decc0  809       4       java.util.concurrent.ConcurrentHashMap::get (162 bytes)
Event: 20,324 Thread 0x00007f84680decc0 nmethod 809 0x00007f8457eff410 code [0x00007f8457eff600, 0x00007f8457efffc8]
Event: 20,324 Thread 0x00007f84680decc0  810       4       java.lang.invoke.MethodHandle::<init> (37 bytes)
Event: 20,343 Thread 0x00007f84680decc0 nmethod 810 0x00007f8457f00610 code [0x00007f8457f007c0, 0x00007f8457f00b90]
Event: 20,343 Thread 0x00007f84680decc0  811       4       java.lang.ref.SoftReference::get (29 bytes)
Event: 20,345 Thread 0x00007f84680decc0 nmethod 811 0x00007f8457f00d90 code [0x00007f8457f00f20, 0x00007f8457f01030]
Event: 20,345 Thread 0x00007f84680decc0  808   !   4       java.lang.ref.NativeReferenceQueue::poll (28 bytes)
Event: 20,348 Thread 0x00007f84680decc0 nmethod 808 0x00007f8457f01110 code [0x00007f8457f012a0, 0x00007f8457f015c0]
Event: 20,357 Thread 0x00007f84680decc0  812       4       java.lang.invoke.BoundMethodHandle::<init> (32 bytes)
Event: 20,373 Thread 0x00007f84680decc0 nmethod 812 0x00007f8457f01710 code [0x00007f8457f018c0, 0x00007f8457f01cf8]
Event: 20,373 Thread 0x00007f84680decc0  814       4       java.lang.invoke.MethodType::hashCode (53 bytes)
Event: 20,382 Thread 0x00007f84680decc0 nmethod 814 0x00007f8457f01f90 code [0x00007f8457f02140, 0x00007f8457f02370]
Event: 20,382 Thread 0x00007f84680decc0  813       4       java.util.ImmutableCollections$List12::get (35 bytes)
Event: 20,383 Thread 0x00007f84680decc0 nmethod 813 0x00007f8457f02510 code [0x00007f8457f02680, 0x00007f8457f02730]
Event: 20,386 Thread 0x00007f84680decc0  815       4       java.lang.invoke.MethodType$ConcurrentWeakInternSet::get (47 bytes)
Event: 20,420 Thread 0x00007f84680e0380  818       3       java.lang.String::getBytes (25 bytes)
Event: 20,421 Thread 0x00007f84680e0380 nmethod 818 0x00007f845055fe10 code [0x00007f845055ffe0, 0x00007f84505602c0]
Event: 20,421 Thread 0x00007f84680e0380  819       3       java.lang.String::encodeUTF8 (142 bytes)
Event: 20,422 Thread 0x00007f84680e0380 nmethod 819 0x00007f8450560410 code [0x00007f8450560640, 0x00007f8450560df8]

GC Heap History (2 events):
Event: 19,482 GC heap before
{Heap before GC invocations=0 (full 0):
 garbage-first heap   total 63488K, used 6173K [0x00000000c4800000, 0x0000000100000000)
  region size 1024K, 6 young (6144K), 0 survivors (0K)
 Metaspace       used 3215K, committed 3392K, reserved 1114112K
  class space    used 204K, committed 256K, reserved 1048576K
}
Event: 19,495 GC heap after
{Heap after GC invocations=1 (full 0):
 garbage-first heap   total 63488K, used 2475K [0x00000000c4800000, 0x0000000100000000)
  region size 1024K, 1 young (1024K), 1 survivors (1024K)
 Metaspace       used 3215K, committed 3392K, reserved 1114112K
  class space    used 204K, committed 256K, reserved 1048576K
}

Dll operation events (8 events):
Event: 0,005 Loaded shared library /usr/lib/jvm/java-21-openjdk/lib/libjava.so
Event: 0,140 Loaded shared library /usr/lib/jvm/java-21-openjdk/lib/libjsvml.so
Event: 5,832 Loaded shared library /usr/lib/jvm/java-21-openjdk/lib/libnio.so
Event: 5,844 Loaded shared library /usr/lib/jvm/java-21-openjdk/lib/libzip.so
Event: 6,185 Loaded shared library /usr/lib/jvm/java-21-openjdk/lib/libjimage.so
Event: 6,218 Loaded shared library /usr/lib/jvm/java-21-openjdk/lib/libnet.so
Event: 6,254 Loaded shared library /tmp/lwjglvlad/3.2.2-build-10/liblwjgl.so
Event: 18,796 Loaded shared library /tmp/lwjglvlad/3.2.2-build-10/liblwjgl_opengl.so

Deoptimization events (20 events):
Event: 6,792 Thread 0x00007f84680179a0 DEOPT PACKING pc=0x00007f8450464004 sp=0x00007f846f3d8820
Event: 6,792 Thread 0x00007f84680179a0 DEOPT UNPACKING pc=0x00007f845798c711 sp=0x00007f846f3d7cd8 mode 0
Event: 6,792 Thread 0x00007f84680179a0 DEOPT PACKING pc=0x00007f8450464004 sp=0x00007f846f3d8820
Event: 6,792 Thread 0x00007f84680179a0 DEOPT UNPACKING pc=0x00007f845798c711 sp=0x00007f846f3d7cd8 mode 0
Event: 6,792 Thread 0x00007f84680179a0 DEOPT PACKING pc=0x00007f8450464254 sp=0x00007f846f3d8820
Event: 6,792 Thread 0x00007f84680179a0 DEOPT UNPACKING pc=0x00007f845798c711 sp=0x00007f846f3d7cd8 mode 0
Event: 6,793 Thread 0x00007f84680179a0 DEOPT PACKING pc=0x00007f84504641d9 sp=0x00007f846f3d8820
Event: 6,793 Thread 0x00007f84680179a0 DEOPT UNPACKING pc=0x00007f845798c711 sp=0x00007f846f3d7cd8 mode 0
Event: 6,793 Thread 0x00007f84680179a0 DEOPT PACKING pc=0x00007f84504641d9 sp=0x00007f846f3d8820
Event: 6,793 Thread 0x00007f84680179a0 DEOPT UNPACKING pc=0x00007f845798c711 sp=0x00007f846f3d7cd8 mode 0
Event: 6,793 Thread 0x00007f84680179a0 DEOPT PACKING pc=0x00007f8450464004 sp=0x00007f846f3d8820
Event: 6,793 Thread 0x00007f84680179a0 DEOPT UNPACKING pc=0x00007f845798c711 sp=0x00007f846f3d7cd8 mode 0
Event: 19,265 Thread 0x00007f84680179a0 Uncommon trap: trap_request=0xffffff54 fr.pc=0x00007f8457eed478 relative=0x0000000000000078
Event: 19,265 Thread 0x00007f84680179a0 Uncommon trap: reason=speculate_null_assert action=make_not_entrant pc=0x00007f8457eed478 method=sun.misc.Unsafe.putLong(Ljava/lang/Object;JJ)V @ 7 c2
Event: 19,265 Thread 0x00007f84680179a0 DEOPT PACKING pc=0x00007f8457eed478 sp=0x00007f846f3d9520
Event: 19,265 Thread 0x00007f84680179a0 DEOPT UNPACKING pc=0x00007f845798bf94 sp=0x00007f846f3d94d8 mode 2
Event: 19,629 Thread 0x00007f84680179a0 DEOPT PACKING pc=0x00007f8450416f8d sp=0x00007f846f3d8440
Event: 19,629 Thread 0x00007f84680179a0 DEOPT UNPACKING pc=0x00007f845798c711 sp=0x00007f846f3d78c0 mode 0
Event: 19,660 Thread 0x00007f84680179a0 DEOPT PACKING pc=0x00007f845041e524 sp=0x00007f846f3d8440
Event: 19,660 Thread 0x00007f84680179a0 DEOPT UNPACKING pc=0x00007f845798c711 sp=0x00007f846f3d7880 mode 0

Classes loaded (20 events):
Event: 18,829 Loading class java/nio/file/NoSuchFileException
Event: 18,834 Loading class java/nio/file/FileSystemException
Event: 18,834 Loading class java/nio/file/FileSystemException done
Event: 18,835 Loading class java/nio/file/NoSuchFileException done
Event: 19,218 Loading class jdk/internal/module/ModulePatcher$PatchedModuleReader
Event: 19,218 Loading class jdk/internal/module/ModulePatcher$PatchedModuleReader done
Event: 19,219 Loading class sun/net/www/protocol/jrt/Handler
Event: 19,219 Loading class sun/net/www/protocol/jrt/Handler done
Event: 19,234 Loading class sun/util/resources/LocaleData$CommonResourceBundleProvider
Event: 19,234 Loading class sun/util/resources/LocaleData$LocaleDataResourceBundleProvider
Event: 19,234 Loading class java/util/spi/ResourceBundleProvider
Event: 19,234 Loading class java/util/spi/ResourceBundleProvider done
Event: 19,234 Loading class sun/util/resources/LocaleData$LocaleDataResourceBundleProvider done
Event: 19,234 Loading class sun/util/resources/LocaleData$CommonResourceBundleProvider done
Event: 19,238 Loading class sun/util/resources/Bundles$2
Event: 19,238 Loading class sun/util/resources/Bundles$2 done
Event: 19,242 Loading class java/lang/Class$1
Event: 19,242 Loading class java/lang/Class$1 done
Event: 19,893 Loading class jdk/internal/reflect/MethodHandleLongFieldAccessorImpl
Event: 19,893 Loading class jdk/internal/reflect/MethodHandleLongFieldAccessorImpl done

Classes unloaded (0 events):
No events

Classes redefined (0 events):
No events

Internal exceptions (13 events):
Event: 6,063 Thread 0x00007f84680179a0 Exception <a 'java/lang/NoSuchMethodError'{0x00000000c8258190}: 'void java.lang.invoke.DirectMethodHandle$Holder.invokeStatic(java.lang.Object, java.lang.Object)'> (0x00000000c8258190) 
thrown [src/hotspot/share/interpreter/linkResolver.cpp, line 772]
Event: 6,077 Thread 0x00007f84680179a0 Exception <a 'java/lang/NoSuchMethodError'{0x00000000c825d098}: 'void java.lang.System.load(java.lang.String, java.lang.Class)'> (0x00000000c825d098) 
thrown [src/hotspot/share/interpreter/linkResolver.cpp, line 772]
Event: 6,079 Thread 0x00007f84680179a0 Exception <a 'java/lang/NoSuchMethodError'{0x00000000c825dc88}: 'void java.lang.invoke.DirectMethodHandle$Holder.invokeSpecial(java.lang.Object, java.lang.Object, java.lang.Object)'> (0x00000000c825dc88) 
thrown [src/hotspot/share/interpreter/linkResolver.cpp, line 772]
Event: 6,100 Thread 0x00007f84680179a0 Exception <a 'java/lang/NoSuchMethodError'{0x00000000c826fb90}: 'java.lang.Object java.lang.invoke.DirectMethodHandle$Holder.invokeStatic(java.lang.Object, java.lang.Object, int)'> (0x00000000c826fb90) 
thrown [src/hotspot/share/interpreter/linkResolver.cpp, line 772]
Event: 6,120 Thread 0x00007f84680179a0 Exception <a 'java/lang/NoSuchMethodError'{0x00000000c827b058}: 'void java.lang.invoke.DelegatingMethodHandle$Holder.delegate(java.lang.Object, java.lang.Object, int, java.lang.Object)'> (0x00000000c827b058) 
thrown [src/hotspot/share/interpreter/linkResolver.cpp, line 772]
Event: 6,123 Thread 0x00007f84680179a0 Exception <a 'java/lang/NoSuchMethodError'{0x00000000c827ef10}: 'int java.lang.invoke.DirectMethodHandle$Holder.invokeSpecial(java.lang.Object, java.lang.Object, java.lang.Object)'> (0x00000000c827ef10) 
thrown [src/hotspot/share/interpreter/linkResolver.cpp, line 772]
Event: 6,161 Thread 0x00007f84680179a0 Exception <a 'java/lang/NoSuchMethodError'{0x00000000c8299318}: 'void java.lang.System.loadLibrary(java.lang.String, java.lang.Class)'> (0x00000000c8299318) 
thrown [src/hotspot/share/interpreter/linkResolver.cpp, line 772]
Event: 6,803 Thread 0x00007f84680179a0 Exception <a 'java/lang/NoSuchMethodError'{0x00000000c8005bc0}: 'int java.lang.invoke.Invokers$Holder.invokeExact_MT(java.lang.Object, java.lang.Object)'> (0x00000000c8005bc0) 
thrown [src/hotspot/share/interpreter/linkResolver.cpp, line 772]
Event: 18,763 Thread 0x00007f84680179a0 Exception <a 'java/lang/NoSuchMethodError'{0x00000000c808f6d8}: 'void java.lang.System.load(java.lang.String, java.lang.Class)'> (0x00000000c808f6d8) 
thrown [src/hotspot/share/interpreter/linkResolver.cpp, line 772]
Event: 18,773 Thread 0x00007f84680179a0 Exception <a 'java/lang/NoSuchMethodError'{0x00000000c8092078}: 'void java.lang.System.loadLibrary(java.lang.String, java.lang.Class)'> (0x00000000c8092078) 
thrown [src/hotspot/share/interpreter/linkResolver.cpp, line 772]
Event: 18,828 Thread 0x00007f84680179a0 Exception <a 'sun/nio/fs/UnixException'{0x00000000c80a7460}> (0x00000000c80a7460) 
thrown [src/hotspot/share/prims/jni.cpp, line 520]
Event: 19,894 Thread 0x00007f84680179a0 Exception <a 'java/lang/NoSuchMethodError'{0x00000000c80b8a40}: 'long java.lang.invoke.DelegatingMethodHandle$Holder.reinvoke_L(java.lang.Object, java.lang.Object)'> (0x00000000c80b8a40) 
thrown [src/hotspot/share/interpreter/linkResolver.cpp, line 772]
Event: 19,896 Thread 0x00007f84680179a0 Exception <a 'java/lang/NoSuchMethodError'{0x00000000c80bf190}: 'long java.lang.invoke.Invokers$Holder.invokeExact_MT(java.lang.Object, java.lang.Object, java.lang.Object)'> (0x00000000c80bf190) 
thrown [src/hotspot/share/interpreter/linkResolver.cpp, line 772]

ZGC Phase Switch (0 events):
No events

VM Operations (20 events):
Event: 6,815 Executing VM operation: Cleanup
Event: 6,819 Executing VM operation: Cleanup done
Event: 8,279 Executing VM operation: get/set locals
Event: 8,279 Executing VM operation: get/set locals done
Event: 13,114 Executing VM operation: ChangeBreakpoints
Event: 13,114 Executing VM operation: ChangeBreakpoints done
Event: 16,066 Executing VM operation: get/set locals
Event: 16,066 Executing VM operation: get/set locals done
Event: 16,066 Executing VM operation: get/set locals
Event: 16,066 Executing VM operation: get/set locals done
Event: 16,067 Executing VM operation: get/set locals
Event: 16,067 Executing VM operation: get/set locals done
Event: 16,067 Executing VM operation: get/set locals
Event: 16,067 Executing VM operation: get/set locals done
Event: 18,834 Executing VM operation: HandshakeAllThreads (Deoptimize)
Event: 18,835 Executing VM operation: HandshakeAllThreads (Deoptimize) done
Event: 18,835 Executing VM operation: Cleanup
Event: 18,835 Executing VM operation: Cleanup done
Event: 19,482 Executing VM operation: G1CollectForAllocation (G1 Evacuation Pause)
Event: 19,495 Executing VM operation: G1CollectForAllocation (G1 Evacuation Pause) done

Events (20 events):
Event: 0,117 Thread 0x00007f84680da5a0 Thread added: 0x00007f84680da5a0
Event: 0,117 Protecting memory [0x00007f846c900000,0x00007f846c904000] with protection modes 0
Event: 0,117 Thread 0x00007f84680dbbe0 Thread added: 0x00007f84680dbbe0
Event: 0,118 Protecting memory [0x00007f846c800000,0x00007f846c804000] with protection modes 0
Event: 0,118 Thread 0x00007f84680dd180 Thread added: 0x00007f84680dd180
Event: 0,118 Protecting memory [0x00007f846c700000,0x00007f846c704000] with protection modes 0
Event: 0,118 Thread 0x00007f84680decc0 Thread added: 0x00007f84680decc0
Event: 0,122 Protecting memory [0x00007f846c600000,0x00007f846c604000] with protection modes 0
Event: 0,123 Thread 0x00007f84680e0380 Thread added: 0x00007f84680e0380
Event: 0,141 Protecting memory [0x00007f846c500000,0x00007f846c504000] with protection modes 0
Event: 0,198 Thread 0x00007f8468102ad0 Thread added: 0x00007f8468102ad0
Event: 0,199 Protecting memory [0x00007f846c32f000,0x00007f846c333000] with protection modes 0
Event: 0,199 Thread 0x00007f8468104d90 Thread added: 0x00007f8468104d90
Event: 0,200 Protecting memory [0x00007f846c22f000,0x00007f846c233000] with protection modes 0
Event: 0,200 Thread 0x0000563d54917fe0 Thread added: 0x0000563d54917fe0
Event: 0,200 Protecting memory [0x00007f846c12f000,0x00007f846c133000] with protection modes 0
Event: 1,196 Thread 0x00007f8468106030 Thread added: 0x00007f8468106030
Event: 1,204 Protecting memory [0x00007f846c02f000,0x00007f846c033000] with protection modes 0
Event: 1,204 Thread 0x00007f8468129d60 Thread added: 0x00007f8468129d60
Event: 1,210 Protecting memory [0x00007f8467f00000,0x00007f8467f04000] with protection modes 0


Dynamic libraries:
c4800000-c8400000 rw-p 00000000 00:00 0 
c8400000-ffe00000 ---p 00000000 00:00 0 
ffe00000-fff08000 rw-p 00ce7000 08:03 10111197                           /usr/lib/jvm/java-21-openjdk/lib/server/classes.jsa
fff08000-100000000 rw-p 00000000 00:00 0 
563d54319000-563d5431a000 r--p 00000000 08:03 10111141                   /usr/lib/jvm/java-21-openjdk/bin/java
563d5431a000-563d5431b000 r-xp 00001000 08:03 10111141                   /usr/lib/jvm/java-21-openjdk/bin/java
563d5431b000-563d5431c000 r--p 00002000 08:03 10111141                   /usr/lib/jvm/java-21-openjdk/bin/java
563d5431c000-563d5431d000 r--p 00002000 08:03 10111141                   /usr/lib/jvm/java-21-openjdk/bin/java
563d5431d000-563d5431e000 rw-p 00003000 08:03 10111141                   /usr/lib/jvm/java-21-openjdk/bin/java
563d54900000-563d54947000 rw-p 00000000 00:00 0                          [heap]
7f83bfc00000-7f83c074d000 r--p 00000000 08:03 9319036                    /usr/lib/libLLVM-16.so
7f83c074d000-7f83c4ab0000 r-xp 00b4d000 08:03 9319036                    /usr/lib/libLLVM-16.so
7f83c4ab0000-7f83c7851000 r--p 04eb0000 08:03 9319036                    /usr/lib/libLLVM-16.so
7f83c7851000-7f83c7f05000 r--p 07c50000 08:03 9319036                    /usr/lib/libLLVM-16.so
7f83c7f05000-7f83c7f4e000 rw-p 08304000 08:03 9319036                    /usr/lib/libLLVM-16.so
7f83c7f4e000-7f83c7fe1000 rw-p 00000000 00:00 0 
7f83c8000000-7f83c82c8000 rw-p 00000000 00:00 0 
7f83c82c8000-7f83cc000000 ---p 00000000 00:00 0 
7f83cc400000-7f83cc4a3000 r--p 00000000 08:03 9319409                    /usr/lib/dri/crocus_dri.so
7f83cc4a3000-7f83ceede000 r-xp 000a3000 08:03 9319409                    /usr/lib/dri/crocus_dri.so
7f83ceede000-7f83cfd43000 r--p 02ade000 08:03 9319409                    /usr/lib/dri/crocus_dri.so
7f83cfd43000-7f83cfdcd000 r--p 03942000 08:03 9319409                    /usr/lib/dri/crocus_dri.so
7f83cfdcd000-7f83cfde3000 rw-p 039cc000 08:03 9319409                    /usr/lib/dri/crocus_dri.so
7f83cfde3000-7f83cffa4000 rw-p 00000000 00:00 0 
7f83d0000000-7f83d0021000 rw-p 00000000 00:00 0 
7f83d0021000-7f83d4000000 ---p 00000000 00:00 0 
7f83d4000000-7f83d41ab000 rw-p 00000000 00:00 0 
7f83d41ab000-7f83d8000000 ---p 00000000 00:00 0 
7f83d8000000-7f83d8021000 rw-p 00000000 00:00 0 
7f83d8021000-7f83dc000000 ---p 00000000 00:00 0 
7f83dc000000-7f83dc021000 rw-p 00000000 00:00 0 
7f83dc021000-7f83e0000000 ---p 00000000 00:00 0 
7f83e0000000-7f83e0021000 rw-p 00000000 00:00 0 
7f83e0021000-7f83e4000000 ---p 00000000 00:00 0 
7f83e4000000-7f83e4021000 rw-p 00000000 00:00 0 
7f83e4021000-7f83e8000000 ---p 00000000 00:00 0 
7f83e8000000-7f83e8021000 rw-p 00000000 00:00 0 
7f83e8021000-7f83ec000000 ---p 00000000 00:00 0 
7f83ecc00000-7f83ecc57000 r-xp 00000000 00:1a 191                        /tmp/lwjglvlad/3.2.2-build-10/liblwjgl_opengl.so
7f83ecc57000-7f83ece56000 ---p 00057000 00:1a 191                        /tmp/lwjglvlad/3.2.2-build-10/liblwjgl_opengl.so
7f83ece56000-7f83ece57000 r--p 00056000 00:1a 191                        /tmp/lwjglvlad/3.2.2-build-10/liblwjgl_opengl.so
7f83ece57000-7f83ece58000 rw-p 00057000 00:1a 191                        /tmp/lwjglvlad/3.2.2-build-10/liblwjgl_opengl.so
7f83ece80000-7f83ed000000 rw-s 1063b5000 00:0f 11078                     anon_inode:i915.gem
7f83ed000000-7f83eee8d000 r--p 00000000 08:03 9329756                    /usr/lib/libicudata.so.73.2
7f83eee8d000-7f83eee8e000 r--p 01e8c000 08:03 9329756                    /usr/lib/libicudata.so.73.2
7f83ef000000-7f83ef1b0000 rw-p 00000000 00:00 0 
7f83ef1b0000-7f83ef400000 ---p 00000000 00:00 0 
7f83ef400000-7f83ef510000 rw-p 00000000 00:00 0 
7f83ef510000-7f83ef740000 rw-p 00000000 00:00 0 
7f83ef740000-7f83f3000000 ---p 00000000 00:00 0 
7f83f3000000-7f83f3ca8000 rw-p 00001000 08:03 10111197                   /usr/lib/jvm/java-21-openjdk/lib/server/classes.jsa
7f83f3ca8000-7f83f4000000 ---p 00000000 00:00 0 
7f83f4000000-7f83f4030000 rw-p 00000000 00:00 0 
7f83f4030000-7f83f4040000 ---p 00000000 00:00 0 
7f83f4040000-7f83f4060000 rw-p 00000000 00:00 0 
7f83f4060000-7f8434000000 ---p 00000000 00:00 0 
7f8434000000-7f8434021000 rw-p 00000000 00:00 0 
7f8434021000-7f8438000000 ---p 00000000 00:00 0 
7f8438000000-7f8438021000 rw-p 00000000 00:00 0 
7f8438021000-7f843c000000 ---p 00000000 00:00 0 
7f843c000000-7f843c021000 rw-p 00000000 00:00 0 
7f843c021000-7f8440000000 ---p 00000000 00:00 0 
7f844007c000-7f844007d000 ---p 00000000 00:00 0 
7f844007d000-7f844017d000 rw-p 00000000 00:00 0 
7f844017d000-7f84402bd000 rw-s 104bb5000 00:0f 11078                     anon_inode:i915.gem
7f84402bd000-7f84402be000 ---p 00000000 00:00 0 
7f84402be000-7f8440abe000 rw-p 00000000 00:00 0 
7f8440abe000-7f8440abf000 ---p 00000000 00:00 0 
7f8440abf000-7f84412bf000 rw-p 00000000 00:00 0 
7f84412bf000-7f8441400000 rw-s 00000000 08:03 30015644                   /home/vlad/.cache/mesa_shader_cache/index
7f8441400000-7f8441465000 r--p 00000000 08:03 9329761                    /usr/lib/libicuuc.so.73.2
7f8441465000-7f8441562000 r-xp 00065000 08:03 9329761                    /usr/lib/libicuuc.so.73.2
7f8441562000-7f84415f2000 r--p 00162000 08:03 9329761                    /usr/lib/libicuuc.so.73.2
7f84415f2000-7f8441605000 r--p 001f2000 08:03 9329761                    /usr/lib/libicuuc.so.73.2
7f8441605000-7f8441606000 rw-p 00205000 08:03 9329761                    /usr/lib/libicuuc.so.73.2
7f8441606000-7f8441608000 rw-p 00000000 00:00 0 
7f844169a000-7f84416cc000 r--p 00000000 08:03 9330272                    /usr/lib/libxml2.so.2.11.5
7f84416cc000-7f84417aa000 r-xp 00032000 08:03 9330272                    /usr/lib/libxml2.so.2.11.5
7f84417aa000-7f84417f3000 r--p 00110000 08:03 9330272                    /usr/lib/libxml2.so.2.11.5
7f84417f3000-7f84417fe000 r--p 00158000 08:03 9330272                    /usr/lib/libxml2.so.2.11.5
7f84417fe000-7f84417ff000 rw-p 00163000 08:03 9330272                    /usr/lib/libxml2.so.2.11.5
7f84417ff000-7f8441800000 rw-p 00000000 00:00 0 
7f8441800000-7f8441843000 r-xp 00000000 00:1a 190                        /tmp/lwjglvlad/3.2.2-build-10/libglfw.so
7f8441843000-7f8441a42000 ---p 00043000 00:1a 190                        /tmp/lwjglvlad/3.2.2-build-10/libglfw.so
7f8441a42000-7f8441a43000 r--p 00042000 00:1a 190                        /tmp/lwjglvlad/3.2.2-build-10/libglfw.so
7f8441a43000-7f8441a45000 rw-p 00043000 00:1a 190                        /tmp/lwjglvlad/3.2.2-build-10/libglfw.so
7f8441a45000-7f8441a66000 rw-p 00000000 00:00 0 
7f8441a99000-7f8441a9d000 r--p 00000000 08:03 9329829                    /usr/lib/liblzma.so.5.4.4
7f8441a9d000-7f8441abe000 r-xp 00004000 08:03 9329829                    /usr/lib/liblzma.so.5.4.4
7f8441abe000-7f8441aca000 r--p 00025000 08:03 9329829                    /usr/lib/liblzma.so.5.4.4
7f8441aca000-7f8441acb000 r--p 00031000 08:03 9329829                    /usr/lib/liblzma.so.5.4.4
7f8441acb000-7f8441acc000 rw-p 00032000 08:03 9329829                    /usr/lib/liblzma.so.5.4.4
7f8441acc000-7f8441acf000 r--p 00000000 08:03 9329989                    /usr/lib/libpciaccess.so.0.11.1
7f8441acf000-7f8441ad4000 r-xp 00003000 08:03 9329989                    /usr/lib/libpciaccess.so.0.11.1
7f8441ad4000-7f8441ad6000 r--p 00008000 08:03 9329989                    /usr/lib/libpciaccess.so.0.11.1
7f8441ad6000-7f8441ad7000 r--p 00009000 08:03 9329989                    /usr/lib/libpciaccess.so.0.11.1
7f8441ad7000-7f8441ad8000 rw-p 0000a000 08:03 9329989                    /usr/lib/libpciaccess.so.0.11.1
7f8441ad8000-7f8441aee000 r--p 00000000 08:03 9329894                    /usr/lib/libncursesw.so.6.4
7f8441aee000-7f8441b32000 r-xp 00016000 08:03 9329894                    /usr/lib/libncursesw.so.6.4
7f8441b32000-7f8441b4a000 r--p 0005a000 08:03 9329894                    /usr/lib/libncursesw.so.6.4
7f8441b4a000-7f8441b4e000 r--p 00072000 08:03 9329894                    /usr/lib/libncursesw.so.6.4
7f8441b4e000-7f8441b4f000 rw-p 00076000 08:03 9329894                    /usr/lib/libncursesw.so.6.4
7f8441b4f000-7f8441b58000 r--p 00000000 08:03 9317526                    /usr/lib/libedit.so.0.0.72
7f8441b58000-7f8441b77000 r-xp 00009000 08:03 9317526                    /usr/lib/libedit.so.0.0.72
7f8441b77000-7f8441b85000 r--p 00028000 08:03 9317526                    /usr/lib/libedit.so.0.0.72
7f8441b85000-7f8441b87000 r--p 00036000 08:03 9317526                    /usr/lib/libedit.so.0.0.72
7f8441b87000-7f8441b88000 rw-p 00038000 08:03 9317526                    /usr/lib/libedit.so.0.0.72
7f8441b88000-7f8441b8b000 rw-p 00000000 00:00 0 
7f8441b8b000-7f8441b8d000 r--p 00000000 08:03 9329588                    /usr/lib/libffi.so.8.1.2
7f8441b8d000-7f8441b93000 r-xp 00002000 08:03 9329588                    /usr/lib/libffi.so.8.1.2
7f8441b93000-7f8441b94000 r--p 00008000 08:03 9329588                    /usr/lib/libffi.so.8.1.2
7f8441b94000-7f8441b95000 r--p 00009000 08:03 9329588                    /usr/lib/libffi.so.8.1.2
7f8441b95000-7f8441b96000 rw-p 0000a000 08:03 9329588                    /usr/lib/libffi.so.8.1.2
7f8441b96000-7f8441b99000 r--p 00000000 08:03 9316572                    /usr/lib/libdrm_intel.so.1.0.0
7f8441b99000-7f8441bae000 r-xp 00003000 08:03 9316572                    /usr/lib/libdrm_intel.so.1.0.0
7f8441bae000-7f8441bb8000 r--p 00018000 08:03 9316572                    /usr/lib/libdrm_intel.so.1.0.0
7f8441bb8000-7f8441bb9000 r--p 00021000 08:03 9316572                    /usr/lib/libdrm_intel.so.1.0.0
7f8441bb9000-7f8441bba000 rw-p 00022000 08:03 9316572                    /usr/lib/libdrm_intel.so.1.0.0
7f8441bba000-7f8441bbd000 r--p 00000000 08:03 9316569                    /usr/lib/libdrm_amdgpu.so.1.0.0
7f8441bbd000-7f8441bc2000 r-xp 00003000 08:03 9316569                    /usr/lib/libdrm_amdgpu.so.1.0.0
7f8441bc2000-7f8441bc4000 r--p 00008000 08:03 9316569                    /usr/lib/libdrm_amdgpu.so.1.0.0
7f8441bc4000-7f8441bc5000 r--p 00009000 08:03 9316569                    /usr/lib/libdrm_amdgpu.so.1.0.0
7f8441bc5000-7f8441bc6000 rw-p 0000a000 08:03 9316569                    /usr/lib/libdrm_amdgpu.so.1.0.0
7f8441bc6000-7f8441bca000 r--p 00000000 08:03 9329563                    /usr/lib/libelf-0.189.so
7f8441bca000-7f8441bdc000 r-xp 00004000 08:03 9329563                    /usr/lib/libelf-0.189.so
7f8441bdc000-7f8441be0000 r--p 00016000 08:03 9329563                    /usr/lib/libelf-0.189.so
7f8441be0000-7f8441be1000 r--p 0001a000 08:03 9329563                    /usr/lib/libelf-0.189.so
7f8441be1000-7f8441be2000 rw-p 0001b000 08:03 9329563                    /usr/lib/libelf-0.189.so
7f8441be2000-7f8441be4000 r--p 00000000 08:03 9316578                    /usr/lib/libdrm_radeon.so.1.0.1
7f8441be4000-7f8441bea000 r-xp 00002000 08:03 9316578                    /usr/lib/libdrm_radeon.so.1.0.1
7f8441bea000-7f8441bee000 r--p 00008000 08:03 9316578                    /usr/lib/libdrm_radeon.so.1.0.1
7f8441bee000-7f8441bef000 r--p 0000b000 08:03 9316578                    /usr/lib/libdrm_radeon.so.1.0.1
7f8441bef000-7f8441bf0000 rw-p 0000c000 08:03 9316578                    /usr/lib/libdrm_radeon.so.1.0.1
7f8441bf0000-7f8441bf3000 r--p 00000000 08:03 9330073                    /usr/lib/libsensors.so.5.0.0
7f8441bf3000-7f8441bfa000 r-xp 00003000 08:03 9330073                    /usr/lib/libsensors.so.5.0.0
7f8441bfa000-7f8441bfe000 r--p 0000a000 08:03 9330073                    /usr/lib/libsensors.so.5.0.0
7f8441bfe000-7f8441bff000 r--p 0000e000 08:03 9330073                    /usr/lib/libsensors.so.5.0.0
7f8441bff000-7f8441c00000 rw-p 0000f000 08:03 9330073                    /usr/lib/libsensors.so.5.0.0
7f8441c00000-7f8441c83000 r-xp 00000000 00:1a 189                        /tmp/lwjglvlad/3.2.2-build-10/liblwjgl.so
7f8441c83000-7f8441e83000 ---p 00083000 00:1a 189                        /tmp/lwjglvlad/3.2.2-build-10/liblwjgl.so
7f8441e83000-7f8441e84000 r--p 00083000 00:1a 189                        /tmp/lwjglvlad/3.2.2-build-10/liblwjgl.so
7f8441e84000-7f8441e86000 rw-p 00084000 00:1a 189                        /tmp/lwjglvlad/3.2.2-build-10/liblwjgl.so
7f8441e86000-7f8441e87000 rw-p 00000000 00:00 0 
7f8441e87000-7f8441e89000 r--p 00000000 08:03 9316575                    /usr/lib/libdrm_nouveau.so.2.0.0
7f8441e89000-7f8441e8d000 r-xp 00002000 08:03 9316575                    /usr/lib/libdrm_nouveau.so.2.0.0
7f8441e8d000-7f8441e8f000 r--p 00006000 08:03 9316575                    /usr/lib/libdrm_nouveau.so.2.0.0
7f8441e8f000-7f8441e90000 r--p 00007000 08:03 9316575                    /usr/lib/libdrm_nouveau.so.2.0.0
7f8441e90000-7f8441e91000 rw-p 00008000 08:03 9316575                    /usr/lib/libdrm_nouveau.so.2.0.0
7f8441e91000-7f8441e9d000 r--p 00000000 08:03 9330286                    /usr/lib/libzstd.so.1.5.5
7f8441e9d000-7f8441f4e000 r-xp 0000c000 08:03 9330286                    /usr/lib/libzstd.so.1.5.5
7f8441f4e000-7f8441f62000 r--p 000bd000 08:03 9330286                    /usr/lib/libzstd.so.1.5.5
7f8441f62000-7f8441f63000 r--p 000d1000 08:03 9330286                    /usr/lib/libzstd.so.1.5.5
7f8441f63000-7f8441f64000 rw-p 000d2000 08:03 9330286                    /usr/lib/libzstd.so.1.5.5
7f8441f64000-7f8441f94000 r--p 00000000 08:03 9961557                    /usr/share/locale/ru/LC_MESSAGES/libc.mo
7f8441f94000-7f8441f97000 r--p 00000000 08:03 9313448                    /usr/lib/libxcb-xfixes.so.0.0.0
7f8441f97000-7f8441f9a000 r-xp 00003000 08:03 9313448                    /usr/lib/libxcb-xfixes.so.0.0.0
7f8441f9a000-7f8441f9b000 r--p 00006000 08:03 9313448                    /usr/lib/libxcb-xfixes.so.0.0.0
7f8441f9b000-7f8441f9c000 r--p 00007000 08:03 9313448                    /usr/lib/libxcb-xfixes.so.0.0.0
7f8441f9c000-7f8441f9d000 rw-p 00008000 08:03 9313448                    /usr/lib/libxcb-xfixes.so.0.0.0
7f8441f9d000-7f8441fa0000 r--p 00000000 08:03 9313442                    /usr/lib/libxcb-sync.so.1.0.0
7f8441fa0000-7f8441fa3000 r-xp 00003000 08:03 9313442                    /usr/lib/libxcb-sync.so.1.0.0
7f8441fa3000-7f8441fa4000 r--p 00006000 08:03 9313442                    /usr/lib/libxcb-sync.so.1.0.0
7f8441fa4000-7f8441fa5000 r--p 00007000 08:03 9313442                    /usr/lib/libxcb-sync.so.1.0.0
7f8441fa5000-7f8441fa6000 rw-p 00008000 08:03 9313442                    /usr/lib/libxcb-sync.so.1.0.0
7f8441fa6000-7f8441fa7000 r--p 00000000 08:03 9313418                    /usr/lib/libxcb-present.so.0.0.0
7f8441fa7000-7f8441fa8000 r-xp 00001000 08:03 9313418                    /usr/lib/libxcb-present.so.0.0.0
7f8441fa8000-7f8441fa9000 r--p 00002000 08:03 9313418                    /usr/lib/libxcb-present.so.0.0.0
7f8441fa9000-7f8441faa000 r--p 00002000 08:03 9313418                    /usr/lib/libxcb-present.so.0.0.0
7f8441faa000-7f8441fab000 rw-p 00003000 08:03 9313418                    /usr/lib/libxcb-present.so.0.0.0
7f8441fab000-7f8441fad000 r--p 00000000 08:03 9313412                    /usr/lib/libxcb-dri3.so.0.1.0
7f8441fad000-7f8441faf000 r-xp 00002000 08:03 9313412                    /usr/lib/libxcb-dri3.so.0.1.0
7f8441faf000-7f8441fb0000 r--p 00004000 08:03 9313412                    /usr/lib/libxcb-dri3.so.0.1.0
7f8441fb0000-7f8441fb1000 r--p 00004000 08:03 9313412                    /usr/lib/libxcb-dri3.so.0.1.0
7f8441fb1000-7f8441fb2000 rw-p 00005000 08:03 9313412                    /usr/lib/libxcb-dri3.so.0.1.0
7f8441fb2000-7f8441fb9000 r--p 00000000 08:03 9313421                    /usr/lib/libxcb-randr.so.0.1.0
7f8441fb9000-7f8441fbf000 r-xp 00007000 08:03 9313421                    /usr/lib/libxcb-randr.so.0.1.0
7f8441fbf000-7f8441fc2000 r--p 0000d000 08:03 9313421                    /usr/lib/libxcb-randr.so.0.1.0
7f8441fc2000-7f8441fc3000 r--p 00010000 08:03 9313421                    /usr/lib/libxcb-randr.so.0.1.0
7f8441fc3000-7f8441fc4000 rw-p 00011000 08:03 9313421                    /usr/lib/libxcb-randr.so.0.1.0
7f8441fc4000-7f8441fc5000 r--p 00000000 08:03 9330273                    /usr/lib/libxshmfence.so.1.0.0
7f8441fc5000-7f8441fc6000 r-xp 00001000 08:03 9330273                    /usr/lib/libxshmfence.so.1.0.0
7f8441fc6000-7f8441fc7000 r--p 00002000 08:03 9330273                    /usr/lib/libxshmfence.so.1.0.0
7f8441fc7000-7f8441fc8000 r--p 00002000 08:03 9330273                    /usr/lib/libxshmfence.so.1.0.0
7f8441fc8000-7f8441fc9000 rw-p 00003000 08:03 9330273                    /usr/lib/libxshmfence.so.1.0.0
7f8441fc9000-7f8441fcd000 r--p 00000000 08:03 9329577                    /usr/lib/libexpat.so.1.8.10
7f8441fcd000-7f8441fe9000 r-xp 00004000 08:03 9329577                    /usr/lib/libexpat.so.1.8.10
7f8441fe9000-7f8441ff1000 r--p 00020000 08:03 9329577                    /usr/lib/libexpat.so.1.8.10
7f8441ff1000-7f8441ff3000 r--p 00028000 08:03 9329577                    /usr/lib/libexpat.so.1.8.10
7f8441ff3000-7f8441ff4000 rw-p 0002a000 08:03 9329577                    /usr/lib/libexpat.so.1.8.10
7f8441ff4000-7f8441ff5000 r--p 00000000 08:03 9313439                    /usr/lib/libxcb-shm.so.0.0.0
7f8441ff5000-7f8441ff6000 r-xp 00001000 08:03 9313439                    /usr/lib/libxcb-shm.so.0.0.0
7f8441ff6000-7f8441ff7000 r--p 00002000 08:03 9313439                    /usr/lib/libxcb-shm.so.0.0.0
7f8441ff7000-7f8441ff8000 r--p 00002000 08:03 9313439                    /usr/lib/libxcb-shm.so.0.0.0
7f8441ff8000-7f8441ff9000 rw-p 00003000 08:03 9313439                    /usr/lib/libxcb-shm.so.0.0.0
7f8441ff9000-7f8441ffb000 r--p 00000000 08:03 9313409                    /usr/lib/libxcb-dri2.so.0.0.0
7f8441ffb000-7f8441ffd000 r-xp 00002000 08:03 9313409                    /usr/lib/libxcb-dri2.so.0.0.0
7f8441ffd000-7f8441ffe000 r--p 00004000 08:03 9313409                    /usr/lib/libxcb-dri2.so.0.0.0
7f8441ffe000-7f8441fff000 r--p 00004000 08:03 9313409                    /usr/lib/libxcb-dri2.so.0.0.0
7f8441fff000-7f8442000000 rw-p 00005000 08:03 9313409                    /usr/lib/libxcb-dri2.so.0.0.0
7f8442000000-7f8444021000 rw-p 00000000 00:00 0 
7f8444021000-7f8448000000 ---p 00000000 00:00 0 
7f8448000000-7f8448021000 rw-p 00000000 00:00 0 
7f8448021000-7f844c000000 ---p 00000000 00:00 0 
7f844c000000-7f844c021000 rw-p 00000000 00:00 0 
7f844c021000-7f8450000000 ---p 00000000 00:00 0 
7f8450000000-7f845000c000 r--p 00000000 08:03 9313415                    /usr/lib/libxcb-glx.so.0.0.0
7f845000c000-7f8450015000 r-xp 0000c000 08:03 9313415                    /usr/lib/libxcb-glx.so.0.0.0
7f8450015000-7f845001a000 r--p 00015000 08:03 9313415                    /usr/lib/libxcb-glx.so.0.0.0
7f845001a000-7f845001c000 r--p 0001a000 08:03 9313415                    /usr/lib/libxcb-glx.so.0.0.0
7f845001c000-7f845001d000 rw-p 0001c000 08:03 9313415                    /usr/lib/libxcb-glx.so.0.0.0
7f845001d000-7f8450022000 r--p 00000000 08:03 9316566                    /usr/lib/libdrm.so.2.4.0
7f8450022000-7f845002e000 r-xp 00005000 08:03 9316566                    /usr/lib/libdrm.so.2.4.0
7f845002e000-7f8450032000 r--p 00011000 08:03 9316566                    /usr/lib/libdrm.so.2.4.0
7f8450032000-7f8450033000 r--p 00015000 08:03 9316566                    /usr/lib/libdrm.so.2.4.0
7f8450033000-7f8450034000 rw-p 00016000 08:03 9316566                    /usr/lib/libdrm.so.2.4.0
7f8450034000-7f8450041000 r--p 00000000 08:03 9319425                    /usr/lib/libglapi.so.0.0.0
7f8450041000-7f845004f000 r-xp 0000d000 08:03 9319425                    /usr/lib/libglapi.so.0.0.0
7f845004f000-7f8450064000 r--p 0001b000 08:03 9319425                    /usr/lib/libglapi.so.0.0.0
7f8450064000-7f8450068000 r--p 00030000 08:03 9319425                    /usr/lib/libglapi.so.0.0.0
7f8450068000-7f8450069000 rw-p 00034000 08:03 9319425                    /usr/lib/libglapi.so.0.0.0
7f8450069000-7f8450083000 r--p 00000000 08:03 9319416                    /usr/lib/libGLX_mesa.so.0.0.0
7f8450083000-7f84500eb000 r-xp 0001a000 08:03 9319416                    /usr/lib/libGLX_mesa.so.0.0.0
7f84500eb000-7f8450102000 r--p 00082000 08:03 9319416                    /usr/lib/libGLX_mesa.so.0.0.0
7f8450102000-7f8450105000 r--p 00099000 08:03 9319416                    /usr/lib/libGLX_mesa.so.0.0.0
7f8450105000-7f8450106000 rw-p 0009c000 08:03 9319416                    /usr/lib/libGLX_mesa.so.0.0.0
7f8450106000-7f8450109000 rw-p 00000000 00:00 0 
7f8450109000-7f845010c000 r--p 00000000 08:03 9319536                    /usr/lib/libGLX.so.0.0.0
7f845010c000-7f8450126000 r-xp 00003000 08:03 9319536                    /usr/lib/libGLX.so.0.0.0
7f8450126000-7f8450129000 r--p 0001d000 08:03 9319536                    /usr/lib/libGLX.so.0.0.0
7f8450129000-7f845012a000 r--p 00020000 08:03 9319536                    /usr/lib/libGLX.so.0.0.0
7f845012a000-7f845012b000 rw-p 00021000 08:03 9319536                    /usr/lib/libGLX.so.0.0.0
7f845012b000-7f845013b000 rw-p 00000000 00:00 0 
7f845013b000-7f845017c000 r--p 00000000 08:03 9319631                    /usr/lib/libGLdispatch.so.0.0.0
7f845017c000-7f84501bb000 r-xp 00041000 08:03 9319631                    /usr/lib/libGLdispatch.so.0.0.0
7f84501bb000-7f84501ce000 r--p 00080000 08:03 9319631                    /usr/lib/libGLdispatch.so.0.0.0
7f84501ce000-7f84501ea000 r--p 00093000 08:03 9319631                    /usr/lib/libGLdispatch.so.0.0.0
7f84501ea000-7f84501eb000 rw-p 000af000 08:03 9319631                    /usr/lib/libGLdispatch.so.0.0.0
7f84501eb000-7f84501f3000 rw-p 00000000 00:00 0 
7f84501f3000-7f8450235000 r--p 00000000 08:03 9319527                    /usr/lib/libGL.so.1.7.0
7f8450235000-7f8450254000 r-xp 00042000 08:03 9319527                    /usr/lib/libGL.so.1.7.0
7f8450254000-7f8450269000 r--p 00061000 08:03 9319527                    /usr/lib/libGL.so.1.7.0
7f8450269000-7f8450277000 r--p 00075000 08:03 9319527                    /usr/lib/libGL.so.1.7.0
7f8450277000-7f8450278000 rw-p 00083000 08:03 9319527                    /usr/lib/libGL.so.1.7.0
7f8450278000-7f8450279000 rw-p 00000000 00:00 0 
7f8450279000-7f845027a000 r--p 00000000 08:03 9313497                    /usr/lib/libX11-xcb.so.1.0.0
7f845027a000-7f845027b000 r-xp 00001000 08:03 9313497                    /usr/lib/libX11-xcb.so.1.0.0
7f845027b000-7f845027c000 r--p 00002000 08:03 9313497                    /usr/lib/libX11-xcb.so.1.0.0
7f845027c000-7f845027d000 r--p 00002000 08:03 9313497                    /usr/lib/libX11-xcb.so.1.0.0
7f845027d000-7f845027e000 rw-p 00003000 08:03 9313497                    /usr/lib/libX11-xcb.so.1.0.0
7f845027e000-7f845027f000 r--p 00000000 08:03 9329367                    /usr/lib/libXinerama.so.1.0.0
7f845027f000-7f8450280000 r-xp 00001000 08:03 9329367                    /usr/lib/libXinerama.so.1.0.0
7f8450280000-7f8450281000 r--p 00002000 08:03 9329367                    /usr/lib/libXinerama.so.1.0.0
7f8450281000-7f8450282000 r--p 00002000 08:03 9329367                    /usr/lib/libXinerama.so.1.0.0
7f8450282000-7f8450283000 rw-p 00003000 08:03 9329367                    /usr/lib/libXinerama.so.1.0.0
7f8450283000-7f8450286000 r--p 00000000 08:03 9329359                    /usr/lib/libXcursor.so.1.0.2
7f8450286000-7f845028b000 r-xp 00003000 08:03 9329359                    /usr/lib/libXcursor.so.1.0.2
7f845028b000-7f845028d000 r--p 00008000 08:03 9329359                    /usr/lib/libXcursor.so.1.0.2
7f845028d000-7f845028e000 r--p 00009000 08:03 9329359                    /usr/lib/libXcursor.so.1.0.2
7f845028e000-7f845028f000 rw-p 0000a000 08:03 9329359                    /usr/lib/libXcursor.so.1.0.2
7f845028f000-7f8450291000 r--p 00000000 08:03 9329372                    /usr/lib/libXrender.so.1.3.0
7f8450291000-7f8450298000 r-xp 00002000 08:03 9329372                    /usr/lib/libXrender.so.1.3.0
7f8450298000-7f845029a000 r--p 00009000 08:03 9329372                    /usr/lib/libXrender.so.1.3.0
7f845029a000-7f845029b000 r--p 0000a000 08:03 9329372                    /usr/lib/libXrender.so.1.3.0
7f845029b000-7f845029c000 rw-p 0000b000 08:03 9329372                    /usr/lib/libXrender.so.1.3.0
7f845029c000-7f845029e000 r--p 00000000 08:03 9326346                    /usr/lib/libXrandr.so.2.2.0
7f845029e000-7f84502a5000 r-xp 00002000 08:03 9326346                    /usr/lib/libXrandr.so.2.2.0
7f84502a5000-7f84502a7000 r--p 00009000 08:03 9326346                    /usr/lib/libXrandr.so.2.2.0
7f84502a7000-7f84502a8000 r--p 0000a000 08:03 9326346                    /usr/lib/libXrandr.so.2.2.0
7f84502a8000-7f84502a9000 rw-p 0000b000 08:03 9326346                    /usr/lib/libXrandr.so.2.2.0
7f84502a9000-7f84502ac000 r--p 00000000 08:03 9329366                    /usr/lib/libXi.so.6.1.0
7f84502ac000-7f84502b8000 r-xp 00003000 08:03 9329366                    /usr/lib/libXi.so.6.1.0
7f84502b8000-7f84502bb000 r--p 0000f000 08:03 9329366                    /usr/lib/libXi.so.6.1.0
7f84502bb000-7f84502bc000 r--p 00011000 08:03 9329366                    /usr/lib/libXi.so.6.1.0
7f84502bc000-7f84502bd000 rw-p 00012000 08:03 9329366                    /usr/lib/libXi.so.6.1.0
7f84502bd000-7f84502d9000 r--p 00000000 08:03 9313500                    /usr/lib/libX11.so.6.4.0
7f84502d9000-7f8450364000 r-xp 0001c000 08:03 9313500                    /usr/lib/libX11.so.6.4.0
7f8450364000-7f84503f9000 r--p 000a7000 08:03 9313500                    /usr/lib/libX11.so.6.4.0
7f84503f9000-7f84503fc000 r--p 0013b000 08:03 9313500                    /usr/lib/libX11.so.6.4.0
7f84503fc000-7f8450400000 rw-p 0013e000 08:03 9313500                    /usr/lib/libX11.so.6.4.0
7f8450400000-7f8450670000 rwxp 00000000 00:00 0 
7f8450670000-7f8457938000 ---p 00000000 00:00 0 
7f8457938000-7f8457ba8000 rwxp 00000000 00:00 0 
7f8457ba8000-7f8457ec7000 ---p 00000000 00:00 0 
7f8457ec7000-7f8458137000 rwxp 00000000 00:00 0 
7f8458137000-7f845f400000 ---p 00000000 00:00 0 
7f845f400000-7f8467edb000 r--s 00000000 08:03 10111188                   /usr/lib/jvm/java-21-openjdk/lib/modules
7f8467edc000-7f8467ede000 r--p 00000000 08:03 9329363                    /usr/lib/libXfixes.so.3.1.0
7f8467ede000-7f8467ee1000 r-xp 00002000 08:03 9329363                    /usr/lib/libXfixes.so.3.1.0
7f8467ee1000-7f8467ee2000 r--p 00005000 08:03 9329363                    /usr/lib/libXfixes.so.3.1.0
7f8467ee2000-7f8467ee3000 r--p 00006000 08:03 9329363                    /usr/lib/libXfixes.so.3.1.0
7f8467ee3000-7f8467ee4000 rw-p 00007000 08:03 9329363                    /usr/lib/libXfixes.so.3.1.0
7f8467ee4000-7f8467ee8000 r--p 00000000 08:03 9329362                    /usr/lib/libXext.so.6.4.0
7f8467ee8000-7f8467ef3000 r-xp 00004000 08:03 9329362                    /usr/lib/libXext.so.6.4.0
7f8467ef3000-7f8467ef7000 r--p 0000f000 08:03 9329362                    /usr/lib/libXext.so.6.4.0
7f8467ef7000-7f8467ef8000 r--p 00012000 08:03 9329362                    /usr/lib/libXext.so.6.4.0
7f8467ef8000-7f8467ef9000 rw-p 00013000 08:03 9329362                    /usr/lib/libXext.so.6.4.0
7f8467ef9000-7f8467efa000 r--p 00000000 08:03 9329379                    /usr/lib/libXxf86vm.so.1.0.0
7f8467efa000-7f8467efd000 r-xp 00001000 08:03 9329379                    /usr/lib/libXxf86vm.so.1.0.0
7f8467efd000-7f8467efe000 r--p 00004000 08:03 9329379                    /usr/lib/libXxf86vm.so.1.0.0
7f8467efe000-7f8467eff000 r--p 00004000 08:03 9329379                    /usr/lib/libXxf86vm.so.1.0.0
7f8467eff000-7f8467f00000 rw-p 00005000 08:03 9329379                    /usr/lib/libXxf86vm.so.1.0.0
7f8467f00000-7f8467f04000 ---p 00000000 00:00 0 
7f8467f04000-7f8468619000 rw-p 00000000 00:00 0 
7f8468619000-7f846c000000 ---p 00000000 00:00 0 
7f846c004000-7f846c010000 r--p 00000000 08:03 9313469                    /usr/lib/libxcb.so.1.1.0
7f846c010000-7f846c024000 r-xp 0000c000 08:03 9313469                    /usr/lib/libxcb.so.1.1.0
7f846c024000-7f846c02d000 r--p 00020000 08:03 9313469                    /usr/lib/libxcb.so.1.1.0
7f846c02d000-7f846c02e000 r--p 00028000 08:03 9313469                    /usr/lib/libxcb.so.1.1.0
7f846c02e000-7f846c02f000 rw-p 00029000 08:03 9313469                    /usr/lib/libxcb.so.1.1.0
7f846c02f000-7f846c033000 ---p 00000000 00:00 0 
7f846c033000-7f846c12f000 rw-p 00000000 00:00 0 
7f846c12f000-7f846c133000 ---p 00000000 00:00 0 
7f846c133000-7f846c22f000 rw-p 00000000 00:00 0 
7f846c22f000-7f846c233000 ---p 00000000 00:00 0 
7f846c233000-7f846c32f000 rw-p 00000000 00:00 0 
7f846c32f000-7f846c333000 ---p 00000000 00:00 0 
7f846c333000-7f846c42f000 rw-p 00000000 00:00 0 
7f846c42f000-7f846c434000 r--p 00000000 08:03 10111174                   /usr/lib/jvm/java-21-openjdk/lib/libjsvml.so
7f846c434000-7f846c475000 r-xp 00005000 08:03 10111174                   /usr/lib/jvm/java-21-openjdk/lib/libjsvml.so
7f846c475000-7f846c4fe000 r--p 00046000 08:03 10111174                   /usr/lib/jvm/java-21-openjdk/lib/libjsvml.so
7f846c4fe000-7f846c4ff000 r--p 000ce000 08:03 10111174                   /usr/lib/jvm/java-21-openjdk/lib/libjsvml.so
7f846c4ff000-7f846c500000 rw-p 000cf000 08:03 10111174                   /usr/lib/jvm/java-21-openjdk/lib/libjsvml.so
7f846c500000-7f846c504000 ---p 00000000 00:00 0 
7f846c504000-7f846c600000 rw-p 00000000 00:00 0 
7f846c600000-7f846c604000 ---p 00000000 00:00 0 
7f846c604000-7f846c700000 rw-p 00000000 00:00 0 
7f846c700000-7f846c704000 ---p 00000000 00:00 0 
7f846c704000-7f846c800000 rw-p 00000000 00:00 0 
7f846c800000-7f846c804000 ---p 00000000 00:00 0 
7f846c804000-7f846c900000 rw-p 00000000 00:00 0 
7f846c900000-7f846c904000 ---p 00000000 00:00 0 
7f846c904000-7f846ca00000 rw-p 00000000 00:00 0 
7f846ca00000-7f846ca04000 ---p 00000000 00:00 0 
7f846ca04000-7f846cb00000 rw-p 00000000 00:00 0 
7f846cb00000-7f846cb04000 ---p 00000000 00:00 0 
7f846cb04000-7f846cc00000 rw-p 00000000 00:00 0 
7f846cc00000-7f846ceeb000 r--p 00000000 08:03 9310393                    /usr/lib/locale/locale-archive
7f846ceec000-7f846ceee000 r--p 00000000 08:03 9329361                    /usr/lib/libXdmcp.so.6.0.0
7f846ceee000-7f846cef0000 r-xp 00002000 08:03 9329361                    /usr/lib/libXdmcp.so.6.0.0
7f846cef0000-7f846cef2000 r--p 00004000 08:03 9329361                    /usr/lib/libXdmcp.so.6.0.0
7f846cef2000-7f846cef3000 r--p 00005000 08:03 9329361                    /usr/lib/libXdmcp.so.6.0.0
7f846cef3000-7f846cef4000 rw-p 00006000 08:03 9329361                    /usr/lib/libXdmcp.so.6.0.0
7f846cef4000-7f846cef5000 r--p 00000000 08:03 9329357                    /usr/lib/libXau.so.6.0.0
7f846cef5000-7f846cef6000 r-xp 00001000 08:03 9329357                    /usr/lib/libXau.so.6.0.0
7f846cef6000-7f846cef7000 r--p 00002000 08:03 9329357                    /usr/lib/libXau.so.6.0.0
7f846cef7000-7f846cef8000 r--p 00002000 08:03 9329357                    /usr/lib/libXau.so.6.0.0
7f846cef8000-7f846cef9000 rw-p 00003000 08:03 9329357                    /usr/lib/libXau.so.6.0.0
7f846cef9000-7f846cefa000 r--p 00000000 08:03 9310387                    /usr/lib/librt.so.1
7f846cefa000-7f846cefb000 r-xp 00001000 08:03 9310387                    /usr/lib/librt.so.1
7f846cefb000-7f846cefc000 r--p 00002000 08:03 9310387                    /usr/lib/librt.so.1
7f846cefc000-7f846cefd000 r--p 00002000 08:03 9310387                    /usr/lib/librt.so.1
7f846cefd000-7f846cefe000 rw-p 00003000 08:03 9310387                    /usr/lib/librt.so.1
7f846cefe000-7f846ceff000 r--p 00000000 08:03 9310382                    /usr/lib/libpthread.so.0
7f846ceff000-7f846cf00000 r-xp 00001000 08:03 9310382                    /usr/lib/libpthread.so.0
7f846cf00000-7f846cf01000 r--p 00002000 08:03 9310382                    /usr/lib/libpthread.so.0
7f846cf01000-7f846cf02000 r--p 00002000 08:03 9310382                    /usr/lib/libpthread.so.0
7f846cf02000-7f846cf03000 rw-p 00003000 08:03 9310382                    /usr/lib/libpthread.so.0
7f846cf03000-7f846cf04000 r--p 00000000 08:03 9310360                    /usr/lib/libdl.so.2
7f846cf04000-7f846cf05000 r-xp 00001000 08:03 9310360                    /usr/lib/libdl.so.2
7f846cf05000-7f846cf06000 r--p 00002000 08:03 9310360                    /usr/lib/libdl.so.2
7f846cf06000-7f846cf07000 r--p 00002000 08:03 9310360                    /usr/lib/libdl.so.2
7f846cf07000-7f846cf08000 rw-p 00003000 08:03 9310360                    /usr/lib/libdl.so.2
7f846cf10000-7f846cf11000 r-xp 00000000 00:00 0 
7f846cf11000-7f846cf15000 rw-s 103970000 00:0f 11078                     anon_inode:i915.gem
7f846cf15000-7f846cf1b000 rw-s 10396a000 00:0f 11078                     anon_inode:i915.gem
7f846cf1b000-7f846cf1f000 rw-s 10209d000 00:0f 11078                     anon_inode:i915.gem
7f846cf1f000-7f846cf25000 rw-s 1034c3000 00:0f 11078                     anon_inode:i915.gem
7f846cf25000-7f846cf26000 rw-s 00000000 00:01 16747                      /memfd:xshmfence (deleted)
7f846cf26000-7f846cf27000 rw-s 1021e4000 00:0f 11078                     anon_inode:i915.gem
7f846cf27000-7f846cf28000 rw-s 100fd2000 00:0f 11078                     anon_inode:i915.gem
7f846cf28000-7f846cf29000 ---p 00000000 00:00 0 
7f846cf29000-7f846d029000 rw-p 00000000 00:00 0 
7f846d029000-7f846d02a000 ---p 00000000 00:00 0 
7f846d02a000-7f846d247000 rw-p 00000000 00:00 0 
7f846d247000-7f846d248000 ---p 00000000 00:00 0 
7f846d248000-7f846d348000 rw-p 00000000 00:00 0 
7f846d348000-7f846d349000 ---p 00000000 00:00 0 
7f846d349000-7f846d64b000 rw-p 00000000 00:00 0 
7f846d64b000-7f846d64c000 ---p 00000000 00:00 0 
7f846d64c000-7f846d74c000 rw-p 00000000 00:00 0 
7f846d74c000-7f846d74d000 ---p 00000000 00:00 0 
7f846d74d000-7f846d84d000 rw-p 00000000 00:00 0 
7f846d84d000-7f846d84e000 ---p 00000000 00:00 0 
7f846d84e000-7f846da5e000 rw-p 00000000 00:00 0 
7f846da5e000-7f846e846000 ---p 00000000 00:00 0 
7f846e846000-7f846e84a000 rw-p 00000000 00:00 0 
7f846e84a000-7f846e86c000 rw-p 00000000 00:00 0 
7f846e86c000-7f846ea29000 ---p 00000000 00:00 0 
7f846ea29000-7f846ea48000 rw-p 00000000 00:00 0 
7f846ea48000-7f846ec05000 ---p 00000000 00:00 0 
7f846ec05000-7f846ee0d000 rw-p 00000000 00:00 0 
7f846ee0d000-7f846eef3000 ---p 00000000 00:00 0 
7f846eef3000-7f846eef8000 rw-p 00000000 00:00 0 
7f846eef8000-7f846efde000 ---p 00000000 00:00 0 
7f846efde000-7f846efeb000 r--p 00000000 08:03 10111168                   /usr/lib/jvm/java-21-openjdk/lib/libjava.so
7f846efeb000-7f846eff8000 r-xp 0000d000 08:03 10111168                   /usr/lib/jvm/java-21-openjdk/lib/libjava.so
7f846eff8000-7f846effd000 r--p 0001a000 08:03 10111168                   /usr/lib/jvm/java-21-openjdk/lib/libjava.so
7f846effd000-7f846effe000 r--p 0001f000 08:03 10111168                   /usr/lib/jvm/java-21-openjdk/lib/libjava.so
7f846effe000-7f846efff000 rw-p 00020000 08:03 10111168                   /usr/lib/jvm/java-21-openjdk/lib/libjava.so
7f846efff000-7f846f000000 rw-p 00000000 00:00 0 
7f846f000000-7f846f09c000 r--p 00000000 08:03 9330108                    /usr/lib/libstdc++.so.6.0.32
7f846f09c000-7f846f1d3000 r-xp 0009c000 08:03 9330108                    /usr/lib/libstdc++.so.6.0.32
7f846f1d3000-7f846f269000 r--p 001d3000 08:03 9330108                    /usr/lib/libstdc++.so.6.0.32
7f846f269000-7f846f276000 r--p 00269000 08:03 9330108                    /usr/lib/libstdc++.so.6.0.32
7f846f276000-7f846f277000 rw-p 00276000 08:03 9330108                    /usr/lib/libstdc++.so.6.0.32
7f846f277000-7f846f27b000 rw-p 00000000 00:00 0 
7f846f27b000-7f846f27f000 rw-s 102557000 00:0f 11078                     anon_inode:i915.gem
7f846f27f000-7f846f281000 r--p 00000000 08:03 10111187                   /usr/lib/jvm/java-21-openjdk/lib/libzip.so
7f846f281000-7f846f285000 r-xp 00002000 08:03 10111187                   /usr/lib/jvm/java-21-openjdk/lib/libzip.so
7f846f285000-7f846f287000 r--p 00006000 08:03 10111187                   /usr/lib/jvm/java-21-openjdk/lib/libzip.so
7f846f287000-7f846f288000 r--p 00007000 08:03 10111187                   /usr/lib/jvm/java-21-openjdk/lib/libzip.so
7f846f288000-7f846f289000 rw-p 00008000 08:03 10111187                   /usr/lib/jvm/java-21-openjdk/lib/libzip.so
7f846f289000-7f846f28c000 r--p 00000000 08:03 10111180                   /usr/lib/jvm/java-21-openjdk/lib/libnet.so
7f846f28c000-7f846f293000 r-xp 00003000 08:03 10111180                   /usr/lib/jvm/java-21-openjdk/lib/libnet.so
7f846f293000-7f846f295000 r--p 0000a000 08:03 10111180                   /usr/lib/jvm/java-21-openjdk/lib/libnet.so
7f846f295000-7f846f296000 r--p 0000b000 08:03 10111180                   /usr/lib/jvm/java-21-openjdk/lib/libnet.so
7f846f296000-7f846f297000 rw-p 0000c000 08:03 10111180                   /usr/lib/jvm/java-21-openjdk/lib/libnet.so
7f846f297000-7f846f29a000 r--p 00000000 08:03 10111170                   /usr/lib/jvm/java-21-openjdk/lib/libjdwp.so
7f846f29a000-7f846f2ca000 r-xp 00003000 08:03 10111170                   /usr/lib/jvm/java-21-openjdk/lib/libjdwp.so
7f846f2ca000-7f846f2d8000 r--p 00033000 08:03 10111170                   /usr/lib/jvm/java-21-openjdk/lib/libjdwp.so
7f846f2d8000-7f846f2d9000 r--p 00041000 08:03 10111170                   /usr/lib/jvm/java-21-openjdk/lib/libjdwp.so
7f846f2d9000-7f846f2da000 rw-p 00042000 08:03 10111170                   /usr/lib/jvm/java-21-openjdk/lib/libjdwp.so
7f846f2da000-7f846f2db000 rw-p 00000000 00:00 0 
7f846f2db000-7f846f2df000 ---p 00000000 00:00 0 
7f846f2df000-7f846f3db000 rw-p 00000000 00:00 0 
7f846f3db000-7f846f3df000 r--p 00000000 08:03 9329624                    /usr/lib/libgcc_s.so.1
7f846f3df000-7f846f3fa000 r-xp 00004000 08:03 9329624                    /usr/lib/libgcc_s.so.1
7f846f3fa000-7f846f3fe000 r--p 0001f000 08:03 9329624                    /usr/lib/libgcc_s.so.1
7f846f3fe000-7f846f3ff000 r--p 00022000 08:03 9329624                    /usr/lib/libgcc_s.so.1
7f846f3ff000-7f846f400000 rw-p 00023000 08:03 9329624                    /usr/lib/libgcc_s.so.1
7f846f400000-7f846f696000 r--p 00000000 08:03 10111200                   /usr/lib/jvm/java-21-openjdk/lib/server/libjvm.so
7f846f696000-7f8470525000 r-xp 00296000 08:03 10111200                   /usr/lib/jvm/java-21-openjdk/lib/server/libjvm.so
7f8470525000-7f84707f5000 r--p 01125000 08:03 10111200                   /usr/lib/jvm/java-21-openjdk/lib/server/libjvm.so
7f84707f5000-7f84708c4000 r--p 013f5000 08:03 10111200                   /usr/lib/jvm/java-21-openjdk/lib/server/libjvm.so
7f84708c4000-7f84708f4000 rw-p 014c4000 08:03 10111200                   /usr/lib/jvm/java-21-openjdk/lib/server/libjvm.so
7f84708f4000-7f8470959000 rw-p 00000000 00:00 0 
7f8470959000-7f847095a000 rw-s 100fc9000 00:0f 11078                     anon_inode:i915.gem
7f847095a000-7f8470961000 r--p 00000000 08:03 10111181                   /usr/lib/jvm/java-21-openjdk/lib/libnio.so
7f8470961000-7f8470969000 r-xp 00007000 08:03 10111181                   /usr/lib/jvm/java-21-openjdk/lib/libnio.so
7f8470969000-7f847096d000 r--p 0000f000 08:03 10111181                   /usr/lib/jvm/java-21-openjdk/lib/libnio.so
7f847096d000-7f847096e000 r--p 00013000 08:03 10111181                   /usr/lib/jvm/java-21-openjdk/lib/libnio.so
7f847096e000-7f847096f000 rw-p 00014000 08:03 10111181                   /usr/lib/jvm/java-21-openjdk/lib/libnio.so
7f847096f000-7f8470970000 r--p 00000000 08:03 10111160                   /usr/lib/jvm/java-21-openjdk/lib/libdt_socket.so
7f8470970000-7f8470973000 r-xp 00001000 08:03 10111160                   /usr/lib/jvm/java-21-openjdk/lib/libdt_socket.so
7f8470973000-7f8470974000 r--p 00004000 08:03 10111160                   /usr/lib/jvm/java-21-openjdk/lib/libdt_socket.so
7f8470974000-7f8470975000 r--p 00005000 08:03 10111160                   /usr/lib/jvm/java-21-openjdk/lib/libdt_socket.so
7f8470975000-7f8470976000 rw-p 00006000 08:03 10111160                   /usr/lib/jvm/java-21-openjdk/lib/libdt_socket.so
7f8470976000-7f8470986000 r--p 00000000 08:03 9310365                    /usr/lib/libm.so.6
7f8470986000-7f8470a05000 r-xp 00010000 08:03 9310365                    /usr/lib/libm.so.6
7f8470a05000-7f8470a61000 r--p 0008f000 08:03 9310365                    /usr/lib/libm.so.6
7f8470a61000-7f8470a62000 r--p 000ea000 08:03 9310365                    /usr/lib/libm.so.6
7f8470a62000-7f8470a63000 rw-p 000eb000 08:03 9310365                    /usr/lib/libm.so.6
7f8470a63000-7f8470a66000 rw-p 00000000 00:00 0 
7f8470a66000-7f8470a69000 r--p 00000000 08:03 9310805                    /usr/lib/libz.so.1.3
7f8470a69000-7f8470a77000 r-xp 00003000 08:03 9310805                    /usr/lib/libz.so.1.3
7f8470a77000-7f8470a7e000 r--p 00011000 08:03 9310805                    /usr/lib/libz.so.1.3
7f8470a7e000-7f8470a7f000 r--p 00017000 08:03 9310805                    /usr/lib/libz.so.1.3
7f8470a7f000-7f8470a80000 rw-p 00018000 08:03 9310805                    /usr/lib/libz.so.1.3
7f8470a80000-7f8470aa6000 r--p 00000000 08:03 9310355                    /usr/lib/libc.so.6
7f8470aa6000-7f8470c00000 r-xp 00026000 08:03 9310355                    /usr/lib/libc.so.6
7f8470c00000-7f8470c54000 r--p 00180000 08:03 9310355                    /usr/lib/libc.so.6
7f8470c54000-7f8470c58000 r--p 001d3000 08:03 9310355                    /usr/lib/libc.so.6
7f8470c58000-7f8470c5a000 rw-p 001d7000 08:03 9310355                    /usr/lib/libc.so.6
7f8470c5a000-7f8470c62000 rw-p 00000000 00:00 0 
7f8470c62000-7f8470c63000 r-xp 00000000 00:00 0 
7f8470c63000-7f8470c68000 rw-p 00000000 00:00 0 
7f8470c68000-7f8470c6f000 ---p 00000000 00:00 0 
7f8470c6f000-7f8470c77000 rw-s 00000000 00:1a 1188                       /tmp/hsperfdata_vlad/32621
7f8470c77000-7f8470c78000 ---p 00000000 00:00 0 
7f8470c78000-7f8470c79000 r--p 00000000 00:00 0 
7f8470c79000-7f8470c7a000 ---p 00000000 00:00 0 
7f8470c7a000-7f8470c7c000 r--p 00000000 08:03 10111171                   /usr/lib/jvm/java-21-openjdk/lib/libjimage.so
7f8470c7c000-7f8470c7f000 r-xp 00002000 08:03 10111171                   /usr/lib/jvm/java-21-openjdk/lib/libjimage.so
7f8470c7f000-7f8470c80000 r--p 00005000 08:03 10111171                   /usr/lib/jvm/java-21-openjdk/lib/libjimage.so
7f8470c80000-7f8470c81000 r--p 00006000 08:03 10111171                   /usr/lib/jvm/java-21-openjdk/lib/libjimage.so
7f8470c81000-7f8470c82000 rw-p 00007000 08:03 10111171                   /usr/lib/jvm/java-21-openjdk/lib/libjimage.so
7f8470c82000-7f8470c84000 r--p 00000000 08:03 10111172                   /usr/lib/jvm/java-21-openjdk/lib/libjli.so
7f8470c84000-7f8470c8e000 r-xp 00002000 08:03 10111172                   /usr/lib/jvm/java-21-openjdk/lib/libjli.so
7f8470c8e000-7f8470c91000 r--p 0000c000 08:03 10111172                   /usr/lib/jvm/java-21-openjdk/lib/libjli.so
7f8470c91000-7f8470c92000 r--p 0000f000 08:03 10111172                   /usr/lib/jvm/java-21-openjdk/lib/libjli.so
7f8470c92000-7f8470c93000 rw-p 00010000 08:03 10111172                   /usr/lib/jvm/java-21-openjdk/lib/libjli.so
7f8470c93000-7f8470c95000 rw-p 00000000 00:00 0 
7f8470c95000-7f8470c96000 r--p 00000000 08:03 9310346                    /usr/lib/ld-linux-x86-64.so.2
7f8470c96000-7f8470cbc000 r-xp 00001000 08:03 9310346                    /usr/lib/ld-linux-x86-64.so.2
7f8470cbc000-7f8470cc6000 r--p 00027000 08:03 9310346                    /usr/lib/ld-linux-x86-64.so.2
7f8470cc6000-7f8470cc8000 r--p 00031000 08:03 9310346                    /usr/lib/ld-linux-x86-64.so.2
7f8470cc8000-7f8470cca000 rw-p 00033000 08:03 9310346                    /usr/lib/ld-linux-x86-64.so.2
7ffc46bec000-7ffc46c0d000 rw-p 00000000 00:00 0                          [stack]
7ffc46d5a000-7ffc46d5e000 r--p 00000000 00:00 0                          [vvar]
7ffc46d5e000-7ffc46d60000 r-xp 00000000 00:00 0                          [vdso]
ffffffffff600000-ffffffffff601000 --xp 00000000 00:00 0                  [vsyscall]
Total number of mappings: 491


VM Arguments:
jvm_args: -agentlib:jdwp=transport=dt_socket,server=n,suspend=y,address=localhost:46405 -XX:+ShowCodeDetailsInExceptionMessages 
java_command: org.asmodeus.Main
java_class_path (initial): /home/vlad//Freddy's Engine/Freddy-s-Engine/freddy-s-engine/target/classes:/home/vlad/.m2/repository/org/lwjgl/lwjgl/3.2.2/lwjgl-3.2.2-natives-linux.jar:/home/vlad/.m2/repository/org/lwjgl/lwjgl-opengl/3.2.2/lwjgl-opengl-3.2.2.jar:/home/vlad/.m2/repository/org/lwjgl/lwjgl/3.2.2/lwjgl-3.2.2.jar:/home/vlad/.m2/repository/org/lwjgl/lwjgl-opengl/3.2.2/lwjgl-opengl-3.2.2-natives-linux.jar:/home/vlad/.m2/repository/org/lwjgl/lwjgl-glfw/3.2.2/lwjgl-glfw-3.2.2.jar:/home/vlad/.m2/repository/org/lwjgl/lwjgl-glfw/3.2.2/lwjgl-glfw-3.2.2-natives-linux.jar
Launcher Type: SUN_STANDARD

[Global flags]
     intx CICompilerCount                          = 2                                         {product} {ergonomic}
     uint ConcGCThreads                            = 1                                         {product} {ergonomic}
     uint G1ConcRefinementThreads                  = 2                                         {product} {ergonomic}
   size_t G1HeapRegionSize                         = 1048576                                   {product} {ergonomic}
    uintx GCDrainStackTargetSize                   = 64                                        {product} {ergonomic}
   size_t InitialHeapSize                          = 62914560                                  {product} {ergonomic}
   size_t MarkStackSize                            = 4194304                                   {product} {ergonomic}
   size_t MaxHeapSize                              = 998244352                                 {product} {ergonomic}
   size_t MaxNewSize                               = 598736896                                 {product} {ergonomic}
   size_t MinHeapDeltaBytes                        = 1048576                                   {product} {ergonomic}
   size_t MinHeapSize                              = 8388608                                   {product} {ergonomic}
    uintx NonNMethodCodeHeapSize                   = 5826188                                {pd product} {ergonomic}
    uintx NonProfiledCodeHeapSize                  = 122916026                              {pd product} {ergonomic}
    uintx ProfiledCodeHeapSize                     = 122916026                              {pd product} {ergonomic}
    uintx ReservedCodeCacheSize                    = 251658240                              {pd product} {ergonomic}
     bool SegmentedCodeCache                       = true                                      {product} {ergonomic}
     bool ShowCodeDetailsInExceptionMessages       = true                                   {manageable} {command line}
   size_t SoftMaxHeapSize                          = 998244352                              {manageable} {ergonomic}
     bool UseCompressedOops                        = true                           {product lp64_product} {ergonomic}
     bool UseG1GC                                  = true                                      {product} {ergonomic}

Logging:
Log output configuration:
 #0: stdout all=warning uptime,level,tags foldmultilines=false
 #1: stderr all=off uptime,level,tags foldmultilines=false

Environment Variables:
PATH=/usr/local/bin:/usr/bin:/bin:/usr/local/sbin:/var/lib/flatpak/exports/bin:/usr/lib/jvm/default/bin:/usr/bin/site_perl:/usr/bin/vendor_perl:/usr/bin/core_perl
SHELL=/bin/bash
DISPLAY=:0
LANG=ru_RU.UTF-8
LC_NUMERIC=ru_RU.UTF-8
LC_TIME=ru_RU.UTF-8
TERM=xterm-256color

Active Locale:
LC_ALL=ru_RU.UTF-8
LC_COLLATE=ru_RU.UTF-8
LC_CTYPE=ru_RU.UTF-8
LC_MESSAGES=ru_RU.UTF-8
LC_MONETARY=ru_RU.UTF-8
LC_NUMERIC=ru_RU.UTF-8
LC_TIME=ru_RU.UTF-8

Signal Handlers:
   SIGSEGV: 0x00007f8470422540 in libjvm.so+16917824, mask=11100100010111111101111111111110, flags=SA_RESTART|SA_SIGINFO, unblocked
    SIGBUS: 0x00007f8470422540 in libjvm.so+16917824, mask=11100100010111111101111111111110, flags=SA_RESTART|SA_SIGINFO, unblocked
    SIGFPE: 0x00007f8470422540 in libjvm.so+16917824, mask=11100100010111111101111111111110, flags=SA_RESTART|SA_SIGINFO, unblocked
   SIGPIPE: 0x00007f8470283e40 in libjvm.so+15220288, mask=11100100010111111101111111111110, flags=SA_RESTART|SA_SIGINFO, blocked
   SIGXFSZ: 0x00007f8470283e40 in libjvm.so+15220288, mask=11100100010111111101111111111110, flags=SA_RESTART|SA_SIGINFO, blocked
    SIGILL: 0x00007f8470422540 in libjvm.so+16917824, mask=11100100010111111101111111111110, flags=SA_RESTART|SA_SIGINFO, unblocked
   SIGUSR2: 0x00007f8470285690 in libjvm.so+15226512, mask=00000000000000000000000000000000, flags=SA_RESTART|SA_SIGINFO, blocked
    SIGHUP: 0x00007f84702832e0 in libjvm.so+15217376, mask=11100100010111111101111111111110, flags=SA_RESTART|SA_SIGINFO, blocked
    SIGINT: 0x00007f84702832e0 in libjvm.so+15217376, mask=11100100010111111101111111111110, flags=SA_RESTART|SA_SIGINFO, blocked
   SIGTERM: 0x00007f84702832e0 in libjvm.so+15217376, mask=11100100010111111101111111111110, flags=SA_RESTART|SA_SIGINFO, blocked
   SIGQUIT: 0x00007f84702832e0 in libjvm.so+15217376, mask=11100100010111111101111111111110, flags=SA_RESTART|SA_SIGINFO, blocked
   SIGTRAP: 0x00007f8470422540 in libjvm.so+16917824, mask=11100100010111111101111111111110, flags=SA_RESTART|SA_SIGINFO, unblocked


---------------  S Y S T E M  ---------------

OS:
DISTRIB_ID="Artix"
DISTRIB_RELEASE="rolling"
DISTRIB_DESCRIPTION="Artix Linux"
DISTRIB_CODENAME=mate-dinit-20230814
uname: Linux 6.5.7-artix1-1 #1 SMP PREEMPT_DYNAMIC Sun, 15 Oct 2023 22:13:26 +0000 x86_64
OS uptime: 0 days 1:34 hours
libc: glibc 2.38 NPTL 2.38 
rlimit (soft/hard): STACK 8192k/infinity , CORE 0k/infinity , NPROC 15125/15125 , NOFILE 4096/4096 , AS infinity/infinity , CPU infinity/infinity , DATA infinity/infinity , FSIZE infinity/infinity , MEMLOCK 8192k/8192k
load average: 1,50 1,06 1,16

/proc/meminfo:
MemTotal:        3893100 kB
MemFree:          854832 kB
MemAvailable:    1811416 kB
Buffers:           76940 kB
Cached:          1272632 kB
SwapCached:            0 kB
Active:          1711380 kB
Inactive:         978584 kB
Active(anon):    1094852 kB
Inactive(anon):   437276 kB
Active(file):     616528 kB
Inactive(file):   541308 kB
Unevictable:      148888 kB
Mlocked:              32 kB
SwapTotal:             0 kB
SwapFree:              0 kB
Zswap:                 0 kB
Zswapped:              0 kB
Dirty:               236 kB
Writeback:             0 kB
AnonPages:       1472540 kB
Mapped:           563368 kB
Shmem:            191736 kB
KReclaimable:      43208 kB
Slab:             101872 kB
SReclaimable:      43208 kB
SUnreclaim:        58664 kB
KernelStack:        8448 kB
PageTables:        16888 kB
SecPageTables:         0 kB
NFS_Unstable:          0 kB
Bounce:                0 kB
WritebackTmp:          0 kB
CommitLimit:     1946548 kB
Committed_AS:    5090592 kB
VmallocTotal:   34359738367 kB
VmallocUsed:       32064 kB
VmallocChunk:          0 kB
Percpu:             1168 kB
HardwareCorrupted:     0 kB
AnonHugePages:    722944 kB
ShmemHugePages:        0 kB
ShmemPmdMapped:        0 kB
FileHugePages:    176128 kB
FilePmdMapped:    106496 kB
CmaTotal:              0 kB
CmaFree:               0 kB
Unaccepted:            0 kB
HugePages_Total:       0
HugePages_Free:        0
HugePages_Rsvd:        0
HugePages_Surp:        0
Hugepagesize:       2048 kB
Hugetlb:               0 kB
DirectMap4k:      166592 kB
DirectMap2M:     3907584 kB

/sys/kernel/mm/transparent_hugepage/enabled: [always] madvise never
/sys/kernel/mm/transparent_hugepage/defrag (defrag/compaction efforts parameter): always defer defer+madvise [madvise] never

Process Memory:
Virtual Size: 3856228K (peak: 3857248K)
Resident Set Size: 197808K (peak: 197808K) (anon: 53772K, file: 143268K, shmem: 768K)
Swapped out: 0K
C-Heap outstanding allocations: 14679K, retained: 3256K
glibc malloc tunables: (default)

/proc/sys/kernel/threads-max (system-wide limit on the number of threads): 30250
/proc/sys/vm/max_map_count (maximum number of memory map areas a process may have): 65530
/proc/sys/kernel/pid_max (system-wide limit on number of process identifiers): 32768

container (cgroup) information:
container_type: cgroupv1
cpu_cpuset_cpus: 0-1
cpu_memory_nodes: 0
active_processor_count: 2
cpu_quota: no quota
cpu_period: 100000
cpu_shares: no shares
memory_limit_in_bytes: unlimited
memory_and_swap_limit_in_bytes: unlimited
memory_soft_limit_in_bytes: unlimited
memory_usage_in_bytes: 2822112 k
memory_max_usage_in_bytes: unlimited
kernel_memory_usage_in_bytes: unlimited
kernel_memory_max_usage_in_bytes: unlimited
kernel_memory_limit_in_bytes: unlimited
maximum number of tasks: not supported
current number of tasks: not supported

Steal ticks since vm start: 0
Steal ticks percentage since vm start:  0,000

CPU: total 4 (initial active 2) (2 cores per cpu, 1 threads per core) family 6 model 55 stepping 8 microcode 0x838, cx8, cmov, fxsr, mmx, 3dnowpref, sse, sse2, sse3, ssse3, sse4.1, sse4.2, popcnt, tsc, tscinvbit, erms, clmul, clflush, rdtscp
CPU Model and flags from /proc/cpuinfo:
model name	: Intel(R) Celeron(R) CPU  N2840  @ 2.16GHz
flags		: fpu vme de pse tsc msr pae mce cx8 apic sep mtrr pge mca cmov pat pse36 clflush dts acpi mmx fxsr sse sse2 ss ht tm pbe syscall nx rdtscp lm constant_tsc arch_perfmon pebs bts rep_good nopl xtopology tsc_reliable nonstop_tsc cpuid aperfmperf tsc_known_freq pni pclmulqdq dtes64 monitor ds_cpl est tm2 ssse3 cx16 xtpr pdcm sse4_1 sse4_2 movbe popcnt tsc_deadline_timer rdrand lahf_lm 3dnowprefetch epb pti ibrs ibpb stibp tsc_adjust smep erms dtherm ida arat md_clear

Online cpus: 0-1
Offline cpus: 2-3
BIOS frequency limitation: <Not Available>
Frequency switch latency (ns): 20000
Available cpu frequencies: <Not Available>
Current governor: schedutil
Core performance/turbo boost: <Not Available>

Memory: 4k page, physical 3893100k(1811416k free), swap 0k(0k free)
Page Sizes: 4k

vm_info: OpenJDK 64-Bit Server VM (21+35) for linux-amd64 JRE (21+35), built on 2023-09-22T00:54:16Z by "builduser" with gcc 13.2.1 20230801

END.
